<?xml version="1.0" encoding="UTF-8"?>
<testsuite xmlns:xsi="http://www.w3.org/2001/XMLSchema-instance" xsi:noNamespaceSchemaLocation="https://maven.apache.org/surefire/maven-surefire-plugin/xsd/surefire-test-report-3.0.xsd" version="3.0" name="com.transtreme.framework.runners.TestRunner" time="19.795" tests="1" errors="0" skipped="0" failures="0">
  <properties>
    <property name="java.specification.version" value="21"/>
    <property name="sun.cpu.isalist" value="amd64"/>
    <property name="sun.jnu.encoding" value="Cp1252"/>
    <property name="java.class.path" value="C:\Users\user\eclipse-workspace\Transtreme_Stage_Artifact_Id\target\test-classes;C:\Users\user\eclipse-workspace\Transtreme_Stage_Artifact_Id\target\classes;C:\Users\user\.m2\repository\org\seleniumhq\selenium\selenium-java\4.21.0\selenium-java-4.21.0.jar;C:\Users\user\.m2\repository\org\seleniumhq\selenium\selenium-api\4.21.0\selenium-api-4.21.0.jar;C:\Users\user\.m2\repository\org\seleniumhq\selenium\selenium-chrome-driver\4.21.0\selenium-chrome-driver-4.21.0.jar;C:\Users\user\.m2\repository\com\google\auto\service\auto-service-annotations\1.1.1\auto-service-annotations-1.1.1.jar;C:\Users\user\.m2\repository\org\seleniumhq\selenium\selenium-chromium-driver\4.21.0\selenium-chromium-driver-4.21.0.jar;C:\Users\user\.m2\repository\org\seleniumhq\selenium\selenium-json\4.21.0\selenium-json-4.21.0.jar;C:\Users\user\.m2\repository\org\seleniumhq\selenium\selenium-manager\4.21.0\selenium-manager-4.21.0.jar;C:\Users\user\.m2\repository\org\seleniumhq\selenium\selenium-devtools-v123\4.21.0\selenium-devtools-v123-4.21.0.jar;C:\Users\user\.m2\repository\org\seleniumhq\selenium\selenium-devtools-v124\4.21.0\selenium-devtools-v124-4.21.0.jar;C:\Users\user\.m2\repository\org\seleniumhq\selenium\selenium-devtools-v125\4.21.0\selenium-devtools-v125-4.21.0.jar;C:\Users\user\.m2\repository\org\seleniumhq\selenium\selenium-devtools-v85\4.21.0\selenium-devtools-v85-4.21.0.jar;C:\Users\user\.m2\repository\org\seleniumhq\selenium\selenium-edge-driver\4.21.0\selenium-edge-driver-4.21.0.jar;C:\Users\user\.m2\repository\org\seleniumhq\selenium\selenium-firefox-driver\4.21.0\selenium-firefox-driver-4.21.0.jar;C:\Users\user\.m2\repository\org\seleniumhq\selenium\selenium-http\4.21.0\selenium-http-4.21.0.jar;C:\Users\user\.m2\repository\dev\failsafe\failsafe\3.3.2\failsafe-3.3.2.jar;C:\Users\user\.m2\repository\org\seleniumhq\selenium\selenium-ie-driver\4.21.0\selenium-ie-driver-4.21.0.jar;C:\Users\user\.m2\repository\org\seleniumhq\selenium\selenium-remote-driver\4.21.0\selenium-remote-driver-4.21.0.jar;C:\Users\user\.m2\repository\com\google\guava\guava\33.2.0-jre\guava-33.2.0-jre.jar;C:\Users\user\.m2\repository\com\google\guava\failureaccess\1.0.2\failureaccess-1.0.2.jar;C:\Users\user\.m2\repository\com\google\guava\listenablefuture\9999.0-empty-to-avoid-conflict-with-guava\listenablefuture-9999.0-empty-to-avoid-conflict-with-guava.jar;C:\Users\user\.m2\repository\com\google\code\findbugs\jsr305\3.0.2\jsr305-3.0.2.jar;C:\Users\user\.m2\repository\org\checkerframework\checker-qual\3.42.0\checker-qual-3.42.0.jar;C:\Users\user\.m2\repository\com\google\errorprone\error_prone_annotations\2.26.1\error_prone_annotations-2.26.1.jar;C:\Users\user\.m2\repository\com\google\j2objc\j2objc-annotations\3.0.0\j2objc-annotations-3.0.0.jar;C:\Users\user\.m2\repository\io\opentelemetry\semconv\opentelemetry-semconv\1.25.0-alpha\opentelemetry-semconv-1.25.0-alpha.jar;C:\Users\user\.m2\repository\io\opentelemetry\opentelemetry-api\1.38.0\opentelemetry-api-1.38.0.jar;C:\Users\user\.m2\repository\io\opentelemetry\opentelemetry-context\1.38.0\opentelemetry-context-1.38.0.jar;C:\Users\user\.m2\repository\io\opentelemetry\opentelemetry-exporter-logging\1.38.0\opentelemetry-exporter-logging-1.38.0.jar;C:\Users\user\.m2\repository\io\opentelemetry\opentelemetry-sdk-common\1.38.0\opentelemetry-sdk-common-1.38.0.jar;C:\Users\user\.m2\repository\io\opentelemetry\opentelemetry-sdk-extension-autoconfigure-spi\1.38.0\opentelemetry-sdk-extension-autoconfigure-spi-1.38.0.jar;C:\Users\user\.m2\repository\io\opentelemetry\opentelemetry-sdk-extension-autoconfigure\1.38.0\opentelemetry-sdk-extension-autoconfigure-1.38.0.jar;C:\Users\user\.m2\repository\io\opentelemetry\opentelemetry-api-incubator\1.38.0-alpha\opentelemetry-api-incubator-1.38.0-alpha.jar;C:\Users\user\.m2\repository\io\opentelemetry\opentelemetry-sdk-trace\1.38.0\opentelemetry-sdk-trace-1.38.0.jar;C:\Users\user\.m2\repository\io\opentelemetry\opentelemetry-sdk\1.38.0\opentelemetry-sdk-1.38.0.jar;C:\Users\user\.m2\repository\io\opentelemetry\opentelemetry-sdk-metrics\1.38.0\opentelemetry-sdk-metrics-1.38.0.jar;C:\Users\user\.m2\repository\io\opentelemetry\opentelemetry-sdk-logs\1.38.0\opentelemetry-sdk-logs-1.38.0.jar;C:\Users\user\.m2\repository\net\bytebuddy\byte-buddy\1.14.15\byte-buddy-1.14.15.jar;C:\Users\user\.m2\repository\org\seleniumhq\selenium\selenium-os\4.21.0\selenium-os-4.21.0.jar;C:\Users\user\.m2\repository\org\apache\commons\commons-exec\1.4.0\commons-exec-1.4.0.jar;C:\Users\user\.m2\repository\org\seleniumhq\selenium\selenium-safari-driver\4.21.0\selenium-safari-driver-4.21.0.jar;C:\Users\user\.m2\repository\org\seleniumhq\selenium\selenium-support\4.21.0\selenium-support-4.21.0.jar;C:\Users\user\.m2\repository\io\cucumber\cucumber-java\7.11.2\cucumber-java-7.11.2.jar;C:\Users\user\.m2\repository\io\cucumber\cucumber-core\7.11.2\cucumber-core-7.11.2.jar;C:\Users\user\.m2\repository\io\cucumber\cucumber-gherkin\7.11.2\cucumber-gherkin-7.11.2.jar;C:\Users\user\.m2\repository\io\cucumber\cucumber-gherkin-messages\7.11.2\cucumber-gherkin-messages-7.11.2.jar;C:\Users\user\.m2\repository\io\cucumber\messages\21.0.1\messages-21.0.1.jar;C:\Users\user\.m2\repository\io\cucumber\tag-expressions\5.0.1\tag-expressions-5.0.1.jar;C:\Users\user\.m2\repository\io\cucumber\cucumber-expressions\16.1.2\cucumber-expressions-16.1.2.jar;C:\Users\user\.m2\repository\io\cucumber\datatable\7.11.2\datatable-7.11.2.jar;C:\Users\user\.m2\repository\io\cucumber\docstring\7.11.2\docstring-7.11.2.jar;C:\Users\user\.m2\repository\io\cucumber\html-formatter\20.2.1\html-formatter-20.2.1.jar;C:\Users\user\.m2\repository\io\cucumber\junit-xml-formatter\0.1.0\junit-xml-formatter-0.1.0.jar;C:\Users\user\.m2\repository\io\cucumber\ci-environment\9.1.0\ci-environment-9.1.0.jar;C:\Users\user\.m2\repository\org\apiguardian\apiguardian-api\1.1.2\apiguardian-api-1.1.2.jar;C:\Users\user\.m2\repository\io\cucumber\cucumber-testng\7.11.2\cucumber-testng-7.11.2.jar;C:\Users\user\.m2\repository\org\testng\testng\7.9.0\testng-7.9.0.jar;C:\Users\user\.m2\repository\org\slf4j\slf4j-api\1.7.36\slf4j-api-1.7.36.jar;C:\Users\user\.m2\repository\com\beust\jcommander\1.82\jcommander-1.82.jar;C:\Users\user\.m2\repository\org\webjars\jquery\3.7.1\jquery-3.7.1.jar;C:\Users\user\.m2\repository\io\github\bonigarcia\webdrivermanager\5.8.0\webdrivermanager-5.8.0.jar;C:\Users\user\.m2\repository\com\github\docker-java\docker-java\3.3.6\docker-java-3.3.6.jar;C:\Users\user\.m2\repository\com\github\docker-java\docker-java-core\3.3.6\docker-java-core-3.3.6.jar;C:\Users\user\.m2\repository\com\github\docker-java\docker-java-api\3.3.6\docker-java-api-3.3.6.jar;C:\Users\user\.m2\repository\com\fasterxml\jackson\core\jackson-annotations\2.10.3\jackson-annotations-2.10.3.jar;C:\Users\user\.m2\repository\com\fasterxml\jackson\core\jackson-databind\2.10.3\jackson-databind-2.10.3.jar;C:\Users\user\.m2\repository\com\fasterxml\jackson\core\jackson-core\2.10.3\jackson-core-2.10.3.jar;C:\Users\user\.m2\repository\org\bouncycastle\bcpkix-jdk18on\1.76\bcpkix-jdk18on-1.76.jar;C:\Users\user\.m2\repository\org\bouncycastle\bcprov-jdk18on\1.76\bcprov-jdk18on-1.76.jar;C:\Users\user\.m2\repository\org\bouncycastle\bcutil-jdk18on\1.76\bcutil-jdk18on-1.76.jar;C:\Users\user\.m2\repository\org\slf4j\jcl-over-slf4j\1.7.30\jcl-over-slf4j-1.7.30.jar;C:\Users\user\.m2\repository\com\github\docker-java\docker-java-transport-httpclient5\3.3.6\docker-java-transport-httpclient5-3.3.6.jar;C:\Users\user\.m2\repository\com\github\docker-java\docker-java-transport\3.3.6\docker-java-transport-3.3.6.jar;C:\Users\user\.m2\repository\net\java\dev\jna\jna\5.13.0\jna-5.13.0.jar;C:\Users\user\.m2\repository\org\brotli\dec\0.1.2\dec-0.1.2.jar;C:\Users\user\.m2\repository\org\apache\commons\commons-lang3\3.14.0\commons-lang3-3.14.0.jar;C:\Users\user\.m2\repository\org\apache\commons\commons-compress\1.26.1\commons-compress-1.26.1.jar;C:\Users\user\.m2\repository\commons-codec\commons-codec\1.16.1\commons-codec-1.16.1.jar;C:\Users\user\.m2\repository\commons-io\commons-io\2.15.1\commons-io-2.15.1.jar;C:\Users\user\.m2\repository\org\apache\httpcomponents\client5\httpclient5\5.2.1\httpclient5-5.2.1.jar;C:\Users\user\.m2\repository\org\apache\httpcomponents\core5\httpcore5\5.2\httpcore5-5.2.jar;C:\Users\user\.m2\repository\org\apache\httpcomponents\core5\httpcore5-h2\5.2\httpcore5-h2-5.2.jar;C:\Users\user\.m2\repository\org\slf4j\slf4j-simple\2.0.9\slf4j-simple-2.0.9.jar;C:\Users\user\.m2\repository\io\cucumber\cucumber-plugin\7.11.2\cucumber-plugin-7.11.2.jar;C:\Users\user\.m2\repository\tech\grasshopper\extentreports-cucumber7-adapter\1.14.0\extentreports-cucumber7-adapter-1.14.0.jar;C:\Users\user\.m2\repository\tech\grasshopper\extent-pdf-report\2.12.0\extent-pdf-report-2.12.0.jar;C:\Users\user\.m2\repository\tech\grasshopper\cucumber-pdf-report\2.14.0\cucumber-pdf-report-2.14.0.jar;C:\Users\user\.m2\repository\org\knowm\xchart\xchart\3.8.0\xchart-3.8.0.jar;C:\Users\user\.m2\repository\de\erichseifert\vectorgraphics2d\VectorGraphics2D\0.13\VectorGraphics2D-0.13.jar;C:\Users\user\.m2\repository\com\madgag\animated-gif-lib\1.4\animated-gif-lib-1.4.jar;C:\Users\user\.m2\repository\org\yaml\snakeyaml\2.0\snakeyaml-2.0.jar;C:\Users\user\.m2\repository\tech\grasshopper\table-layout\1.5.1\table-layout-1.5.1.jar;C:\Users\user\.m2\repository\tech\grasshopper\rest-assured-cucumber-pdf-report\1.5.0\rest-assured-cucumber-pdf-report-1.5.0.jar;C:\Users\user\.m2\repository\org\jsoup\jsoup\1.15.3\jsoup-1.15.3.jar;C:\Users\user\.m2\repository\com\aventstack\klov-reporter\5.1.0\klov-reporter-5.1.0.jar;C:\Users\user\.m2\repository\org\mongodb\mongodb-driver\3.6.4\mongodb-driver-3.6.4.jar;C:\Users\user\.m2\repository\org\mongodb\mongodb-driver-core\3.6.4\mongodb-driver-core-3.6.4.jar;C:\Users\user\.m2\repository\org\mongodb\bson\3.6.4\bson-3.6.4.jar;C:\Users\user\.m2\repository\org\apache\httpcomponents\httpclient\4.5.13\httpclient-4.5.13.jar;C:\Users\user\.m2\repository\org\apache\httpcomponents\httpcore\4.4.13\httpcore-4.4.13.jar;C:\Users\user\.m2\repository\org\apache\httpcomponents\httpmime\4.5.13\httpmime-4.5.13.jar;C:\Users\user\.m2\repository\tech\grasshopper\htmlextentreporter\1.1.0\htmlextentreporter-1.1.0.jar;C:\Users\user\.m2\repository\tech\grasshopper\extent-excel-report\1.4.0\extent-excel-report-1.4.0.jar;C:\Users\user\.m2\repository\org\apache\poi\poi\5.2.3\poi-5.2.3.jar;C:\Users\user\.m2\repository\org\apache\commons\commons-collections4\4.4\commons-collections4-4.4.jar;C:\Users\user\.m2\repository\org\apache\commons\commons-math3\3.6.1\commons-math3-3.6.1.jar;C:\Users\user\.m2\repository\com\zaxxer\SparseBitSet\1.2\SparseBitSet-1.2.jar;C:\Users\user\.m2\repository\org\apache\logging\log4j\log4j-api\2.18.0\log4j-api-2.18.0.jar;C:\Users\user\.m2\repository\org\apache\poi\poi-ooxml\5.2.3\poi-ooxml-5.2.3.jar;C:\Users\user\.m2\repository\org\apache\poi\poi-ooxml-lite\5.2.3\poi-ooxml-lite-5.2.3.jar;C:\Users\user\.m2\repository\org\apache\xmlbeans\xmlbeans\5.1.1\xmlbeans-5.1.1.jar;C:\Users\user\.m2\repository\com\github\virtuald\curvesapi\1.07\curvesapi-1.07.jar;C:\Users\user\.m2\repository\com\google\code\gson\gson\2.10.1\gson-2.10.1.jar;C:\Users\user\.m2\repository\com\aventstack\extentreports\5.1.1\extentreports-5.1.1.jar;C:\Users\user\.m2\repository\io\reactivex\rxjava3\rxjava\3.1.6\rxjava-3.1.6.jar;C:\Users\user\.m2\repository\org\reactivestreams\reactive-streams\1.0.4\reactive-streams-1.0.4.jar;C:\Users\user\.m2\repository\org\freemarker\freemarker\2.3.32\freemarker-2.3.32.jar;C:\Users\user\.m2\repository\org\projectlombok\lombok\1.18.26\lombok-1.18.26.jar;C:\Users\user\.m2\repository\io\qameta\allure\allure-cucumber7-jvm\2.24.0\allure-cucumber7-jvm-2.24.0.jar;C:\Users\user\.m2\repository\io\qameta\allure\allure-java-commons\2.24.0\allure-java-commons-2.24.0.jar;C:\Users\user\.m2\repository\io\qameta\allure\allure-model\2.24.0\allure-model-2.24.0.jar;C:\Users\user\.m2\repository\io\cucumber\gherkin\26.2.0\gherkin-26.2.0.jar;C:\Users\user\.m2\repository\io\qameta\allure\allure-testng\2.24.0\allure-testng-2.24.0.jar;C:\Users\user\.m2\repository\io\qameta\allure\allure-test-filter\2.24.0\allure-test-filter-2.24.0.jar;C:\Users\user\.m2\repository\org\aspectj\aspectjweaver\1.9.19\aspectjweaver-1.9.19.jar;C:\Users\user\.m2\repository\com\openhtmltopdf\openhtmltopdf-pdfbox\1.0.10\openhtmltopdf-pdfbox-1.0.10.jar;C:\Users\user\.m2\repository\org\apache\pdfbox\pdfbox\2.0.24\pdfbox-2.0.24.jar;C:\Users\user\.m2\repository\org\apache\pdfbox\fontbox\2.0.24\fontbox-2.0.24.jar;C:\Users\user\.m2\repository\commons-logging\commons-logging\1.2\commons-logging-1.2.jar;C:\Users\user\.m2\repository\org\apache\pdfbox\xmpbox\2.0.24\xmpbox-2.0.24.jar;C:\Users\user\.m2\repository\com\openhtmltopdf\openhtmltopdf-core\1.0.10\openhtmltopdf-core-1.0.10.jar;C:\Users\user\.m2\repository\de\rototor\pdfbox\graphics2d\0.32\graphics2d-0.32.jar;"/>
    <property name="java.vm.vendor" value="Oracle Corporation"/>
    <property name="sun.arch.data.model" value="64"/>
    <property name="user.variant" value=""/>
    <property name="java.vendor.url" value="https://java.oracle.com/"/>
    <property name="user.timezone" value="Asia/Calcutta"/>
    <property name="os.name" value="Windows 10"/>
    <property name="java.vm.specification.version" value="21"/>
    <property name="sun.java.launcher" value="SUN_STANDARD"/>
    <property name="user.country" value="IN"/>
    <property name="sun.boot.library.path" value="C:\Program Files\Java\jdk-21\bin"/>
    <property name="sun.java.command" value="C:\Users\user\AppData\Local\Temp\surefire2984405731864533371\surefirebooter-20250903202052196_3.jar C:\Users\user\AppData\Local\Temp\surefire2984405731864533371 2025-09-03T20-20-51_272-jvmRun1 surefire-20250903202052196_1tmp surefire_0-20250903202052196_2tmp"/>
    <property name="jdk.debug" value="release"/>
    <property name="surefire.test.class.path" value="C:\Users\user\eclipse-workspace\Transtreme_Stage_Artifact_Id\target\test-classes;C:\Users\user\eclipse-workspace\Transtreme_Stage_Artifact_Id\target\classes;C:\Users\user\.m2\repository\org\seleniumhq\selenium\selenium-java\4.21.0\selenium-java-4.21.0.jar;C:\Users\user\.m2\repository\org\seleniumhq\selenium\selenium-api\4.21.0\selenium-api-4.21.0.jar;C:\Users\user\.m2\repository\org\seleniumhq\selenium\selenium-chrome-driver\4.21.0\selenium-chrome-driver-4.21.0.jar;C:\Users\user\.m2\repository\com\google\auto\service\auto-service-annotations\1.1.1\auto-service-annotations-1.1.1.jar;C:\Users\user\.m2\repository\org\seleniumhq\selenium\selenium-chromium-driver\4.21.0\selenium-chromium-driver-4.21.0.jar;C:\Users\user\.m2\repository\org\seleniumhq\selenium\selenium-json\4.21.0\selenium-json-4.21.0.jar;C:\Users\user\.m2\repository\org\seleniumhq\selenium\selenium-manager\4.21.0\selenium-manager-4.21.0.jar;C:\Users\user\.m2\repository\org\seleniumhq\selenium\selenium-devtools-v123\4.21.0\selenium-devtools-v123-4.21.0.jar;C:\Users\user\.m2\repository\org\seleniumhq\selenium\selenium-devtools-v124\4.21.0\selenium-devtools-v124-4.21.0.jar;C:\Users\user\.m2\repository\org\seleniumhq\selenium\selenium-devtools-v125\4.21.0\selenium-devtools-v125-4.21.0.jar;C:\Users\user\.m2\repository\org\seleniumhq\selenium\selenium-devtools-v85\4.21.0\selenium-devtools-v85-4.21.0.jar;C:\Users\user\.m2\repository\org\seleniumhq\selenium\selenium-edge-driver\4.21.0\selenium-edge-driver-4.21.0.jar;C:\Users\user\.m2\repository\org\seleniumhq\selenium\selenium-firefox-driver\4.21.0\selenium-firefox-driver-4.21.0.jar;C:\Users\user\.m2\repository\org\seleniumhq\selenium\selenium-http\4.21.0\selenium-http-4.21.0.jar;C:\Users\user\.m2\repository\dev\failsafe\failsafe\3.3.2\failsafe-3.3.2.jar;C:\Users\user\.m2\repository\org\seleniumhq\selenium\selenium-ie-driver\4.21.0\selenium-ie-driver-4.21.0.jar;C:\Users\user\.m2\repository\org\seleniumhq\selenium\selenium-remote-driver\4.21.0\selenium-remote-driver-4.21.0.jar;C:\Users\user\.m2\repository\com\google\guava\guava\33.2.0-jre\guava-33.2.0-jre.jar;C:\Users\user\.m2\repository\com\google\guava\failureaccess\1.0.2\failureaccess-1.0.2.jar;C:\Users\user\.m2\repository\com\google\guava\listenablefuture\9999.0-empty-to-avoid-conflict-with-guava\listenablefuture-9999.0-empty-to-avoid-conflict-with-guava.jar;C:\Users\user\.m2\repository\com\google\code\findbugs\jsr305\3.0.2\jsr305-3.0.2.jar;C:\Users\user\.m2\repository\org\checkerframework\checker-qual\3.42.0\checker-qual-3.42.0.jar;C:\Users\user\.m2\repository\com\google\errorprone\error_prone_annotations\2.26.1\error_prone_annotations-2.26.1.jar;C:\Users\user\.m2\repository\com\google\j2objc\j2objc-annotations\3.0.0\j2objc-annotations-3.0.0.jar;C:\Users\user\.m2\repository\io\opentelemetry\semconv\opentelemetry-semconv\1.25.0-alpha\opentelemetry-semconv-1.25.0-alpha.jar;C:\Users\user\.m2\repository\io\opentelemetry\opentelemetry-api\1.38.0\opentelemetry-api-1.38.0.jar;C:\Users\user\.m2\repository\io\opentelemetry\opentelemetry-context\1.38.0\opentelemetry-context-1.38.0.jar;C:\Users\user\.m2\repository\io\opentelemetry\opentelemetry-exporter-logging\1.38.0\opentelemetry-exporter-logging-1.38.0.jar;C:\Users\user\.m2\repository\io\opentelemetry\opentelemetry-sdk-common\1.38.0\opentelemetry-sdk-common-1.38.0.jar;C:\Users\user\.m2\repository\io\opentelemetry\opentelemetry-sdk-extension-autoconfigure-spi\1.38.0\opentelemetry-sdk-extension-autoconfigure-spi-1.38.0.jar;C:\Users\user\.m2\repository\io\opentelemetry\opentelemetry-sdk-extension-autoconfigure\1.38.0\opentelemetry-sdk-extension-autoconfigure-1.38.0.jar;C:\Users\user\.m2\repository\io\opentelemetry\opentelemetry-api-incubator\1.38.0-alpha\opentelemetry-api-incubator-1.38.0-alpha.jar;C:\Users\user\.m2\repository\io\opentelemetry\opentelemetry-sdk-trace\1.38.0\opentelemetry-sdk-trace-1.38.0.jar;C:\Users\user\.m2\repository\io\opentelemetry\opentelemetry-sdk\1.38.0\opentelemetry-sdk-1.38.0.jar;C:\Users\user\.m2\repository\io\opentelemetry\opentelemetry-sdk-metrics\1.38.0\opentelemetry-sdk-metrics-1.38.0.jar;C:\Users\user\.m2\repository\io\opentelemetry\opentelemetry-sdk-logs\1.38.0\opentelemetry-sdk-logs-1.38.0.jar;C:\Users\user\.m2\repository\net\bytebuddy\byte-buddy\1.14.15\byte-buddy-1.14.15.jar;C:\Users\user\.m2\repository\org\seleniumhq\selenium\selenium-os\4.21.0\selenium-os-4.21.0.jar;C:\Users\user\.m2\repository\org\apache\commons\commons-exec\1.4.0\commons-exec-1.4.0.jar;C:\Users\user\.m2\repository\org\seleniumhq\selenium\selenium-safari-driver\4.21.0\selenium-safari-driver-4.21.0.jar;C:\Users\user\.m2\repository\org\seleniumhq\selenium\selenium-support\4.21.0\selenium-support-4.21.0.jar;C:\Users\user\.m2\repository\io\cucumber\cucumber-java\7.11.2\cucumber-java-7.11.2.jar;C:\Users\user\.m2\repository\io\cucumber\cucumber-core\7.11.2\cucumber-core-7.11.2.jar;C:\Users\user\.m2\repository\io\cucumber\cucumber-gherkin\7.11.2\cucumber-gherkin-7.11.2.jar;C:\Users\user\.m2\repository\io\cucumber\cucumber-gherkin-messages\7.11.2\cucumber-gherkin-messages-7.11.2.jar;C:\Users\user\.m2\repository\io\cucumber\messages\21.0.1\messages-21.0.1.jar;C:\Users\user\.m2\repository\io\cucumber\tag-expressions\5.0.1\tag-expressions-5.0.1.jar;C:\Users\user\.m2\repository\io\cucumber\cucumber-expressions\16.1.2\cucumber-expressions-16.1.2.jar;C:\Users\user\.m2\repository\io\cucumber\datatable\7.11.2\datatable-7.11.2.jar;C:\Users\user\.m2\repository\io\cucumber\docstring\7.11.2\docstring-7.11.2.jar;C:\Users\user\.m2\repository\io\cucumber\html-formatter\20.2.1\html-formatter-20.2.1.jar;C:\Users\user\.m2\repository\io\cucumber\junit-xml-formatter\0.1.0\junit-xml-formatter-0.1.0.jar;C:\Users\user\.m2\repository\io\cucumber\ci-environment\9.1.0\ci-environment-9.1.0.jar;C:\Users\user\.m2\repository\org\apiguardian\apiguardian-api\1.1.2\apiguardian-api-1.1.2.jar;C:\Users\user\.m2\repository\io\cucumber\cucumber-testng\7.11.2\cucumber-testng-7.11.2.jar;C:\Users\user\.m2\repository\org\testng\testng\7.9.0\testng-7.9.0.jar;C:\Users\user\.m2\repository\org\slf4j\slf4j-api\1.7.36\slf4j-api-1.7.36.jar;C:\Users\user\.m2\repository\com\beust\jcommander\1.82\jcommander-1.82.jar;C:\Users\user\.m2\repository\org\webjars\jquery\3.7.1\jquery-3.7.1.jar;C:\Users\user\.m2\repository\io\github\bonigarcia\webdrivermanager\5.8.0\webdrivermanager-5.8.0.jar;C:\Users\user\.m2\repository\com\github\docker-java\docker-java\3.3.6\docker-java-3.3.6.jar;C:\Users\user\.m2\repository\com\github\docker-java\docker-java-core\3.3.6\docker-java-core-3.3.6.jar;C:\Users\user\.m2\repository\com\github\docker-java\docker-java-api\3.3.6\docker-java-api-3.3.6.jar;C:\Users\user\.m2\repository\com\fasterxml\jackson\core\jackson-annotations\2.10.3\jackson-annotations-2.10.3.jar;C:\Users\user\.m2\repository\com\fasterxml\jackson\core\jackson-databind\2.10.3\jackson-databind-2.10.3.jar;C:\Users\user\.m2\repository\com\fasterxml\jackson\core\jackson-core\2.10.3\jackson-core-2.10.3.jar;C:\Users\user\.m2\repository\org\bouncycastle\bcpkix-jdk18on\1.76\bcpkix-jdk18on-1.76.jar;C:\Users\user\.m2\repository\org\bouncycastle\bcprov-jdk18on\1.76\bcprov-jdk18on-1.76.jar;C:\Users\user\.m2\repository\org\bouncycastle\bcutil-jdk18on\1.76\bcutil-jdk18on-1.76.jar;C:\Users\user\.m2\repository\org\slf4j\jcl-over-slf4j\1.7.30\jcl-over-slf4j-1.7.30.jar;C:\Users\user\.m2\repository\com\github\docker-java\docker-java-transport-httpclient5\3.3.6\docker-java-transport-httpclient5-3.3.6.jar;C:\Users\user\.m2\repository\com\github\docker-java\docker-java-transport\3.3.6\docker-java-transport-3.3.6.jar;C:\Users\user\.m2\repository\net\java\dev\jna\jna\5.13.0\jna-5.13.0.jar;C:\Users\user\.m2\repository\org\brotli\dec\0.1.2\dec-0.1.2.jar;C:\Users\user\.m2\repository\org\apache\commons\commons-lang3\3.14.0\commons-lang3-3.14.0.jar;C:\Users\user\.m2\repository\org\apache\commons\commons-compress\1.26.1\commons-compress-1.26.1.jar;C:\Users\user\.m2\repository\commons-codec\commons-codec\1.16.1\commons-codec-1.16.1.jar;C:\Users\user\.m2\repository\commons-io\commons-io\2.15.1\commons-io-2.15.1.jar;C:\Users\user\.m2\repository\org\apache\httpcomponents\client5\httpclient5\5.2.1\httpclient5-5.2.1.jar;C:\Users\user\.m2\repository\org\apache\httpcomponents\core5\httpcore5\5.2\httpcore5-5.2.jar;C:\Users\user\.m2\repository\org\apache\httpcomponents\core5\httpcore5-h2\5.2\httpcore5-h2-5.2.jar;C:\Users\user\.m2\repository\org\slf4j\slf4j-simple\2.0.9\slf4j-simple-2.0.9.jar;C:\Users\user\.m2\repository\io\cucumber\cucumber-plugin\7.11.2\cucumber-plugin-7.11.2.jar;C:\Users\user\.m2\repository\tech\grasshopper\extentreports-cucumber7-adapter\1.14.0\extentreports-cucumber7-adapter-1.14.0.jar;C:\Users\user\.m2\repository\tech\grasshopper\extent-pdf-report\2.12.0\extent-pdf-report-2.12.0.jar;C:\Users\user\.m2\repository\tech\grasshopper\cucumber-pdf-report\2.14.0\cucumber-pdf-report-2.14.0.jar;C:\Users\user\.m2\repository\org\knowm\xchart\xchart\3.8.0\xchart-3.8.0.jar;C:\Users\user\.m2\repository\de\erichseifert\vectorgraphics2d\VectorGraphics2D\0.13\VectorGraphics2D-0.13.jar;C:\Users\user\.m2\repository\com\madgag\animated-gif-lib\1.4\animated-gif-lib-1.4.jar;C:\Users\user\.m2\repository\org\yaml\snakeyaml\2.0\snakeyaml-2.0.jar;C:\Users\user\.m2\repository\tech\grasshopper\table-layout\1.5.1\table-layout-1.5.1.jar;C:\Users\user\.m2\repository\tech\grasshopper\rest-assured-cucumber-pdf-report\1.5.0\rest-assured-cucumber-pdf-report-1.5.0.jar;C:\Users\user\.m2\repository\org\jsoup\jsoup\1.15.3\jsoup-1.15.3.jar;C:\Users\user\.m2\repository\com\aventstack\klov-reporter\5.1.0\klov-reporter-5.1.0.jar;C:\Users\user\.m2\repository\org\mongodb\mongodb-driver\3.6.4\mongodb-driver-3.6.4.jar;C:\Users\user\.m2\repository\org\mongodb\mongodb-driver-core\3.6.4\mongodb-driver-core-3.6.4.jar;C:\Users\user\.m2\repository\org\mongodb\bson\3.6.4\bson-3.6.4.jar;C:\Users\user\.m2\repository\org\apache\httpcomponents\httpclient\4.5.13\httpclient-4.5.13.jar;C:\Users\user\.m2\repository\org\apache\httpcomponents\httpcore\4.4.13\httpcore-4.4.13.jar;C:\Users\user\.m2\repository\org\apache\httpcomponents\httpmime\4.5.13\httpmime-4.5.13.jar;C:\Users\user\.m2\repository\tech\grasshopper\htmlextentreporter\1.1.0\htmlextentreporter-1.1.0.jar;C:\Users\user\.m2\repository\tech\grasshopper\extent-excel-report\1.4.0\extent-excel-report-1.4.0.jar;C:\Users\user\.m2\repository\org\apache\poi\poi\5.2.3\poi-5.2.3.jar;C:\Users\user\.m2\repository\org\apache\commons\commons-collections4\4.4\commons-collections4-4.4.jar;C:\Users\user\.m2\repository\org\apache\commons\commons-math3\3.6.1\commons-math3-3.6.1.jar;C:\Users\user\.m2\repository\com\zaxxer\SparseBitSet\1.2\SparseBitSet-1.2.jar;C:\Users\user\.m2\repository\org\apache\logging\log4j\log4j-api\2.18.0\log4j-api-2.18.0.jar;C:\Users\user\.m2\repository\org\apache\poi\poi-ooxml\5.2.3\poi-ooxml-5.2.3.jar;C:\Users\user\.m2\repository\org\apache\poi\poi-ooxml-lite\5.2.3\poi-ooxml-lite-5.2.3.jar;C:\Users\user\.m2\repository\org\apache\xmlbeans\xmlbeans\5.1.1\xmlbeans-5.1.1.jar;C:\Users\user\.m2\repository\com\github\virtuald\curvesapi\1.07\curvesapi-1.07.jar;C:\Users\user\.m2\repository\com\google\code\gson\gson\2.10.1\gson-2.10.1.jar;C:\Users\user\.m2\repository\com\aventstack\extentreports\5.1.1\extentreports-5.1.1.jar;C:\Users\user\.m2\repository\io\reactivex\rxjava3\rxjava\3.1.6\rxjava-3.1.6.jar;C:\Users\user\.m2\repository\org\reactivestreams\reactive-streams\1.0.4\reactive-streams-1.0.4.jar;C:\Users\user\.m2\repository\org\freemarker\freemarker\2.3.32\freemarker-2.3.32.jar;C:\Users\user\.m2\repository\org\projectlombok\lombok\1.18.26\lombok-1.18.26.jar;C:\Users\user\.m2\repository\io\qameta\allure\allure-cucumber7-jvm\2.24.0\allure-cucumber7-jvm-2.24.0.jar;C:\Users\user\.m2\repository\io\qameta\allure\allure-java-commons\2.24.0\allure-java-commons-2.24.0.jar;C:\Users\user\.m2\repository\io\qameta\allure\allure-model\2.24.0\allure-model-2.24.0.jar;C:\Users\user\.m2\repository\io\cucumber\gherkin\26.2.0\gherkin-26.2.0.jar;C:\Users\user\.m2\repository\io\qameta\allure\allure-testng\2.24.0\allure-testng-2.24.0.jar;C:\Users\user\.m2\repository\io\qameta\allure\allure-test-filter\2.24.0\allure-test-filter-2.24.0.jar;C:\Users\user\.m2\repository\org\aspectj\aspectjweaver\1.9.19\aspectjweaver-1.9.19.jar;C:\Users\user\.m2\repository\com\openhtmltopdf\openhtmltopdf-pdfbox\1.0.10\openhtmltopdf-pdfbox-1.0.10.jar;C:\Users\user\.m2\repository\org\apache\pdfbox\pdfbox\2.0.24\pdfbox-2.0.24.jar;C:\Users\user\.m2\repository\org\apache\pdfbox\fontbox\2.0.24\fontbox-2.0.24.jar;C:\Users\user\.m2\repository\commons-logging\commons-logging\1.2\commons-logging-1.2.jar;C:\Users\user\.m2\repository\org\apache\pdfbox\xmpbox\2.0.24\xmpbox-2.0.24.jar;C:\Users\user\.m2\repository\com\openhtmltopdf\openhtmltopdf-core\1.0.10\openhtmltopdf-core-1.0.10.jar;C:\Users\user\.m2\repository\de\rototor\pdfbox\graphics2d\0.32\graphics2d-0.32.jar;"/>
    <property name="sun.cpu.endian" value="little"/>
    <property name="user.home" value="C:\Users\user"/>
    <property name="user.language" value="en"/>
    <property name="java.specification.vendor" value="Oracle Corporation"/>
    <property name="java.version.date" value="2025-04-15"/>
    <property name="java.home" value="C:\Program Files\Java\jdk-21"/>
    <property name="file.separator" value="\"/>
    <property name="basedir" value="C:\Users\user\eclipse-workspace\Transtreme_Stage_Artifact_Id"/>
    <property name="java.vm.compressedOopsMode" value="Zero based"/>
    <property name="line.separator" value="&#10;"/>
    <property name="java.vm.specification.vendor" value="Oracle Corporation"/>
    <property name="java.specification.name" value="Java Platform API Specification"/>
    <property name="surefire.real.class.path" value="C:\Users\user\AppData\Local\Temp\surefire2984405731864533371\surefirebooter-20250903202052196_3.jar"/>
    <property name="user.script" value=""/>
    <property name="sun.management.compiler" value="HotSpot 64-Bit Tiered Compilers"/>
    <property name="java.runtime.version" value="21.0.7+8-LTS-245"/>
    <property name="user.name" value="user"/>
    <property name="stdout.encoding" value="Cp1252"/>
    <property name="path.separator" value=";"/>
    <property name="os.version" value="10.0"/>
    <property name="java.runtime.name" value="Java(TM) SE Runtime Environment"/>
    <property name="file.encoding" value="UTF-8"/>
    <property name="java.vm.name" value="Java HotSpot(TM) 64-Bit Server VM"/>
    <property name="localRepository" value="C:\Users\user\.m2\repository"/>
    <property name="java.vendor.url.bug" value="https://bugreport.java.com/bugreport/"/>
    <property name="java.io.tmpdir" value="C:\Users\user\AppData\Local\Temp\"/>
    <property name="java.version" value="21.0.7"/>
    <property name="user.dir" value="C:\Users\user\eclipse-workspace\Transtreme_Stage_Artifact_Id"/>
    <property name="os.arch" value="amd64"/>
    <property name="java.vm.specification.name" value="Java Virtual Machine Specification"/>
    <property name="sun.os.patch.level" value=""/>
    <property name="native.encoding" value="Cp1252"/>
    <property name="java.library.path" value="C:\Program Files\Java\jdk-21\bin;C:\Windows\Sun\Java\bin;C:\Windows\system32;C:\Windows;C:\Program Files\Common Files\Oracle\Java\javapath;C:\Windows\system32;C:\Windows;C:\Windows\System32\Wbem;C:\Windows\System32\WindowsPowerShell\v1.0\;C:\Windows\System32\OpenSSH\;C:\Program Files\Git\cmd;C:\Program Files\Java\jdk-21\bin;C:\Users\user\apache-maven-3.9.11-bin\apache-maven-3.9.11\bin;C:\Program Files\MySQL\MySQL Shell 8.0\bin\;C:\Users\user\AppData\Local\Microsoft\WindowsApps;C:\MySQL\mysql-9.2.0-winx64\bin;;."/>
    <property name="java.vm.info" value="mixed mode, sharing"/>
    <property name="stderr.encoding" value="Cp1252"/>
    <property name="java.vendor" value="Oracle Corporation"/>
    <property name="java.vm.version" value="21.0.7+8-LTS-245"/>
    <property name="sun.io.unicode.encoding" value="UnicodeLittle"/>
    <property name="java.class.version" value="65.0"/>
  </properties>
  <testcase name="runScenario[&quot;Successful login to dashboard&quot;, &quot;Login to Transtreme_stage&quot;](1)" classname="com.transtreme.framework.runners.TestRunner" time="17.345">
    <system-out><![CDATA[
Scenario: Successful login to dashboard                                    # src/test/resources/features/Login.feature:3
  Given the user is on the Transtreme login page                           # com.transtreme.framework.stepdefinitions.LoginSteps.the_user_is_on_the_transtreme_login_page()
  When the user enters email "matesteg0@gmail.com" and password "12345678" # com.transtreme.framework.stepdefinitions.LoginSteps.the_user_enters_email_and_password(java.lang.String,java.lang.String)
  And clicks the Sign In button                                            # com.transtreme.framework.stepdefinitions.LoginSteps.clicks_the_sign_in_button()
  And enters OTP "123456"                                                  # com.transtreme.framework.stepdefinitions.LoginSteps.enters_otp(java.lang.String)
  And clicks the Submit button                                             # com.transtreme.framework.stepdefinitions.LoginSteps.clicks_the_submit_button()
  Then the user should land on the dashboard                               # com.transtreme.framework.stepdefinitions.LoginSteps.the_user_should_land_on_the_dashboard()
  And the user clicks the Logout button                                    # com.transtreme.framework.stepdefinitions.LoginSteps.the_user_clicks_the_logout_button()
✅ PDF successfully created at: test-output/ExtentSpark.html
]]></system-out>
    <system-err><![CDATA[SLF4J: Failed to load class "org.slf4j.impl.StaticLoggerBinder".
SLF4J: Defaulting to no-operation (NOP) logger implementation
SLF4J: See http://www.slf4j.org/codes.html#StaticLoggerBinder for further details.
Sept 03, 2025 8:20:56 PM org.openqa.selenium.devtools.CdpVersionFinder findNearestMatch
WARNING: Unable to find CDP implementation matching 139
Sept 03, 2025 8:20:56 PM org.openqa.selenium.chromium.ChromiumDriver lambda$new$5
WARNING: Unable to find version of CDP to use for 139.0.7258.155. You may need to include a dependency on a specific version of the CDP using something similar to `org.seleniumhq.selenium:selenium-devtools-v86:4.21.0` where the version ("v86") matches the version of the chromium-based browser you're using and the version number of the artifact is the same as Selenium's.
com.openhtmltopdf.load INFO:: SAX XMLReader in use (parser): com.sun.org.apache.xerces.internal.jaxp.SAXParserImpl$JAXPSAXParser
com.openhtmltopdf.load INFO:: SAX XMLReader in use (parser): com.sun.org.apache.xerces.internal.jaxp.SAXParserImpl$JAXPSAXParser
com.openhtmltopdf.load INFO:: Loaded document in ~79ms
com.openhtmltopdf.load INFO:: TIME: parse stylesheets 169ms
com.openhtmltopdf.match INFO:: media = print
com.openhtmltopdf.load INFO:: Requesting stylesheet: https://cdn.jsdelivr.net/gh/extent-framework/extent-github-cdn@ce8b10435bcbae260c334c0d0c6b61d2c19b6168/spark/css/spark-style.css
com.openhtmltopdf.css-parse WARNING:: (https://cdn.jsdelivr.net/gh/extent-framework/extent-github-cdn@ce8b10435bcbae260c334c0d0c6b61d2c19b6168/spark/css/spark-style.css) root is not a recognized pseudo-class at line 7. Skipping ruleset.
com.openhtmltopdf.css-parse WARNING:: (https://cdn.jsdelivr.net/gh/extent-framework/extent-github-cdn@ce8b10435bcbae260c334c0d0c6b61d2c19b6168/spark/css/spark-style.css) -webkit-text-size-adjust is an unrecognized CSS property at line 6. Ignoring declaration.
com.openhtmltopdf.css-parse WARNING:: (https://cdn.jsdelivr.net/gh/extent-framework/extent-github-cdn@ce8b10435bcbae260c334c0d0c6b61d2c19b6168/spark/css/spark-style.css) -ms-text-size-adjust is an unrecognized CSS property at line 6. Ignoring declaration.
com.openhtmltopdf.css-parse WARNING:: (https://cdn.jsdelivr.net/gh/extent-framework/extent-github-cdn@ce8b10435bcbae260c334c0d0c6b61d2c19b6168/spark/css/spark-style.css) -ms-overflow-style is an unrecognized CSS property at line 6. Ignoring declaration.
com.openhtmltopdf.css-parse WARNING:: (https://cdn.jsdelivr.net/gh/extent-framework/extent-github-cdn@ce8b10435bcbae260c334c0d0c6b61d2c19b6168/spark/css/spark-style.css) -webkit-tap-highlight-color is an unrecognized CSS property at line 6. Ignoring declaration.
com.openhtmltopdf.css-parse WARNING:: (https://cdn.jsdelivr.net/gh/extent-framework/extent-github-cdn@ce8b10435bcbae260c334c0d0c6b61d2c19b6168/spark/css/spark-style.css) Invalid at-rule at line 7. Skipping at-rule.
com.openhtmltopdf.css-parse WARNING:: (https://cdn.jsdelivr.net/gh/extent-framework/extent-github-cdn@ce8b10435bcbae260c334c0d0c6b61d2c19b6168/spark/css/spark-style.css) outline is not implemented at line 6. Ignoring declaration.
com.openhtmltopdf.css-parse WARNING:: (https://cdn.jsdelivr.net/gh/extent-framework/extent-github-cdn@ce8b10435bcbae260c334c0d0c6b61d2c19b6168/spark/css/spark-style.css) -webkit-text-decoration is an unrecognized CSS property at line 6. Ignoring declaration.
com.openhtmltopdf.css-parse WARNING:: (https://cdn.jsdelivr.net/gh/extent-framework/extent-github-cdn@ce8b10435bcbae260c334c0d0c6b61d2c19b6168/spark/css/spark-style.css) Ident dotted is an invalid or unsupported value for text-decoration at line 7. Skipping declaration.
com.openhtmltopdf.css-parse WARNING:: (https://cdn.jsdelivr.net/gh/extent-framework/extent-github-cdn@ce8b10435bcbae260c334c0d0c6b61d2c19b6168/spark/css/spark-style.css) -webkit-text-decoration-skip is an unrecognized CSS property at line 6. Ignoring declaration.
com.openhtmltopdf.css-parse WARNING:: (https://cdn.jsdelivr.net/gh/extent-framework/extent-github-cdn@ce8b10435bcbae260c334c0d0c6b61d2c19b6168/spark/css/spark-style.css) not is not a valid function in this context at line 7. Skipping ruleset.
com.openhtmltopdf.css-parse WARNING:: (https://cdn.jsdelivr.net/gh/extent-framework/extent-github-cdn@ce8b10435bcbae260c334c0d0c6b61d2c19b6168/spark/css/spark-style.css) not is not a valid function in this context at line 7. Skipping ruleset.
com.openhtmltopdf.css-parse WARNING:: (https://cdn.jsdelivr.net/gh/extent-framework/extent-github-cdn@ce8b10435bcbae260c334c0d0c6b61d2c19b6168/spark/css/spark-style.css) not is not a valid function in this context at line 7. Skipping ruleset.
com.openhtmltopdf.css-parse WARNING:: (https://cdn.jsdelivr.net/gh/extent-framework/extent-github-cdn@ce8b10435bcbae260c334c0d0c6b61d2c19b6168/spark/css/spark-style.css) Ident auto is an invalid or unsupported value for overflow at line 7. Skipping declaration.
com.openhtmltopdf.css-parse WARNING:: (https://cdn.jsdelivr.net/gh/extent-framework/extent-github-cdn@ce8b10435bcbae260c334c0d0c6b61d2c19b6168/spark/css/spark-style.css) -ms-overflow-style is an unrecognized CSS property at line 6. Ignoring declaration.
com.openhtmltopdf.css-parse WARNING:: (https://cdn.jsdelivr.net/gh/extent-framework/extent-github-cdn@ce8b10435bcbae260c334c0d0c6b61d2c19b6168/spark/css/spark-style.css) not is not a valid function in this context at line 7. Skipping ruleset.
com.openhtmltopdf.css-parse WARNING:: (https://cdn.jsdelivr.net/gh/extent-framework/extent-github-cdn@ce8b10435bcbae260c334c0d0c6b61d2c19b6168/spark/css/spark-style.css) outline is not implemented at line 6. Ignoring declaration.
com.openhtmltopdf.css-parse WARNING:: (https://cdn.jsdelivr.net/gh/extent-framework/extent-github-cdn@ce8b10435bcbae260c334c0d0c6b61d2c19b6168/spark/css/spark-style.css) outline is not implemented at line 6. Ignoring declaration.
com.openhtmltopdf.css-parse WARNING:: (https://cdn.jsdelivr.net/gh/extent-framework/extent-github-cdn@ce8b10435bcbae260c334c0d0c6b61d2c19b6168/spark/css/spark-style.css) -webkit-appearance is an unrecognized CSS property at line 6. Ignoring declaration.
com.openhtmltopdf.css-parse WARNING:: (https://cdn.jsdelivr.net/gh/extent-framework/extent-github-cdn@ce8b10435bcbae260c334c0d0c6b61d2c19b6168/spark/css/spark-style.css) -moz-focus-inner is not a recognized psuedo-element at line 7. Skipping ruleset.
com.openhtmltopdf.css-parse WARNING:: (https://cdn.jsdelivr.net/gh/extent-framework/extent-github-cdn@ce8b10435bcbae260c334c0d0c6b61d2c19b6168/spark/css/spark-style.css) -webkit-appearance is an unrecognized CSS property at line 6. Ignoring declaration.
com.openhtmltopdf.css-parse WARNING:: (https://cdn.jsdelivr.net/gh/extent-framework/extent-github-cdn@ce8b10435bcbae260c334c0d0c6b61d2c19b6168/spark/css/spark-style.css) Ident auto is an invalid or unsupported value for overflow at line 7. Skipping declaration.
com.openhtmltopdf.css-parse WARNING:: (https://cdn.jsdelivr.net/gh/extent-framework/extent-github-cdn@ce8b10435bcbae260c334c0d0c6b61d2c19b6168/spark/css/spark-style.css) resize is an unrecognized CSS property at line 6. Ignoring declaration.
com.openhtmltopdf.css-parse WARNING:: (https://cdn.jsdelivr.net/gh/extent-framework/extent-github-cdn@ce8b10435bcbae260c334c0d0c6b61d2c19b6168/spark/css/spark-style.css) -webkit-inner-spin-button is not a recognized psuedo-element at line 7. Skipping ruleset.
com.openhtmltopdf.css-parse WARNING:: (https://cdn.jsdelivr.net/gh/extent-framework/extent-github-cdn@ce8b10435bcbae260c334c0d0c6b61d2c19b6168/spark/css/spark-style.css) outline-offset is an unrecognized CSS property at line 6. Ignoring declaration.
com.openhtmltopdf.css-parse WARNING:: (https://cdn.jsdelivr.net/gh/extent-framework/extent-github-cdn@ce8b10435bcbae260c334c0d0c6b61d2c19b6168/spark/css/spark-style.css) -webkit-appearance is an unrecognized CSS property at line 6. Ignoring declaration.
com.openhtmltopdf.css-parse WARNING:: (https://cdn.jsdelivr.net/gh/extent-framework/extent-github-cdn@ce8b10435bcbae260c334c0d0c6b61d2c19b6168/spark/css/spark-style.css) -webkit-search-cancel-button is not a recognized psuedo-element at line 7. Skipping ruleset.
com.openhtmltopdf.css-parse WARNING:: (https://cdn.jsdelivr.net/gh/extent-framework/extent-github-cdn@ce8b10435bcbae260c334c0d0c6b61d2c19b6168/spark/css/spark-style.css) -webkit-file-upload-button is not a recognized psuedo-element at line 7. Skipping ruleset.
com.openhtmltopdf.css-parse WARNING:: (https://cdn.jsdelivr.net/gh/extent-framework/extent-github-cdn@ce8b10435bcbae260c334c0d0c6b61d2c19b6168/spark/css/spark-style.css) rgba(0,0,0,.1) is not a border width, style, or color at line 7. Skipping declaration.
com.openhtmltopdf.css-parse WARNING:: (https://cdn.jsdelivr.net/gh/extent-framework/extent-github-cdn@ce8b10435bcbae260c334c0d0c6b61d2c19b6168/spark/css/spark-style.css) not is not a valid function in this context at line 7. Skipping ruleset.
com.openhtmltopdf.css-parse WARNING:: (https://cdn.jsdelivr.net/gh/extent-framework/extent-github-cdn@ce8b10435bcbae260c334c0d0c6b61d2c19b6168/spark/css/spark-style.css) word-break is an unrecognized CSS property at line 6. Ignoring declaration.
com.openhtmltopdf.css-parse WARNING:: (https://cdn.jsdelivr.net/gh/extent-framework/extent-github-cdn@ce8b10435bcbae260c334c0d0c6b61d2c19b6168/spark/css/spark-style.css) word-break is an unrecognized CSS property at line 6. Ignoring declaration.
com.openhtmltopdf.css-parse WARNING:: (https://cdn.jsdelivr.net/gh/extent-framework/extent-github-cdn@ce8b10435bcbae260c334c0d0c6b61d2c19b6168/spark/css/spark-style.css) overflow-y is an unrecognized CSS property at line 6. Ignoring declaration.
com.openhtmltopdf.css-parse WARNING:: (https://cdn.jsdelivr.net/gh/extent-framework/extent-github-cdn@ce8b10435bcbae260c334c0d0c6b61d2c19b6168/spark/css/spark-style.css) Found ( (other) where an identifier was expected at line 7. Skipping @media rule.
com.openhtmltopdf.css-parse WARNING:: (https://cdn.jsdelivr.net/gh/extent-framework/extent-github-cdn@ce8b10435bcbae260c334c0d0c6b61d2c19b6168/spark/css/spark-style.css) Found ( (other) where an identifier was expected at line 7. Skipping @media rule.
com.openhtmltopdf.css-parse WARNING:: (https://cdn.jsdelivr.net/gh/extent-framework/extent-github-cdn@ce8b10435bcbae260c334c0d0c6b61d2c19b6168/spark/css/spark-style.css) Found ( (other) where an identifier was expected at line 7. Skipping @media rule.
com.openhtmltopdf.css-parse WARNING:: (https://cdn.jsdelivr.net/gh/extent-framework/extent-github-cdn@ce8b10435bcbae260c334c0d0c6b61d2c19b6168/spark/css/spark-style.css) Found ( (other) where an identifier was expected at line 7. Skipping @media rule.
com.openhtmltopdf.css-parse WARNING:: (https://cdn.jsdelivr.net/gh/extent-framework/extent-github-cdn@ce8b10435bcbae260c334c0d0c6b61d2c19b6168/spark/css/spark-style.css) Value -webkit-box is not a recognized identifier at line 7. Skipping declaration.
com.openhtmltopdf.css-parse WARNING:: (https://cdn.jsdelivr.net/gh/extent-framework/extent-github-cdn@ce8b10435bcbae260c334c0d0c6b61d2c19b6168/spark/css/spark-style.css) Value -ms-flexbox is not a recognized identifier at line 7. Skipping declaration.
com.openhtmltopdf.css-parse WARNING:: (https://cdn.jsdelivr.net/gh/extent-framework/extent-github-cdn@ce8b10435bcbae260c334c0d0c6b61d2c19b6168/spark/css/spark-style.css) Value flex is not a recognized identifier at line 7. Skipping declaration.
com.openhtmltopdf.css-parse WARNING:: (https://cdn.jsdelivr.net/gh/extent-framework/extent-github-cdn@ce8b10435bcbae260c334c0d0c6b61d2c19b6168/spark/css/spark-style.css) -ms-flex-wrap is an unrecognized CSS property at line 6. Ignoring declaration.
com.openhtmltopdf.css-parse WARNING:: (https://cdn.jsdelivr.net/gh/extent-framework/extent-github-cdn@ce8b10435bcbae260c334c0d0c6b61d2c19b6168/spark/css/spark-style.css) flex-wrap is an unrecognized CSS property at line 6. Ignoring declaration.
com.openhtmltopdf.css-parse WARNING:: (https://cdn.jsdelivr.net/gh/extent-framework/extent-github-cdn@ce8b10435bcbae260c334c0d0c6b61d2c19b6168/spark/css/spark-style.css) -ms-flex-preferred-size is an unrecognized CSS property at line 6. Ignoring declaration.
com.openhtmltopdf.css-parse WARNING:: (https://cdn.jsdelivr.net/gh/extent-framework/extent-github-cdn@ce8b10435bcbae260c334c0d0c6b61d2c19b6168/spark/css/spark-style.css) flex-basis is an unrecognized CSS property at line 6. Ignoring declaration.
com.openhtmltopdf.css-parse WARNING:: (https://cdn.jsdelivr.net/gh/extent-framework/extent-github-cdn@ce8b10435bcbae260c334c0d0c6b61d2c19b6168/spark/css/spark-style.css) -webkit-box-flex is an unrecognized CSS property at line 6. Ignoring declaration.
com.openhtmltopdf.css-parse WARNING:: (https://cdn.jsdelivr.net/gh/extent-framework/extent-github-cdn@ce8b10435bcbae260c334c0d0c6b61d2c19b6168/spark/css/spark-style.css) -ms-flex-positive is an unrecognized CSS property at line 6. Ignoring declaration.
com.openhtmltopdf.css-parse WARNING:: (https://cdn.jsdelivr.net/gh/extent-framework/extent-github-cdn@ce8b10435bcbae260c334c0d0c6b61d2c19b6168/spark/css/spark-style.css) flex-grow is an unrecognized CSS property at line 6. Ignoring declaration.
com.openhtmltopdf.css-parse WARNING:: (https://cdn.jsdelivr.net/gh/extent-framework/extent-github-cdn@ce8b10435bcbae260c334c0d0c6b61d2c19b6168/spark/css/spark-style.css) -webkit-box-flex is an unrecognized CSS property at line 6. Ignoring declaration.
com.openhtmltopdf.css-parse WARNING:: (https://cdn.jsdelivr.net/gh/extent-framework/extent-github-cdn@ce8b10435bcbae260c334c0d0c6b61d2c19b6168/spark/css/spark-style.css) -ms-flex is an unrecognized CSS property at line 6. Ignoring declaration.
com.openhtmltopdf.css-parse WARNING:: (https://cdn.jsdelivr.net/gh/extent-framework/extent-github-cdn@ce8b10435bcbae260c334c0d0c6b61d2c19b6168/spark/css/spark-style.css) flex is an unrecognized CSS property at line 6. Ignoring declaration.
com.openhtmltopdf.css-parse WARNING:: (https://cdn.jsdelivr.net/gh/extent-framework/extent-github-cdn@ce8b10435bcbae260c334c0d0c6b61d2c19b6168/spark/css/spark-style.css) -webkit-box-flex is an unrecognized CSS property at line 6. Ignoring declaration.
com.openhtmltopdf.css-parse WARNING:: (https://cdn.jsdelivr.net/gh/extent-framework/extent-github-cdn@ce8b10435bcbae260c334c0d0c6b61d2c19b6168/spark/css/spark-style.css) -ms-flex is an unrecognized CSS property at line 6. Ignoring declaration.
com.openhtmltopdf.css-parse WARNING:: (https://cdn.jsdelivr.net/gh/extent-framework/extent-github-cdn@ce8b10435bcbae260c334c0d0c6b61d2c19b6168/spark/css/spark-style.css) flex is an unrecognized CSS property at line 6. Ignoring declaration.
com.openhtmltopdf.css-parse WARNING:: (https://cdn.jsdelivr.net/gh/extent-framework/extent-github-cdn@ce8b10435bcbae260c334c0d0c6b61d2c19b6168/spark/css/spark-style.css) -webkit-box-flex is an unrecognized CSS property at line 6. Ignoring declaration.
com.openhtmltopdf.css-parse WARNING:: (https://cdn.jsdelivr.net/gh/extent-framework/extent-github-cdn@ce8b10435bcbae260c334c0d0c6b61d2c19b6168/spark/css/spark-style.css) -ms-flex is an unrecognized CSS property at line 6. Ignoring declaration.
com.openhtmltopdf.css-parse WARNING:: (https://cdn.jsdelivr.net/gh/extent-framework/extent-github-cdn@ce8b10435bcbae260c334c0d0c6b61d2c19b6168/spark/css/spark-style.css) flex is an unrecognized CSS property at line 6. Ignoring declaration.
com.openhtmltopdf.css-parse WARNING:: (https://cdn.jsdelivr.net/gh/extent-framework/extent-github-cdn@ce8b10435bcbae260c334c0d0c6b61d2c19b6168/spark/css/spark-style.css) -webkit-box-flex is an unrecognized CSS property at line 6. Ignoring declaration.
com.openhtmltopdf.css-parse WARNING:: (https://cdn.jsdelivr.net/gh/extent-framework/extent-github-cdn@ce8b10435bcbae260c334c0d0c6b61d2c19b6168/spark/css/spark-style.css) -ms-flex is an unrecognized CSS property at line 6. Ignoring declaration.
com.openhtmltopdf.css-parse WARNING:: (https://cdn.jsdelivr.net/gh/extent-framework/extent-github-cdn@ce8b10435bcbae260c334c0d0c6b61d2c19b6168/spark/css/spark-style.css) flex is an unrecognized CSS property at line 6. Ignoring declaration.
com.openhtmltopdf.css-parse WARNING:: (https://cdn.jsdelivr.net/gh/extent-framework/extent-github-cdn@ce8b10435bcbae260c334c0d0c6b61d2c19b6168/spark/css/spark-style.css) -webkit-box-flex is an unrecognized CSS property at line 6. Ignoring declaration.
com.openhtmltopdf.css-parse WARNING:: (https://cdn.jsdelivr.net/gh/extent-framework/extent-github-cdn@ce8b10435bcbae260c334c0d0c6b61d2c19b6168/spark/css/spark-style.css) -ms-flex is an unrecognized CSS property at line 6. Ignoring declaration.
com.openhtmltopdf.css-parse WARNING:: (https://cdn.jsdelivr.net/gh/extent-framework/extent-github-cdn@ce8b10435bcbae260c334c0d0c6b61d2c19b6168/spark/css/spark-style.css) flex is an unrecognized CSS property at line 6. Ignoring declaration.
com.openhtmltopdf.css-parse WARNING:: (https://cdn.jsdelivr.net/gh/extent-framework/extent-github-cdn@ce8b10435bcbae260c334c0d0c6b61d2c19b6168/spark/css/spark-style.css) -webkit-box-flex is an unrecognized CSS property at line 6. Ignoring declaration.
com.openhtmltopdf.css-parse WARNING:: (https://cdn.jsdelivr.net/gh/extent-framework/extent-github-cdn@ce8b10435bcbae260c334c0d0c6b61d2c19b6168/spark/css/spark-style.css) -ms-flex is an unrecognized CSS property at line 6. Ignoring declaration.
com.openhtmltopdf.css-parse WARNING:: (https://cdn.jsdelivr.net/gh/extent-framework/extent-github-cdn@ce8b10435bcbae260c334c0d0c6b61d2c19b6168/spark/css/spark-style.css) flex is an unrecognized CSS property at line 6. Ignoring declaration.
com.openhtmltopdf.css-parse WARNING:: (https://cdn.jsdelivr.net/gh/extent-framework/extent-github-cdn@ce8b10435bcbae260c334c0d0c6b61d2c19b6168/spark/css/spark-style.css) -webkit-box-flex is an unrecognized CSS property at line 6. Ignoring declaration.
com.openhtmltopdf.css-parse WARNING:: (https://cdn.jsdelivr.net/gh/extent-framework/extent-github-cdn@ce8b10435bcbae260c334c0d0c6b61d2c19b6168/spark/css/spark-style.css) -ms-flex is an unrecognized CSS property at line 6. Ignoring declaration.
com.openhtmltopdf.css-parse WARNING:: (https://cdn.jsdelivr.net/gh/extent-framework/extent-github-cdn@ce8b10435bcbae260c334c0d0c6b61d2c19b6168/spark/css/spark-style.css) flex is an unrecognized CSS property at line 6. Ignoring declaration.
com.openhtmltopdf.css-parse WARNING:: (https://cdn.jsdelivr.net/gh/extent-framework/extent-github-cdn@ce8b10435bcbae260c334c0d0c6b61d2c19b6168/spark/css/spark-style.css) -webkit-box-flex is an unrecognized CSS property at line 6. Ignoring declaration.
com.openhtmltopdf.css-parse WARNING:: (https://cdn.jsdelivr.net/gh/extent-framework/extent-github-cdn@ce8b10435bcbae260c334c0d0c6b61d2c19b6168/spark/css/spark-style.css) -ms-flex is an unrecognized CSS property at line 6. Ignoring declaration.
com.openhtmltopdf.css-parse WARNING:: (https://cdn.jsdelivr.net/gh/extent-framework/extent-github-cdn@ce8b10435bcbae260c334c0d0c6b61d2c19b6168/spark/css/spark-style.css) flex is an unrecognized CSS property at line 6. Ignoring declaration.
com.openhtmltopdf.css-parse WARNING:: (https://cdn.jsdelivr.net/gh/extent-framework/extent-github-cdn@ce8b10435bcbae260c334c0d0c6b61d2c19b6168/spark/css/spark-style.css) -webkit-box-flex is an unrecognized CSS property at line 6. Ignoring declaration.
com.openhtmltopdf.css-parse WARNING:: (https://cdn.jsdelivr.net/gh/extent-framework/extent-github-cdn@ce8b10435bcbae260c334c0d0c6b61d2c19b6168/spark/css/spark-style.css) -ms-flex is an unrecognized CSS property at line 6. Ignoring declaration.
com.openhtmltopdf.css-parse WARNING:: (https://cdn.jsdelivr.net/gh/extent-framework/extent-github-cdn@ce8b10435bcbae260c334c0d0c6b61d2c19b6168/spark/css/spark-style.css) flex is an unrecognized CSS property at line 6. Ignoring declaration.
com.openhtmltopdf.css-parse WARNING:: (https://cdn.jsdelivr.net/gh/extent-framework/extent-github-cdn@ce8b10435bcbae260c334c0d0c6b61d2c19b6168/spark/css/spark-style.css) -webkit-box-flex is an unrecognized CSS property at line 6. Ignoring declaration.
com.openhtmltopdf.css-parse WARNING:: (https://cdn.jsdelivr.net/gh/extent-framework/extent-github-cdn@ce8b10435bcbae260c334c0d0c6b61d2c19b6168/spark/css/spark-style.css) -ms-flex is an unrecognized CSS property at line 6. Ignoring declaration.
com.openhtmltopdf.css-parse WARNING:: (https://cdn.jsdelivr.net/gh/extent-framework/extent-github-cdn@ce8b10435bcbae260c334c0d0c6b61d2c19b6168/spark/css/spark-style.css) flex is an unrecognized CSS property at line 6. Ignoring declaration.
com.openhtmltopdf.css-parse WARNING:: (https://cdn.jsdelivr.net/gh/extent-framework/extent-github-cdn@ce8b10435bcbae260c334c0d0c6b61d2c19b6168/spark/css/spark-style.css) -webkit-box-flex is an unrecognized CSS property at line 6. Ignoring declaration.
com.openhtmltopdf.css-parse WARNING:: (https://cdn.jsdelivr.net/gh/extent-framework/extent-github-cdn@ce8b10435bcbae260c334c0d0c6b61d2c19b6168/spark/css/spark-style.css) -ms-flex is an unrecognized CSS property at line 6. Ignoring declaration.
com.openhtmltopdf.css-parse WARNING:: (https://cdn.jsdelivr.net/gh/extent-framework/extent-github-cdn@ce8b10435bcbae260c334c0d0c6b61d2c19b6168/spark/css/spark-style.css) flex is an unrecognized CSS property at line 6. Ignoring declaration.
com.openhtmltopdf.css-parse WARNING:: (https://cdn.jsdelivr.net/gh/extent-framework/extent-github-cdn@ce8b10435bcbae260c334c0d0c6b61d2c19b6168/spark/css/spark-style.css) -webkit-box-flex is an unrecognized CSS property at line 6. Ignoring declaration.
com.openhtmltopdf.css-parse WARNING:: (https://cdn.jsdelivr.net/gh/extent-framework/extent-github-cdn@ce8b10435bcbae260c334c0d0c6b61d2c19b6168/spark/css/spark-style.css) -ms-flex is an unrecognized CSS property at line 6. Ignoring declaration.
com.openhtmltopdf.css-parse WARNING:: (https://cdn.jsdelivr.net/gh/extent-framework/extent-github-cdn@ce8b10435bcbae260c334c0d0c6b61d2c19b6168/spark/css/spark-style.css) flex is an unrecognized CSS property at line 6. Ignoring declaration.
com.openhtmltopdf.css-parse WARNING:: (https://cdn.jsdelivr.net/gh/extent-framework/extent-github-cdn@ce8b10435bcbae260c334c0d0c6b61d2c19b6168/spark/css/spark-style.css) -webkit-box-flex is an unrecognized CSS property at line 6. Ignoring declaration.
com.openhtmltopdf.css-parse WARNING:: (https://cdn.jsdelivr.net/gh/extent-framework/extent-github-cdn@ce8b10435bcbae260c334c0d0c6b61d2c19b6168/spark/css/spark-style.css) -ms-flex is an unrecognized CSS property at line 6. Ignoring declaration.
com.openhtmltopdf.css-parse WARNING:: (https://cdn.jsdelivr.net/gh/extent-framework/extent-github-cdn@ce8b10435bcbae260c334c0d0c6b61d2c19b6168/spark/css/spark-style.css) flex is an unrecognized CSS property at line 6. Ignoring declaration.
com.openhtmltopdf.css-parse WARNING:: (https://cdn.jsdelivr.net/gh/extent-framework/extent-github-cdn@ce8b10435bcbae260c334c0d0c6b61d2c19b6168/spark/css/spark-style.css) -webkit-box-ordinal-group is an unrecognized CSS property at line 6. Ignoring declaration.
com.openhtmltopdf.css-parse WARNING:: (https://cdn.jsdelivr.net/gh/extent-framework/extent-github-cdn@ce8b10435bcbae260c334c0d0c6b61d2c19b6168/spark/css/spark-style.css) -ms-flex-order is an unrecognized CSS property at line 6. Ignoring declaration.
com.openhtmltopdf.css-parse WARNING:: (https://cdn.jsdelivr.net/gh/extent-framework/extent-github-cdn@ce8b10435bcbae260c334c0d0c6b61d2c19b6168/spark/css/spark-style.css) order is an unrecognized CSS property at line 6. Ignoring declaration.
com.openhtmltopdf.css-parse WARNING:: (https://cdn.jsdelivr.net/gh/extent-framework/extent-github-cdn@ce8b10435bcbae260c334c0d0c6b61d2c19b6168/spark/css/spark-style.css) -webkit-box-ordinal-group is an unrecognized CSS property at line 6. Ignoring declaration.
com.openhtmltopdf.css-parse WARNING:: (https://cdn.jsdelivr.net/gh/extent-framework/extent-github-cdn@ce8b10435bcbae260c334c0d0c6b61d2c19b6168/spark/css/spark-style.css) -ms-flex-order is an unrecognized CSS property at line 6. Ignoring declaration.
com.openhtmltopdf.css-parse WARNING:: (https://cdn.jsdelivr.net/gh/extent-framework/extent-github-cdn@ce8b10435bcbae260c334c0d0c6b61d2c19b6168/spark/css/spark-style.css) order is an unrecognized CSS property at line 6. Ignoring declaration.
com.openhtmltopdf.css-parse WARNING:: (https://cdn.jsdelivr.net/gh/extent-framework/extent-github-cdn@ce8b10435bcbae260c334c0d0c6b61d2c19b6168/spark/css/spark-style.css) -webkit-box-ordinal-group is an unrecognized CSS property at line 6. Ignoring declaration.
com.openhtmltopdf.css-parse WARNING:: (https://cdn.jsdelivr.net/gh/extent-framework/extent-github-cdn@ce8b10435bcbae260c334c0d0c6b61d2c19b6168/spark/css/spark-style.css) -ms-flex-order is an unrecognized CSS property at line 6. Ignoring declaration.
com.openhtmltopdf.css-parse WARNING:: (https://cdn.jsdelivr.net/gh/extent-framework/extent-github-cdn@ce8b10435bcbae260c334c0d0c6b61d2c19b6168/spark/css/spark-style.css) order is an unrecognized CSS property at line 6. Ignoring declaration.
com.openhtmltopdf.css-parse WARNING:: (https://cdn.jsdelivr.net/gh/extent-framework/extent-github-cdn@ce8b10435bcbae260c334c0d0c6b61d2c19b6168/spark/css/spark-style.css) -webkit-box-ordinal-group is an unrecognized CSS property at line 6. Ignoring declaration.
com.openhtmltopdf.css-parse WARNING:: (https://cdn.jsdelivr.net/gh/extent-framework/extent-github-cdn@ce8b10435bcbae260c334c0d0c6b61d2c19b6168/spark/css/spark-style.css) -ms-flex-order is an unrecognized CSS property at line 6. Ignoring declaration.
com.openhtmltopdf.css-parse WARNING:: (https://cdn.jsdelivr.net/gh/extent-framework/extent-github-cdn@ce8b10435bcbae260c334c0d0c6b61d2c19b6168/spark/css/spark-style.css) order is an unrecognized CSS property at line 6. Ignoring declaration.
com.openhtmltopdf.css-parse WARNING:: (https://cdn.jsdelivr.net/gh/extent-framework/extent-github-cdn@ce8b10435bcbae260c334c0d0c6b61d2c19b6168/spark/css/spark-style.css) -webkit-box-ordinal-group is an unrecognized CSS property at line 6. Ignoring declaration.
com.openhtmltopdf.css-parse WARNING:: (https://cdn.jsdelivr.net/gh/extent-framework/extent-github-cdn@ce8b10435bcbae260c334c0d0c6b61d2c19b6168/spark/css/spark-style.css) -ms-flex-order is an unrecognized CSS property at line 6. Ignoring declaration.
com.openhtmltopdf.css-parse WARNING:: (https://cdn.jsdelivr.net/gh/extent-framework/extent-github-cdn@ce8b10435bcbae260c334c0d0c6b61d2c19b6168/spark/css/spark-style.css) order is an unrecognized CSS property at line 6. Ignoring declaration.
com.openhtmltopdf.css-parse WARNING:: (https://cdn.jsdelivr.net/gh/extent-framework/extent-github-cdn@ce8b10435bcbae260c334c0d0c6b61d2c19b6168/spark/css/spark-style.css) -webkit-box-ordinal-group is an unrecognized CSS property at line 6. Ignoring declaration.
com.openhtmltopdf.css-parse WARNING:: (https://cdn.jsdelivr.net/gh/extent-framework/extent-github-cdn@ce8b10435bcbae260c334c0d0c6b61d2c19b6168/spark/css/spark-style.css) -ms-flex-order is an unrecognized CSS property at line 6. Ignoring declaration.
com.openhtmltopdf.css-parse WARNING:: (https://cdn.jsdelivr.net/gh/extent-framework/extent-github-cdn@ce8b10435bcbae260c334c0d0c6b61d2c19b6168/spark/css/spark-style.css) order is an unrecognized CSS property at line 6. Ignoring declaration.
com.openhtmltopdf.css-parse WARNING:: (https://cdn.jsdelivr.net/gh/extent-framework/extent-github-cdn@ce8b10435bcbae260c334c0d0c6b61d2c19b6168/spark/css/spark-style.css) -webkit-box-ordinal-group is an unrecognized CSS property at line 6. Ignoring declaration.
com.openhtmltopdf.css-parse WARNING:: (https://cdn.jsdelivr.net/gh/extent-framework/extent-github-cdn@ce8b10435bcbae260c334c0d0c6b61d2c19b6168/spark/css/spark-style.css) -ms-flex-order is an unrecognized CSS property at line 6. Ignoring declaration.
com.openhtmltopdf.css-parse WARNING:: (https://cdn.jsdelivr.net/gh/extent-framework/extent-github-cdn@ce8b10435bcbae260c334c0d0c6b61d2c19b6168/spark/css/spark-style.css) order is an unrecognized CSS property at line 6. Ignoring declaration.
com.openhtmltopdf.css-parse WARNING:: (https://cdn.jsdelivr.net/gh/extent-framework/extent-github-cdn@ce8b10435bcbae260c334c0d0c6b61d2c19b6168/spark/css/spark-style.css) -webkit-box-ordinal-group is an unrecognized CSS property at line 6. Ignoring declaration.
com.openhtmltopdf.css-parse WARNING:: (https://cdn.jsdelivr.net/gh/extent-framework/extent-github-cdn@ce8b10435bcbae260c334c0d0c6b61d2c19b6168/spark/css/spark-style.css) -ms-flex-order is an unrecognized CSS property at line 6. Ignoring declaration.
com.openhtmltopdf.css-parse WARNING:: (https://cdn.jsdelivr.net/gh/extent-framework/extent-github-cdn@ce8b10435bcbae260c334c0d0c6b61d2c19b6168/spark/css/spark-style.css) order is an unrecognized CSS property at line 6. Ignoring declaration.
com.openhtmltopdf.css-parse WARNING:: (https://cdn.jsdelivr.net/gh/extent-framework/extent-github-cdn@ce8b10435bcbae260c334c0d0c6b61d2c19b6168/spark/css/spark-style.css) -webkit-box-ordinal-group is an unrecognized CSS property at line 6. Ignoring declaration.
com.openhtmltopdf.css-parse WARNING:: (https://cdn.jsdelivr.net/gh/extent-framework/extent-github-cdn@ce8b10435bcbae260c334c0d0c6b61d2c19b6168/spark/css/spark-style.css) -ms-flex-order is an unrecognized CSS property at line 6. Ignoring declaration.
com.openhtmltopdf.css-parse WARNING:: (https://cdn.jsdelivr.net/gh/extent-framework/extent-github-cdn@ce8b10435bcbae260c334c0d0c6b61d2c19b6168/spark/css/spark-style.css) order is an unrecognized CSS property at line 6. Ignoring declaration.
com.openhtmltopdf.css-parse WARNING:: (https://cdn.jsdelivr.net/gh/extent-framework/extent-github-cdn@ce8b10435bcbae260c334c0d0c6b61d2c19b6168/spark/css/spark-style.css) -webkit-box-ordinal-group is an unrecognized CSS property at line 6. Ignoring declaration.
com.openhtmltopdf.css-parse WARNING:: (https://cdn.jsdelivr.net/gh/extent-framework/extent-github-cdn@ce8b10435bcbae260c334c0d0c6b61d2c19b6168/spark/css/spark-style.css) -ms-flex-order is an unrecognized CSS property at line 6. Ignoring declaration.
com.openhtmltopdf.css-parse WARNING:: (https://cdn.jsdelivr.net/gh/extent-framework/extent-github-cdn@ce8b10435bcbae260c334c0d0c6b61d2c19b6168/spark/css/spark-style.css) order is an unrecognized CSS property at line 6. Ignoring declaration.
com.openhtmltopdf.css-parse WARNING:: (https://cdn.jsdelivr.net/gh/extent-framework/extent-github-cdn@ce8b10435bcbae260c334c0d0c6b61d2c19b6168/spark/css/spark-style.css) -webkit-box-ordinal-group is an unrecognized CSS property at line 6. Ignoring declaration.
com.openhtmltopdf.css-parse WARNING:: (https://cdn.jsdelivr.net/gh/extent-framework/extent-github-cdn@ce8b10435bcbae260c334c0d0c6b61d2c19b6168/spark/css/spark-style.css) -ms-flex-order is an unrecognized CSS property at line 6. Ignoring declaration.
com.openhtmltopdf.css-parse WARNING:: (https://cdn.jsdelivr.net/gh/extent-framework/extent-github-cdn@ce8b10435bcbae260c334c0d0c6b61d2c19b6168/spark/css/spark-style.css) order is an unrecognized CSS property at line 6. Ignoring declaration.
com.openhtmltopdf.css-parse WARNING:: (https://cdn.jsdelivr.net/gh/extent-framework/extent-github-cdn@ce8b10435bcbae260c334c0d0c6b61d2c19b6168/spark/css/spark-style.css) -webkit-box-ordinal-group is an unrecognized CSS property at line 6. Ignoring declaration.
com.openhtmltopdf.css-parse WARNING:: (https://cdn.jsdelivr.net/gh/extent-framework/extent-github-cdn@ce8b10435bcbae260c334c0d0c6b61d2c19b6168/spark/css/spark-style.css) -ms-flex-order is an unrecognized CSS property at line 6. Ignoring declaration.
com.openhtmltopdf.css-parse WARNING:: (https://cdn.jsdelivr.net/gh/extent-framework/extent-github-cdn@ce8b10435bcbae260c334c0d0c6b61d2c19b6168/spark/css/spark-style.css) order is an unrecognized CSS property at line 6. Ignoring declaration.
com.openhtmltopdf.css-parse WARNING:: (https://cdn.jsdelivr.net/gh/extent-framework/extent-github-cdn@ce8b10435bcbae260c334c0d0c6b61d2c19b6168/spark/css/spark-style.css) -webkit-box-ordinal-group is an unrecognized CSS property at line 6. Ignoring declaration.
com.openhtmltopdf.css-parse WARNING:: (https://cdn.jsdelivr.net/gh/extent-framework/extent-github-cdn@ce8b10435bcbae260c334c0d0c6b61d2c19b6168/spark/css/spark-style.css) -ms-flex-order is an unrecognized CSS property at line 6. Ignoring declaration.
com.openhtmltopdf.css-parse WARNING:: (https://cdn.jsdelivr.net/gh/extent-framework/extent-github-cdn@ce8b10435bcbae260c334c0d0c6b61d2c19b6168/spark/css/spark-style.css) order is an unrecognized CSS property at line 6. Ignoring declaration.
com.openhtmltopdf.css-parse WARNING:: (https://cdn.jsdelivr.net/gh/extent-framework/extent-github-cdn@ce8b10435bcbae260c334c0d0c6b61d2c19b6168/spark/css/spark-style.css) -webkit-box-ordinal-group is an unrecognized CSS property at line 6. Ignoring declaration.
com.openhtmltopdf.css-parse WARNING:: (https://cdn.jsdelivr.net/gh/extent-framework/extent-github-cdn@ce8b10435bcbae260c334c0d0c6b61d2c19b6168/spark/css/spark-style.css) -ms-flex-order is an unrecognized CSS property at line 6. Ignoring declaration.
com.openhtmltopdf.css-parse WARNING:: (https://cdn.jsdelivr.net/gh/extent-framework/extent-github-cdn@ce8b10435bcbae260c334c0d0c6b61d2c19b6168/spark/css/spark-style.css) order is an unrecognized CSS property at line 6. Ignoring declaration.
com.openhtmltopdf.css-parse WARNING:: (https://cdn.jsdelivr.net/gh/extent-framework/extent-github-cdn@ce8b10435bcbae260c334c0d0c6b61d2c19b6168/spark/css/spark-style.css) -webkit-box-ordinal-group is an unrecognized CSS property at line 6. Ignoring declaration.
com.openhtmltopdf.css-parse WARNING:: (https://cdn.jsdelivr.net/gh/extent-framework/extent-github-cdn@ce8b10435bcbae260c334c0d0c6b61d2c19b6168/spark/css/spark-style.css) -ms-flex-order is an unrecognized CSS property at line 6. Ignoring declaration.
com.openhtmltopdf.css-parse WARNING:: (https://cdn.jsdelivr.net/gh/extent-framework/extent-github-cdn@ce8b10435bcbae260c334c0d0c6b61d2c19b6168/spark/css/spark-style.css) order is an unrecognized CSS property at line 6. Ignoring declaration.
com.openhtmltopdf.css-parse WARNING:: (https://cdn.jsdelivr.net/gh/extent-framework/extent-github-cdn@ce8b10435bcbae260c334c0d0c6b61d2c19b6168/spark/css/spark-style.css) Found ( (other) where an identifier was expected at line 7. Skipping @media rule.
com.openhtmltopdf.css-parse WARNING:: (https://cdn.jsdelivr.net/gh/extent-framework/extent-github-cdn@ce8b10435bcbae260c334c0d0c6b61d2c19b6168/spark/css/spark-style.css) Found ( (other) where an identifier was expected at line 7. Skipping @media rule.
com.openhtmltopdf.css-parse WARNING:: (https://cdn.jsdelivr.net/gh/extent-framework/extent-github-cdn@ce8b10435bcbae260c334c0d0c6b61d2c19b6168/spark/css/spark-style.css) Found ( (other) where an identifier was expected at line 7. Skipping @media rule.
com.openhtmltopdf.css-parse WARNING:: (https://cdn.jsdelivr.net/gh/extent-framework/extent-github-cdn@ce8b10435bcbae260c334c0d0c6b61d2c19b6168/spark/css/spark-style.css) Found ( (other) where an identifier was expected at line 7. Skipping @media rule.
com.openhtmltopdf.css-parse WARNING:: (https://cdn.jsdelivr.net/gh/extent-framework/extent-github-cdn@ce8b10435bcbae260c334c0d0c6b61d2c19b6168/spark/css/spark-style.css) nth-of-type is not a valid function in this context at line 7. Skipping ruleset.
com.openhtmltopdf.css-parse WARNING:: (https://cdn.jsdelivr.net/gh/extent-framework/extent-github-cdn@ce8b10435bcbae260c334c0d0c6b61d2c19b6168/spark/css/spark-style.css) Value for background-color must be an identifier or a color at line 7. Skipping declaration.
com.openhtmltopdf.css-parse WARNING:: (https://cdn.jsdelivr.net/gh/extent-framework/extent-github-cdn@ce8b10435bcbae260c334c0d0c6b61d2c19b6168/spark/css/spark-style.css) Value for background-color must be an identifier or a color at line 7. Skipping declaration.
com.openhtmltopdf.css-parse WARNING:: (https://cdn.jsdelivr.net/gh/extent-framework/extent-github-cdn@ce8b10435bcbae260c334c0d0c6b61d2c19b6168/spark/css/spark-style.css) Value for background-color must be an identifier or a color at line 7. Skipping declaration.
com.openhtmltopdf.css-parse WARNING:: (https://cdn.jsdelivr.net/gh/extent-framework/extent-github-cdn@ce8b10435bcbae260c334c0d0c6b61d2c19b6168/spark/css/spark-style.css) Value for background-color must be an identifier or a color at line 7. Skipping declaration.
com.openhtmltopdf.css-parse WARNING:: (https://cdn.jsdelivr.net/gh/extent-framework/extent-github-cdn@ce8b10435bcbae260c334c0d0c6b61d2c19b6168/spark/css/spark-style.css) nth-of-type is not a valid function in this context at line 7. Skipping ruleset.
com.openhtmltopdf.css-parse WARNING:: (https://cdn.jsdelivr.net/gh/extent-framework/extent-github-cdn@ce8b10435bcbae260c334c0d0c6b61d2c19b6168/spark/css/spark-style.css) Value for background-color must be an identifier or a color at line 7. Skipping declaration.
com.openhtmltopdf.css-parse WARNING:: (https://cdn.jsdelivr.net/gh/extent-framework/extent-github-cdn@ce8b10435bcbae260c334c0d0c6b61d2c19b6168/spark/css/spark-style.css) Found ( (other) where an identifier was expected at line 7. Skipping @media rule.
com.openhtmltopdf.css-parse WARNING:: (https://cdn.jsdelivr.net/gh/extent-framework/extent-github-cdn@ce8b10435bcbae260c334c0d0c6b61d2c19b6168/spark/css/spark-style.css) Found ( (other) where an identifier was expected at line 7. Skipping @media rule.
com.openhtmltopdf.css-parse WARNING:: (https://cdn.jsdelivr.net/gh/extent-framework/extent-github-cdn@ce8b10435bcbae260c334c0d0c6b61d2c19b6168/spark/css/spark-style.css) Found ( (other) where an identifier was expected at line 7. Skipping @media rule.
com.openhtmltopdf.css-parse WARNING:: (https://cdn.jsdelivr.net/gh/extent-framework/extent-github-cdn@ce8b10435bcbae260c334c0d0c6b61d2c19b6168/spark/css/spark-style.css) Found ( (other) where an identifier was expected at line 7. Skipping @media rule.
com.openhtmltopdf.css-parse WARNING:: (https://cdn.jsdelivr.net/gh/extent-framework/extent-github-cdn@ce8b10435bcbae260c334c0d0c6b61d2c19b6168/spark/css/spark-style.css) overflow-x is an unrecognized CSS property at line 6. Ignoring declaration.
com.openhtmltopdf.css-parse WARNING:: (https://cdn.jsdelivr.net/gh/extent-framework/extent-github-cdn@ce8b10435bcbae260c334c0d0c6b61d2c19b6168/spark/css/spark-style.css) -webkit-overflow-scrolling is an unrecognized CSS property at line 6. Ignoring declaration.
com.openhtmltopdf.css-parse WARNING:: (https://cdn.jsdelivr.net/gh/extent-framework/extent-github-cdn@ce8b10435bcbae260c334c0d0c6b61d2c19b6168/spark/css/spark-style.css) -ms-overflow-style is an unrecognized CSS property at line 6. Ignoring declaration.
com.openhtmltopdf.css-parse WARNING:: (https://cdn.jsdelivr.net/gh/extent-framework/extent-github-cdn@ce8b10435bcbae260c334c0d0c6b61d2c19b6168/spark/css/spark-style.css) background-clip is an unrecognized CSS property at line 6. Ignoring declaration.
com.openhtmltopdf.css-parse WARNING:: (https://cdn.jsdelivr.net/gh/extent-framework/extent-github-cdn@ce8b10435bcbae260c334c0d0c6b61d2c19b6168/spark/css/spark-style.css) transition is an unrecognized CSS property at line 6. Ignoring declaration.
com.openhtmltopdf.css-parse WARNING:: (https://cdn.jsdelivr.net/gh/extent-framework/extent-github-cdn@ce8b10435bcbae260c334c0d0c6b61d2c19b6168/spark/css/spark-style.css) Unsupported CSS unit s at line 7. Skipping declaration.
com.openhtmltopdf.css-parse WARNING:: (https://cdn.jsdelivr.net/gh/extent-framework/extent-github-cdn@ce8b10435bcbae260c334c0d0c6b61d2c19b6168/spark/css/spark-style.css) -ms-expand is not a recognized psuedo-element at line 7. Skipping ruleset.
com.openhtmltopdf.css-parse WARNING:: (https://cdn.jsdelivr.net/gh/extent-framework/extent-github-cdn@ce8b10435bcbae260c334c0d0c6b61d2c19b6168/spark/css/spark-style.css) outline is not implemented at line 6. Ignoring declaration.
com.openhtmltopdf.css-parse WARNING:: (https://cdn.jsdelivr.net/gh/extent-framework/extent-github-cdn@ce8b10435bcbae260c334c0d0c6b61d2c19b6168/spark/css/spark-style.css) box-shadow is an unrecognized CSS property at line 6. Ignoring declaration.
com.openhtmltopdf.css-parse WARNING:: (https://cdn.jsdelivr.net/gh/extent-framework/extent-github-cdn@ce8b10435bcbae260c334c0d0c6b61d2c19b6168/spark/css/spark-style.css) -webkit-input-placeholder is not a recognized psuedo-element at line 7. Skipping ruleset.
com.openhtmltopdf.css-parse WARNING:: (https://cdn.jsdelivr.net/gh/extent-framework/extent-github-cdn@ce8b10435bcbae260c334c0d0c6b61d2c19b6168/spark/css/spark-style.css) -moz-placeholder is not a recognized psuedo-element at line 7. Skipping ruleset.
com.openhtmltopdf.css-parse WARNING:: (https://cdn.jsdelivr.net/gh/extent-framework/extent-github-cdn@ce8b10435bcbae260c334c0d0c6b61d2c19b6168/spark/css/spark-style.css) -ms-input-placeholder is not a recognized pseudo-class at line 7. Skipping ruleset.
com.openhtmltopdf.css-parse WARNING:: (https://cdn.jsdelivr.net/gh/extent-framework/extent-github-cdn@ce8b10435bcbae260c334c0d0c6b61d2c19b6168/spark/css/spark-style.css) -ms-input-placeholder is not a recognized psuedo-element at line 7. Skipping ruleset.
com.openhtmltopdf.css-parse WARNING:: (https://cdn.jsdelivr.net/gh/extent-framework/extent-github-cdn@ce8b10435bcbae260c334c0d0c6b61d2c19b6168/spark/css/spark-style.css) placeholder is not a recognized psuedo-element at line 7. Skipping ruleset.
com.openhtmltopdf.css-parse WARNING:: (https://cdn.jsdelivr.net/gh/extent-framework/extent-github-cdn@ce8b10435bcbae260c334c0d0c6b61d2c19b6168/spark/css/spark-style.css) disabled is not a recognized pseudo-class at line 7. Skipping ruleset.
com.openhtmltopdf.css-parse WARNING:: (https://cdn.jsdelivr.net/gh/extent-framework/extent-github-cdn@ce8b10435bcbae260c334c0d0c6b61d2c19b6168/spark/css/spark-style.css) not is not a valid function in this context at line 7. Skipping ruleset.
com.openhtmltopdf.css-parse WARNING:: (https://cdn.jsdelivr.net/gh/extent-framework/extent-github-cdn@ce8b10435bcbae260c334c0d0c6b61d2c19b6168/spark/css/spark-style.css) -ms-value is not a recognized psuedo-element at line 7. Skipping ruleset.
com.openhtmltopdf.css-parse WARNING:: (https://cdn.jsdelivr.net/gh/extent-framework/extent-github-cdn@ce8b10435bcbae260c334c0d0c6b61d2c19b6168/spark/css/spark-style.css) Found whitespace where one of a number, a percentage, a pixel value, an em value, an ex value, a pica value, a millimeter value, a centimeter value, an inch value, a point value, an angle value, a time value, a freq value, a string, an identifier, a URI, a hex color, or function was expected at line 7. Skipping declaration.
com.openhtmltopdf.css-parse WARNING:: (https://cdn.jsdelivr.net/gh/extent-framework/extent-github-cdn@ce8b10435bcbae260c334c0d0c6b61d2c19b6168/spark/css/spark-style.css) Found whitespace where one of a number, a percentage, a pixel value, an em value, an ex value, a pica value, a millimeter value, a centimeter value, an inch value, a point value, an angle value, a time value, a freq value, a string, an identifier, a URI, a hex color, or function was expected at line 7. Skipping declaration.
com.openhtmltopdf.css-parse WARNING:: (https://cdn.jsdelivr.net/gh/extent-framework/extent-github-cdn@ce8b10435bcbae260c334c0d0c6b61d2c19b6168/spark/css/spark-style.css) Found whitespace where one of a number, a percentage, a pixel value, an em value, an ex value, a pica value, a millimeter value, a centimeter value, an inch value, a point value, an angle value, a time value, a freq value, a string, an identifier, a URI, a hex color, or function was expected at line 7. Skipping declaration.
com.openhtmltopdf.css-parse WARNING:: (https://cdn.jsdelivr.net/gh/extent-framework/extent-github-cdn@ce8b10435bcbae260c334c0d0c6b61d2c19b6168/spark/css/spark-style.css) Found whitespace where one of a number, a percentage, a pixel value, an em value, an ex value, a pica value, a millimeter value, a centimeter value, an inch value, a point value, an angle value, a time value, a freq value, a string, an identifier, a URI, a hex color, or function was expected at line 7. Skipping declaration.
com.openhtmltopdf.css-parse WARNING:: (https://cdn.jsdelivr.net/gh/extent-framework/extent-github-cdn@ce8b10435bcbae260c334c0d0c6b61d2c19b6168/spark/css/spark-style.css) Found whitespace where one of a number, a percentage, a pixel value, an em value, an ex value, a pica value, a millimeter value, a centimeter value, an inch value, a point value, an angle value, a time value, a freq value, a string, an identifier, a URI, a hex color, or function was expected at line 7. Skipping declaration.
com.openhtmltopdf.css-parse WARNING:: (https://cdn.jsdelivr.net/gh/extent-framework/extent-github-cdn@ce8b10435bcbae260c334c0d0c6b61d2c19b6168/spark/css/spark-style.css) Found whitespace where one of a number, a percentage, a pixel value, an em value, an ex value, a pica value, a millimeter value, a centimeter value, an inch value, a point value, an angle value, a time value, a freq value, a string, an identifier, a URI, a hex color, or function was expected at line 7. Skipping declaration.
com.openhtmltopdf.css-parse WARNING:: (https://cdn.jsdelivr.net/gh/extent-framework/extent-github-cdn@ce8b10435bcbae260c334c0d0c6b61d2c19b6168/spark/css/spark-style.css) not is not a valid function in this context at line 7. Skipping ruleset.
com.openhtmltopdf.css-parse WARNING:: (https://cdn.jsdelivr.net/gh/extent-framework/extent-github-cdn@ce8b10435bcbae260c334c0d0c6b61d2c19b6168/spark/css/spark-style.css) not is not a valid function in this context at line 7. Skipping ruleset.
com.openhtmltopdf.css-parse WARNING:: (https://cdn.jsdelivr.net/gh/extent-framework/extent-github-cdn@ce8b10435bcbae260c334c0d0c6b61d2c19b6168/spark/css/spark-style.css) Value -webkit-box is not a recognized identifier at line 7. Skipping declaration.
com.openhtmltopdf.css-parse WARNING:: (https://cdn.jsdelivr.net/gh/extent-framework/extent-github-cdn@ce8b10435bcbae260c334c0d0c6b61d2c19b6168/spark/css/spark-style.css) Value -ms-flexbox is not a recognized identifier at line 7. Skipping declaration.
com.openhtmltopdf.css-parse WARNING:: (https://cdn.jsdelivr.net/gh/extent-framework/extent-github-cdn@ce8b10435bcbae260c334c0d0c6b61d2c19b6168/spark/css/spark-style.css) Value flex is not a recognized identifier at line 7. Skipping declaration.
com.openhtmltopdf.css-parse WARNING:: (https://cdn.jsdelivr.net/gh/extent-framework/extent-github-cdn@ce8b10435bcbae260c334c0d0c6b61d2c19b6168/spark/css/spark-style.css) -ms-flex-wrap is an unrecognized CSS property at line 6. Ignoring declaration.
com.openhtmltopdf.css-parse WARNING:: (https://cdn.jsdelivr.net/gh/extent-framework/extent-github-cdn@ce8b10435bcbae260c334c0d0c6b61d2c19b6168/spark/css/spark-style.css) flex-wrap is an unrecognized CSS property at line 6. Ignoring declaration.
com.openhtmltopdf.css-parse WARNING:: (https://cdn.jsdelivr.net/gh/extent-framework/extent-github-cdn@ce8b10435bcbae260c334c0d0c6b61d2c19b6168/spark/css/spark-style.css) disabled is not a recognized pseudo-class at line 7. Skipping ruleset.
com.openhtmltopdf.css-parse WARNING:: (https://cdn.jsdelivr.net/gh/extent-framework/extent-github-cdn@ce8b10435bcbae260c334c0d0c6b61d2c19b6168/spark/css/spark-style.css) Value -webkit-inline-box is not a recognized identifier at line 7. Skipping declaration.
com.openhtmltopdf.css-parse WARNING:: (https://cdn.jsdelivr.net/gh/extent-framework/extent-github-cdn@ce8b10435bcbae260c334c0d0c6b61d2c19b6168/spark/css/spark-style.css) Value -ms-inline-flexbox is not a recognized identifier at line 7. Skipping declaration.
com.openhtmltopdf.css-parse WARNING:: (https://cdn.jsdelivr.net/gh/extent-framework/extent-github-cdn@ce8b10435bcbae260c334c0d0c6b61d2c19b6168/spark/css/spark-style.css) Value inline-flex is not a recognized identifier at line 7. Skipping declaration.
com.openhtmltopdf.css-parse WARNING:: (https://cdn.jsdelivr.net/gh/extent-framework/extent-github-cdn@ce8b10435bcbae260c334c0d0c6b61d2c19b6168/spark/css/spark-style.css) -webkit-box-align is an unrecognized CSS property at line 6. Ignoring declaration.
com.openhtmltopdf.css-parse WARNING:: (https://cdn.jsdelivr.net/gh/extent-framework/extent-github-cdn@ce8b10435bcbae260c334c0d0c6b61d2c19b6168/spark/css/spark-style.css) -ms-flex-align is an unrecognized CSS property at line 6. Ignoring declaration.
com.openhtmltopdf.css-parse WARNING:: (https://cdn.jsdelivr.net/gh/extent-framework/extent-github-cdn@ce8b10435bcbae260c334c0d0c6b61d2c19b6168/spark/css/spark-style.css) align-items is an unrecognized CSS property at line 6. Ignoring declaration.
com.openhtmltopdf.css-parse WARNING:: (https://cdn.jsdelivr.net/gh/extent-framework/extent-github-cdn@ce8b10435bcbae260c334c0d0c6b61d2c19b6168/spark/css/spark-style.css) valid is not a recognized pseudo-class at line 7. Skipping ruleset.
com.openhtmltopdf.css-parse WARNING:: (https://cdn.jsdelivr.net/gh/extent-framework/extent-github-cdn@ce8b10435bcbae260c334c0d0c6b61d2c19b6168/spark/css/spark-style.css) valid is not a recognized pseudo-class at line 7. Skipping ruleset.
com.openhtmltopdf.css-parse WARNING:: (https://cdn.jsdelivr.net/gh/extent-framework/extent-github-cdn@ce8b10435bcbae260c334c0d0c6b61d2c19b6168/spark/css/spark-style.css) Found ~ (other) where a comma or a { was expected at line 7. Skipping ruleset.
com.openhtmltopdf.css-parse WARNING:: (https://cdn.jsdelivr.net/gh/extent-framework/extent-github-cdn@ce8b10435bcbae260c334c0d0c6b61d2c19b6168/spark/css/spark-style.css) Found ~ (other) where a comma or a { was expected at line 7. Skipping ruleset.
com.openhtmltopdf.css-parse WARNING:: (https://cdn.jsdelivr.net/gh/extent-framework/extent-github-cdn@ce8b10435bcbae260c334c0d0c6b61d2c19b6168/spark/css/spark-style.css) Found ~ (other) where a comma or a { was expected at line 7. Skipping ruleset.
com.openhtmltopdf.css-parse WARNING:: (https://cdn.jsdelivr.net/gh/extent-framework/extent-github-cdn@ce8b10435bcbae260c334c0d0c6b61d2c19b6168/spark/css/spark-style.css) Found ~ (other) where a comma or a { was expected at line 7. Skipping ruleset.
com.openhtmltopdf.css-parse WARNING:: (https://cdn.jsdelivr.net/gh/extent-framework/extent-github-cdn@ce8b10435bcbae260c334c0d0c6b61d2c19b6168/spark/css/spark-style.css) Found ~ (other) where a comma or a { was expected at line 7. Skipping ruleset.
com.openhtmltopdf.css-parse WARNING:: (https://cdn.jsdelivr.net/gh/extent-framework/extent-github-cdn@ce8b10435bcbae260c334c0d0c6b61d2c19b6168/spark/css/spark-style.css) Found ~ (other) where a comma or a { was expected at line 7. Skipping ruleset.
com.openhtmltopdf.css-parse WARNING:: (https://cdn.jsdelivr.net/gh/extent-framework/extent-github-cdn@ce8b10435bcbae260c334c0d0c6b61d2c19b6168/spark/css/spark-style.css) checked is not a recognized pseudo-class at line 7. Skipping ruleset.
com.openhtmltopdf.css-parse WARNING:: (https://cdn.jsdelivr.net/gh/extent-framework/extent-github-cdn@ce8b10435bcbae260c334c0d0c6b61d2c19b6168/spark/css/spark-style.css) Found ~ (other) where a comma or a { was expected at line 7. Skipping ruleset.
com.openhtmltopdf.css-parse WARNING:: (https://cdn.jsdelivr.net/gh/extent-framework/extent-github-cdn@ce8b10435bcbae260c334c0d0c6b61d2c19b6168/spark/css/spark-style.css) Found ~ (other) where a comma or a { was expected at line 7. Skipping ruleset.
com.openhtmltopdf.css-parse WARNING:: (https://cdn.jsdelivr.net/gh/extent-framework/extent-github-cdn@ce8b10435bcbae260c334c0d0c6b61d2c19b6168/spark/css/spark-style.css) Found ~ (other) where a comma or a { was expected at line 7. Skipping ruleset.
com.openhtmltopdf.css-parse WARNING:: (https://cdn.jsdelivr.net/gh/extent-framework/extent-github-cdn@ce8b10435bcbae260c334c0d0c6b61d2c19b6168/spark/css/spark-style.css) Found ~ (other) where a comma or a { was expected at line 7. Skipping ruleset.
com.openhtmltopdf.css-parse WARNING:: (https://cdn.jsdelivr.net/gh/extent-framework/extent-github-cdn@ce8b10435bcbae260c334c0d0c6b61d2c19b6168/spark/css/spark-style.css) Found ~ (other) where a comma or a { was expected at line 7. Skipping ruleset.
com.openhtmltopdf.css-parse WARNING:: (https://cdn.jsdelivr.net/gh/extent-framework/extent-github-cdn@ce8b10435bcbae260c334c0d0c6b61d2c19b6168/spark/css/spark-style.css) Value for background-color must be an identifier or a color at line 7. Skipping declaration.
com.openhtmltopdf.css-parse WARNING:: (https://cdn.jsdelivr.net/gh/extent-framework/extent-github-cdn@ce8b10435bcbae260c334c0d0c6b61d2c19b6168/spark/css/spark-style.css) invalid is not a recognized pseudo-class at line 7. Skipping ruleset.
com.openhtmltopdf.css-parse WARNING:: (https://cdn.jsdelivr.net/gh/extent-framework/extent-github-cdn@ce8b10435bcbae260c334c0d0c6b61d2c19b6168/spark/css/spark-style.css) invalid is not a recognized pseudo-class at line 7. Skipping ruleset.
com.openhtmltopdf.css-parse WARNING:: (https://cdn.jsdelivr.net/gh/extent-framework/extent-github-cdn@ce8b10435bcbae260c334c0d0c6b61d2c19b6168/spark/css/spark-style.css) Found ~ (other) where a comma or a { was expected at line 7. Skipping ruleset.
com.openhtmltopdf.css-parse WARNING:: (https://cdn.jsdelivr.net/gh/extent-framework/extent-github-cdn@ce8b10435bcbae260c334c0d0c6b61d2c19b6168/spark/css/spark-style.css) Found ~ (other) where a comma or a { was expected at line 7. Skipping ruleset.
com.openhtmltopdf.css-parse WARNING:: (https://cdn.jsdelivr.net/gh/extent-framework/extent-github-cdn@ce8b10435bcbae260c334c0d0c6b61d2c19b6168/spark/css/spark-style.css) Found ~ (other) where a comma or a { was expected at line 7. Skipping ruleset.
com.openhtmltopdf.css-parse WARNING:: (https://cdn.jsdelivr.net/gh/extent-framework/extent-github-cdn@ce8b10435bcbae260c334c0d0c6b61d2c19b6168/spark/css/spark-style.css) Found ~ (other) where a comma or a { was expected at line 7. Skipping ruleset.
com.openhtmltopdf.css-parse WARNING:: (https://cdn.jsdelivr.net/gh/extent-framework/extent-github-cdn@ce8b10435bcbae260c334c0d0c6b61d2c19b6168/spark/css/spark-style.css) Found ~ (other) where a comma or a { was expected at line 7. Skipping ruleset.
com.openhtmltopdf.css-parse WARNING:: (https://cdn.jsdelivr.net/gh/extent-framework/extent-github-cdn@ce8b10435bcbae260c334c0d0c6b61d2c19b6168/spark/css/spark-style.css) Found ~ (other) where a comma or a { was expected at line 7. Skipping ruleset.
com.openhtmltopdf.css-parse WARNING:: (https://cdn.jsdelivr.net/gh/extent-framework/extent-github-cdn@ce8b10435bcbae260c334c0d0c6b61d2c19b6168/spark/css/spark-style.css) checked is not a recognized pseudo-class at line 7. Skipping ruleset.
com.openhtmltopdf.css-parse WARNING:: (https://cdn.jsdelivr.net/gh/extent-framework/extent-github-cdn@ce8b10435bcbae260c334c0d0c6b61d2c19b6168/spark/css/spark-style.css) Found ~ (other) where a comma or a { was expected at line 7. Skipping ruleset.
com.openhtmltopdf.css-parse WARNING:: (https://cdn.jsdelivr.net/gh/extent-framework/extent-github-cdn@ce8b10435bcbae260c334c0d0c6b61d2c19b6168/spark/css/spark-style.css) Found ~ (other) where a comma or a { was expected at line 7. Skipping ruleset.
com.openhtmltopdf.css-parse WARNING:: (https://cdn.jsdelivr.net/gh/extent-framework/extent-github-cdn@ce8b10435bcbae260c334c0d0c6b61d2c19b6168/spark/css/spark-style.css) Found ~ (other) where a comma or a { was expected at line 7. Skipping ruleset.
com.openhtmltopdf.css-parse WARNING:: (https://cdn.jsdelivr.net/gh/extent-framework/extent-github-cdn@ce8b10435bcbae260c334c0d0c6b61d2c19b6168/spark/css/spark-style.css) Found ~ (other) where a comma or a { was expected at line 7. Skipping ruleset.
com.openhtmltopdf.css-parse WARNING:: (https://cdn.jsdelivr.net/gh/extent-framework/extent-github-cdn@ce8b10435bcbae260c334c0d0c6b61d2c19b6168/spark/css/spark-style.css) Found ~ (other) where a comma or a { was expected at line 7. Skipping ruleset.
com.openhtmltopdf.css-parse WARNING:: (https://cdn.jsdelivr.net/gh/extent-framework/extent-github-cdn@ce8b10435bcbae260c334c0d0c6b61d2c19b6168/spark/css/spark-style.css) Value -webkit-box is not a recognized identifier at line 7. Skipping declaration.
com.openhtmltopdf.css-parse WARNING:: (https://cdn.jsdelivr.net/gh/extent-framework/extent-github-cdn@ce8b10435bcbae260c334c0d0c6b61d2c19b6168/spark/css/spark-style.css) Value -ms-flexbox is not a recognized identifier at line 7. Skipping declaration.
com.openhtmltopdf.css-parse WARNING:: (https://cdn.jsdelivr.net/gh/extent-framework/extent-github-cdn@ce8b10435bcbae260c334c0d0c6b61d2c19b6168/spark/css/spark-style.css) Value flex is not a recognized identifier at line 7. Skipping declaration.
com.openhtmltopdf.css-parse WARNING:: (https://cdn.jsdelivr.net/gh/extent-framework/extent-github-cdn@ce8b10435bcbae260c334c0d0c6b61d2c19b6168/spark/css/spark-style.css) -webkit-box-orient is an unrecognized CSS property at line 6. Ignoring declaration.
com.openhtmltopdf.css-parse WARNING:: (https://cdn.jsdelivr.net/gh/extent-framework/extent-github-cdn@ce8b10435bcbae260c334c0d0c6b61d2c19b6168/spark/css/spark-style.css) -webkit-box-direction is an unrecognized CSS property at line 6. Ignoring declaration.
com.openhtmltopdf.css-parse WARNING:: (https://cdn.jsdelivr.net/gh/extent-framework/extent-github-cdn@ce8b10435bcbae260c334c0d0c6b61d2c19b6168/spark/css/spark-style.css) -ms-flex-flow is an unrecognized CSS property at line 6. Ignoring declaration.
com.openhtmltopdf.css-parse WARNING:: (https://cdn.jsdelivr.net/gh/extent-framework/extent-github-cdn@ce8b10435bcbae260c334c0d0c6b61d2c19b6168/spark/css/spark-style.css) flex-flow is an unrecognized CSS property at line 6. Ignoring declaration.
com.openhtmltopdf.css-parse WARNING:: (https://cdn.jsdelivr.net/gh/extent-framework/extent-github-cdn@ce8b10435bcbae260c334c0d0c6b61d2c19b6168/spark/css/spark-style.css) -webkit-box-align is an unrecognized CSS property at line 6. Ignoring declaration.
com.openhtmltopdf.css-parse WARNING:: (https://cdn.jsdelivr.net/gh/extent-framework/extent-github-cdn@ce8b10435bcbae260c334c0d0c6b61d2c19b6168/spark/css/spark-style.css) -ms-flex-align is an unrecognized CSS property at line 6. Ignoring declaration.
com.openhtmltopdf.css-parse WARNING:: (https://cdn.jsdelivr.net/gh/extent-framework/extent-github-cdn@ce8b10435bcbae260c334c0d0c6b61d2c19b6168/spark/css/spark-style.css) align-items is an unrecognized CSS property at line 6. Ignoring declaration.
com.openhtmltopdf.css-parse WARNING:: (https://cdn.jsdelivr.net/gh/extent-framework/extent-github-cdn@ce8b10435bcbae260c334c0d0c6b61d2c19b6168/spark/css/spark-style.css) Found ( (other) where an identifier was expected at line 7. Skipping @media rule.
com.openhtmltopdf.css-parse WARNING:: (https://cdn.jsdelivr.net/gh/extent-framework/extent-github-cdn@ce8b10435bcbae260c334c0d0c6b61d2c19b6168/spark/css/spark-style.css) -webkit-user-select is an unrecognized CSS property at line 6. Ignoring declaration.
com.openhtmltopdf.css-parse WARNING:: (https://cdn.jsdelivr.net/gh/extent-framework/extent-github-cdn@ce8b10435bcbae260c334c0d0c6b61d2c19b6168/spark/css/spark-style.css) -moz-user-select is an unrecognized CSS property at line 6. Ignoring declaration.
com.openhtmltopdf.css-parse WARNING:: (https://cdn.jsdelivr.net/gh/extent-framework/extent-github-cdn@ce8b10435bcbae260c334c0d0c6b61d2c19b6168/spark/css/spark-style.css) -ms-user-select is an unrecognized CSS property at line 6. Ignoring declaration.
com.openhtmltopdf.css-parse WARNING:: (https://cdn.jsdelivr.net/gh/extent-framework/extent-github-cdn@ce8b10435bcbae260c334c0d0c6b61d2c19b6168/spark/css/spark-style.css) user-select is an unrecognized CSS property at line 6. Ignoring declaration.
com.openhtmltopdf.css-parse WARNING:: (https://cdn.jsdelivr.net/gh/extent-framework/extent-github-cdn@ce8b10435bcbae260c334c0d0c6b61d2c19b6168/spark/css/spark-style.css) transition is an unrecognized CSS property at line 6. Ignoring declaration.
com.openhtmltopdf.css-parse WARNING:: (https://cdn.jsdelivr.net/gh/extent-framework/extent-github-cdn@ce8b10435bcbae260c334c0d0c6b61d2c19b6168/spark/css/spark-style.css) Unsupported CSS unit s at line 7. Skipping declaration.
com.openhtmltopdf.css-parse WARNING:: (https://cdn.jsdelivr.net/gh/extent-framework/extent-github-cdn@ce8b10435bcbae260c334c0d0c6b61d2c19b6168/spark/css/spark-style.css) outline is not implemented at line 6. Ignoring declaration.
com.openhtmltopdf.css-parse WARNING:: (https://cdn.jsdelivr.net/gh/extent-framework/extent-github-cdn@ce8b10435bcbae260c334c0d0c6b61d2c19b6168/spark/css/spark-style.css) box-shadow is an unrecognized CSS property at line 6. Ignoring declaration.
com.openhtmltopdf.css-parse WARNING:: (https://cdn.jsdelivr.net/gh/extent-framework/extent-github-cdn@ce8b10435bcbae260c334c0d0c6b61d2c19b6168/spark/css/spark-style.css) disabled is not a recognized pseudo-class at line 7. Skipping ruleset.
com.openhtmltopdf.css-parse WARNING:: (https://cdn.jsdelivr.net/gh/extent-framework/extent-github-cdn@ce8b10435bcbae260c334c0d0c6b61d2c19b6168/spark/css/spark-style.css) not is not a valid function in this context at line 7. Skipping ruleset.
com.openhtmltopdf.css-parse WARNING:: (https://cdn.jsdelivr.net/gh/extent-framework/extent-github-cdn@ce8b10435bcbae260c334c0d0c6b61d2c19b6168/spark/css/spark-style.css) not is not a valid function in this context at line 7. Skipping ruleset.
com.openhtmltopdf.css-parse WARNING:: (https://cdn.jsdelivr.net/gh/extent-framework/extent-github-cdn@ce8b10435bcbae260c334c0d0c6b61d2c19b6168/spark/css/spark-style.css) disabled is not a recognized pseudo-class at line 7. Skipping ruleset.
com.openhtmltopdf.css-parse WARNING:: (https://cdn.jsdelivr.net/gh/extent-framework/extent-github-cdn@ce8b10435bcbae260c334c0d0c6b61d2c19b6168/spark/css/spark-style.css) box-shadow is an unrecognized CSS property at line 6. Ignoring declaration.
com.openhtmltopdf.css-parse WARNING:: (https://cdn.jsdelivr.net/gh/extent-framework/extent-github-cdn@ce8b10435bcbae260c334c0d0c6b61d2c19b6168/spark/css/spark-style.css) disabled is not a recognized pseudo-class at line 7. Skipping ruleset.
com.openhtmltopdf.css-parse WARNING:: (https://cdn.jsdelivr.net/gh/extent-framework/extent-github-cdn@ce8b10435bcbae260c334c0d0c6b61d2c19b6168/spark/css/spark-style.css) not is not a valid function in this context at line 7. Skipping ruleset.
com.openhtmltopdf.css-parse WARNING:: (https://cdn.jsdelivr.net/gh/extent-framework/extent-github-cdn@ce8b10435bcbae260c334c0d0c6b61d2c19b6168/spark/css/spark-style.css) not is not a valid function in this context at line 7. Skipping ruleset.
com.openhtmltopdf.css-parse WARNING:: (https://cdn.jsdelivr.net/gh/extent-framework/extent-github-cdn@ce8b10435bcbae260c334c0d0c6b61d2c19b6168/spark/css/spark-style.css) box-shadow is an unrecognized CSS property at line 6. Ignoring declaration.
com.openhtmltopdf.css-parse WARNING:: (https://cdn.jsdelivr.net/gh/extent-framework/extent-github-cdn@ce8b10435bcbae260c334c0d0c6b61d2c19b6168/spark/css/spark-style.css) disabled is not a recognized pseudo-class at line 7. Skipping ruleset.
com.openhtmltopdf.css-parse WARNING:: (https://cdn.jsdelivr.net/gh/extent-framework/extent-github-cdn@ce8b10435bcbae260c334c0d0c6b61d2c19b6168/spark/css/spark-style.css) not is not a valid function in this context at line 7. Skipping ruleset.
com.openhtmltopdf.css-parse WARNING:: (https://cdn.jsdelivr.net/gh/extent-framework/extent-github-cdn@ce8b10435bcbae260c334c0d0c6b61d2c19b6168/spark/css/spark-style.css) not is not a valid function in this context at line 7. Skipping ruleset.
com.openhtmltopdf.css-parse WARNING:: (https://cdn.jsdelivr.net/gh/extent-framework/extent-github-cdn@ce8b10435bcbae260c334c0d0c6b61d2c19b6168/spark/css/spark-style.css) box-shadow is an unrecognized CSS property at line 6. Ignoring declaration.
com.openhtmltopdf.css-parse WARNING:: (https://cdn.jsdelivr.net/gh/extent-framework/extent-github-cdn@ce8b10435bcbae260c334c0d0c6b61d2c19b6168/spark/css/spark-style.css) disabled is not a recognized pseudo-class at line 7. Skipping ruleset.
com.openhtmltopdf.css-parse WARNING:: (https://cdn.jsdelivr.net/gh/extent-framework/extent-github-cdn@ce8b10435bcbae260c334c0d0c6b61d2c19b6168/spark/css/spark-style.css) not is not a valid function in this context at line 7. Skipping ruleset.
com.openhtmltopdf.css-parse WARNING:: (https://cdn.jsdelivr.net/gh/extent-framework/extent-github-cdn@ce8b10435bcbae260c334c0d0c6b61d2c19b6168/spark/css/spark-style.css) not is not a valid function in this context at line 7. Skipping ruleset.
com.openhtmltopdf.css-parse WARNING:: (https://cdn.jsdelivr.net/gh/extent-framework/extent-github-cdn@ce8b10435bcbae260c334c0d0c6b61d2c19b6168/spark/css/spark-style.css) box-shadow is an unrecognized CSS property at line 6. Ignoring declaration.
com.openhtmltopdf.css-parse WARNING:: (https://cdn.jsdelivr.net/gh/extent-framework/extent-github-cdn@ce8b10435bcbae260c334c0d0c6b61d2c19b6168/spark/css/spark-style.css) disabled is not a recognized pseudo-class at line 7. Skipping ruleset.
com.openhtmltopdf.css-parse WARNING:: (https://cdn.jsdelivr.net/gh/extent-framework/extent-github-cdn@ce8b10435bcbae260c334c0d0c6b61d2c19b6168/spark/css/spark-style.css) not is not a valid function in this context at line 7. Skipping ruleset.
com.openhtmltopdf.css-parse WARNING:: (https://cdn.jsdelivr.net/gh/extent-framework/extent-github-cdn@ce8b10435bcbae260c334c0d0c6b61d2c19b6168/spark/css/spark-style.css) not is not a valid function in this context at line 7. Skipping ruleset.
com.openhtmltopdf.css-parse WARNING:: (https://cdn.jsdelivr.net/gh/extent-framework/extent-github-cdn@ce8b10435bcbae260c334c0d0c6b61d2c19b6168/spark/css/spark-style.css) box-shadow is an unrecognized CSS property at line 6. Ignoring declaration.
com.openhtmltopdf.css-parse WARNING:: (https://cdn.jsdelivr.net/gh/extent-framework/extent-github-cdn@ce8b10435bcbae260c334c0d0c6b61d2c19b6168/spark/css/spark-style.css) disabled is not a recognized pseudo-class at line 7. Skipping ruleset.
com.openhtmltopdf.css-parse WARNING:: (https://cdn.jsdelivr.net/gh/extent-framework/extent-github-cdn@ce8b10435bcbae260c334c0d0c6b61d2c19b6168/spark/css/spark-style.css) not is not a valid function in this context at line 7. Skipping ruleset.
com.openhtmltopdf.css-parse WARNING:: (https://cdn.jsdelivr.net/gh/extent-framework/extent-github-cdn@ce8b10435bcbae260c334c0d0c6b61d2c19b6168/spark/css/spark-style.css) not is not a valid function in this context at line 7. Skipping ruleset.
com.openhtmltopdf.css-parse WARNING:: (https://cdn.jsdelivr.net/gh/extent-framework/extent-github-cdn@ce8b10435bcbae260c334c0d0c6b61d2c19b6168/spark/css/spark-style.css) box-shadow is an unrecognized CSS property at line 6. Ignoring declaration.
com.openhtmltopdf.css-parse WARNING:: (https://cdn.jsdelivr.net/gh/extent-framework/extent-github-cdn@ce8b10435bcbae260c334c0d0c6b61d2c19b6168/spark/css/spark-style.css) disabled is not a recognized pseudo-class at line 7. Skipping ruleset.
com.openhtmltopdf.css-parse WARNING:: (https://cdn.jsdelivr.net/gh/extent-framework/extent-github-cdn@ce8b10435bcbae260c334c0d0c6b61d2c19b6168/spark/css/spark-style.css) not is not a valid function in this context at line 7. Skipping ruleset.
com.openhtmltopdf.css-parse WARNING:: (https://cdn.jsdelivr.net/gh/extent-framework/extent-github-cdn@ce8b10435bcbae260c334c0d0c6b61d2c19b6168/spark/css/spark-style.css) not is not a valid function in this context at line 7. Skipping ruleset.
com.openhtmltopdf.css-parse WARNING:: (https://cdn.jsdelivr.net/gh/extent-framework/extent-github-cdn@ce8b10435bcbae260c334c0d0c6b61d2c19b6168/spark/css/spark-style.css) box-shadow is an unrecognized CSS property at line 6. Ignoring declaration.
com.openhtmltopdf.css-parse WARNING:: (https://cdn.jsdelivr.net/gh/extent-framework/extent-github-cdn@ce8b10435bcbae260c334c0d0c6b61d2c19b6168/spark/css/spark-style.css) disabled is not a recognized pseudo-class at line 7. Skipping ruleset.
com.openhtmltopdf.css-parse WARNING:: (https://cdn.jsdelivr.net/gh/extent-framework/extent-github-cdn@ce8b10435bcbae260c334c0d0c6b61d2c19b6168/spark/css/spark-style.css) not is not a valid function in this context at line 7. Skipping ruleset.
com.openhtmltopdf.css-parse WARNING:: (https://cdn.jsdelivr.net/gh/extent-framework/extent-github-cdn@ce8b10435bcbae260c334c0d0c6b61d2c19b6168/spark/css/spark-style.css) not is not a valid function in this context at line 7. Skipping ruleset.
com.openhtmltopdf.css-parse WARNING:: (https://cdn.jsdelivr.net/gh/extent-framework/extent-github-cdn@ce8b10435bcbae260c334c0d0c6b61d2c19b6168/spark/css/spark-style.css) box-shadow is an unrecognized CSS property at line 6. Ignoring declaration.
com.openhtmltopdf.css-parse WARNING:: (https://cdn.jsdelivr.net/gh/extent-framework/extent-github-cdn@ce8b10435bcbae260c334c0d0c6b61d2c19b6168/spark/css/spark-style.css) disabled is not a recognized pseudo-class at line 7. Skipping ruleset.
com.openhtmltopdf.css-parse WARNING:: (https://cdn.jsdelivr.net/gh/extent-framework/extent-github-cdn@ce8b10435bcbae260c334c0d0c6b61d2c19b6168/spark/css/spark-style.css) not is not a valid function in this context at line 7. Skipping ruleset.
com.openhtmltopdf.css-parse WARNING:: (https://cdn.jsdelivr.net/gh/extent-framework/extent-github-cdn@ce8b10435bcbae260c334c0d0c6b61d2c19b6168/spark/css/spark-style.css) not is not a valid function in this context at line 7. Skipping ruleset.
com.openhtmltopdf.css-parse WARNING:: (https://cdn.jsdelivr.net/gh/extent-framework/extent-github-cdn@ce8b10435bcbae260c334c0d0c6b61d2c19b6168/spark/css/spark-style.css) box-shadow is an unrecognized CSS property at line 6. Ignoring declaration.
com.openhtmltopdf.css-parse WARNING:: (https://cdn.jsdelivr.net/gh/extent-framework/extent-github-cdn@ce8b10435bcbae260c334c0d0c6b61d2c19b6168/spark/css/spark-style.css) disabled is not a recognized pseudo-class at line 7. Skipping ruleset.
com.openhtmltopdf.css-parse WARNING:: (https://cdn.jsdelivr.net/gh/extent-framework/extent-github-cdn@ce8b10435bcbae260c334c0d0c6b61d2c19b6168/spark/css/spark-style.css) not is not a valid function in this context at line 7. Skipping ruleset.
com.openhtmltopdf.css-parse WARNING:: (https://cdn.jsdelivr.net/gh/extent-framework/extent-github-cdn@ce8b10435bcbae260c334c0d0c6b61d2c19b6168/spark/css/spark-style.css) not is not a valid function in this context at line 7. Skipping ruleset.
com.openhtmltopdf.css-parse WARNING:: (https://cdn.jsdelivr.net/gh/extent-framework/extent-github-cdn@ce8b10435bcbae260c334c0d0c6b61d2c19b6168/spark/css/spark-style.css) box-shadow is an unrecognized CSS property at line 6. Ignoring declaration.
com.openhtmltopdf.css-parse WARNING:: (https://cdn.jsdelivr.net/gh/extent-framework/extent-github-cdn@ce8b10435bcbae260c334c0d0c6b61d2c19b6168/spark/css/spark-style.css) disabled is not a recognized pseudo-class at line 7. Skipping ruleset.
com.openhtmltopdf.css-parse WARNING:: (https://cdn.jsdelivr.net/gh/extent-framework/extent-github-cdn@ce8b10435bcbae260c334c0d0c6b61d2c19b6168/spark/css/spark-style.css) not is not a valid function in this context at line 7. Skipping ruleset.
com.openhtmltopdf.css-parse WARNING:: (https://cdn.jsdelivr.net/gh/extent-framework/extent-github-cdn@ce8b10435bcbae260c334c0d0c6b61d2c19b6168/spark/css/spark-style.css) not is not a valid function in this context at line 7. Skipping ruleset.
com.openhtmltopdf.css-parse WARNING:: (https://cdn.jsdelivr.net/gh/extent-framework/extent-github-cdn@ce8b10435bcbae260c334c0d0c6b61d2c19b6168/spark/css/spark-style.css) box-shadow is an unrecognized CSS property at line 6. Ignoring declaration.
com.openhtmltopdf.css-parse WARNING:: (https://cdn.jsdelivr.net/gh/extent-framework/extent-github-cdn@ce8b10435bcbae260c334c0d0c6b61d2c19b6168/spark/css/spark-style.css) disabled is not a recognized pseudo-class at line 7. Skipping ruleset.
com.openhtmltopdf.css-parse WARNING:: (https://cdn.jsdelivr.net/gh/extent-framework/extent-github-cdn@ce8b10435bcbae260c334c0d0c6b61d2c19b6168/spark/css/spark-style.css) not is not a valid function in this context at line 7. Skipping ruleset.
com.openhtmltopdf.css-parse WARNING:: (https://cdn.jsdelivr.net/gh/extent-framework/extent-github-cdn@ce8b10435bcbae260c334c0d0c6b61d2c19b6168/spark/css/spark-style.css) not is not a valid function in this context at line 7. Skipping ruleset.
com.openhtmltopdf.css-parse WARNING:: (https://cdn.jsdelivr.net/gh/extent-framework/extent-github-cdn@ce8b10435bcbae260c334c0d0c6b61d2c19b6168/spark/css/spark-style.css) box-shadow is an unrecognized CSS property at line 6. Ignoring declaration.
com.openhtmltopdf.css-parse WARNING:: (https://cdn.jsdelivr.net/gh/extent-framework/extent-github-cdn@ce8b10435bcbae260c334c0d0c6b61d2c19b6168/spark/css/spark-style.css) disabled is not a recognized pseudo-class at line 7. Skipping ruleset.
com.openhtmltopdf.css-parse WARNING:: (https://cdn.jsdelivr.net/gh/extent-framework/extent-github-cdn@ce8b10435bcbae260c334c0d0c6b61d2c19b6168/spark/css/spark-style.css) not is not a valid function in this context at line 7. Skipping ruleset.
com.openhtmltopdf.css-parse WARNING:: (https://cdn.jsdelivr.net/gh/extent-framework/extent-github-cdn@ce8b10435bcbae260c334c0d0c6b61d2c19b6168/spark/css/spark-style.css) not is not a valid function in this context at line 7. Skipping ruleset.
com.openhtmltopdf.css-parse WARNING:: (https://cdn.jsdelivr.net/gh/extent-framework/extent-github-cdn@ce8b10435bcbae260c334c0d0c6b61d2c19b6168/spark/css/spark-style.css) box-shadow is an unrecognized CSS property at line 6. Ignoring declaration.
com.openhtmltopdf.css-parse WARNING:: (https://cdn.jsdelivr.net/gh/extent-framework/extent-github-cdn@ce8b10435bcbae260c334c0d0c6b61d2c19b6168/spark/css/spark-style.css) disabled is not a recognized pseudo-class at line 7. Skipping ruleset.
com.openhtmltopdf.css-parse WARNING:: (https://cdn.jsdelivr.net/gh/extent-framework/extent-github-cdn@ce8b10435bcbae260c334c0d0c6b61d2c19b6168/spark/css/spark-style.css) not is not a valid function in this context at line 7. Skipping ruleset.
com.openhtmltopdf.css-parse WARNING:: (https://cdn.jsdelivr.net/gh/extent-framework/extent-github-cdn@ce8b10435bcbae260c334c0d0c6b61d2c19b6168/spark/css/spark-style.css) not is not a valid function in this context at line 7. Skipping ruleset.
com.openhtmltopdf.css-parse WARNING:: (https://cdn.jsdelivr.net/gh/extent-framework/extent-github-cdn@ce8b10435bcbae260c334c0d0c6b61d2c19b6168/spark/css/spark-style.css) box-shadow is an unrecognized CSS property at line 6. Ignoring declaration.
com.openhtmltopdf.css-parse WARNING:: (https://cdn.jsdelivr.net/gh/extent-framework/extent-github-cdn@ce8b10435bcbae260c334c0d0c6b61d2c19b6168/spark/css/spark-style.css) disabled is not a recognized pseudo-class at line 7. Skipping ruleset.
com.openhtmltopdf.css-parse WARNING:: (https://cdn.jsdelivr.net/gh/extent-framework/extent-github-cdn@ce8b10435bcbae260c334c0d0c6b61d2c19b6168/spark/css/spark-style.css) not is not a valid function in this context at line 7. Skipping ruleset.
com.openhtmltopdf.css-parse WARNING:: (https://cdn.jsdelivr.net/gh/extent-framework/extent-github-cdn@ce8b10435bcbae260c334c0d0c6b61d2c19b6168/spark/css/spark-style.css) not is not a valid function in this context at line 7. Skipping ruleset.
com.openhtmltopdf.css-parse WARNING:: (https://cdn.jsdelivr.net/gh/extent-framework/extent-github-cdn@ce8b10435bcbae260c334c0d0c6b61d2c19b6168/spark/css/spark-style.css) box-shadow is an unrecognized CSS property at line 6. Ignoring declaration.
com.openhtmltopdf.css-parse WARNING:: (https://cdn.jsdelivr.net/gh/extent-framework/extent-github-cdn@ce8b10435bcbae260c334c0d0c6b61d2c19b6168/spark/css/spark-style.css) disabled is not a recognized pseudo-class at line 7. Skipping ruleset.
com.openhtmltopdf.css-parse WARNING:: (https://cdn.jsdelivr.net/gh/extent-framework/extent-github-cdn@ce8b10435bcbae260c334c0d0c6b61d2c19b6168/spark/css/spark-style.css) not is not a valid function in this context at line 7. Skipping ruleset.
com.openhtmltopdf.css-parse WARNING:: (https://cdn.jsdelivr.net/gh/extent-framework/extent-github-cdn@ce8b10435bcbae260c334c0d0c6b61d2c19b6168/spark/css/spark-style.css) not is not a valid function in this context at line 7. Skipping ruleset.
com.openhtmltopdf.css-parse WARNING:: (https://cdn.jsdelivr.net/gh/extent-framework/extent-github-cdn@ce8b10435bcbae260c334c0d0c6b61d2c19b6168/spark/css/spark-style.css) box-shadow is an unrecognized CSS property at line 6. Ignoring declaration.
com.openhtmltopdf.css-parse WARNING:: (https://cdn.jsdelivr.net/gh/extent-framework/extent-github-cdn@ce8b10435bcbae260c334c0d0c6b61d2c19b6168/spark/css/spark-style.css) disabled is not a recognized pseudo-class at line 7. Skipping ruleset.
com.openhtmltopdf.css-parse WARNING:: (https://cdn.jsdelivr.net/gh/extent-framework/extent-github-cdn@ce8b10435bcbae260c334c0d0c6b61d2c19b6168/spark/css/spark-style.css) not is not a valid function in this context at line 7. Skipping ruleset.
com.openhtmltopdf.css-parse WARNING:: (https://cdn.jsdelivr.net/gh/extent-framework/extent-github-cdn@ce8b10435bcbae260c334c0d0c6b61d2c19b6168/spark/css/spark-style.css) not is not a valid function in this context at line 7. Skipping ruleset.
com.openhtmltopdf.css-parse WARNING:: (https://cdn.jsdelivr.net/gh/extent-framework/extent-github-cdn@ce8b10435bcbae260c334c0d0c6b61d2c19b6168/spark/css/spark-style.css) box-shadow is an unrecognized CSS property at line 6. Ignoring declaration.
com.openhtmltopdf.css-parse WARNING:: (https://cdn.jsdelivr.net/gh/extent-framework/extent-github-cdn@ce8b10435bcbae260c334c0d0c6b61d2c19b6168/spark/css/spark-style.css) disabled is not a recognized pseudo-class at line 7. Skipping ruleset.
com.openhtmltopdf.css-parse WARNING:: (https://cdn.jsdelivr.net/gh/extent-framework/extent-github-cdn@ce8b10435bcbae260c334c0d0c6b61d2c19b6168/spark/css/spark-style.css) opacity is an unrecognized CSS property at line 6. Ignoring declaration.
com.openhtmltopdf.css-parse WARNING:: (https://cdn.jsdelivr.net/gh/extent-framework/extent-github-cdn@ce8b10435bcbae260c334c0d0c6b61d2c19b6168/spark/css/spark-style.css) transition is an unrecognized CSS property at line 6. Ignoring declaration.
com.openhtmltopdf.css-parse WARNING:: (https://cdn.jsdelivr.net/gh/extent-framework/extent-github-cdn@ce8b10435bcbae260c334c0d0c6b61d2c19b6168/spark/css/spark-style.css) Unsupported CSS unit s at line 7. Skipping declaration.
com.openhtmltopdf.css-parse WARNING:: (https://cdn.jsdelivr.net/gh/extent-framework/extent-github-cdn@ce8b10435bcbae260c334c0d0c6b61d2c19b6168/spark/css/spark-style.css) opacity is an unrecognized CSS property at line 6. Ignoring declaration.
com.openhtmltopdf.css-parse WARNING:: (https://cdn.jsdelivr.net/gh/extent-framework/extent-github-cdn@ce8b10435bcbae260c334c0d0c6b61d2c19b6168/spark/css/spark-style.css) transition is an unrecognized CSS property at line 6. Ignoring declaration.
com.openhtmltopdf.css-parse WARNING:: (https://cdn.jsdelivr.net/gh/extent-framework/extent-github-cdn@ce8b10435bcbae260c334c0d0c6b61d2c19b6168/spark/css/spark-style.css) Unsupported CSS unit s at line 7. Skipping declaration.
com.openhtmltopdf.css-parse WARNING:: (https://cdn.jsdelivr.net/gh/extent-framework/extent-github-cdn@ce8b10435bcbae260c334c0d0c6b61d2c19b6168/spark/css/spark-style.css) empty is not a recognized pseudo-class at line 7. Skipping ruleset.
com.openhtmltopdf.css-parse WARNING:: (https://cdn.jsdelivr.net/gh/extent-framework/extent-github-cdn@ce8b10435bcbae260c334c0d0c6b61d2c19b6168/spark/css/spark-style.css) background-clip is an unrecognized CSS property at line 6. Ignoring declaration.
com.openhtmltopdf.css-parse WARNING:: (https://cdn.jsdelivr.net/gh/extent-framework/extent-github-cdn@ce8b10435bcbae260c334c0d0c6b61d2c19b6168/spark/css/spark-style.css) rgba(0,0,0,.15) is not a border width, style, or color at line 7. Skipping declaration.
com.openhtmltopdf.css-parse WARNING:: (https://cdn.jsdelivr.net/gh/extent-framework/extent-github-cdn@ce8b10435bcbae260c334c0d0c6b61d2c19b6168/spark/css/spark-style.css) empty is not a recognized pseudo-class at line 7. Skipping ruleset.
com.openhtmltopdf.css-parse WARNING:: (https://cdn.jsdelivr.net/gh/extent-framework/extent-github-cdn@ce8b10435bcbae260c334c0d0c6b61d2c19b6168/spark/css/spark-style.css) empty is not a recognized pseudo-class at line 7. Skipping ruleset.
com.openhtmltopdf.css-parse WARNING:: (https://cdn.jsdelivr.net/gh/extent-framework/extent-github-cdn@ce8b10435bcbae260c334c0d0c6b61d2c19b6168/spark/css/spark-style.css) empty is not a recognized pseudo-class at line 7. Skipping ruleset.
com.openhtmltopdf.css-parse WARNING:: (https://cdn.jsdelivr.net/gh/extent-framework/extent-github-cdn@ce8b10435bcbae260c334c0d0c6b61d2c19b6168/spark/css/spark-style.css) disabled is not a recognized pseudo-class at line 7. Skipping ruleset.
com.openhtmltopdf.css-parse WARNING:: (https://cdn.jsdelivr.net/gh/extent-framework/extent-github-cdn@ce8b10435bcbae260c334c0d0c6b61d2c19b6168/spark/css/spark-style.css) Value -webkit-inline-box is not a recognized identifier at line 7. Skipping declaration.
com.openhtmltopdf.css-parse WARNING:: (https://cdn.jsdelivr.net/gh/extent-framework/extent-github-cdn@ce8b10435bcbae260c334c0d0c6b61d2c19b6168/spark/css/spark-style.css) Value -ms-inline-flexbox is not a recognized identifier at line 7. Skipping declaration.
com.openhtmltopdf.css-parse WARNING:: (https://cdn.jsdelivr.net/gh/extent-framework/extent-github-cdn@ce8b10435bcbae260c334c0d0c6b61d2c19b6168/spark/css/spark-style.css) Value inline-flex is not a recognized identifier at line 7. Skipping declaration.
com.openhtmltopdf.css-parse WARNING:: (https://cdn.jsdelivr.net/gh/extent-framework/extent-github-cdn@ce8b10435bcbae260c334c0d0c6b61d2c19b6168/spark/css/spark-style.css) -webkit-box-flex is an unrecognized CSS property at line 6. Ignoring declaration.
com.openhtmltopdf.css-parse WARNING:: (https://cdn.jsdelivr.net/gh/extent-framework/extent-github-cdn@ce8b10435bcbae260c334c0d0c6b61d2c19b6168/spark/css/spark-style.css) -ms-flex is an unrecognized CSS property at line 6. Ignoring declaration.
com.openhtmltopdf.css-parse WARNING:: (https://cdn.jsdelivr.net/gh/extent-framework/extent-github-cdn@ce8b10435bcbae260c334c0d0c6b61d2c19b6168/spark/css/spark-style.css) flex is an unrecognized CSS property at line 6. Ignoring declaration.
com.openhtmltopdf.css-parse WARNING:: (https://cdn.jsdelivr.net/gh/extent-framework/extent-github-cdn@ce8b10435bcbae260c334c0d0c6b61d2c19b6168/spark/css/spark-style.css) Value -webkit-box is not a recognized identifier at line 7. Skipping declaration.
com.openhtmltopdf.css-parse WARNING:: (https://cdn.jsdelivr.net/gh/extent-framework/extent-github-cdn@ce8b10435bcbae260c334c0d0c6b61d2c19b6168/spark/css/spark-style.css) Value -ms-flexbox is not a recognized identifier at line 7. Skipping declaration.
com.openhtmltopdf.css-parse WARNING:: (https://cdn.jsdelivr.net/gh/extent-framework/extent-github-cdn@ce8b10435bcbae260c334c0d0c6b61d2c19b6168/spark/css/spark-style.css) Value flex is not a recognized identifier at line 7. Skipping declaration.
com.openhtmltopdf.css-parse WARNING:: (https://cdn.jsdelivr.net/gh/extent-framework/extent-github-cdn@ce8b10435bcbae260c334c0d0c6b61d2c19b6168/spark/css/spark-style.css) -ms-flex-wrap is an unrecognized CSS property at line 6. Ignoring declaration.
com.openhtmltopdf.css-parse WARNING:: (https://cdn.jsdelivr.net/gh/extent-framework/extent-github-cdn@ce8b10435bcbae260c334c0d0c6b61d2c19b6168/spark/css/spark-style.css) flex-wrap is an unrecognized CSS property at line 6. Ignoring declaration.
com.openhtmltopdf.css-parse WARNING:: (https://cdn.jsdelivr.net/gh/extent-framework/extent-github-cdn@ce8b10435bcbae260c334c0d0c6b61d2c19b6168/spark/css/spark-style.css) -webkit-box-pack is an unrecognized CSS property at line 6. Ignoring declaration.
com.openhtmltopdf.css-parse WARNING:: (https://cdn.jsdelivr.net/gh/extent-framework/extent-github-cdn@ce8b10435bcbae260c334c0d0c6b61d2c19b6168/spark/css/spark-style.css) -ms-flex-pack is an unrecognized CSS property at line 6. Ignoring declaration.
com.openhtmltopdf.css-parse WARNING:: (https://cdn.jsdelivr.net/gh/extent-framework/extent-github-cdn@ce8b10435bcbae260c334c0d0c6b61d2c19b6168/spark/css/spark-style.css) justify-content is an unrecognized CSS property at line 6. Ignoring declaration.
com.openhtmltopdf.css-parse WARNING:: (https://cdn.jsdelivr.net/gh/extent-framework/extent-github-cdn@ce8b10435bcbae260c334c0d0c6b61d2c19b6168/spark/css/spark-style.css) not is not a valid function in this context at line 7. Skipping ruleset.
com.openhtmltopdf.css-parse WARNING:: (https://cdn.jsdelivr.net/gh/extent-framework/extent-github-cdn@ce8b10435bcbae260c334c0d0c6b61d2c19b6168/spark/css/spark-style.css) not is not a valid function in this context at line 7. Skipping ruleset.
com.openhtmltopdf.css-parse WARNING:: (https://cdn.jsdelivr.net/gh/extent-framework/extent-github-cdn@ce8b10435bcbae260c334c0d0c6b61d2c19b6168/spark/css/spark-style.css) -webkit-box-orient is an unrecognized CSS property at line 6. Ignoring declaration.
com.openhtmltopdf.css-parse WARNING:: (https://cdn.jsdelivr.net/gh/extent-framework/extent-github-cdn@ce8b10435bcbae260c334c0d0c6b61d2c19b6168/spark/css/spark-style.css) -webkit-box-direction is an unrecognized CSS property at line 6. Ignoring declaration.
com.openhtmltopdf.css-parse WARNING:: (https://cdn.jsdelivr.net/gh/extent-framework/extent-github-cdn@ce8b10435bcbae260c334c0d0c6b61d2c19b6168/spark/css/spark-style.css) -ms-flex-direction is an unrecognized CSS property at line 6. Ignoring declaration.
com.openhtmltopdf.css-parse WARNING:: (https://cdn.jsdelivr.net/gh/extent-framework/extent-github-cdn@ce8b10435bcbae260c334c0d0c6b61d2c19b6168/spark/css/spark-style.css) flex-direction is an unrecognized CSS property at line 6. Ignoring declaration.
com.openhtmltopdf.css-parse WARNING:: (https://cdn.jsdelivr.net/gh/extent-framework/extent-github-cdn@ce8b10435bcbae260c334c0d0c6b61d2c19b6168/spark/css/spark-style.css) -webkit-box-align is an unrecognized CSS property at line 6. Ignoring declaration.
com.openhtmltopdf.css-parse WARNING:: (https://cdn.jsdelivr.net/gh/extent-framework/extent-github-cdn@ce8b10435bcbae260c334c0d0c6b61d2c19b6168/spark/css/spark-style.css) -ms-flex-align is an unrecognized CSS property at line 6. Ignoring declaration.
com.openhtmltopdf.css-parse WARNING:: (https://cdn.jsdelivr.net/gh/extent-framework/extent-github-cdn@ce8b10435bcbae260c334c0d0c6b61d2c19b6168/spark/css/spark-style.css) align-items is an unrecognized CSS property at line 6. Ignoring declaration.
com.openhtmltopdf.css-parse WARNING:: (https://cdn.jsdelivr.net/gh/extent-framework/extent-github-cdn@ce8b10435bcbae260c334c0d0c6b61d2c19b6168/spark/css/spark-style.css) -webkit-box-pack is an unrecognized CSS property at line 6. Ignoring declaration.
com.openhtmltopdf.css-parse WARNING:: (https://cdn.jsdelivr.net/gh/extent-framework/extent-github-cdn@ce8b10435bcbae260c334c0d0c6b61d2c19b6168/spark/css/spark-style.css) -ms-flex-pack is an unrecognized CSS property at line 6. Ignoring declaration.
com.openhtmltopdf.css-parse WARNING:: (https://cdn.jsdelivr.net/gh/extent-framework/extent-github-cdn@ce8b10435bcbae260c334c0d0c6b61d2c19b6168/spark/css/spark-style.css) justify-content is an unrecognized CSS property at line 6. Ignoring declaration.
com.openhtmltopdf.css-parse WARNING:: (https://cdn.jsdelivr.net/gh/extent-framework/extent-github-cdn@ce8b10435bcbae260c334c0d0c6b61d2c19b6168/spark/css/spark-style.css) not is not a valid function in this context at line 7. Skipping ruleset.
com.openhtmltopdf.css-parse WARNING:: (https://cdn.jsdelivr.net/gh/extent-framework/extent-github-cdn@ce8b10435bcbae260c334c0d0c6b61d2c19b6168/spark/css/spark-style.css) not is not a valid function in this context at line 7. Skipping ruleset.
com.openhtmltopdf.css-parse WARNING:: (https://cdn.jsdelivr.net/gh/extent-framework/extent-github-cdn@ce8b10435bcbae260c334c0d0c6b61d2c19b6168/spark/css/spark-style.css) clip is not implemented at line 6. Ignoring declaration.
com.openhtmltopdf.css-parse WARNING:: (https://cdn.jsdelivr.net/gh/extent-framework/extent-github-cdn@ce8b10435bcbae260c334c0d0c6b61d2c19b6168/spark/css/spark-style.css) pointer-events is an unrecognized CSS property at line 6. Ignoring declaration.
com.openhtmltopdf.css-parse WARNING:: (https://cdn.jsdelivr.net/gh/extent-framework/extent-github-cdn@ce8b10435bcbae260c334c0d0c6b61d2c19b6168/spark/css/spark-style.css) Value -webkit-box is not a recognized identifier at line 7. Skipping declaration.
com.openhtmltopdf.css-parse WARNING:: (https://cdn.jsdelivr.net/gh/extent-framework/extent-github-cdn@ce8b10435bcbae260c334c0d0c6b61d2c19b6168/spark/css/spark-style.css) Value -ms-flexbox is not a recognized identifier at line 7. Skipping declaration.
com.openhtmltopdf.css-parse WARNING:: (https://cdn.jsdelivr.net/gh/extent-framework/extent-github-cdn@ce8b10435bcbae260c334c0d0c6b61d2c19b6168/spark/css/spark-style.css) Value flex is not a recognized identifier at line 7. Skipping declaration.
com.openhtmltopdf.css-parse WARNING:: (https://cdn.jsdelivr.net/gh/extent-framework/extent-github-cdn@ce8b10435bcbae260c334c0d0c6b61d2c19b6168/spark/css/spark-style.css) -ms-flex-wrap is an unrecognized CSS property at line 6. Ignoring declaration.
com.openhtmltopdf.css-parse WARNING:: (https://cdn.jsdelivr.net/gh/extent-framework/extent-github-cdn@ce8b10435bcbae260c334c0d0c6b61d2c19b6168/spark/css/spark-style.css) flex-wrap is an unrecognized CSS property at line 6. Ignoring declaration.
com.openhtmltopdf.css-parse WARNING:: (https://cdn.jsdelivr.net/gh/extent-framework/extent-github-cdn@ce8b10435bcbae260c334c0d0c6b61d2c19b6168/spark/css/spark-style.css) -webkit-box-align is an unrecognized CSS property at line 6. Ignoring declaration.
com.openhtmltopdf.css-parse WARNING:: (https://cdn.jsdelivr.net/gh/extent-framework/extent-github-cdn@ce8b10435bcbae260c334c0d0c6b61d2c19b6168/spark/css/spark-style.css) -ms-flex-align is an unrecognized CSS property at line 6. Ignoring declaration.
com.openhtmltopdf.css-parse WARNING:: (https://cdn.jsdelivr.net/gh/extent-framework/extent-github-cdn@ce8b10435bcbae260c334c0d0c6b61d2c19b6168/spark/css/spark-style.css) align-items is an unrecognized CSS property at line 6. Ignoring declaration.
com.openhtmltopdf.css-parse WARNING:: (https://cdn.jsdelivr.net/gh/extent-framework/extent-github-cdn@ce8b10435bcbae260c334c0d0c6b61d2c19b6168/spark/css/spark-style.css) -webkit-box-flex is an unrecognized CSS property at line 6. Ignoring declaration.
com.openhtmltopdf.css-parse WARNING:: (https://cdn.jsdelivr.net/gh/extent-framework/extent-github-cdn@ce8b10435bcbae260c334c0d0c6b61d2c19b6168/spark/css/spark-style.css) -ms-flex is an unrecognized CSS property at line 6. Ignoring declaration.
com.openhtmltopdf.css-parse WARNING:: (https://cdn.jsdelivr.net/gh/extent-framework/extent-github-cdn@ce8b10435bcbae260c334c0d0c6b61d2c19b6168/spark/css/spark-style.css) flex is an unrecognized CSS property at line 6. Ignoring declaration.
com.openhtmltopdf.css-parse WARNING:: (https://cdn.jsdelivr.net/gh/extent-framework/extent-github-cdn@ce8b10435bcbae260c334c0d0c6b61d2c19b6168/spark/css/spark-style.css) not is not a valid function in this context at line 7. Skipping ruleset.
com.openhtmltopdf.css-parse WARNING:: (https://cdn.jsdelivr.net/gh/extent-framework/extent-github-cdn@ce8b10435bcbae260c334c0d0c6b61d2c19b6168/spark/css/spark-style.css) not is not a valid function in this context at line 7. Skipping ruleset.
com.openhtmltopdf.css-parse WARNING:: (https://cdn.jsdelivr.net/gh/extent-framework/extent-github-cdn@ce8b10435bcbae260c334c0d0c6b61d2c19b6168/spark/css/spark-style.css) Value -webkit-box is not a recognized identifier at line 7. Skipping declaration.
com.openhtmltopdf.css-parse WARNING:: (https://cdn.jsdelivr.net/gh/extent-framework/extent-github-cdn@ce8b10435bcbae260c334c0d0c6b61d2c19b6168/spark/css/spark-style.css) Value -ms-flexbox is not a recognized identifier at line 7. Skipping declaration.
com.openhtmltopdf.css-parse WARNING:: (https://cdn.jsdelivr.net/gh/extent-framework/extent-github-cdn@ce8b10435bcbae260c334c0d0c6b61d2c19b6168/spark/css/spark-style.css) Value flex is not a recognized identifier at line 7. Skipping declaration.
com.openhtmltopdf.css-parse WARNING:: (https://cdn.jsdelivr.net/gh/extent-framework/extent-github-cdn@ce8b10435bcbae260c334c0d0c6b61d2c19b6168/spark/css/spark-style.css) -webkit-box-align is an unrecognized CSS property at line 6. Ignoring declaration.
com.openhtmltopdf.css-parse WARNING:: (https://cdn.jsdelivr.net/gh/extent-framework/extent-github-cdn@ce8b10435bcbae260c334c0d0c6b61d2c19b6168/spark/css/spark-style.css) -ms-flex-align is an unrecognized CSS property at line 6. Ignoring declaration.
com.openhtmltopdf.css-parse WARNING:: (https://cdn.jsdelivr.net/gh/extent-framework/extent-github-cdn@ce8b10435bcbae260c334c0d0c6b61d2c19b6168/spark/css/spark-style.css) align-items is an unrecognized CSS property at line 6. Ignoring declaration.
com.openhtmltopdf.css-parse WARNING:: (https://cdn.jsdelivr.net/gh/extent-framework/extent-github-cdn@ce8b10435bcbae260c334c0d0c6b61d2c19b6168/spark/css/spark-style.css) not is not a valid function in this context at line 7. Skipping ruleset.
com.openhtmltopdf.css-parse WARNING:: (https://cdn.jsdelivr.net/gh/extent-framework/extent-github-cdn@ce8b10435bcbae260c334c0d0c6b61d2c19b6168/spark/css/spark-style.css) not is not a valid function in this context at line 7. Skipping ruleset.
com.openhtmltopdf.css-parse WARNING:: (https://cdn.jsdelivr.net/gh/extent-framework/extent-github-cdn@ce8b10435bcbae260c334c0d0c6b61d2c19b6168/spark/css/spark-style.css) Value -webkit-box is not a recognized identifier at line 7. Skipping declaration.
com.openhtmltopdf.css-parse WARNING:: (https://cdn.jsdelivr.net/gh/extent-framework/extent-github-cdn@ce8b10435bcbae260c334c0d0c6b61d2c19b6168/spark/css/spark-style.css) Value -ms-flexbox is not a recognized identifier at line 7. Skipping declaration.
com.openhtmltopdf.css-parse WARNING:: (https://cdn.jsdelivr.net/gh/extent-framework/extent-github-cdn@ce8b10435bcbae260c334c0d0c6b61d2c19b6168/spark/css/spark-style.css) Value flex is not a recognized identifier at line 7. Skipping declaration.
com.openhtmltopdf.css-parse WARNING:: (https://cdn.jsdelivr.net/gh/extent-framework/extent-github-cdn@ce8b10435bcbae260c334c0d0c6b61d2c19b6168/spark/css/spark-style.css) Value -webkit-box is not a recognized identifier at line 7. Skipping declaration.
com.openhtmltopdf.css-parse WARNING:: (https://cdn.jsdelivr.net/gh/extent-framework/extent-github-cdn@ce8b10435bcbae260c334c0d0c6b61d2c19b6168/spark/css/spark-style.css) Value -ms-flexbox is not a recognized identifier at line 7. Skipping declaration.
com.openhtmltopdf.css-parse WARNING:: (https://cdn.jsdelivr.net/gh/extent-framework/extent-github-cdn@ce8b10435bcbae260c334c0d0c6b61d2c19b6168/spark/css/spark-style.css) Value flex is not a recognized identifier at line 7. Skipping declaration.
com.openhtmltopdf.css-parse WARNING:: (https://cdn.jsdelivr.net/gh/extent-framework/extent-github-cdn@ce8b10435bcbae260c334c0d0c6b61d2c19b6168/spark/css/spark-style.css) -webkit-box-align is an unrecognized CSS property at line 6. Ignoring declaration.
com.openhtmltopdf.css-parse WARNING:: (https://cdn.jsdelivr.net/gh/extent-framework/extent-github-cdn@ce8b10435bcbae260c334c0d0c6b61d2c19b6168/spark/css/spark-style.css) -ms-flex-align is an unrecognized CSS property at line 6. Ignoring declaration.
com.openhtmltopdf.css-parse WARNING:: (https://cdn.jsdelivr.net/gh/extent-framework/extent-github-cdn@ce8b10435bcbae260c334c0d0c6b61d2c19b6168/spark/css/spark-style.css) align-items is an unrecognized CSS property at line 6. Ignoring declaration.
com.openhtmltopdf.css-parse WARNING:: (https://cdn.jsdelivr.net/gh/extent-framework/extent-github-cdn@ce8b10435bcbae260c334c0d0c6b61d2c19b6168/spark/css/spark-style.css) not is not a valid function in this context at line 7. Skipping ruleset.
com.openhtmltopdf.css-parse WARNING:: (https://cdn.jsdelivr.net/gh/extent-framework/extent-github-cdn@ce8b10435bcbae260c334c0d0c6b61d2c19b6168/spark/css/spark-style.css) not is not a valid function in this context at line 7. Skipping ruleset.
com.openhtmltopdf.css-parse WARNING:: (https://cdn.jsdelivr.net/gh/extent-framework/extent-github-cdn@ce8b10435bcbae260c334c0d0c6b61d2c19b6168/spark/css/spark-style.css) Value -webkit-inline-box is not a recognized identifier at line 7. Skipping declaration.
com.openhtmltopdf.css-parse WARNING:: (https://cdn.jsdelivr.net/gh/extent-framework/extent-github-cdn@ce8b10435bcbae260c334c0d0c6b61d2c19b6168/spark/css/spark-style.css) Value -ms-inline-flexbox is not a recognized identifier at line 7. Skipping declaration.
com.openhtmltopdf.css-parse WARNING:: (https://cdn.jsdelivr.net/gh/extent-framework/extent-github-cdn@ce8b10435bcbae260c334c0d0c6b61d2c19b6168/spark/css/spark-style.css) Value inline-flex is not a recognized identifier at line 7. Skipping declaration.
com.openhtmltopdf.css-parse WARNING:: (https://cdn.jsdelivr.net/gh/extent-framework/extent-github-cdn@ce8b10435bcbae260c334c0d0c6b61d2c19b6168/spark/css/spark-style.css) opacity is an unrecognized CSS property at line 6. Ignoring declaration.
com.openhtmltopdf.css-parse WARNING:: (https://cdn.jsdelivr.net/gh/extent-framework/extent-github-cdn@ce8b10435bcbae260c334c0d0c6b61d2c19b6168/spark/css/spark-style.css) checked is not a recognized pseudo-class at line 7. Skipping ruleset.
com.openhtmltopdf.css-parse WARNING:: (https://cdn.jsdelivr.net/gh/extent-framework/extent-github-cdn@ce8b10435bcbae260c334c0d0c6b61d2c19b6168/spark/css/spark-style.css) Found ~ (other) where a comma or a { was expected at line 7. Skipping ruleset.
com.openhtmltopdf.css-parse WARNING:: (https://cdn.jsdelivr.net/gh/extent-framework/extent-github-cdn@ce8b10435bcbae260c334c0d0c6b61d2c19b6168/spark/css/spark-style.css) Found ~ (other) where a comma or a { was expected at line 7. Skipping ruleset.
com.openhtmltopdf.css-parse WARNING:: (https://cdn.jsdelivr.net/gh/extent-framework/extent-github-cdn@ce8b10435bcbae260c334c0d0c6b61d2c19b6168/spark/css/spark-style.css) disabled is not a recognized pseudo-class at line 7. Skipping ruleset.
com.openhtmltopdf.css-parse WARNING:: (https://cdn.jsdelivr.net/gh/extent-framework/extent-github-cdn@ce8b10435bcbae260c334c0d0c6b61d2c19b6168/spark/css/spark-style.css) disabled is not a recognized pseudo-class at line 7. Skipping ruleset.
com.openhtmltopdf.css-parse WARNING:: (https://cdn.jsdelivr.net/gh/extent-framework/extent-github-cdn@ce8b10435bcbae260c334c0d0c6b61d2c19b6168/spark/css/spark-style.css) pointer-events is an unrecognized CSS property at line 6. Ignoring declaration.
com.openhtmltopdf.css-parse WARNING:: (https://cdn.jsdelivr.net/gh/extent-framework/extent-github-cdn@ce8b10435bcbae260c334c0d0c6b61d2c19b6168/spark/css/spark-style.css) -webkit-user-select is an unrecognized CSS property at line 6. Ignoring declaration.
com.openhtmltopdf.css-parse WARNING:: (https://cdn.jsdelivr.net/gh/extent-framework/extent-github-cdn@ce8b10435bcbae260c334c0d0c6b61d2c19b6168/spark/css/spark-style.css) -moz-user-select is an unrecognized CSS property at line 6. Ignoring declaration.
com.openhtmltopdf.css-parse WARNING:: (https://cdn.jsdelivr.net/gh/extent-framework/extent-github-cdn@ce8b10435bcbae260c334c0d0c6b61d2c19b6168/spark/css/spark-style.css) -ms-user-select is an unrecognized CSS property at line 6. Ignoring declaration.
com.openhtmltopdf.css-parse WARNING:: (https://cdn.jsdelivr.net/gh/extent-framework/extent-github-cdn@ce8b10435bcbae260c334c0d0c6b61d2c19b6168/spark/css/spark-style.css) user-select is an unrecognized CSS property at line 6. Ignoring declaration.
com.openhtmltopdf.css-parse WARNING:: (https://cdn.jsdelivr.net/gh/extent-framework/extent-github-cdn@ce8b10435bcbae260c334c0d0c6b61d2c19b6168/spark/css/spark-style.css) checked is not a recognized pseudo-class at line 7. Skipping ruleset.
com.openhtmltopdf.css-parse WARNING:: (https://cdn.jsdelivr.net/gh/extent-framework/extent-github-cdn@ce8b10435bcbae260c334c0d0c6b61d2c19b6168/spark/css/spark-style.css) checked is not a recognized pseudo-class at line 7. Skipping ruleset.
com.openhtmltopdf.css-parse WARNING:: (https://cdn.jsdelivr.net/gh/extent-framework/extent-github-cdn@ce8b10435bcbae260c334c0d0c6b61d2c19b6168/spark/css/spark-style.css) indeterminate is not a recognized pseudo-class at line 7. Skipping ruleset.
com.openhtmltopdf.css-parse WARNING:: (https://cdn.jsdelivr.net/gh/extent-framework/extent-github-cdn@ce8b10435bcbae260c334c0d0c6b61d2c19b6168/spark/css/spark-style.css) indeterminate is not a recognized pseudo-class at line 7. Skipping ruleset.
com.openhtmltopdf.css-parse WARNING:: (https://cdn.jsdelivr.net/gh/extent-framework/extent-github-cdn@ce8b10435bcbae260c334c0d0c6b61d2c19b6168/spark/css/spark-style.css) disabled is not a recognized pseudo-class at line 7. Skipping ruleset.
com.openhtmltopdf.css-parse WARNING:: (https://cdn.jsdelivr.net/gh/extent-framework/extent-github-cdn@ce8b10435bcbae260c334c0d0c6b61d2c19b6168/spark/css/spark-style.css) disabled is not a recognized pseudo-class at line 7. Skipping ruleset.
com.openhtmltopdf.css-parse WARNING:: (https://cdn.jsdelivr.net/gh/extent-framework/extent-github-cdn@ce8b10435bcbae260c334c0d0c6b61d2c19b6168/spark/css/spark-style.css) checked is not a recognized pseudo-class at line 7. Skipping ruleset.
com.openhtmltopdf.css-parse WARNING:: (https://cdn.jsdelivr.net/gh/extent-framework/extent-github-cdn@ce8b10435bcbae260c334c0d0c6b61d2c19b6168/spark/css/spark-style.css) checked is not a recognized pseudo-class at line 7. Skipping ruleset.
com.openhtmltopdf.css-parse WARNING:: (https://cdn.jsdelivr.net/gh/extent-framework/extent-github-cdn@ce8b10435bcbae260c334c0d0c6b61d2c19b6168/spark/css/spark-style.css) disabled is not a recognized pseudo-class at line 7. Skipping ruleset.
com.openhtmltopdf.css-parse WARNING:: (https://cdn.jsdelivr.net/gh/extent-framework/extent-github-cdn@ce8b10435bcbae260c334c0d0c6b61d2c19b6168/spark/css/spark-style.css) Found whitespace where one of a number, a percentage, a pixel value, an em value, an ex value, a pica value, a millimeter value, a centimeter value, an inch value, a point value, an angle value, a time value, a freq value, a string, an identifier, a URI, a hex color, or function was expected at line 7. Skipping declaration.
com.openhtmltopdf.css-parse WARNING:: (https://cdn.jsdelivr.net/gh/extent-framework/extent-github-cdn@ce8b10435bcbae260c334c0d0c6b61d2c19b6168/spark/css/spark-style.css) A background-position value cannot be set twice at line 7. Skipping declaration.
com.openhtmltopdf.css-parse WARNING:: (https://cdn.jsdelivr.net/gh/extent-framework/extent-github-cdn@ce8b10435bcbae260c334c0d0c6b61d2c19b6168/spark/css/spark-style.css) -webkit-appearance is an unrecognized CSS property at line 6. Ignoring declaration.
com.openhtmltopdf.css-parse WARNING:: (https://cdn.jsdelivr.net/gh/extent-framework/extent-github-cdn@ce8b10435bcbae260c334c0d0c6b61d2c19b6168/spark/css/spark-style.css) -moz-appearance is an unrecognized CSS property at line 6. Ignoring declaration.
com.openhtmltopdf.css-parse WARNING:: (https://cdn.jsdelivr.net/gh/extent-framework/extent-github-cdn@ce8b10435bcbae260c334c0d0c6b61d2c19b6168/spark/css/spark-style.css) appearance is an unrecognized CSS property at line 6. Ignoring declaration.
com.openhtmltopdf.css-parse WARNING:: (https://cdn.jsdelivr.net/gh/extent-framework/extent-github-cdn@ce8b10435bcbae260c334c0d0c6b61d2c19b6168/spark/css/spark-style.css) outline is not implemented at line 6. Ignoring declaration.
com.openhtmltopdf.css-parse WARNING:: (https://cdn.jsdelivr.net/gh/extent-framework/extent-github-cdn@ce8b10435bcbae260c334c0d0c6b61d2c19b6168/spark/css/spark-style.css) box-shadow is an unrecognized CSS property at line 6. Ignoring declaration.
com.openhtmltopdf.css-parse WARNING:: (https://cdn.jsdelivr.net/gh/extent-framework/extent-github-cdn@ce8b10435bcbae260c334c0d0c6b61d2c19b6168/spark/css/spark-style.css) -ms-value is not a recognized psuedo-element at line 7. Skipping ruleset.
com.openhtmltopdf.css-parse WARNING:: (https://cdn.jsdelivr.net/gh/extent-framework/extent-github-cdn@ce8b10435bcbae260c334c0d0c6b61d2c19b6168/spark/css/spark-style.css) not is not a valid function in this context at line 7. Skipping ruleset.
com.openhtmltopdf.css-parse WARNING:: (https://cdn.jsdelivr.net/gh/extent-framework/extent-github-cdn@ce8b10435bcbae260c334c0d0c6b61d2c19b6168/spark/css/spark-style.css) disabled is not a recognized pseudo-class at line 7. Skipping ruleset.
com.openhtmltopdf.css-parse WARNING:: (https://cdn.jsdelivr.net/gh/extent-framework/extent-github-cdn@ce8b10435bcbae260c334c0d0c6b61d2c19b6168/spark/css/spark-style.css) -ms-expand is not a recognized psuedo-element at line 7. Skipping ruleset.
com.openhtmltopdf.css-parse WARNING:: (https://cdn.jsdelivr.net/gh/extent-framework/extent-github-cdn@ce8b10435bcbae260c334c0d0c6b61d2c19b6168/spark/css/spark-style.css) Found whitespace where one of a number, a percentage, a pixel value, an em value, an ex value, a pica value, a millimeter value, a centimeter value, an inch value, a point value, an angle value, a time value, a freq value, a string, an identifier, a URI, a hex color, or function was expected at line 7. Skipping declaration.
com.openhtmltopdf.css-parse WARNING:: (https://cdn.jsdelivr.net/gh/extent-framework/extent-github-cdn@ce8b10435bcbae260c334c0d0c6b61d2c19b6168/spark/css/spark-style.css) Found whitespace where one of a number, a percentage, a pixel value, an em value, an ex value, a pica value, a millimeter value, a centimeter value, an inch value, a point value, an angle value, a time value, a freq value, a string, an identifier, a URI, a hex color, or function was expected at line 7. Skipping declaration.
com.openhtmltopdf.css-parse WARNING:: (https://cdn.jsdelivr.net/gh/extent-framework/extent-github-cdn@ce8b10435bcbae260c334c0d0c6b61d2c19b6168/spark/css/spark-style.css) Found whitespace where one of a number, a percentage, a pixel value, an em value, an ex value, a pica value, a millimeter value, a centimeter value, an inch value, a point value, an angle value, a time value, a freq value, a string, an identifier, a URI, a hex color, or function was expected at line 7. Skipping declaration.
com.openhtmltopdf.css-parse WARNING:: (https://cdn.jsdelivr.net/gh/extent-framework/extent-github-cdn@ce8b10435bcbae260c334c0d0c6b61d2c19b6168/spark/css/spark-style.css) Found whitespace where one of a number, a percentage, a pixel value, an em value, an ex value, a pica value, a millimeter value, a centimeter value, an inch value, a point value, an angle value, a time value, a freq value, a string, an identifier, a URI, a hex color, or function was expected at line 7. Skipping declaration.
com.openhtmltopdf.css-parse WARNING:: (https://cdn.jsdelivr.net/gh/extent-framework/extent-github-cdn@ce8b10435bcbae260c334c0d0c6b61d2c19b6168/spark/css/spark-style.css) opacity is an unrecognized CSS property at line 6. Ignoring declaration.
com.openhtmltopdf.css-parse WARNING:: (https://cdn.jsdelivr.net/gh/extent-framework/extent-github-cdn@ce8b10435bcbae260c334c0d0c6b61d2c19b6168/spark/css/spark-style.css) Found ~ (other) where a comma or a { was expected at line 7. Skipping ruleset.
com.openhtmltopdf.css-parse WARNING:: (https://cdn.jsdelivr.net/gh/extent-framework/extent-github-cdn@ce8b10435bcbae260c334c0d0c6b61d2c19b6168/spark/css/spark-style.css) Found ~ (other) where a comma or a { was expected at line 7. Skipping ruleset.
com.openhtmltopdf.css-parse WARNING:: (https://cdn.jsdelivr.net/gh/extent-framework/extent-github-cdn@ce8b10435bcbae260c334c0d0c6b61d2c19b6168/spark/css/spark-style.css) Found ~ (other) where a comma or a { was expected at line 7. Skipping ruleset.
com.openhtmltopdf.css-parse WARNING:: (https://cdn.jsdelivr.net/gh/extent-framework/extent-github-cdn@ce8b10435bcbae260c334c0d0c6b61d2c19b6168/spark/css/spark-style.css) Found whitespace where one of a number, a percentage, a pixel value, an em value, an ex value, a pica value, a millimeter value, a centimeter value, an inch value, a point value, an angle value, a time value, a freq value, a string, an identifier, a URI, a hex color, or function was expected at line 7. Skipping declaration.
com.openhtmltopdf.css-parse WARNING:: (https://cdn.jsdelivr.net/gh/extent-framework/extent-github-cdn@ce8b10435bcbae260c334c0d0c6b61d2c19b6168/spark/css/spark-style.css) Found whitespace where one of a number, a percentage, a pixel value, an em value, an ex value, a pica value, a millimeter value, a centimeter value, an inch value, a point value, an angle value, a time value, a freq value, a string, an identifier, a URI, a hex color, or function was expected at line 7. Skipping declaration.
com.openhtmltopdf.css-parse WARNING:: (https://cdn.jsdelivr.net/gh/extent-framework/extent-github-cdn@ce8b10435bcbae260c334c0d0c6b61d2c19b6168/spark/css/spark-style.css) Value -webkit-box is not a recognized identifier at line 7. Skipping declaration.
com.openhtmltopdf.css-parse WARNING:: (https://cdn.jsdelivr.net/gh/extent-framework/extent-github-cdn@ce8b10435bcbae260c334c0d0c6b61d2c19b6168/spark/css/spark-style.css) Value -ms-flexbox is not a recognized identifier at line 7. Skipping declaration.
com.openhtmltopdf.css-parse WARNING:: (https://cdn.jsdelivr.net/gh/extent-framework/extent-github-cdn@ce8b10435bcbae260c334c0d0c6b61d2c19b6168/spark/css/spark-style.css) Value flex is not a recognized identifier at line 7. Skipping declaration.
com.openhtmltopdf.css-parse WARNING:: (https://cdn.jsdelivr.net/gh/extent-framework/extent-github-cdn@ce8b10435bcbae260c334c0d0c6b61d2c19b6168/spark/css/spark-style.css) -ms-flex-wrap is an unrecognized CSS property at line 6. Ignoring declaration.
com.openhtmltopdf.css-parse WARNING:: (https://cdn.jsdelivr.net/gh/extent-framework/extent-github-cdn@ce8b10435bcbae260c334c0d0c6b61d2c19b6168/spark/css/spark-style.css) flex-wrap is an unrecognized CSS property at line 6. Ignoring declaration.
com.openhtmltopdf.css-parse WARNING:: (https://cdn.jsdelivr.net/gh/extent-framework/extent-github-cdn@ce8b10435bcbae260c334c0d0c6b61d2c19b6168/spark/css/spark-style.css) -webkit-box-flex is an unrecognized CSS property at line 6. Ignoring declaration.
com.openhtmltopdf.css-parse WARNING:: (https://cdn.jsdelivr.net/gh/extent-framework/extent-github-cdn@ce8b10435bcbae260c334c0d0c6b61d2c19b6168/spark/css/spark-style.css) -ms-flex is an unrecognized CSS property at line 6. Ignoring declaration.
com.openhtmltopdf.css-parse WARNING:: (https://cdn.jsdelivr.net/gh/extent-framework/extent-github-cdn@ce8b10435bcbae260c334c0d0c6b61d2c19b6168/spark/css/spark-style.css) flex is an unrecognized CSS property at line 6. Ignoring declaration.
com.openhtmltopdf.css-parse WARNING:: (https://cdn.jsdelivr.net/gh/extent-framework/extent-github-cdn@ce8b10435bcbae260c334c0d0c6b61d2c19b6168/spark/css/spark-style.css) -ms-flex-preferred-size is an unrecognized CSS property at line 6. Ignoring declaration.
com.openhtmltopdf.css-parse WARNING:: (https://cdn.jsdelivr.net/gh/extent-framework/extent-github-cdn@ce8b10435bcbae260c334c0d0c6b61d2c19b6168/spark/css/spark-style.css) flex-basis is an unrecognized CSS property at line 6. Ignoring declaration.
com.openhtmltopdf.css-parse WARNING:: (https://cdn.jsdelivr.net/gh/extent-framework/extent-github-cdn@ce8b10435bcbae260c334c0d0c6b61d2c19b6168/spark/css/spark-style.css) -webkit-box-flex is an unrecognized CSS property at line 6. Ignoring declaration.
com.openhtmltopdf.css-parse WARNING:: (https://cdn.jsdelivr.net/gh/extent-framework/extent-github-cdn@ce8b10435bcbae260c334c0d0c6b61d2c19b6168/spark/css/spark-style.css) -ms-flex-positive is an unrecognized CSS property at line 6. Ignoring declaration.
com.openhtmltopdf.css-parse WARNING:: (https://cdn.jsdelivr.net/gh/extent-framework/extent-github-cdn@ce8b10435bcbae260c334c0d0c6b61d2c19b6168/spark/css/spark-style.css) flex-grow is an unrecognized CSS property at line 6. Ignoring declaration.
com.openhtmltopdf.css-parse WARNING:: (https://cdn.jsdelivr.net/gh/extent-framework/extent-github-cdn@ce8b10435bcbae260c334c0d0c6b61d2c19b6168/spark/css/spark-style.css) Value -webkit-box is not a recognized identifier at line 7. Skipping declaration.
com.openhtmltopdf.css-parse WARNING:: (https://cdn.jsdelivr.net/gh/extent-framework/extent-github-cdn@ce8b10435bcbae260c334c0d0c6b61d2c19b6168/spark/css/spark-style.css) Value -ms-flexbox is not a recognized identifier at line 7. Skipping declaration.
com.openhtmltopdf.css-parse WARNING:: (https://cdn.jsdelivr.net/gh/extent-framework/extent-github-cdn@ce8b10435bcbae260c334c0d0c6b61d2c19b6168/spark/css/spark-style.css) Value flex is not a recognized identifier at line 7. Skipping declaration.
com.openhtmltopdf.css-parse WARNING:: (https://cdn.jsdelivr.net/gh/extent-framework/extent-github-cdn@ce8b10435bcbae260c334c0d0c6b61d2c19b6168/spark/css/spark-style.css) -ms-flex-wrap is an unrecognized CSS property at line 6. Ignoring declaration.
com.openhtmltopdf.css-parse WARNING:: (https://cdn.jsdelivr.net/gh/extent-framework/extent-github-cdn@ce8b10435bcbae260c334c0d0c6b61d2c19b6168/spark/css/spark-style.css) flex-wrap is an unrecognized CSS property at line 6. Ignoring declaration.
com.openhtmltopdf.css-parse WARNING:: (https://cdn.jsdelivr.net/gh/extent-framework/extent-github-cdn@ce8b10435bcbae260c334c0d0c6b61d2c19b6168/spark/css/spark-style.css) -webkit-box-align is an unrecognized CSS property at line 6. Ignoring declaration.
com.openhtmltopdf.css-parse WARNING:: (https://cdn.jsdelivr.net/gh/extent-framework/extent-github-cdn@ce8b10435bcbae260c334c0d0c6b61d2c19b6168/spark/css/spark-style.css) -ms-flex-align is an unrecognized CSS property at line 6. Ignoring declaration.
com.openhtmltopdf.css-parse WARNING:: (https://cdn.jsdelivr.net/gh/extent-framework/extent-github-cdn@ce8b10435bcbae260c334c0d0c6b61d2c19b6168/spark/css/spark-style.css) align-items is an unrecognized CSS property at line 6. Ignoring declaration.
com.openhtmltopdf.css-parse WARNING:: (https://cdn.jsdelivr.net/gh/extent-framework/extent-github-cdn@ce8b10435bcbae260c334c0d0c6b61d2c19b6168/spark/css/spark-style.css) -webkit-box-pack is an unrecognized CSS property at line 6. Ignoring declaration.
com.openhtmltopdf.css-parse WARNING:: (https://cdn.jsdelivr.net/gh/extent-framework/extent-github-cdn@ce8b10435bcbae260c334c0d0c6b61d2c19b6168/spark/css/spark-style.css) -ms-flex-pack is an unrecognized CSS property at line 6. Ignoring declaration.
com.openhtmltopdf.css-parse WARNING:: (https://cdn.jsdelivr.net/gh/extent-framework/extent-github-cdn@ce8b10435bcbae260c334c0d0c6b61d2c19b6168/spark/css/spark-style.css) justify-content is an unrecognized CSS property at line 6. Ignoring declaration.
com.openhtmltopdf.css-parse WARNING:: (https://cdn.jsdelivr.net/gh/extent-framework/extent-github-cdn@ce8b10435bcbae260c334c0d0c6b61d2c19b6168/spark/css/spark-style.css) Value -webkit-box is not a recognized identifier at line 7. Skipping declaration.
com.openhtmltopdf.css-parse WARNING:: (https://cdn.jsdelivr.net/gh/extent-framework/extent-github-cdn@ce8b10435bcbae260c334c0d0c6b61d2c19b6168/spark/css/spark-style.css) Value -ms-flexbox is not a recognized identifier at line 7. Skipping declaration.
com.openhtmltopdf.css-parse WARNING:: (https://cdn.jsdelivr.net/gh/extent-framework/extent-github-cdn@ce8b10435bcbae260c334c0d0c6b61d2c19b6168/spark/css/spark-style.css) Value flex is not a recognized identifier at line 7. Skipping declaration.
com.openhtmltopdf.css-parse WARNING:: (https://cdn.jsdelivr.net/gh/extent-framework/extent-github-cdn@ce8b10435bcbae260c334c0d0c6b61d2c19b6168/spark/css/spark-style.css) -ms-flex-wrap is an unrecognized CSS property at line 6. Ignoring declaration.
com.openhtmltopdf.css-parse WARNING:: (https://cdn.jsdelivr.net/gh/extent-framework/extent-github-cdn@ce8b10435bcbae260c334c0d0c6b61d2c19b6168/spark/css/spark-style.css) flex-wrap is an unrecognized CSS property at line 6. Ignoring declaration.
com.openhtmltopdf.css-parse WARNING:: (https://cdn.jsdelivr.net/gh/extent-framework/extent-github-cdn@ce8b10435bcbae260c334c0d0c6b61d2c19b6168/spark/css/spark-style.css) -webkit-box-align is an unrecognized CSS property at line 6. Ignoring declaration.
com.openhtmltopdf.css-parse WARNING:: (https://cdn.jsdelivr.net/gh/extent-framework/extent-github-cdn@ce8b10435bcbae260c334c0d0c6b61d2c19b6168/spark/css/spark-style.css) -ms-flex-align is an unrecognized CSS property at line 6. Ignoring declaration.
com.openhtmltopdf.css-parse WARNING:: (https://cdn.jsdelivr.net/gh/extent-framework/extent-github-cdn@ce8b10435bcbae260c334c0d0c6b61d2c19b6168/spark/css/spark-style.css) align-items is an unrecognized CSS property at line 6. Ignoring declaration.
com.openhtmltopdf.css-parse WARNING:: (https://cdn.jsdelivr.net/gh/extent-framework/extent-github-cdn@ce8b10435bcbae260c334c0d0c6b61d2c19b6168/spark/css/spark-style.css) -webkit-box-pack is an unrecognized CSS property at line 6. Ignoring declaration.
com.openhtmltopdf.css-parse WARNING:: (https://cdn.jsdelivr.net/gh/extent-framework/extent-github-cdn@ce8b10435bcbae260c334c0d0c6b61d2c19b6168/spark/css/spark-style.css) -ms-flex-pack is an unrecognized CSS property at line 6. Ignoring declaration.
com.openhtmltopdf.css-parse WARNING:: (https://cdn.jsdelivr.net/gh/extent-framework/extent-github-cdn@ce8b10435bcbae260c334c0d0c6b61d2c19b6168/spark/css/spark-style.css) justify-content is an unrecognized CSS property at line 6. Ignoring declaration.
com.openhtmltopdf.css-parse WARNING:: (https://cdn.jsdelivr.net/gh/extent-framework/extent-github-cdn@ce8b10435bcbae260c334c0d0c6b61d2c19b6168/spark/css/spark-style.css) Value -webkit-box is not a recognized identifier at line 7. Skipping declaration.
com.openhtmltopdf.css-parse WARNING:: (https://cdn.jsdelivr.net/gh/extent-framework/extent-github-cdn@ce8b10435bcbae260c334c0d0c6b61d2c19b6168/spark/css/spark-style.css) Value -ms-flexbox is not a recognized identifier at line 7. Skipping declaration.
com.openhtmltopdf.css-parse WARNING:: (https://cdn.jsdelivr.net/gh/extent-framework/extent-github-cdn@ce8b10435bcbae260c334c0d0c6b61d2c19b6168/spark/css/spark-style.css) Value flex is not a recognized identifier at line 7. Skipping declaration.
com.openhtmltopdf.css-parse WARNING:: (https://cdn.jsdelivr.net/gh/extent-framework/extent-github-cdn@ce8b10435bcbae260c334c0d0c6b61d2c19b6168/spark/css/spark-style.css) -webkit-box-orient is an unrecognized CSS property at line 6. Ignoring declaration.
com.openhtmltopdf.css-parse WARNING:: (https://cdn.jsdelivr.net/gh/extent-framework/extent-github-cdn@ce8b10435bcbae260c334c0d0c6b61d2c19b6168/spark/css/spark-style.css) -webkit-box-direction is an unrecognized CSS property at line 6. Ignoring declaration.
com.openhtmltopdf.css-parse WARNING:: (https://cdn.jsdelivr.net/gh/extent-framework/extent-github-cdn@ce8b10435bcbae260c334c0d0c6b61d2c19b6168/spark/css/spark-style.css) -ms-flex-direction is an unrecognized CSS property at line 6. Ignoring declaration.
com.openhtmltopdf.css-parse WARNING:: (https://cdn.jsdelivr.net/gh/extent-framework/extent-github-cdn@ce8b10435bcbae260c334c0d0c6b61d2c19b6168/spark/css/spark-style.css) flex-direction is an unrecognized CSS property at line 6. Ignoring declaration.
com.openhtmltopdf.css-parse WARNING:: (https://cdn.jsdelivr.net/gh/extent-framework/extent-github-cdn@ce8b10435bcbae260c334c0d0c6b61d2c19b6168/spark/css/spark-style.css) -ms-flex-preferred-size is an unrecognized CSS property at line 6. Ignoring declaration.
com.openhtmltopdf.css-parse WARNING:: (https://cdn.jsdelivr.net/gh/extent-framework/extent-github-cdn@ce8b10435bcbae260c334c0d0c6b61d2c19b6168/spark/css/spark-style.css) flex-basis is an unrecognized CSS property at line 6. Ignoring declaration.
com.openhtmltopdf.css-parse WARNING:: (https://cdn.jsdelivr.net/gh/extent-framework/extent-github-cdn@ce8b10435bcbae260c334c0d0c6b61d2c19b6168/spark/css/spark-style.css) -webkit-box-flex is an unrecognized CSS property at line 6. Ignoring declaration.
com.openhtmltopdf.css-parse WARNING:: (https://cdn.jsdelivr.net/gh/extent-framework/extent-github-cdn@ce8b10435bcbae260c334c0d0c6b61d2c19b6168/spark/css/spark-style.css) -ms-flex-positive is an unrecognized CSS property at line 6. Ignoring declaration.
com.openhtmltopdf.css-parse WARNING:: (https://cdn.jsdelivr.net/gh/extent-framework/extent-github-cdn@ce8b10435bcbae260c334c0d0c6b61d2c19b6168/spark/css/spark-style.css) flex-grow is an unrecognized CSS property at line 6. Ignoring declaration.
com.openhtmltopdf.css-parse WARNING:: (https://cdn.jsdelivr.net/gh/extent-framework/extent-github-cdn@ce8b10435bcbae260c334c0d0c6b61d2c19b6168/spark/css/spark-style.css) -webkit-box-align is an unrecognized CSS property at line 6. Ignoring declaration.
com.openhtmltopdf.css-parse WARNING:: (https://cdn.jsdelivr.net/gh/extent-framework/extent-github-cdn@ce8b10435bcbae260c334c0d0c6b61d2c19b6168/spark/css/spark-style.css) -ms-flex-align is an unrecognized CSS property at line 6. Ignoring declaration.
com.openhtmltopdf.css-parse WARNING:: (https://cdn.jsdelivr.net/gh/extent-framework/extent-github-cdn@ce8b10435bcbae260c334c0d0c6b61d2c19b6168/spark/css/spark-style.css) align-items is an unrecognized CSS property at line 6. Ignoring declaration.
com.openhtmltopdf.css-parse WARNING:: (https://cdn.jsdelivr.net/gh/extent-framework/extent-github-cdn@ce8b10435bcbae260c334c0d0c6b61d2c19b6168/spark/css/spark-style.css) not is not a valid function in this context at line 7. Skipping ruleset.
com.openhtmltopdf.css-parse WARNING:: (https://cdn.jsdelivr.net/gh/extent-framework/extent-github-cdn@ce8b10435bcbae260c334c0d0c6b61d2c19b6168/spark/css/spark-style.css) Found ( (other) where an identifier was expected at line 7. Skipping @media rule.
com.openhtmltopdf.css-parse WARNING:: (https://cdn.jsdelivr.net/gh/extent-framework/extent-github-cdn@ce8b10435bcbae260c334c0d0c6b61d2c19b6168/spark/css/spark-style.css) Found ( (other) where an identifier was expected at line 7. Skipping @media rule.
com.openhtmltopdf.css-parse WARNING:: (https://cdn.jsdelivr.net/gh/extent-framework/extent-github-cdn@ce8b10435bcbae260c334c0d0c6b61d2c19b6168/spark/css/spark-style.css) Found ( (other) where an identifier was expected at line 7. Skipping @media rule.
com.openhtmltopdf.css-parse WARNING:: (https://cdn.jsdelivr.net/gh/extent-framework/extent-github-cdn@ce8b10435bcbae260c334c0d0c6b61d2c19b6168/spark/css/spark-style.css) Found ( (other) where an identifier was expected at line 7. Skipping @media rule.
com.openhtmltopdf.css-parse WARNING:: (https://cdn.jsdelivr.net/gh/extent-framework/extent-github-cdn@ce8b10435bcbae260c334c0d0c6b61d2c19b6168/spark/css/spark-style.css) Found ( (other) where an identifier was expected at line 7. Skipping @media rule.
com.openhtmltopdf.css-parse WARNING:: (https://cdn.jsdelivr.net/gh/extent-framework/extent-github-cdn@ce8b10435bcbae260c334c0d0c6b61d2c19b6168/spark/css/spark-style.css) Found ( (other) where an identifier was expected at line 7. Skipping @media rule.
com.openhtmltopdf.css-parse WARNING:: (https://cdn.jsdelivr.net/gh/extent-framework/extent-github-cdn@ce8b10435bcbae260c334c0d0c6b61d2c19b6168/spark/css/spark-style.css) Found ( (other) where an identifier was expected at line 7. Skipping @media rule.
com.openhtmltopdf.css-parse WARNING:: (https://cdn.jsdelivr.net/gh/extent-framework/extent-github-cdn@ce8b10435bcbae260c334c0d0c6b61d2c19b6168/spark/css/spark-style.css) Found ( (other) where an identifier was expected at line 7. Skipping @media rule.
com.openhtmltopdf.css-parse WARNING:: (https://cdn.jsdelivr.net/gh/extent-framework/extent-github-cdn@ce8b10435bcbae260c334c0d0c6b61d2c19b6168/spark/css/spark-style.css) -webkit-box-orient is an unrecognized CSS property at line 6. Ignoring declaration.
com.openhtmltopdf.css-parse WARNING:: (https://cdn.jsdelivr.net/gh/extent-framework/extent-github-cdn@ce8b10435bcbae260c334c0d0c6b61d2c19b6168/spark/css/spark-style.css) -webkit-box-direction is an unrecognized CSS property at line 6. Ignoring declaration.
com.openhtmltopdf.css-parse WARNING:: (https://cdn.jsdelivr.net/gh/extent-framework/extent-github-cdn@ce8b10435bcbae260c334c0d0c6b61d2c19b6168/spark/css/spark-style.css) -ms-flex-flow is an unrecognized CSS property at line 6. Ignoring declaration.
com.openhtmltopdf.css-parse WARNING:: (https://cdn.jsdelivr.net/gh/extent-framework/extent-github-cdn@ce8b10435bcbae260c334c0d0c6b61d2c19b6168/spark/css/spark-style.css) flex-flow is an unrecognized CSS property at line 6. Ignoring declaration.
com.openhtmltopdf.css-parse WARNING:: (https://cdn.jsdelivr.net/gh/extent-framework/extent-github-cdn@ce8b10435bcbae260c334c0d0c6b61d2c19b6168/spark/css/spark-style.css) -webkit-box-pack is an unrecognized CSS property at line 6. Ignoring declaration.
com.openhtmltopdf.css-parse WARNING:: (https://cdn.jsdelivr.net/gh/extent-framework/extent-github-cdn@ce8b10435bcbae260c334c0d0c6b61d2c19b6168/spark/css/spark-style.css) -ms-flex-pack is an unrecognized CSS property at line 6. Ignoring declaration.
com.openhtmltopdf.css-parse WARNING:: (https://cdn.jsdelivr.net/gh/extent-framework/extent-github-cdn@ce8b10435bcbae260c334c0d0c6b61d2c19b6168/spark/css/spark-style.css) justify-content is an unrecognized CSS property at line 6. Ignoring declaration.
com.openhtmltopdf.css-parse WARNING:: (https://cdn.jsdelivr.net/gh/extent-framework/extent-github-cdn@ce8b10435bcbae260c334c0d0c6b61d2c19b6168/spark/css/spark-style.css) -webkit-box-orient is an unrecognized CSS property at line 6. Ignoring declaration.
com.openhtmltopdf.css-parse WARNING:: (https://cdn.jsdelivr.net/gh/extent-framework/extent-github-cdn@ce8b10435bcbae260c334c0d0c6b61d2c19b6168/spark/css/spark-style.css) -webkit-box-direction is an unrecognized CSS property at line 6. Ignoring declaration.
com.openhtmltopdf.css-parse WARNING:: (https://cdn.jsdelivr.net/gh/extent-framework/extent-github-cdn@ce8b10435bcbae260c334c0d0c6b61d2c19b6168/spark/css/spark-style.css) -ms-flex-direction is an unrecognized CSS property at line 6. Ignoring declaration.
com.openhtmltopdf.css-parse WARNING:: (https://cdn.jsdelivr.net/gh/extent-framework/extent-github-cdn@ce8b10435bcbae260c334c0d0c6b61d2c19b6168/spark/css/spark-style.css) flex-direction is an unrecognized CSS property at line 6. Ignoring declaration.
com.openhtmltopdf.css-parse WARNING:: (https://cdn.jsdelivr.net/gh/extent-framework/extent-github-cdn@ce8b10435bcbae260c334c0d0c6b61d2c19b6168/spark/css/spark-style.css) -ms-flex-wrap is an unrecognized CSS property at line 6. Ignoring declaration.
com.openhtmltopdf.css-parse WARNING:: (https://cdn.jsdelivr.net/gh/extent-framework/extent-github-cdn@ce8b10435bcbae260c334c0d0c6b61d2c19b6168/spark/css/spark-style.css) flex-wrap is an unrecognized CSS property at line 6. Ignoring declaration.
com.openhtmltopdf.css-parse WARNING:: (https://cdn.jsdelivr.net/gh/extent-framework/extent-github-cdn@ce8b10435bcbae260c334c0d0c6b61d2c19b6168/spark/css/spark-style.css) Value -webkit-box is not a recognized identifier at line 7. Skipping declaration.
com.openhtmltopdf.css-parse WARNING:: (https://cdn.jsdelivr.net/gh/extent-framework/extent-github-cdn@ce8b10435bcbae260c334c0d0c6b61d2c19b6168/spark/css/spark-style.css) Value -ms-flexbox is not a recognized identifier at line 7. Skipping declaration.
com.openhtmltopdf.css-parse WARNING:: (https://cdn.jsdelivr.net/gh/extent-framework/extent-github-cdn@ce8b10435bcbae260c334c0d0c6b61d2c19b6168/spark/css/spark-style.css) Value flex is not a recognized identifier at line 7. Skipping declaration.
com.openhtmltopdf.css-parse WARNING:: (https://cdn.jsdelivr.net/gh/extent-framework/extent-github-cdn@ce8b10435bcbae260c334c0d0c6b61d2c19b6168/spark/css/spark-style.css) -ms-flex-preferred-size is an unrecognized CSS property at line 6. Ignoring declaration.
com.openhtmltopdf.css-parse WARNING:: (https://cdn.jsdelivr.net/gh/extent-framework/extent-github-cdn@ce8b10435bcbae260c334c0d0c6b61d2c19b6168/spark/css/spark-style.css) flex-basis is an unrecognized CSS property at line 6. Ignoring declaration.
com.openhtmltopdf.css-parse WARNING:: (https://cdn.jsdelivr.net/gh/extent-framework/extent-github-cdn@ce8b10435bcbae260c334c0d0c6b61d2c19b6168/spark/css/spark-style.css) Value for color must be an identifier or a color at line 7. Skipping declaration.
com.openhtmltopdf.css-parse WARNING:: (https://cdn.jsdelivr.net/gh/extent-framework/extent-github-cdn@ce8b10435bcbae260c334c0d0c6b61d2c19b6168/spark/css/spark-style.css) Value for color must be an identifier or a color at line 7. Skipping declaration.
com.openhtmltopdf.css-parse WARNING:: (https://cdn.jsdelivr.net/gh/extent-framework/extent-github-cdn@ce8b10435bcbae260c334c0d0c6b61d2c19b6168/spark/css/spark-style.css) Value for color must be an identifier or a color at line 7. Skipping declaration.
com.openhtmltopdf.css-parse WARNING:: (https://cdn.jsdelivr.net/gh/extent-framework/extent-github-cdn@ce8b10435bcbae260c334c0d0c6b61d2c19b6168/spark/css/spark-style.css) Value for color must be an identifier or a color at line 7. Skipping declaration.
com.openhtmltopdf.css-parse WARNING:: (https://cdn.jsdelivr.net/gh/extent-framework/extent-github-cdn@ce8b10435bcbae260c334c0d0c6b61d2c19b6168/spark/css/spark-style.css) Value for color must be an identifier or a color at line 7. Skipping declaration.
com.openhtmltopdf.css-parse WARNING:: (https://cdn.jsdelivr.net/gh/extent-framework/extent-github-cdn@ce8b10435bcbae260c334c0d0c6b61d2c19b6168/spark/css/spark-style.css) Value for color must be an identifier or a color at line 7. Skipping declaration.
com.openhtmltopdf.css-parse WARNING:: (https://cdn.jsdelivr.net/gh/extent-framework/extent-github-cdn@ce8b10435bcbae260c334c0d0c6b61d2c19b6168/spark/css/spark-style.css) Value for color must be an identifier or a color at line 7. Skipping declaration.
com.openhtmltopdf.css-parse WARNING:: (https://cdn.jsdelivr.net/gh/extent-framework/extent-github-cdn@ce8b10435bcbae260c334c0d0c6b61d2c19b6168/spark/css/spark-style.css) Value for border-color must be an identifier or a color at line 7. Skipping declaration.
com.openhtmltopdf.css-parse WARNING:: (https://cdn.jsdelivr.net/gh/extent-framework/extent-github-cdn@ce8b10435bcbae260c334c0d0c6b61d2c19b6168/spark/css/spark-style.css) Value for color must be an identifier or a color at line 7. Skipping declaration.
com.openhtmltopdf.css-parse WARNING:: (https://cdn.jsdelivr.net/gh/extent-framework/extent-github-cdn@ce8b10435bcbae260c334c0d0c6b61d2c19b6168/spark/css/spark-style.css) Value for color must be an identifier or a color at line 7. Skipping declaration.
com.openhtmltopdf.css-parse WARNING:: (https://cdn.jsdelivr.net/gh/extent-framework/extent-github-cdn@ce8b10435bcbae260c334c0d0c6b61d2c19b6168/spark/css/spark-style.css) Value for color must be an identifier or a color at line 7. Skipping declaration.
com.openhtmltopdf.css-parse WARNING:: (https://cdn.jsdelivr.net/gh/extent-framework/extent-github-cdn@ce8b10435bcbae260c334c0d0c6b61d2c19b6168/spark/css/spark-style.css) Value for color must be an identifier or a color at line 7. Skipping declaration.
com.openhtmltopdf.css-parse WARNING:: (https://cdn.jsdelivr.net/gh/extent-framework/extent-github-cdn@ce8b10435bcbae260c334c0d0c6b61d2c19b6168/spark/css/spark-style.css) Value for color must be an identifier or a color at line 7. Skipping declaration.
com.openhtmltopdf.css-parse WARNING:: (https://cdn.jsdelivr.net/gh/extent-framework/extent-github-cdn@ce8b10435bcbae260c334c0d0c6b61d2c19b6168/spark/css/spark-style.css) Value for color must be an identifier or a color at line 7. Skipping declaration.
com.openhtmltopdf.css-parse WARNING:: (https://cdn.jsdelivr.net/gh/extent-framework/extent-github-cdn@ce8b10435bcbae260c334c0d0c6b61d2c19b6168/spark/css/spark-style.css) Value for color must be an identifier or a color at line 7. Skipping declaration.
com.openhtmltopdf.css-parse WARNING:: (https://cdn.jsdelivr.net/gh/extent-framework/extent-github-cdn@ce8b10435bcbae260c334c0d0c6b61d2c19b6168/spark/css/spark-style.css) Value for border-color must be an identifier or a color at line 7. Skipping declaration.
com.openhtmltopdf.css-parse WARNING:: (https://cdn.jsdelivr.net/gh/extent-framework/extent-github-cdn@ce8b10435bcbae260c334c0d0c6b61d2c19b6168/spark/css/spark-style.css) Value for color must be an identifier or a color at line 7. Skipping declaration.
com.openhtmltopdf.css-parse WARNING:: (https://cdn.jsdelivr.net/gh/extent-framework/extent-github-cdn@ce8b10435bcbae260c334c0d0c6b61d2c19b6168/spark/css/spark-style.css) Value -webkit-box is not a recognized identifier at line 7. Skipping declaration.
com.openhtmltopdf.css-parse WARNING:: (https://cdn.jsdelivr.net/gh/extent-framework/extent-github-cdn@ce8b10435bcbae260c334c0d0c6b61d2c19b6168/spark/css/spark-style.css) Value -ms-flexbox is not a recognized identifier at line 7. Skipping declaration.
com.openhtmltopdf.css-parse WARNING:: (https://cdn.jsdelivr.net/gh/extent-framework/extent-github-cdn@ce8b10435bcbae260c334c0d0c6b61d2c19b6168/spark/css/spark-style.css) Value flex is not a recognized identifier at line 7. Skipping declaration.
com.openhtmltopdf.css-parse WARNING:: (https://cdn.jsdelivr.net/gh/extent-framework/extent-github-cdn@ce8b10435bcbae260c334c0d0c6b61d2c19b6168/spark/css/spark-style.css) -webkit-box-orient is an unrecognized CSS property at line 6. Ignoring declaration.
com.openhtmltopdf.css-parse WARNING:: (https://cdn.jsdelivr.net/gh/extent-framework/extent-github-cdn@ce8b10435bcbae260c334c0d0c6b61d2c19b6168/spark/css/spark-style.css) -webkit-box-direction is an unrecognized CSS property at line 6. Ignoring declaration.
com.openhtmltopdf.css-parse WARNING:: (https://cdn.jsdelivr.net/gh/extent-framework/extent-github-cdn@ce8b10435bcbae260c334c0d0c6b61d2c19b6168/spark/css/spark-style.css) -ms-flex-direction is an unrecognized CSS property at line 6. Ignoring declaration.
com.openhtmltopdf.css-parse WARNING:: (https://cdn.jsdelivr.net/gh/extent-framework/extent-github-cdn@ce8b10435bcbae260c334c0d0c6b61d2c19b6168/spark/css/spark-style.css) flex-direction is an unrecognized CSS property at line 6. Ignoring declaration.
com.openhtmltopdf.css-parse WARNING:: (https://cdn.jsdelivr.net/gh/extent-framework/extent-github-cdn@ce8b10435bcbae260c334c0d0c6b61d2c19b6168/spark/css/spark-style.css) background-clip is an unrecognized CSS property at line 6. Ignoring declaration.
com.openhtmltopdf.css-parse WARNING:: (https://cdn.jsdelivr.net/gh/extent-framework/extent-github-cdn@ce8b10435bcbae260c334c0d0c6b61d2c19b6168/spark/css/spark-style.css) rgba(0,0,0,.125) is not a border width, style, or color at line 7. Skipping declaration.
com.openhtmltopdf.css-parse WARNING:: (https://cdn.jsdelivr.net/gh/extent-framework/extent-github-cdn@ce8b10435bcbae260c334c0d0c6b61d2c19b6168/spark/css/spark-style.css) -webkit-box-flex is an unrecognized CSS property at line 6. Ignoring declaration.
com.openhtmltopdf.css-parse WARNING:: (https://cdn.jsdelivr.net/gh/extent-framework/extent-github-cdn@ce8b10435bcbae260c334c0d0c6b61d2c19b6168/spark/css/spark-style.css) -ms-flex is an unrecognized CSS property at line 6. Ignoring declaration.
com.openhtmltopdf.css-parse WARNING:: (https://cdn.jsdelivr.net/gh/extent-framework/extent-github-cdn@ce8b10435bcbae260c334c0d0c6b61d2c19b6168/spark/css/spark-style.css) flex is an unrecognized CSS property at line 6. Ignoring declaration.
com.openhtmltopdf.css-parse WARNING:: (https://cdn.jsdelivr.net/gh/extent-framework/extent-github-cdn@ce8b10435bcbae260c334c0d0c6b61d2c19b6168/spark/css/spark-style.css) Value for background-color must be an identifier or a color at line 7. Skipping declaration.
com.openhtmltopdf.css-parse WARNING:: (https://cdn.jsdelivr.net/gh/extent-framework/extent-github-cdn@ce8b10435bcbae260c334c0d0c6b61d2c19b6168/spark/css/spark-style.css) rgba(0,0,0,.125) is not a border width, style, or color at line 7. Skipping declaration.
com.openhtmltopdf.css-parse WARNING:: (https://cdn.jsdelivr.net/gh/extent-framework/extent-github-cdn@ce8b10435bcbae260c334c0d0c6b61d2c19b6168/spark/css/spark-style.css) Found whitespace where one of a number, a percentage, a pixel value, an em value, an ex value, a pica value, a millimeter value, a centimeter value, an inch value, a point value, an angle value, a time value, a freq value, a string, an identifier, a URI, a hex color, or function was expected at line 7. Skipping declaration.
com.openhtmltopdf.css-parse WARNING:: (https://cdn.jsdelivr.net/gh/extent-framework/extent-github-cdn@ce8b10435bcbae260c334c0d0c6b61d2c19b6168/spark/css/spark-style.css) Value for background-color must be an identifier or a color at line 7. Skipping declaration.
com.openhtmltopdf.css-parse WARNING:: (https://cdn.jsdelivr.net/gh/extent-framework/extent-github-cdn@ce8b10435bcbae260c334c0d0c6b61d2c19b6168/spark/css/spark-style.css) rgba(0,0,0,.125) is not a border width, style, or color at line 7. Skipping declaration.
com.openhtmltopdf.css-parse WARNING:: (https://cdn.jsdelivr.net/gh/extent-framework/extent-github-cdn@ce8b10435bcbae260c334c0d0c6b61d2c19b6168/spark/css/spark-style.css) Found whitespace where one of a number, a percentage, a pixel value, an em value, an ex value, a pica value, a millimeter value, a centimeter value, an inch value, a point value, an angle value, a time value, a freq value, a string, an identifier, a URI, a hex color, or function was expected at line 7. Skipping declaration.
com.openhtmltopdf.css-parse WARNING:: (https://cdn.jsdelivr.net/gh/extent-framework/extent-github-cdn@ce8b10435bcbae260c334c0d0c6b61d2c19b6168/spark/css/spark-style.css) Found whitespace where one of a number, a percentage, a pixel value, an em value, an ex value, a pica value, a millimeter value, a centimeter value, an inch value, a point value, an angle value, a time value, a freq value, a string, an identifier, a URI, a hex color, or function was expected at line 7. Skipping declaration.
com.openhtmltopdf.css-parse WARNING:: (https://cdn.jsdelivr.net/gh/extent-framework/extent-github-cdn@ce8b10435bcbae260c334c0d0c6b61d2c19b6168/spark/css/spark-style.css) Found whitespace where one of a number, a percentage, a pixel value, an em value, an ex value, a pica value, a millimeter value, a centimeter value, an inch value, a point value, an angle value, a time value, a freq value, a string, an identifier, a URI, a hex color, or function was expected at line 7. Skipping declaration.
com.openhtmltopdf.css-parse WARNING:: (https://cdn.jsdelivr.net/gh/extent-framework/extent-github-cdn@ce8b10435bcbae260c334c0d0c6b61d2c19b6168/spark/css/spark-style.css) Found whitespace where one of a number, a percentage, a pixel value, an em value, an ex value, a pica value, a millimeter value, a centimeter value, an inch value, a point value, an angle value, a time value, a freq value, a string, an identifier, a URI, a hex color, or function was expected at line 7. Skipping declaration.
com.openhtmltopdf.css-parse WARNING:: (https://cdn.jsdelivr.net/gh/extent-framework/extent-github-cdn@ce8b10435bcbae260c334c0d0c6b61d2c19b6168/spark/css/spark-style.css) Found whitespace where one of a number, a percentage, a pixel value, an em value, an ex value, a pica value, a millimeter value, a centimeter value, an inch value, a point value, an angle value, a time value, a freq value, a string, an identifier, a URI, a hex color, or function was expected at line 7. Skipping declaration.
com.openhtmltopdf.css-parse WARNING:: (https://cdn.jsdelivr.net/gh/extent-framework/extent-github-cdn@ce8b10435bcbae260c334c0d0c6b61d2c19b6168/spark/css/spark-style.css) Found whitespace where one of a number, a percentage, a pixel value, an em value, an ex value, a pica value, a millimeter value, a centimeter value, an inch value, a point value, an angle value, a time value, a freq value, a string, an identifier, a URI, a hex color, or function was expected at line 7. Skipping declaration.
com.openhtmltopdf.css-parse WARNING:: (https://cdn.jsdelivr.net/gh/extent-framework/extent-github-cdn@ce8b10435bcbae260c334c0d0c6b61d2c19b6168/spark/css/spark-style.css) Value -webkit-box is not a recognized identifier at line 7. Skipping declaration.
com.openhtmltopdf.css-parse WARNING:: (https://cdn.jsdelivr.net/gh/extent-framework/extent-github-cdn@ce8b10435bcbae260c334c0d0c6b61d2c19b6168/spark/css/spark-style.css) Value -ms-flexbox is not a recognized identifier at line 7. Skipping declaration.
com.openhtmltopdf.css-parse WARNING:: (https://cdn.jsdelivr.net/gh/extent-framework/extent-github-cdn@ce8b10435bcbae260c334c0d0c6b61d2c19b6168/spark/css/spark-style.css) Value flex is not a recognized identifier at line 7. Skipping declaration.
com.openhtmltopdf.css-parse WARNING:: (https://cdn.jsdelivr.net/gh/extent-framework/extent-github-cdn@ce8b10435bcbae260c334c0d0c6b61d2c19b6168/spark/css/spark-style.css) -webkit-box-orient is an unrecognized CSS property at line 6. Ignoring declaration.
com.openhtmltopdf.css-parse WARNING:: (https://cdn.jsdelivr.net/gh/extent-framework/extent-github-cdn@ce8b10435bcbae260c334c0d0c6b61d2c19b6168/spark/css/spark-style.css) -webkit-box-direction is an unrecognized CSS property at line 6. Ignoring declaration.
com.openhtmltopdf.css-parse WARNING:: (https://cdn.jsdelivr.net/gh/extent-framework/extent-github-cdn@ce8b10435bcbae260c334c0d0c6b61d2c19b6168/spark/css/spark-style.css) -ms-flex-direction is an unrecognized CSS property at line 6. Ignoring declaration.
com.openhtmltopdf.css-parse WARNING:: (https://cdn.jsdelivr.net/gh/extent-framework/extent-github-cdn@ce8b10435bcbae260c334c0d0c6b61d2c19b6168/spark/css/spark-style.css) flex-direction is an unrecognized CSS property at line 6. Ignoring declaration.
com.openhtmltopdf.css-parse WARNING:: (https://cdn.jsdelivr.net/gh/extent-framework/extent-github-cdn@ce8b10435bcbae260c334c0d0c6b61d2c19b6168/spark/css/spark-style.css) Found ( (other) where an identifier was expected at line 7. Skipping @media rule.
com.openhtmltopdf.css-parse WARNING:: (https://cdn.jsdelivr.net/gh/extent-framework/extent-github-cdn@ce8b10435bcbae260c334c0d0c6b61d2c19b6168/spark/css/spark-style.css) Value -webkit-box is not a recognized identifier at line 7. Skipping declaration.
com.openhtmltopdf.css-parse WARNING:: (https://cdn.jsdelivr.net/gh/extent-framework/extent-github-cdn@ce8b10435bcbae260c334c0d0c6b61d2c19b6168/spark/css/spark-style.css) Value -ms-flexbox is not a recognized identifier at line 7. Skipping declaration.
com.openhtmltopdf.css-parse WARNING:: (https://cdn.jsdelivr.net/gh/extent-framework/extent-github-cdn@ce8b10435bcbae260c334c0d0c6b61d2c19b6168/spark/css/spark-style.css) Value flex is not a recognized identifier at line 7. Skipping declaration.
com.openhtmltopdf.css-parse WARNING:: (https://cdn.jsdelivr.net/gh/extent-framework/extent-github-cdn@ce8b10435bcbae260c334c0d0c6b61d2c19b6168/spark/css/spark-style.css) -webkit-box-orient is an unrecognized CSS property at line 6. Ignoring declaration.
com.openhtmltopdf.css-parse WARNING:: (https://cdn.jsdelivr.net/gh/extent-framework/extent-github-cdn@ce8b10435bcbae260c334c0d0c6b61d2c19b6168/spark/css/spark-style.css) -webkit-box-direction is an unrecognized CSS property at line 6. Ignoring declaration.
com.openhtmltopdf.css-parse WARNING:: (https://cdn.jsdelivr.net/gh/extent-framework/extent-github-cdn@ce8b10435bcbae260c334c0d0c6b61d2c19b6168/spark/css/spark-style.css) -ms-flex-direction is an unrecognized CSS property at line 6. Ignoring declaration.
com.openhtmltopdf.css-parse WARNING:: (https://cdn.jsdelivr.net/gh/extent-framework/extent-github-cdn@ce8b10435bcbae260c334c0d0c6b61d2c19b6168/spark/css/spark-style.css) flex-direction is an unrecognized CSS property at line 6. Ignoring declaration.
com.openhtmltopdf.css-parse WARNING:: (https://cdn.jsdelivr.net/gh/extent-framework/extent-github-cdn@ce8b10435bcbae260c334c0d0c6b61d2c19b6168/spark/css/spark-style.css) Found ( (other) where an identifier was expected at line 7. Skipping @media rule.
com.openhtmltopdf.css-parse WARNING:: (https://cdn.jsdelivr.net/gh/extent-framework/extent-github-cdn@ce8b10435bcbae260c334c0d0c6b61d2c19b6168/spark/css/spark-style.css) Found ( (other) where an identifier was expected at line 7. Skipping @media rule.
com.openhtmltopdf.css-parse WARNING:: (https://cdn.jsdelivr.net/gh/extent-framework/extent-github-cdn@ce8b10435bcbae260c334c0d0c6b61d2c19b6168/spark/css/spark-style.css) Value -webkit-box is not a recognized identifier at line 7. Skipping declaration.
com.openhtmltopdf.css-parse WARNING:: (https://cdn.jsdelivr.net/gh/extent-framework/extent-github-cdn@ce8b10435bcbae260c334c0d0c6b61d2c19b6168/spark/css/spark-style.css) Value -ms-flexbox is not a recognized identifier at line 7. Skipping declaration.
com.openhtmltopdf.css-parse WARNING:: (https://cdn.jsdelivr.net/gh/extent-framework/extent-github-cdn@ce8b10435bcbae260c334c0d0c6b61d2c19b6168/spark/css/spark-style.css) Value flex is not a recognized identifier at line 7. Skipping declaration.
com.openhtmltopdf.css-parse WARNING:: (https://cdn.jsdelivr.net/gh/extent-framework/extent-github-cdn@ce8b10435bcbae260c334c0d0c6b61d2c19b6168/spark/css/spark-style.css) -ms-flex-wrap is an unrecognized CSS property at line 6. Ignoring declaration.
com.openhtmltopdf.css-parse WARNING:: (https://cdn.jsdelivr.net/gh/extent-framework/extent-github-cdn@ce8b10435bcbae260c334c0d0c6b61d2c19b6168/spark/css/spark-style.css) flex-wrap is an unrecognized CSS property at line 6. Ignoring declaration.
com.openhtmltopdf.css-parse WARNING:: (https://cdn.jsdelivr.net/gh/extent-framework/extent-github-cdn@ce8b10435bcbae260c334c0d0c6b61d2c19b6168/spark/css/spark-style.css) Value -webkit-box is not a recognized identifier at line 7. Skipping declaration.
com.openhtmltopdf.css-parse WARNING:: (https://cdn.jsdelivr.net/gh/extent-framework/extent-github-cdn@ce8b10435bcbae260c334c0d0c6b61d2c19b6168/spark/css/spark-style.css) Value -ms-flexbox is not a recognized identifier at line 7. Skipping declaration.
com.openhtmltopdf.css-parse WARNING:: (https://cdn.jsdelivr.net/gh/extent-framework/extent-github-cdn@ce8b10435bcbae260c334c0d0c6b61d2c19b6168/spark/css/spark-style.css) Value flex is not a recognized identifier at line 7. Skipping declaration.
com.openhtmltopdf.css-parse WARNING:: (https://cdn.jsdelivr.net/gh/extent-framework/extent-github-cdn@ce8b10435bcbae260c334c0d0c6b61d2c19b6168/spark/css/spark-style.css) outline is not implemented at line 6. Ignoring declaration.
com.openhtmltopdf.css-parse WARNING:: (https://cdn.jsdelivr.net/gh/extent-framework/extent-github-cdn@ce8b10435bcbae260c334c0d0c6b61d2c19b6168/spark/css/spark-style.css) box-shadow is an unrecognized CSS property at line 6. Ignoring declaration.
com.openhtmltopdf.css-parse WARNING:: (https://cdn.jsdelivr.net/gh/extent-framework/extent-github-cdn@ce8b10435bcbae260c334c0d0c6b61d2c19b6168/spark/css/spark-style.css) not is not a valid function in this context at line 7. Skipping ruleset.
com.openhtmltopdf.css-parse WARNING:: (https://cdn.jsdelivr.net/gh/extent-framework/extent-github-cdn@ce8b10435bcbae260c334c0d0c6b61d2c19b6168/spark/css/spark-style.css) pointer-events is an unrecognized CSS property at line 6. Ignoring declaration.
com.openhtmltopdf.css-parse WARNING:: (https://cdn.jsdelivr.net/gh/extent-framework/extent-github-cdn@ce8b10435bcbae260c334c0d0c6b61d2c19b6168/spark/css/spark-style.css) empty is not a recognized pseudo-class at line 7. Skipping ruleset.
com.openhtmltopdf.css-parse WARNING:: (https://cdn.jsdelivr.net/gh/extent-framework/extent-github-cdn@ce8b10435bcbae260c334c0d0c6b61d2c19b6168/spark/css/spark-style.css) Found ( (other) where an identifier was expected at line 7. Skipping @media rule.
com.openhtmltopdf.css-parse WARNING:: (https://cdn.jsdelivr.net/gh/extent-framework/extent-github-cdn@ce8b10435bcbae260c334c0d0c6b61d2c19b6168/spark/css/spark-style.css) Invalid at-rule at line 7. Skipping at-rule.
com.openhtmltopdf.css-parse WARNING:: (https://cdn.jsdelivr.net/gh/extent-framework/extent-github-cdn@ce8b10435bcbae260c334c0d0c6b61d2c19b6168/spark/css/spark-style.css) Found at rule where one of a hex color, ., [, or : was expected at line 7. Skipping ruleset.
com.openhtmltopdf.css-parse WARNING:: (https://cdn.jsdelivr.net/gh/extent-framework/extent-github-cdn@ce8b10435bcbae260c334c0d0c6b61d2c19b6168/spark/css/spark-style.css) Value -webkit-box is not a recognized identifier at line 7. Skipping declaration.
com.openhtmltopdf.css-parse WARNING:: (https://cdn.jsdelivr.net/gh/extent-framework/extent-github-cdn@ce8b10435bcbae260c334c0d0c6b61d2c19b6168/spark/css/spark-style.css) Value -ms-flexbox is not a recognized identifier at line 7. Skipping declaration.
com.openhtmltopdf.css-parse WARNING:: (https://cdn.jsdelivr.net/gh/extent-framework/extent-github-cdn@ce8b10435bcbae260c334c0d0c6b61d2c19b6168/spark/css/spark-style.css) Value flex is not a recognized identifier at line 7. Skipping declaration.
com.openhtmltopdf.css-parse WARNING:: (https://cdn.jsdelivr.net/gh/extent-framework/extent-github-cdn@ce8b10435bcbae260c334c0d0c6b61d2c19b6168/spark/css/spark-style.css) Value -webkit-box is not a recognized identifier at line 7. Skipping declaration.
com.openhtmltopdf.css-parse WARNING:: (https://cdn.jsdelivr.net/gh/extent-framework/extent-github-cdn@ce8b10435bcbae260c334c0d0c6b61d2c19b6168/spark/css/spark-style.css) Value -ms-flexbox is not a recognized identifier at line 7. Skipping declaration.
com.openhtmltopdf.css-parse WARNING:: (https://cdn.jsdelivr.net/gh/extent-framework/extent-github-cdn@ce8b10435bcbae260c334c0d0c6b61d2c19b6168/spark/css/spark-style.css) Value flex is not a recognized identifier at line 7. Skipping declaration.
com.openhtmltopdf.css-parse WARNING:: (https://cdn.jsdelivr.net/gh/extent-framework/extent-github-cdn@ce8b10435bcbae260c334c0d0c6b61d2c19b6168/spark/css/spark-style.css) -webkit-box-orient is an unrecognized CSS property at line 6. Ignoring declaration.
com.openhtmltopdf.css-parse WARNING:: (https://cdn.jsdelivr.net/gh/extent-framework/extent-github-cdn@ce8b10435bcbae260c334c0d0c6b61d2c19b6168/spark/css/spark-style.css) -webkit-box-direction is an unrecognized CSS property at line 6. Ignoring declaration.
com.openhtmltopdf.css-parse WARNING:: (https://cdn.jsdelivr.net/gh/extent-framework/extent-github-cdn@ce8b10435bcbae260c334c0d0c6b61d2c19b6168/spark/css/spark-style.css) -ms-flex-direction is an unrecognized CSS property at line 6. Ignoring declaration.
com.openhtmltopdf.css-parse WARNING:: (https://cdn.jsdelivr.net/gh/extent-framework/extent-github-cdn@ce8b10435bcbae260c334c0d0c6b61d2c19b6168/spark/css/spark-style.css) flex-direction is an unrecognized CSS property at line 6. Ignoring declaration.
com.openhtmltopdf.css-parse WARNING:: (https://cdn.jsdelivr.net/gh/extent-framework/extent-github-cdn@ce8b10435bcbae260c334c0d0c6b61d2c19b6168/spark/css/spark-style.css) -webkit-box-pack is an unrecognized CSS property at line 6. Ignoring declaration.
com.openhtmltopdf.css-parse WARNING:: (https://cdn.jsdelivr.net/gh/extent-framework/extent-github-cdn@ce8b10435bcbae260c334c0d0c6b61d2c19b6168/spark/css/spark-style.css) -ms-flex-pack is an unrecognized CSS property at line 6. Ignoring declaration.
com.openhtmltopdf.css-parse WARNING:: (https://cdn.jsdelivr.net/gh/extent-framework/extent-github-cdn@ce8b10435bcbae260c334c0d0c6b61d2c19b6168/spark/css/spark-style.css) justify-content is an unrecognized CSS property at line 6. Ignoring declaration.
com.openhtmltopdf.css-parse WARNING:: (https://cdn.jsdelivr.net/gh/extent-framework/extent-github-cdn@ce8b10435bcbae260c334c0d0c6b61d2c19b6168/spark/css/spark-style.css) transition is an unrecognized CSS property at line 6. Ignoring declaration.
com.openhtmltopdf.css-parse WARNING:: (https://cdn.jsdelivr.net/gh/extent-framework/extent-github-cdn@ce8b10435bcbae260c334c0d0c6b61d2c19b6168/spark/css/spark-style.css) Unsupported CSS unit s at line 7. Skipping declaration.
com.openhtmltopdf.css-parse WARNING:: (https://cdn.jsdelivr.net/gh/extent-framework/extent-github-cdn@ce8b10435bcbae260c334c0d0c6b61d2c19b6168/spark/css/spark-style.css) -webkit-animation is an unrecognized CSS property at line 6. Ignoring declaration.
com.openhtmltopdf.css-parse WARNING:: (https://cdn.jsdelivr.net/gh/extent-framework/extent-github-cdn@ce8b10435bcbae260c334c0d0c6b61d2c19b6168/spark/css/spark-style.css) Unsupported CSS unit s at line 7. Skipping declaration.
com.openhtmltopdf.css-parse WARNING:: (https://cdn.jsdelivr.net/gh/extent-framework/extent-github-cdn@ce8b10435bcbae260c334c0d0c6b61d2c19b6168/spark/css/spark-style.css) animation is an unrecognized CSS property at line 6. Ignoring declaration.
com.openhtmltopdf.css-parse WARNING:: (https://cdn.jsdelivr.net/gh/extent-framework/extent-github-cdn@ce8b10435bcbae260c334c0d0c6b61d2c19b6168/spark/css/spark-style.css) Unsupported CSS unit s at line 7. Skipping declaration.
com.openhtmltopdf.css-parse WARNING:: (https://cdn.jsdelivr.net/gh/extent-framework/extent-github-cdn@ce8b10435bcbae260c334c0d0c6b61d2c19b6168/spark/css/spark-style.css) Value -webkit-box is not a recognized identifier at line 7. Skipping declaration.
com.openhtmltopdf.css-parse WARNING:: (https://cdn.jsdelivr.net/gh/extent-framework/extent-github-cdn@ce8b10435bcbae260c334c0d0c6b61d2c19b6168/spark/css/spark-style.css) Value -ms-flexbox is not a recognized identifier at line 7. Skipping declaration.
com.openhtmltopdf.css-parse WARNING:: (https://cdn.jsdelivr.net/gh/extent-framework/extent-github-cdn@ce8b10435bcbae260c334c0d0c6b61d2c19b6168/spark/css/spark-style.css) Value flex is not a recognized identifier at line 7. Skipping declaration.
com.openhtmltopdf.css-parse WARNING:: (https://cdn.jsdelivr.net/gh/extent-framework/extent-github-cdn@ce8b10435bcbae260c334c0d0c6b61d2c19b6168/spark/css/spark-style.css) -webkit-box-align is an unrecognized CSS property at line 6. Ignoring declaration.
com.openhtmltopdf.css-parse WARNING:: (https://cdn.jsdelivr.net/gh/extent-framework/extent-github-cdn@ce8b10435bcbae260c334c0d0c6b61d2c19b6168/spark/css/spark-style.css) -ms-flex-align is an unrecognized CSS property at line 6. Ignoring declaration.
com.openhtmltopdf.css-parse WARNING:: (https://cdn.jsdelivr.net/gh/extent-framework/extent-github-cdn@ce8b10435bcbae260c334c0d0c6b61d2c19b6168/spark/css/spark-style.css) align-items is an unrecognized CSS property at line 6. Ignoring declaration.
com.openhtmltopdf.css-parse WARNING:: (https://cdn.jsdelivr.net/gh/extent-framework/extent-github-cdn@ce8b10435bcbae260c334c0d0c6b61d2c19b6168/spark/css/spark-style.css) -webkit-box-flex is an unrecognized CSS property at line 6. Ignoring declaration.
com.openhtmltopdf.css-parse WARNING:: (https://cdn.jsdelivr.net/gh/extent-framework/extent-github-cdn@ce8b10435bcbae260c334c0d0c6b61d2c19b6168/spark/css/spark-style.css) -ms-flex is an unrecognized CSS property at line 6. Ignoring declaration.
com.openhtmltopdf.css-parse WARNING:: (https://cdn.jsdelivr.net/gh/extent-framework/extent-github-cdn@ce8b10435bcbae260c334c0d0c6b61d2c19b6168/spark/css/spark-style.css) flex is an unrecognized CSS property at line 6. Ignoring declaration.
com.openhtmltopdf.css-parse WARNING:: (https://cdn.jsdelivr.net/gh/extent-framework/extent-github-cdn@ce8b10435bcbae260c334c0d0c6b61d2c19b6168/spark/css/spark-style.css) Value -webkit-box is not a recognized identifier at line 7. Skipping declaration.
com.openhtmltopdf.css-parse WARNING:: (https://cdn.jsdelivr.net/gh/extent-framework/extent-github-cdn@ce8b10435bcbae260c334c0d0c6b61d2c19b6168/spark/css/spark-style.css) Value -ms-flexbox is not a recognized identifier at line 7. Skipping declaration.
com.openhtmltopdf.css-parse WARNING:: (https://cdn.jsdelivr.net/gh/extent-framework/extent-github-cdn@ce8b10435bcbae260c334c0d0c6b61d2c19b6168/spark/css/spark-style.css) Value flex is not a recognized identifier at line 7. Skipping declaration.
com.openhtmltopdf.css-parse WARNING:: (https://cdn.jsdelivr.net/gh/extent-framework/extent-github-cdn@ce8b10435bcbae260c334c0d0c6b61d2c19b6168/spark/css/spark-style.css) -webkit-box-orient is an unrecognized CSS property at line 6. Ignoring declaration.
com.openhtmltopdf.css-parse WARNING:: (https://cdn.jsdelivr.net/gh/extent-framework/extent-github-cdn@ce8b10435bcbae260c334c0d0c6b61d2c19b6168/spark/css/spark-style.css) -webkit-box-direction is an unrecognized CSS property at line 6. Ignoring declaration.
com.openhtmltopdf.css-parse WARNING:: (https://cdn.jsdelivr.net/gh/extent-framework/extent-github-cdn@ce8b10435bcbae260c334c0d0c6b61d2c19b6168/spark/css/spark-style.css) -ms-flex-direction is an unrecognized CSS property at line 6. Ignoring declaration.
com.openhtmltopdf.css-parse WARNING:: (https://cdn.jsdelivr.net/gh/extent-framework/extent-github-cdn@ce8b10435bcbae260c334c0d0c6b61d2c19b6168/spark/css/spark-style.css) flex-direction is an unrecognized CSS property at line 6. Ignoring declaration.
com.openhtmltopdf.css-parse WARNING:: (https://cdn.jsdelivr.net/gh/extent-framework/extent-github-cdn@ce8b10435bcbae260c334c0d0c6b61d2c19b6168/spark/css/spark-style.css) rgba(0,0,0,.125) is not a border width, style, or color at line 7. Skipping declaration.
com.openhtmltopdf.css-parse WARNING:: (https://cdn.jsdelivr.net/gh/extent-framework/extent-github-cdn@ce8b10435bcbae260c334c0d0c6b61d2c19b6168/spark/css/spark-style.css) disabled is not a recognized pseudo-class at line 7. Skipping ruleset.
com.openhtmltopdf.css-parse WARNING:: (https://cdn.jsdelivr.net/gh/extent-framework/extent-github-cdn@ce8b10435bcbae260c334c0d0c6b61d2c19b6168/spark/css/spark-style.css) text-shadow is an unrecognized CSS property at line 6. Ignoring declaration.
com.openhtmltopdf.css-parse WARNING:: (https://cdn.jsdelivr.net/gh/extent-framework/extent-github-cdn@ce8b10435bcbae260c334c0d0c6b61d2c19b6168/spark/css/spark-style.css) opacity is an unrecognized CSS property at line 6. Ignoring declaration.
com.openhtmltopdf.css-parse WARNING:: (https://cdn.jsdelivr.net/gh/extent-framework/extent-github-cdn@ce8b10435bcbae260c334c0d0c6b61d2c19b6168/spark/css/spark-style.css) opacity is an unrecognized CSS property at line 6. Ignoring declaration.
com.openhtmltopdf.css-parse WARNING:: (https://cdn.jsdelivr.net/gh/extent-framework/extent-github-cdn@ce8b10435bcbae260c334c0d0c6b61d2c19b6168/spark/css/spark-style.css) not is not a valid function in this context at line 7. Skipping ruleset.
com.openhtmltopdf.css-parse WARNING:: (https://cdn.jsdelivr.net/gh/extent-framework/extent-github-cdn@ce8b10435bcbae260c334c0d0c6b61d2c19b6168/spark/css/spark-style.css) -webkit-appearance is an unrecognized CSS property at line 6. Ignoring declaration.
com.openhtmltopdf.css-parse WARNING:: (https://cdn.jsdelivr.net/gh/extent-framework/extent-github-cdn@ce8b10435bcbae260c334c0d0c6b61d2c19b6168/spark/css/spark-style.css) outline is not implemented at line 6. Ignoring declaration.
com.openhtmltopdf.css-parse WARNING:: (https://cdn.jsdelivr.net/gh/extent-framework/extent-github-cdn@ce8b10435bcbae260c334c0d0c6b61d2c19b6168/spark/css/spark-style.css) overflow-x is an unrecognized CSS property at line 6. Ignoring declaration.
com.openhtmltopdf.css-parse WARNING:: (https://cdn.jsdelivr.net/gh/extent-framework/extent-github-cdn@ce8b10435bcbae260c334c0d0c6b61d2c19b6168/spark/css/spark-style.css) overflow-y is an unrecognized CSS property at line 6. Ignoring declaration.
com.openhtmltopdf.css-parse WARNING:: (https://cdn.jsdelivr.net/gh/extent-framework/extent-github-cdn@ce8b10435bcbae260c334c0d0c6b61d2c19b6168/spark/css/spark-style.css) pointer-events is an unrecognized CSS property at line 6. Ignoring declaration.
com.openhtmltopdf.css-parse WARNING:: (https://cdn.jsdelivr.net/gh/extent-framework/extent-github-cdn@ce8b10435bcbae260c334c0d0c6b61d2c19b6168/spark/css/spark-style.css) transition is an unrecognized CSS property at line 6. Ignoring declaration.
com.openhtmltopdf.css-parse WARNING:: (https://cdn.jsdelivr.net/gh/extent-framework/extent-github-cdn@ce8b10435bcbae260c334c0d0c6b61d2c19b6168/spark/css/spark-style.css) Unsupported CSS unit s at line 7. Skipping declaration.
com.openhtmltopdf.css-parse WARNING:: (https://cdn.jsdelivr.net/gh/extent-framework/extent-github-cdn@ce8b10435bcbae260c334c0d0c6b61d2c19b6168/spark/css/spark-style.css) transition is an unrecognized CSS property at line 6. Ignoring declaration.
com.openhtmltopdf.css-parse WARNING:: (https://cdn.jsdelivr.net/gh/extent-framework/extent-github-cdn@ce8b10435bcbae260c334c0d0c6b61d2c19b6168/spark/css/spark-style.css) Unsupported CSS unit s at line 7. Skipping declaration.
com.openhtmltopdf.css-parse WARNING:: (https://cdn.jsdelivr.net/gh/extent-framework/extent-github-cdn@ce8b10435bcbae260c334c0d0c6b61d2c19b6168/spark/css/spark-style.css) transition is an unrecognized CSS property at line 6. Ignoring declaration.
com.openhtmltopdf.css-parse WARNING:: (https://cdn.jsdelivr.net/gh/extent-framework/extent-github-cdn@ce8b10435bcbae260c334c0d0c6b61d2c19b6168/spark/css/spark-style.css) Unsupported CSS unit s at line 7. Skipping declaration.
com.openhtmltopdf.css-parse WARNING:: (https://cdn.jsdelivr.net/gh/extent-framework/extent-github-cdn@ce8b10435bcbae260c334c0d0c6b61d2c19b6168/spark/css/spark-style.css) -webkit-transform is an unrecognized CSS property at line 6. Ignoring declaration.
com.openhtmltopdf.css-parse WARNING:: (https://cdn.jsdelivr.net/gh/extent-framework/extent-github-cdn@ce8b10435bcbae260c334c0d0c6b61d2c19b6168/spark/css/spark-style.css) -webkit-transform is an unrecognized CSS property at line 6. Ignoring declaration.
com.openhtmltopdf.css-parse WARNING:: (https://cdn.jsdelivr.net/gh/extent-framework/extent-github-cdn@ce8b10435bcbae260c334c0d0c6b61d2c19b6168/spark/css/spark-style.css) Value -webkit-box is not a recognized identifier at line 7. Skipping declaration.
com.openhtmltopdf.css-parse WARNING:: (https://cdn.jsdelivr.net/gh/extent-framework/extent-github-cdn@ce8b10435bcbae260c334c0d0c6b61d2c19b6168/spark/css/spark-style.css) Value -ms-flexbox is not a recognized identifier at line 7. Skipping declaration.
com.openhtmltopdf.css-parse WARNING:: (https://cdn.jsdelivr.net/gh/extent-framework/extent-github-cdn@ce8b10435bcbae260c334c0d0c6b61d2c19b6168/spark/css/spark-style.css) Value flex is not a recognized identifier at line 7. Skipping declaration.
com.openhtmltopdf.css-parse WARNING:: (https://cdn.jsdelivr.net/gh/extent-framework/extent-github-cdn@ce8b10435bcbae260c334c0d0c6b61d2c19b6168/spark/css/spark-style.css) -webkit-box-align is an unrecognized CSS property at line 6. Ignoring declaration.
com.openhtmltopdf.css-parse WARNING:: (https://cdn.jsdelivr.net/gh/extent-framework/extent-github-cdn@ce8b10435bcbae260c334c0d0c6b61d2c19b6168/spark/css/spark-style.css) -ms-flex-align is an unrecognized CSS property at line 6. Ignoring declaration.
com.openhtmltopdf.css-parse WARNING:: (https://cdn.jsdelivr.net/gh/extent-framework/extent-github-cdn@ce8b10435bcbae260c334c0d0c6b61d2c19b6168/spark/css/spark-style.css) align-items is an unrecognized CSS property at line 6. Ignoring declaration.
com.openhtmltopdf.css-parse WARNING:: (https://cdn.jsdelivr.net/gh/extent-framework/extent-github-cdn@ce8b10435bcbae260c334c0d0c6b61d2c19b6168/spark/css/spark-style.css) Found whitespace where one of a number, a percentage, a pixel value, an em value, an ex value, a pica value, a millimeter value, a centimeter value, an inch value, a point value, an angle value, a time value, a freq value, a string, an identifier, a URI, a hex color, or function was expected at line 7. Skipping declaration.
com.openhtmltopdf.css-parse WARNING:: (https://cdn.jsdelivr.net/gh/extent-framework/extent-github-cdn@ce8b10435bcbae260c334c0d0c6b61d2c19b6168/spark/css/spark-style.css) Value -webkit-box is not a recognized identifier at line 7. Skipping declaration.
com.openhtmltopdf.css-parse WARNING:: (https://cdn.jsdelivr.net/gh/extent-framework/extent-github-cdn@ce8b10435bcbae260c334c0d0c6b61d2c19b6168/spark/css/spark-style.css) Value -ms-flexbox is not a recognized identifier at line 7. Skipping declaration.
com.openhtmltopdf.css-parse WARNING:: (https://cdn.jsdelivr.net/gh/extent-framework/extent-github-cdn@ce8b10435bcbae260c334c0d0c6b61d2c19b6168/spark/css/spark-style.css) Value flex is not a recognized identifier at line 7. Skipping declaration.
com.openhtmltopdf.css-parse WARNING:: (https://cdn.jsdelivr.net/gh/extent-framework/extent-github-cdn@ce8b10435bcbae260c334c0d0c6b61d2c19b6168/spark/css/spark-style.css) -webkit-box-orient is an unrecognized CSS property at line 6. Ignoring declaration.
com.openhtmltopdf.css-parse WARNING:: (https://cdn.jsdelivr.net/gh/extent-framework/extent-github-cdn@ce8b10435bcbae260c334c0d0c6b61d2c19b6168/spark/css/spark-style.css) -webkit-box-direction is an unrecognized CSS property at line 6. Ignoring declaration.
com.openhtmltopdf.css-parse WARNING:: (https://cdn.jsdelivr.net/gh/extent-framework/extent-github-cdn@ce8b10435bcbae260c334c0d0c6b61d2c19b6168/spark/css/spark-style.css) -ms-flex-direction is an unrecognized CSS property at line 6. Ignoring declaration.
com.openhtmltopdf.css-parse WARNING:: (https://cdn.jsdelivr.net/gh/extent-framework/extent-github-cdn@ce8b10435bcbae260c334c0d0c6b61d2c19b6168/spark/css/spark-style.css) flex-direction is an unrecognized CSS property at line 6. Ignoring declaration.
com.openhtmltopdf.css-parse WARNING:: (https://cdn.jsdelivr.net/gh/extent-framework/extent-github-cdn@ce8b10435bcbae260c334c0d0c6b61d2c19b6168/spark/css/spark-style.css) pointer-events is an unrecognized CSS property at line 6. Ignoring declaration.
com.openhtmltopdf.css-parse WARNING:: (https://cdn.jsdelivr.net/gh/extent-framework/extent-github-cdn@ce8b10435bcbae260c334c0d0c6b61d2c19b6168/spark/css/spark-style.css) background-clip is an unrecognized CSS property at line 6. Ignoring declaration.
com.openhtmltopdf.css-parse WARNING:: (https://cdn.jsdelivr.net/gh/extent-framework/extent-github-cdn@ce8b10435bcbae260c334c0d0c6b61d2c19b6168/spark/css/spark-style.css) rgba(0,0,0,.2) is not a border width, style, or color at line 7. Skipping declaration.
com.openhtmltopdf.css-parse WARNING:: (https://cdn.jsdelivr.net/gh/extent-framework/extent-github-cdn@ce8b10435bcbae260c334c0d0c6b61d2c19b6168/spark/css/spark-style.css) outline is not implemented at line 6. Ignoring declaration.
com.openhtmltopdf.css-parse WARNING:: (https://cdn.jsdelivr.net/gh/extent-framework/extent-github-cdn@ce8b10435bcbae260c334c0d0c6b61d2c19b6168/spark/css/spark-style.css) opacity is an unrecognized CSS property at line 6. Ignoring declaration.
com.openhtmltopdf.css-parse WARNING:: (https://cdn.jsdelivr.net/gh/extent-framework/extent-github-cdn@ce8b10435bcbae260c334c0d0c6b61d2c19b6168/spark/css/spark-style.css) opacity is an unrecognized CSS property at line 6. Ignoring declaration.
com.openhtmltopdf.css-parse WARNING:: (https://cdn.jsdelivr.net/gh/extent-framework/extent-github-cdn@ce8b10435bcbae260c334c0d0c6b61d2c19b6168/spark/css/spark-style.css) Value -webkit-box is not a recognized identifier at line 7. Skipping declaration.
com.openhtmltopdf.css-parse WARNING:: (https://cdn.jsdelivr.net/gh/extent-framework/extent-github-cdn@ce8b10435bcbae260c334c0d0c6b61d2c19b6168/spark/css/spark-style.css) Value -ms-flexbox is not a recognized identifier at line 7. Skipping declaration.
com.openhtmltopdf.css-parse WARNING:: (https://cdn.jsdelivr.net/gh/extent-framework/extent-github-cdn@ce8b10435bcbae260c334c0d0c6b61d2c19b6168/spark/css/spark-style.css) Value flex is not a recognized identifier at line 7. Skipping declaration.
com.openhtmltopdf.css-parse WARNING:: (https://cdn.jsdelivr.net/gh/extent-framework/extent-github-cdn@ce8b10435bcbae260c334c0d0c6b61d2c19b6168/spark/css/spark-style.css) -webkit-box-align is an unrecognized CSS property at line 6. Ignoring declaration.
com.openhtmltopdf.css-parse WARNING:: (https://cdn.jsdelivr.net/gh/extent-framework/extent-github-cdn@ce8b10435bcbae260c334c0d0c6b61d2c19b6168/spark/css/spark-style.css) -ms-flex-align is an unrecognized CSS property at line 6. Ignoring declaration.
com.openhtmltopdf.css-parse WARNING:: (https://cdn.jsdelivr.net/gh/extent-framework/extent-github-cdn@ce8b10435bcbae260c334c0d0c6b61d2c19b6168/spark/css/spark-style.css) align-items is an unrecognized CSS property at line 6. Ignoring declaration.
com.openhtmltopdf.css-parse WARNING:: (https://cdn.jsdelivr.net/gh/extent-framework/extent-github-cdn@ce8b10435bcbae260c334c0d0c6b61d2c19b6168/spark/css/spark-style.css) -webkit-box-pack is an unrecognized CSS property at line 6. Ignoring declaration.
com.openhtmltopdf.css-parse WARNING:: (https://cdn.jsdelivr.net/gh/extent-framework/extent-github-cdn@ce8b10435bcbae260c334c0d0c6b61d2c19b6168/spark/css/spark-style.css) -ms-flex-pack is an unrecognized CSS property at line 6. Ignoring declaration.
com.openhtmltopdf.css-parse WARNING:: (https://cdn.jsdelivr.net/gh/extent-framework/extent-github-cdn@ce8b10435bcbae260c334c0d0c6b61d2c19b6168/spark/css/spark-style.css) justify-content is an unrecognized CSS property at line 6. Ignoring declaration.
com.openhtmltopdf.css-parse WARNING:: (https://cdn.jsdelivr.net/gh/extent-framework/extent-github-cdn@ce8b10435bcbae260c334c0d0c6b61d2c19b6168/spark/css/spark-style.css) -webkit-box-flex is an unrecognized CSS property at line 6. Ignoring declaration.
com.openhtmltopdf.css-parse WARNING:: (https://cdn.jsdelivr.net/gh/extent-framework/extent-github-cdn@ce8b10435bcbae260c334c0d0c6b61d2c19b6168/spark/css/spark-style.css) -ms-flex is an unrecognized CSS property at line 6. Ignoring declaration.
com.openhtmltopdf.css-parse WARNING:: (https://cdn.jsdelivr.net/gh/extent-framework/extent-github-cdn@ce8b10435bcbae260c334c0d0c6b61d2c19b6168/spark/css/spark-style.css) flex is an unrecognized CSS property at line 6. Ignoring declaration.
com.openhtmltopdf.css-parse WARNING:: (https://cdn.jsdelivr.net/gh/extent-framework/extent-github-cdn@ce8b10435bcbae260c334c0d0c6b61d2c19b6168/spark/css/spark-style.css) Value -webkit-box is not a recognized identifier at line 7. Skipping declaration.
com.openhtmltopdf.css-parse WARNING:: (https://cdn.jsdelivr.net/gh/extent-framework/extent-github-cdn@ce8b10435bcbae260c334c0d0c6b61d2c19b6168/spark/css/spark-style.css) Value -ms-flexbox is not a recognized identifier at line 7. Skipping declaration.
com.openhtmltopdf.css-parse WARNING:: (https://cdn.jsdelivr.net/gh/extent-framework/extent-github-cdn@ce8b10435bcbae260c334c0d0c6b61d2c19b6168/spark/css/spark-style.css) Value flex is not a recognized identifier at line 7. Skipping declaration.
com.openhtmltopdf.css-parse WARNING:: (https://cdn.jsdelivr.net/gh/extent-framework/extent-github-cdn@ce8b10435bcbae260c334c0d0c6b61d2c19b6168/spark/css/spark-style.css) -webkit-box-align is an unrecognized CSS property at line 6. Ignoring declaration.
com.openhtmltopdf.css-parse WARNING:: (https://cdn.jsdelivr.net/gh/extent-framework/extent-github-cdn@ce8b10435bcbae260c334c0d0c6b61d2c19b6168/spark/css/spark-style.css) -ms-flex-align is an unrecognized CSS property at line 6. Ignoring declaration.
com.openhtmltopdf.css-parse WARNING:: (https://cdn.jsdelivr.net/gh/extent-framework/extent-github-cdn@ce8b10435bcbae260c334c0d0c6b61d2c19b6168/spark/css/spark-style.css) align-items is an unrecognized CSS property at line 6. Ignoring declaration.
com.openhtmltopdf.css-parse WARNING:: (https://cdn.jsdelivr.net/gh/extent-framework/extent-github-cdn@ce8b10435bcbae260c334c0d0c6b61d2c19b6168/spark/css/spark-style.css) -webkit-box-pack is an unrecognized CSS property at line 6. Ignoring declaration.
com.openhtmltopdf.css-parse WARNING:: (https://cdn.jsdelivr.net/gh/extent-framework/extent-github-cdn@ce8b10435bcbae260c334c0d0c6b61d2c19b6168/spark/css/spark-style.css) -ms-flex-pack is an unrecognized CSS property at line 6. Ignoring declaration.
com.openhtmltopdf.css-parse WARNING:: (https://cdn.jsdelivr.net/gh/extent-framework/extent-github-cdn@ce8b10435bcbae260c334c0d0c6b61d2c19b6168/spark/css/spark-style.css) justify-content is an unrecognized CSS property at line 6. Ignoring declaration.
com.openhtmltopdf.css-parse WARNING:: (https://cdn.jsdelivr.net/gh/extent-framework/extent-github-cdn@ce8b10435bcbae260c334c0d0c6b61d2c19b6168/spark/css/spark-style.css) not is not a valid function in this context at line 7. Skipping ruleset.
com.openhtmltopdf.css-parse WARNING:: (https://cdn.jsdelivr.net/gh/extent-framework/extent-github-cdn@ce8b10435bcbae260c334c0d0c6b61d2c19b6168/spark/css/spark-style.css) not is not a valid function in this context at line 7. Skipping ruleset.
com.openhtmltopdf.css-parse WARNING:: (https://cdn.jsdelivr.net/gh/extent-framework/extent-github-cdn@ce8b10435bcbae260c334c0d0c6b61d2c19b6168/spark/css/spark-style.css) Ident scroll is an invalid or unsupported value for overflow at line 7. Skipping declaration.
com.openhtmltopdf.css-parse WARNING:: (https://cdn.jsdelivr.net/gh/extent-framework/extent-github-cdn@ce8b10435bcbae260c334c0d0c6b61d2c19b6168/spark/css/spark-style.css) Found ( (other) where an identifier was expected at line 7. Skipping @media rule.
com.openhtmltopdf.css-parse WARNING:: (https://cdn.jsdelivr.net/gh/extent-framework/extent-github-cdn@ce8b10435bcbae260c334c0d0c6b61d2c19b6168/spark/css/spark-style.css) Found ( (other) where an identifier was expected at line 7. Skipping @media rule.
com.openhtmltopdf.css-parse WARNING:: (https://cdn.jsdelivr.net/gh/extent-framework/extent-github-cdn@ce8b10435bcbae260c334c0d0c6b61d2c19b6168/spark/css/spark-style.css) text-shadow is an unrecognized CSS property at line 6. Ignoring declaration.
com.openhtmltopdf.css-parse WARNING:: (https://cdn.jsdelivr.net/gh/extent-framework/extent-github-cdn@ce8b10435bcbae260c334c0d0c6b61d2c19b6168/spark/css/spark-style.css) word-break is an unrecognized CSS property at line 6. Ignoring declaration.
com.openhtmltopdf.css-parse WARNING:: (https://cdn.jsdelivr.net/gh/extent-framework/extent-github-cdn@ce8b10435bcbae260c334c0d0c6b61d2c19b6168/spark/css/spark-style.css) line-break is an unrecognized CSS property at line 6. Ignoring declaration.
com.openhtmltopdf.css-parse WARNING:: (https://cdn.jsdelivr.net/gh/extent-framework/extent-github-cdn@ce8b10435bcbae260c334c0d0c6b61d2c19b6168/spark/css/spark-style.css) opacity is an unrecognized CSS property at line 6. Ignoring declaration.
com.openhtmltopdf.css-parse WARNING:: (https://cdn.jsdelivr.net/gh/extent-framework/extent-github-cdn@ce8b10435bcbae260c334c0d0c6b61d2c19b6168/spark/css/spark-style.css) opacity is an unrecognized CSS property at line 6. Ignoring declaration.
com.openhtmltopdf.css-parse WARNING:: (https://cdn.jsdelivr.net/gh/extent-framework/extent-github-cdn@ce8b10435bcbae260c334c0d0c6b61d2c19b6168/spark/css/spark-style.css) text-shadow is an unrecognized CSS property at line 6. Ignoring declaration.
com.openhtmltopdf.css-parse WARNING:: (https://cdn.jsdelivr.net/gh/extent-framework/extent-github-cdn@ce8b10435bcbae260c334c0d0c6b61d2c19b6168/spark/css/spark-style.css) word-break is an unrecognized CSS property at line 6. Ignoring declaration.
com.openhtmltopdf.css-parse WARNING:: (https://cdn.jsdelivr.net/gh/extent-framework/extent-github-cdn@ce8b10435bcbae260c334c0d0c6b61d2c19b6168/spark/css/spark-style.css) line-break is an unrecognized CSS property at line 6. Ignoring declaration.
com.openhtmltopdf.css-parse WARNING:: (https://cdn.jsdelivr.net/gh/extent-framework/extent-github-cdn@ce8b10435bcbae260c334c0d0c6b61d2c19b6168/spark/css/spark-style.css) background-clip is an unrecognized CSS property at line 6. Ignoring declaration.
com.openhtmltopdf.css-parse WARNING:: (https://cdn.jsdelivr.net/gh/extent-framework/extent-github-cdn@ce8b10435bcbae260c334c0d0c6b61d2c19b6168/spark/css/spark-style.css) rgba(0,0,0,.2) is not a border width, style, or color at line 7. Skipping declaration.
com.openhtmltopdf.css-parse WARNING:: (https://cdn.jsdelivr.net/gh/extent-framework/extent-github-cdn@ce8b10435bcbae260c334c0d0c6b61d2c19b6168/spark/css/spark-style.css) Found ( (other) where one of a number, a percentage, a pixel value, an em value, an ex value, a pica value, a millimeter value, a centimeter value, an inch value, a point value, an angle value, a time value, a freq value, a string, an identifier, a URI, a hex color, or function was expected at line 7. Skipping declaration.
com.openhtmltopdf.css-parse WARNING:: (https://cdn.jsdelivr.net/gh/extent-framework/extent-github-cdn@ce8b10435bcbae260c334c0d0c6b61d2c19b6168/spark/css/spark-style.css) Value for border-top-color must be an identifier or a color at line 7. Skipping declaration.
com.openhtmltopdf.css-parse WARNING:: (https://cdn.jsdelivr.net/gh/extent-framework/extent-github-cdn@ce8b10435bcbae260c334c0d0c6b61d2c19b6168/spark/css/spark-style.css) Found ( (other) where one of a number, a percentage, a pixel value, an em value, an ex value, a pica value, a millimeter value, a centimeter value, an inch value, a point value, an angle value, a time value, a freq value, a string, an identifier, a URI, a hex color, or function was expected at line 7. Skipping declaration.
com.openhtmltopdf.css-parse WARNING:: (https://cdn.jsdelivr.net/gh/extent-framework/extent-github-cdn@ce8b10435bcbae260c334c0d0c6b61d2c19b6168/spark/css/spark-style.css) Value for border-right-color must be an identifier or a color at line 7. Skipping declaration.
com.openhtmltopdf.css-parse WARNING:: (https://cdn.jsdelivr.net/gh/extent-framework/extent-github-cdn@ce8b10435bcbae260c334c0d0c6b61d2c19b6168/spark/css/spark-style.css) Found ( (other) where one of a number, a percentage, a pixel value, an em value, an ex value, a pica value, a millimeter value, a centimeter value, an inch value, a point value, an angle value, a time value, a freq value, a string, an identifier, a URI, a hex color, or function was expected at line 7. Skipping declaration.
com.openhtmltopdf.css-parse WARNING:: (https://cdn.jsdelivr.net/gh/extent-framework/extent-github-cdn@ce8b10435bcbae260c334c0d0c6b61d2c19b6168/spark/css/spark-style.css) Value for border-bottom-color must be an identifier or a color at line 7. Skipping declaration.
com.openhtmltopdf.css-parse WARNING:: (https://cdn.jsdelivr.net/gh/extent-framework/extent-github-cdn@ce8b10435bcbae260c334c0d0c6b61d2c19b6168/spark/css/spark-style.css) Found ( (other) where one of a number, a percentage, a pixel value, an em value, an ex value, a pica value, a millimeter value, a centimeter value, an inch value, a point value, an angle value, a time value, a freq value, a string, an identifier, a URI, a hex color, or function was expected at line 7. Skipping declaration.
com.openhtmltopdf.css-parse WARNING:: (https://cdn.jsdelivr.net/gh/extent-framework/extent-github-cdn@ce8b10435bcbae260c334c0d0c6b61d2c19b6168/spark/css/spark-style.css) Value for border-left-color must be an identifier or a color at line 7. Skipping declaration.
com.openhtmltopdf.css-parse WARNING:: (https://cdn.jsdelivr.net/gh/extent-framework/extent-github-cdn@ce8b10435bcbae260c334c0d0c6b61d2c19b6168/spark/css/spark-style.css) Found whitespace where one of a number, a percentage, a pixel value, an em value, an ex value, a pica value, a millimeter value, a centimeter value, an inch value, a point value, an angle value, a time value, a freq value, a string, an identifier, a URI, a hex color, or function was expected at line 7. Skipping declaration.
com.openhtmltopdf.css-parse WARNING:: (https://cdn.jsdelivr.net/gh/extent-framework/extent-github-cdn@ce8b10435bcbae260c334c0d0c6b61d2c19b6168/spark/css/spark-style.css) Found whitespace where one of a number, a percentage, a pixel value, an em value, an ex value, a pica value, a millimeter value, a centimeter value, an inch value, a point value, an angle value, a time value, a freq value, a string, an identifier, a URI, a hex color, or function was expected at line 7. Skipping declaration.
com.openhtmltopdf.css-parse WARNING:: (https://cdn.jsdelivr.net/gh/extent-framework/extent-github-cdn@ce8b10435bcbae260c334c0d0c6b61d2c19b6168/spark/css/spark-style.css) empty is not a recognized pseudo-class at line 7. Skipping ruleset.
com.openhtmltopdf.css-parse WARNING:: (https://cdn.jsdelivr.net/gh/extent-framework/extent-github-cdn@ce8b10435bcbae260c334c0d0c6b61d2c19b6168/spark/css/spark-style.css) Value -webkit-box is not a recognized identifier at line 7. Skipping declaration.
com.openhtmltopdf.css-parse WARNING:: (https://cdn.jsdelivr.net/gh/extent-framework/extent-github-cdn@ce8b10435bcbae260c334c0d0c6b61d2c19b6168/spark/css/spark-style.css) Value -ms-flexbox is not a recognized identifier at line 7. Skipping declaration.
com.openhtmltopdf.css-parse WARNING:: (https://cdn.jsdelivr.net/gh/extent-framework/extent-github-cdn@ce8b10435bcbae260c334c0d0c6b61d2c19b6168/spark/css/spark-style.css) Value flex is not a recognized identifier at line 7. Skipping declaration.
com.openhtmltopdf.css-parse WARNING:: (https://cdn.jsdelivr.net/gh/extent-framework/extent-github-cdn@ce8b10435bcbae260c334c0d0c6b61d2c19b6168/spark/css/spark-style.css) Value -webkit-inline-box is not a recognized identifier at line 7. Skipping declaration.
com.openhtmltopdf.css-parse WARNING:: (https://cdn.jsdelivr.net/gh/extent-framework/extent-github-cdn@ce8b10435bcbae260c334c0d0c6b61d2c19b6168/spark/css/spark-style.css) Value -ms-inline-flexbox is not a recognized identifier at line 7. Skipping declaration.
com.openhtmltopdf.css-parse WARNING:: (https://cdn.jsdelivr.net/gh/extent-framework/extent-github-cdn@ce8b10435bcbae260c334c0d0c6b61d2c19b6168/spark/css/spark-style.css) Value inline-flex is not a recognized identifier at line 7. Skipping declaration.
com.openhtmltopdf.css-parse WARNING:: (https://cdn.jsdelivr.net/gh/extent-framework/extent-github-cdn@ce8b10435bcbae260c334c0d0c6b61d2c19b6168/spark/css/spark-style.css) Found ( (other) where an identifier was expected at line 7. Skipping @media rule.
com.openhtmltopdf.css-parse WARNING:: (https://cdn.jsdelivr.net/gh/extent-framework/extent-github-cdn@ce8b10435bcbae260c334c0d0c6b61d2c19b6168/spark/css/spark-style.css) Found ( (other) where an identifier was expected at line 7. Skipping @media rule.
com.openhtmltopdf.css-parse WARNING:: (https://cdn.jsdelivr.net/gh/extent-framework/extent-github-cdn@ce8b10435bcbae260c334c0d0c6b61d2c19b6168/spark/css/spark-style.css) Found ( (other) where an identifier was expected at line 7. Skipping @media rule.
com.openhtmltopdf.css-parse WARNING:: (https://cdn.jsdelivr.net/gh/extent-framework/extent-github-cdn@ce8b10435bcbae260c334c0d0c6b61d2c19b6168/spark/css/spark-style.css) Found ( (other) where an identifier was expected at line 7. Skipping @media rule.
com.openhtmltopdf.css-parse WARNING:: (https://cdn.jsdelivr.net/gh/extent-framework/extent-github-cdn@ce8b10435bcbae260c334c0d0c6b61d2c19b6168/spark/css/spark-style.css) Value -webkit-box is not a recognized identifier at line 7. Skipping declaration.
com.openhtmltopdf.css-parse WARNING:: (https://cdn.jsdelivr.net/gh/extent-framework/extent-github-cdn@ce8b10435bcbae260c334c0d0c6b61d2c19b6168/spark/css/spark-style.css) Value -ms-flexbox is not a recognized identifier at line 7. Skipping declaration.
com.openhtmltopdf.css-parse WARNING:: (https://cdn.jsdelivr.net/gh/extent-framework/extent-github-cdn@ce8b10435bcbae260c334c0d0c6b61d2c19b6168/spark/css/spark-style.css) Value flex is not a recognized identifier at line 7. Skipping declaration.
com.openhtmltopdf.css-parse WARNING:: (https://cdn.jsdelivr.net/gh/extent-framework/extent-github-cdn@ce8b10435bcbae260c334c0d0c6b61d2c19b6168/spark/css/spark-style.css) Value -webkit-inline-box is not a recognized identifier at line 7. Skipping declaration.
com.openhtmltopdf.css-parse WARNING:: (https://cdn.jsdelivr.net/gh/extent-framework/extent-github-cdn@ce8b10435bcbae260c334c0d0c6b61d2c19b6168/spark/css/spark-style.css) Value -ms-inline-flexbox is not a recognized identifier at line 7. Skipping declaration.
com.openhtmltopdf.css-parse WARNING:: (https://cdn.jsdelivr.net/gh/extent-framework/extent-github-cdn@ce8b10435bcbae260c334c0d0c6b61d2c19b6168/spark/css/spark-style.css) Value inline-flex is not a recognized identifier at line 7. Skipping declaration.
com.openhtmltopdf.css-parse WARNING:: (https://cdn.jsdelivr.net/gh/extent-framework/extent-github-cdn@ce8b10435bcbae260c334c0d0c6b61d2c19b6168/spark/css/spark-style.css) -webkit-box-orient is an unrecognized CSS property at line 6. Ignoring declaration.
com.openhtmltopdf.css-parse WARNING:: (https://cdn.jsdelivr.net/gh/extent-framework/extent-github-cdn@ce8b10435bcbae260c334c0d0c6b61d2c19b6168/spark/css/spark-style.css) -webkit-box-direction is an unrecognized CSS property at line 6. Ignoring declaration.
com.openhtmltopdf.css-parse WARNING:: (https://cdn.jsdelivr.net/gh/extent-framework/extent-github-cdn@ce8b10435bcbae260c334c0d0c6b61d2c19b6168/spark/css/spark-style.css) -ms-flex-direction is an unrecognized CSS property at line 6. Ignoring declaration.
com.openhtmltopdf.css-parse WARNING:: (https://cdn.jsdelivr.net/gh/extent-framework/extent-github-cdn@ce8b10435bcbae260c334c0d0c6b61d2c19b6168/spark/css/spark-style.css) flex-direction is an unrecognized CSS property at line 6. Ignoring declaration.
com.openhtmltopdf.css-parse WARNING:: (https://cdn.jsdelivr.net/gh/extent-framework/extent-github-cdn@ce8b10435bcbae260c334c0d0c6b61d2c19b6168/spark/css/spark-style.css) -webkit-box-orient is an unrecognized CSS property at line 6. Ignoring declaration.
com.openhtmltopdf.css-parse WARNING:: (https://cdn.jsdelivr.net/gh/extent-framework/extent-github-cdn@ce8b10435bcbae260c334c0d0c6b61d2c19b6168/spark/css/spark-style.css) -webkit-box-direction is an unrecognized CSS property at line 6. Ignoring declaration.
com.openhtmltopdf.css-parse WARNING:: (https://cdn.jsdelivr.net/gh/extent-framework/extent-github-cdn@ce8b10435bcbae260c334c0d0c6b61d2c19b6168/spark/css/spark-style.css) -ms-flex-direction is an unrecognized CSS property at line 6. Ignoring declaration.
com.openhtmltopdf.css-parse WARNING:: (https://cdn.jsdelivr.net/gh/extent-framework/extent-github-cdn@ce8b10435bcbae260c334c0d0c6b61d2c19b6168/spark/css/spark-style.css) flex-direction is an unrecognized CSS property at line 6. Ignoring declaration.
com.openhtmltopdf.css-parse WARNING:: (https://cdn.jsdelivr.net/gh/extent-framework/extent-github-cdn@ce8b10435bcbae260c334c0d0c6b61d2c19b6168/spark/css/spark-style.css) -webkit-box-orient is an unrecognized CSS property at line 6. Ignoring declaration.
com.openhtmltopdf.css-parse WARNING:: (https://cdn.jsdelivr.net/gh/extent-framework/extent-github-cdn@ce8b10435bcbae260c334c0d0c6b61d2c19b6168/spark/css/spark-style.css) -webkit-box-direction is an unrecognized CSS property at line 6. Ignoring declaration.
com.openhtmltopdf.css-parse WARNING:: (https://cdn.jsdelivr.net/gh/extent-framework/extent-github-cdn@ce8b10435bcbae260c334c0d0c6b61d2c19b6168/spark/css/spark-style.css) -ms-flex-direction is an unrecognized CSS property at line 6. Ignoring declaration.
com.openhtmltopdf.css-parse WARNING:: (https://cdn.jsdelivr.net/gh/extent-framework/extent-github-cdn@ce8b10435bcbae260c334c0d0c6b61d2c19b6168/spark/css/spark-style.css) flex-direction is an unrecognized CSS property at line 6. Ignoring declaration.
com.openhtmltopdf.css-parse WARNING:: (https://cdn.jsdelivr.net/gh/extent-framework/extent-github-cdn@ce8b10435bcbae260c334c0d0c6b61d2c19b6168/spark/css/spark-style.css) -webkit-box-orient is an unrecognized CSS property at line 6. Ignoring declaration.
com.openhtmltopdf.css-parse WARNING:: (https://cdn.jsdelivr.net/gh/extent-framework/extent-github-cdn@ce8b10435bcbae260c334c0d0c6b61d2c19b6168/spark/css/spark-style.css) -webkit-box-direction is an unrecognized CSS property at line 6. Ignoring declaration.
com.openhtmltopdf.css-parse WARNING:: (https://cdn.jsdelivr.net/gh/extent-framework/extent-github-cdn@ce8b10435bcbae260c334c0d0c6b61d2c19b6168/spark/css/spark-style.css) -ms-flex-direction is an unrecognized CSS property at line 6. Ignoring declaration.
com.openhtmltopdf.css-parse WARNING:: (https://cdn.jsdelivr.net/gh/extent-framework/extent-github-cdn@ce8b10435bcbae260c334c0d0c6b61d2c19b6168/spark/css/spark-style.css) flex-direction is an unrecognized CSS property at line 6. Ignoring declaration.
com.openhtmltopdf.css-parse WARNING:: (https://cdn.jsdelivr.net/gh/extent-framework/extent-github-cdn@ce8b10435bcbae260c334c0d0c6b61d2c19b6168/spark/css/spark-style.css) -ms-flex-wrap is an unrecognized CSS property at line 6. Ignoring declaration.
com.openhtmltopdf.css-parse WARNING:: (https://cdn.jsdelivr.net/gh/extent-framework/extent-github-cdn@ce8b10435bcbae260c334c0d0c6b61d2c19b6168/spark/css/spark-style.css) flex-wrap is an unrecognized CSS property at line 6. Ignoring declaration.
com.openhtmltopdf.css-parse WARNING:: (https://cdn.jsdelivr.net/gh/extent-framework/extent-github-cdn@ce8b10435bcbae260c334c0d0c6b61d2c19b6168/spark/css/spark-style.css) -ms-flex-wrap is an unrecognized CSS property at line 6. Ignoring declaration.
com.openhtmltopdf.css-parse WARNING:: (https://cdn.jsdelivr.net/gh/extent-framework/extent-github-cdn@ce8b10435bcbae260c334c0d0c6b61d2c19b6168/spark/css/spark-style.css) flex-wrap is an unrecognized CSS property at line 6. Ignoring declaration.
com.openhtmltopdf.css-parse WARNING:: (https://cdn.jsdelivr.net/gh/extent-framework/extent-github-cdn@ce8b10435bcbae260c334c0d0c6b61d2c19b6168/spark/css/spark-style.css) -ms-flex-wrap is an unrecognized CSS property at line 6. Ignoring declaration.
com.openhtmltopdf.css-parse WARNING:: (https://cdn.jsdelivr.net/gh/extent-framework/extent-github-cdn@ce8b10435bcbae260c334c0d0c6b61d2c19b6168/spark/css/spark-style.css) flex-wrap is an unrecognized CSS property at line 6. Ignoring declaration.
com.openhtmltopdf.css-parse WARNING:: (https://cdn.jsdelivr.net/gh/extent-framework/extent-github-cdn@ce8b10435bcbae260c334c0d0c6b61d2c19b6168/spark/css/spark-style.css) -webkit-box-pack is an unrecognized CSS property at line 6. Ignoring declaration.
com.openhtmltopdf.css-parse WARNING:: (https://cdn.jsdelivr.net/gh/extent-framework/extent-github-cdn@ce8b10435bcbae260c334c0d0c6b61d2c19b6168/spark/css/spark-style.css) -ms-flex-pack is an unrecognized CSS property at line 6. Ignoring declaration.
com.openhtmltopdf.css-parse WARNING:: (https://cdn.jsdelivr.net/gh/extent-framework/extent-github-cdn@ce8b10435bcbae260c334c0d0c6b61d2c19b6168/spark/css/spark-style.css) justify-content is an unrecognized CSS property at line 6. Ignoring declaration.
com.openhtmltopdf.css-parse WARNING:: (https://cdn.jsdelivr.net/gh/extent-framework/extent-github-cdn@ce8b10435bcbae260c334c0d0c6b61d2c19b6168/spark/css/spark-style.css) -webkit-box-pack is an unrecognized CSS property at line 6. Ignoring declaration.
com.openhtmltopdf.css-parse WARNING:: (https://cdn.jsdelivr.net/gh/extent-framework/extent-github-cdn@ce8b10435bcbae260c334c0d0c6b61d2c19b6168/spark/css/spark-style.css) -ms-flex-pack is an unrecognized CSS property at line 6. Ignoring declaration.
com.openhtmltopdf.css-parse WARNING:: (https://cdn.jsdelivr.net/gh/extent-framework/extent-github-cdn@ce8b10435bcbae260c334c0d0c6b61d2c19b6168/spark/css/spark-style.css) justify-content is an unrecognized CSS property at line 6. Ignoring declaration.
com.openhtmltopdf.css-parse WARNING:: (https://cdn.jsdelivr.net/gh/extent-framework/extent-github-cdn@ce8b10435bcbae260c334c0d0c6b61d2c19b6168/spark/css/spark-style.css) -webkit-box-pack is an unrecognized CSS property at line 6. Ignoring declaration.
com.openhtmltopdf.css-parse WARNING:: (https://cdn.jsdelivr.net/gh/extent-framework/extent-github-cdn@ce8b10435bcbae260c334c0d0c6b61d2c19b6168/spark/css/spark-style.css) -ms-flex-pack is an unrecognized CSS property at line 6. Ignoring declaration.
com.openhtmltopdf.css-parse WARNING:: (https://cdn.jsdelivr.net/gh/extent-framework/extent-github-cdn@ce8b10435bcbae260c334c0d0c6b61d2c19b6168/spark/css/spark-style.css) justify-content is an unrecognized CSS property at line 6. Ignoring declaration.
com.openhtmltopdf.css-parse WARNING:: (https://cdn.jsdelivr.net/gh/extent-framework/extent-github-cdn@ce8b10435bcbae260c334c0d0c6b61d2c19b6168/spark/css/spark-style.css) -webkit-box-pack is an unrecognized CSS property at line 6. Ignoring declaration.
com.openhtmltopdf.css-parse WARNING:: (https://cdn.jsdelivr.net/gh/extent-framework/extent-github-cdn@ce8b10435bcbae260c334c0d0c6b61d2c19b6168/spark/css/spark-style.css) -ms-flex-pack is an unrecognized CSS property at line 6. Ignoring declaration.
com.openhtmltopdf.css-parse WARNING:: (https://cdn.jsdelivr.net/gh/extent-framework/extent-github-cdn@ce8b10435bcbae260c334c0d0c6b61d2c19b6168/spark/css/spark-style.css) justify-content is an unrecognized CSS property at line 6. Ignoring declaration.
com.openhtmltopdf.css-parse WARNING:: (https://cdn.jsdelivr.net/gh/extent-framework/extent-github-cdn@ce8b10435bcbae260c334c0d0c6b61d2c19b6168/spark/css/spark-style.css) -ms-flex-pack is an unrecognized CSS property at line 6. Ignoring declaration.
com.openhtmltopdf.css-parse WARNING:: (https://cdn.jsdelivr.net/gh/extent-framework/extent-github-cdn@ce8b10435bcbae260c334c0d0c6b61d2c19b6168/spark/css/spark-style.css) justify-content is an unrecognized CSS property at line 6. Ignoring declaration.
com.openhtmltopdf.css-parse WARNING:: (https://cdn.jsdelivr.net/gh/extent-framework/extent-github-cdn@ce8b10435bcbae260c334c0d0c6b61d2c19b6168/spark/css/spark-style.css) -webkit-box-align is an unrecognized CSS property at line 6. Ignoring declaration.
com.openhtmltopdf.css-parse WARNING:: (https://cdn.jsdelivr.net/gh/extent-framework/extent-github-cdn@ce8b10435bcbae260c334c0d0c6b61d2c19b6168/spark/css/spark-style.css) -ms-flex-align is an unrecognized CSS property at line 6. Ignoring declaration.
com.openhtmltopdf.css-parse WARNING:: (https://cdn.jsdelivr.net/gh/extent-framework/extent-github-cdn@ce8b10435bcbae260c334c0d0c6b61d2c19b6168/spark/css/spark-style.css) align-items is an unrecognized CSS property at line 6. Ignoring declaration.
com.openhtmltopdf.css-parse WARNING:: (https://cdn.jsdelivr.net/gh/extent-framework/extent-github-cdn@ce8b10435bcbae260c334c0d0c6b61d2c19b6168/spark/css/spark-style.css) -webkit-box-align is an unrecognized CSS property at line 6. Ignoring declaration.
com.openhtmltopdf.css-parse WARNING:: (https://cdn.jsdelivr.net/gh/extent-framework/extent-github-cdn@ce8b10435bcbae260c334c0d0c6b61d2c19b6168/spark/css/spark-style.css) -ms-flex-align is an unrecognized CSS property at line 6. Ignoring declaration.
com.openhtmltopdf.css-parse WARNING:: (https://cdn.jsdelivr.net/gh/extent-framework/extent-github-cdn@ce8b10435bcbae260c334c0d0c6b61d2c19b6168/spark/css/spark-style.css) align-items is an unrecognized CSS property at line 6. Ignoring declaration.
com.openhtmltopdf.css-parse WARNING:: (https://cdn.jsdelivr.net/gh/extent-framework/extent-github-cdn@ce8b10435bcbae260c334c0d0c6b61d2c19b6168/spark/css/spark-style.css) -webkit-box-align is an unrecognized CSS property at line 6. Ignoring declaration.
com.openhtmltopdf.css-parse WARNING:: (https://cdn.jsdelivr.net/gh/extent-framework/extent-github-cdn@ce8b10435bcbae260c334c0d0c6b61d2c19b6168/spark/css/spark-style.css) -ms-flex-align is an unrecognized CSS property at line 6. Ignoring declaration.
com.openhtmltopdf.css-parse WARNING:: (https://cdn.jsdelivr.net/gh/extent-framework/extent-github-cdn@ce8b10435bcbae260c334c0d0c6b61d2c19b6168/spark/css/spark-style.css) align-items is an unrecognized CSS property at line 6. Ignoring declaration.
com.openhtmltopdf.css-parse WARNING:: (https://cdn.jsdelivr.net/gh/extent-framework/extent-github-cdn@ce8b10435bcbae260c334c0d0c6b61d2c19b6168/spark/css/spark-style.css) -webkit-box-align is an unrecognized CSS property at line 6. Ignoring declaration.
com.openhtmltopdf.css-parse WARNING:: (https://cdn.jsdelivr.net/gh/extent-framework/extent-github-cdn@ce8b10435bcbae260c334c0d0c6b61d2c19b6168/spark/css/spark-style.css) -ms-flex-align is an unrecognized CSS property at line 6. Ignoring declaration.
com.openhtmltopdf.css-parse WARNING:: (https://cdn.jsdelivr.net/gh/extent-framework/extent-github-cdn@ce8b10435bcbae260c334c0d0c6b61d2c19b6168/spark/css/spark-style.css) align-items is an unrecognized CSS property at line 6. Ignoring declaration.
com.openhtmltopdf.css-parse WARNING:: (https://cdn.jsdelivr.net/gh/extent-framework/extent-github-cdn@ce8b10435bcbae260c334c0d0c6b61d2c19b6168/spark/css/spark-style.css) -webkit-box-align is an unrecognized CSS property at line 6. Ignoring declaration.
com.openhtmltopdf.css-parse WARNING:: (https://cdn.jsdelivr.net/gh/extent-framework/extent-github-cdn@ce8b10435bcbae260c334c0d0c6b61d2c19b6168/spark/css/spark-style.css) -ms-flex-align is an unrecognized CSS property at line 6. Ignoring declaration.
com.openhtmltopdf.css-parse WARNING:: (https://cdn.jsdelivr.net/gh/extent-framework/extent-github-cdn@ce8b10435bcbae260c334c0d0c6b61d2c19b6168/spark/css/spark-style.css) align-items is an unrecognized CSS property at line 6. Ignoring declaration.
com.openhtmltopdf.css-parse WARNING:: (https://cdn.jsdelivr.net/gh/extent-framework/extent-github-cdn@ce8b10435bcbae260c334c0d0c6b61d2c19b6168/spark/css/spark-style.css) -ms-flex-line-pack is an unrecognized CSS property at line 6. Ignoring declaration.
com.openhtmltopdf.css-parse WARNING:: (https://cdn.jsdelivr.net/gh/extent-framework/extent-github-cdn@ce8b10435bcbae260c334c0d0c6b61d2c19b6168/spark/css/spark-style.css) align-content is an unrecognized CSS property at line 6. Ignoring declaration.
com.openhtmltopdf.css-parse WARNING:: (https://cdn.jsdelivr.net/gh/extent-framework/extent-github-cdn@ce8b10435bcbae260c334c0d0c6b61d2c19b6168/spark/css/spark-style.css) -ms-flex-line-pack is an unrecognized CSS property at line 6. Ignoring declaration.
com.openhtmltopdf.css-parse WARNING:: (https://cdn.jsdelivr.net/gh/extent-framework/extent-github-cdn@ce8b10435bcbae260c334c0d0c6b61d2c19b6168/spark/css/spark-style.css) align-content is an unrecognized CSS property at line 6. Ignoring declaration.
com.openhtmltopdf.css-parse WARNING:: (https://cdn.jsdelivr.net/gh/extent-framework/extent-github-cdn@ce8b10435bcbae260c334c0d0c6b61d2c19b6168/spark/css/spark-style.css) -ms-flex-line-pack is an unrecognized CSS property at line 6. Ignoring declaration.
com.openhtmltopdf.css-parse WARNING:: (https://cdn.jsdelivr.net/gh/extent-framework/extent-github-cdn@ce8b10435bcbae260c334c0d0c6b61d2c19b6168/spark/css/spark-style.css) align-content is an unrecognized CSS property at line 6. Ignoring declaration.
com.openhtmltopdf.css-parse WARNING:: (https://cdn.jsdelivr.net/gh/extent-framework/extent-github-cdn@ce8b10435bcbae260c334c0d0c6b61d2c19b6168/spark/css/spark-style.css) -ms-flex-line-pack is an unrecognized CSS property at line 6. Ignoring declaration.
com.openhtmltopdf.css-parse WARNING:: (https://cdn.jsdelivr.net/gh/extent-framework/extent-github-cdn@ce8b10435bcbae260c334c0d0c6b61d2c19b6168/spark/css/spark-style.css) align-content is an unrecognized CSS property at line 6. Ignoring declaration.
com.openhtmltopdf.css-parse WARNING:: (https://cdn.jsdelivr.net/gh/extent-framework/extent-github-cdn@ce8b10435bcbae260c334c0d0c6b61d2c19b6168/spark/css/spark-style.css) -ms-flex-line-pack is an unrecognized CSS property at line 6. Ignoring declaration.
com.openhtmltopdf.css-parse WARNING:: (https://cdn.jsdelivr.net/gh/extent-framework/extent-github-cdn@ce8b10435bcbae260c334c0d0c6b61d2c19b6168/spark/css/spark-style.css) align-content is an unrecognized CSS property at line 6. Ignoring declaration.
com.openhtmltopdf.css-parse WARNING:: (https://cdn.jsdelivr.net/gh/extent-framework/extent-github-cdn@ce8b10435bcbae260c334c0d0c6b61d2c19b6168/spark/css/spark-style.css) -ms-flex-line-pack is an unrecognized CSS property at line 6. Ignoring declaration.
com.openhtmltopdf.css-parse WARNING:: (https://cdn.jsdelivr.net/gh/extent-framework/extent-github-cdn@ce8b10435bcbae260c334c0d0c6b61d2c19b6168/spark/css/spark-style.css) align-content is an unrecognized CSS property at line 6. Ignoring declaration.
com.openhtmltopdf.css-parse WARNING:: (https://cdn.jsdelivr.net/gh/extent-framework/extent-github-cdn@ce8b10435bcbae260c334c0d0c6b61d2c19b6168/spark/css/spark-style.css) -ms-flex-item-align is an unrecognized CSS property at line 6. Ignoring declaration.
com.openhtmltopdf.css-parse WARNING:: (https://cdn.jsdelivr.net/gh/extent-framework/extent-github-cdn@ce8b10435bcbae260c334c0d0c6b61d2c19b6168/spark/css/spark-style.css) align-self is an unrecognized CSS property at line 6. Ignoring declaration.
com.openhtmltopdf.css-parse WARNING:: (https://cdn.jsdelivr.net/gh/extent-framework/extent-github-cdn@ce8b10435bcbae260c334c0d0c6b61d2c19b6168/spark/css/spark-style.css) -ms-flex-item-align is an unrecognized CSS property at line 6. Ignoring declaration.
com.openhtmltopdf.css-parse WARNING:: (https://cdn.jsdelivr.net/gh/extent-framework/extent-github-cdn@ce8b10435bcbae260c334c0d0c6b61d2c19b6168/spark/css/spark-style.css) align-self is an unrecognized CSS property at line 6. Ignoring declaration.
com.openhtmltopdf.css-parse WARNING:: (https://cdn.jsdelivr.net/gh/extent-framework/extent-github-cdn@ce8b10435bcbae260c334c0d0c6b61d2c19b6168/spark/css/spark-style.css) -ms-flex-item-align is an unrecognized CSS property at line 6. Ignoring declaration.
com.openhtmltopdf.css-parse WARNING:: (https://cdn.jsdelivr.net/gh/extent-framework/extent-github-cdn@ce8b10435bcbae260c334c0d0c6b61d2c19b6168/spark/css/spark-style.css) align-self is an unrecognized CSS property at line 6. Ignoring declaration.
com.openhtmltopdf.css-parse WARNING:: (https://cdn.jsdelivr.net/gh/extent-framework/extent-github-cdn@ce8b10435bcbae260c334c0d0c6b61d2c19b6168/spark/css/spark-style.css) -ms-flex-item-align is an unrecognized CSS property at line 6. Ignoring declaration.
com.openhtmltopdf.css-parse WARNING:: (https://cdn.jsdelivr.net/gh/extent-framework/extent-github-cdn@ce8b10435bcbae260c334c0d0c6b61d2c19b6168/spark/css/spark-style.css) align-self is an unrecognized CSS property at line 6. Ignoring declaration.
com.openhtmltopdf.css-parse WARNING:: (https://cdn.jsdelivr.net/gh/extent-framework/extent-github-cdn@ce8b10435bcbae260c334c0d0c6b61d2c19b6168/spark/css/spark-style.css) -ms-flex-item-align is an unrecognized CSS property at line 6. Ignoring declaration.
com.openhtmltopdf.css-parse WARNING:: (https://cdn.jsdelivr.net/gh/extent-framework/extent-github-cdn@ce8b10435bcbae260c334c0d0c6b61d2c19b6168/spark/css/spark-style.css) align-self is an unrecognized CSS property at line 6. Ignoring declaration.
com.openhtmltopdf.css-parse WARNING:: (https://cdn.jsdelivr.net/gh/extent-framework/extent-github-cdn@ce8b10435bcbae260c334c0d0c6b61d2c19b6168/spark/css/spark-style.css) -ms-flex-item-align is an unrecognized CSS property at line 6. Ignoring declaration.
com.openhtmltopdf.css-parse WARNING:: (https://cdn.jsdelivr.net/gh/extent-framework/extent-github-cdn@ce8b10435bcbae260c334c0d0c6b61d2c19b6168/spark/css/spark-style.css) align-self is an unrecognized CSS property at line 6. Ignoring declaration.
com.openhtmltopdf.css-parse WARNING:: (https://cdn.jsdelivr.net/gh/extent-framework/extent-github-cdn@ce8b10435bcbae260c334c0d0c6b61d2c19b6168/spark/css/spark-style.css) Found ( (other) where an identifier was expected at line 7. Skipping @media rule.
com.openhtmltopdf.css-parse WARNING:: (https://cdn.jsdelivr.net/gh/extent-framework/extent-github-cdn@ce8b10435bcbae260c334c0d0c6b61d2c19b6168/spark/css/spark-style.css) Found ( (other) where an identifier was expected at line 7. Skipping @media rule.
com.openhtmltopdf.css-parse WARNING:: (https://cdn.jsdelivr.net/gh/extent-framework/extent-github-cdn@ce8b10435bcbae260c334c0d0c6b61d2c19b6168/spark/css/spark-style.css) Found ( (other) where an identifier was expected at line 7. Skipping @media rule.
com.openhtmltopdf.css-parse WARNING:: (https://cdn.jsdelivr.net/gh/extent-framework/extent-github-cdn@ce8b10435bcbae260c334c0d0c6b61d2c19b6168/spark/css/spark-style.css) Found ( (other) where an identifier was expected at line 7. Skipping @media rule.
com.openhtmltopdf.css-parse WARNING:: (https://cdn.jsdelivr.net/gh/extent-framework/extent-github-cdn@ce8b10435bcbae260c334c0d0c6b61d2c19b6168/spark/css/spark-style.css) Found ( (other) where an identifier was expected at line 7. Skipping @media rule.
com.openhtmltopdf.css-parse WARNING:: (https://cdn.jsdelivr.net/gh/extent-framework/extent-github-cdn@ce8b10435bcbae260c334c0d0c6b61d2c19b6168/spark/css/spark-style.css) Found ( (other) where an identifier was expected at line 7. Skipping @media rule.
com.openhtmltopdf.css-parse WARNING:: (https://cdn.jsdelivr.net/gh/extent-framework/extent-github-cdn@ce8b10435bcbae260c334c0d0c6b61d2c19b6168/spark/css/spark-style.css) Found ( (other) where an identifier was expected at line 7. Skipping @media rule.
com.openhtmltopdf.css-parse WARNING:: (https://cdn.jsdelivr.net/gh/extent-framework/extent-github-cdn@ce8b10435bcbae260c334c0d0c6b61d2c19b6168/spark/css/spark-style.css) Found ( (other) where an identifier was expected at line 7. Skipping @media rule.
com.openhtmltopdf.css-parse WARNING:: (https://cdn.jsdelivr.net/gh/extent-framework/extent-github-cdn@ce8b10435bcbae260c334c0d0c6b61d2c19b6168/spark/css/spark-style.css) Value -webkit-sticky is not a recognized identifier at line 7. Skipping declaration.
com.openhtmltopdf.css-parse WARNING:: (https://cdn.jsdelivr.net/gh/extent-framework/extent-github-cdn@ce8b10435bcbae260c334c0d0c6b61d2c19b6168/spark/css/spark-style.css) Value sticky is not a recognized identifier at line 7. Skipping declaration.
com.openhtmltopdf.css-parse WARNING:: (https://cdn.jsdelivr.net/gh/extent-framework/extent-github-cdn@ce8b10435bcbae260c334c0d0c6b61d2c19b6168/spark/css/spark-style.css) Invalid at-rule at line 7. Skipping at-rule.
com.openhtmltopdf.css-parse WARNING:: (https://cdn.jsdelivr.net/gh/extent-framework/extent-github-cdn@ce8b10435bcbae260c334c0d0c6b61d2c19b6168/spark/css/spark-style.css) clip is not implemented at line 6. Ignoring declaration.
com.openhtmltopdf.css-parse WARNING:: (https://cdn.jsdelivr.net/gh/extent-framework/extent-github-cdn@ce8b10435bcbae260c334c0d0c6b61d2c19b6168/spark/css/spark-style.css) -webkit-clip-path is an unrecognized CSS property at line 6. Ignoring declaration.
com.openhtmltopdf.css-parse WARNING:: (https://cdn.jsdelivr.net/gh/extent-framework/extent-github-cdn@ce8b10435bcbae260c334c0d0c6b61d2c19b6168/spark/css/spark-style.css) clip is not implemented at line 6. Ignoring declaration.
com.openhtmltopdf.css-parse WARNING:: (https://cdn.jsdelivr.net/gh/extent-framework/extent-github-cdn@ce8b10435bcbae260c334c0d0c6b61d2c19b6168/spark/css/spark-style.css) -webkit-clip-path is an unrecognized CSS property at line 6. Ignoring declaration.
com.openhtmltopdf.css-parse WARNING:: (https://cdn.jsdelivr.net/gh/extent-framework/extent-github-cdn@ce8b10435bcbae260c334c0d0c6b61d2c19b6168/spark/css/spark-style.css) Found ( (other) where an identifier was expected at line 7. Skipping @media rule.
com.openhtmltopdf.css-parse WARNING:: (https://cdn.jsdelivr.net/gh/extent-framework/extent-github-cdn@ce8b10435bcbae260c334c0d0c6b61d2c19b6168/spark/css/spark-style.css) Found ( (other) where an identifier was expected at line 7. Skipping @media rule.
com.openhtmltopdf.css-parse WARNING:: (https://cdn.jsdelivr.net/gh/extent-framework/extent-github-cdn@ce8b10435bcbae260c334c0d0c6b61d2c19b6168/spark/css/spark-style.css) Found ( (other) where an identifier was expected at line 7. Skipping @media rule.
com.openhtmltopdf.css-parse WARNING:: (https://cdn.jsdelivr.net/gh/extent-framework/extent-github-cdn@ce8b10435bcbae260c334c0d0c6b61d2c19b6168/spark/css/spark-style.css) Found ( (other) where an identifier was expected at line 7. Skipping @media rule.
com.openhtmltopdf.css-parse WARNING:: (https://cdn.jsdelivr.net/gh/extent-framework/extent-github-cdn@ce8b10435bcbae260c334c0d0c6b61d2c19b6168/spark/css/spark-style.css) text-overflow is an unrecognized CSS property at line 6. Ignoring declaration.
com.openhtmltopdf.css-parse WARNING:: (https://cdn.jsdelivr.net/gh/extent-framework/extent-github-cdn@ce8b10435bcbae260c334c0d0c6b61d2c19b6168/spark/css/spark-style.css) Found ( (other) where an identifier was expected at line 7. Skipping @media rule.
com.openhtmltopdf.css-parse WARNING:: (https://cdn.jsdelivr.net/gh/extent-framework/extent-github-cdn@ce8b10435bcbae260c334c0d0c6b61d2c19b6168/spark/css/spark-style.css) Found ( (other) where an identifier was expected at line 7. Skipping @media rule.
com.openhtmltopdf.css-parse WARNING:: (https://cdn.jsdelivr.net/gh/extent-framework/extent-github-cdn@ce8b10435bcbae260c334c0d0c6b61d2c19b6168/spark/css/spark-style.css) Found ( (other) where an identifier was expected at line 7. Skipping @media rule.
com.openhtmltopdf.css-parse WARNING:: (https://cdn.jsdelivr.net/gh/extent-framework/extent-github-cdn@ce8b10435bcbae260c334c0d0c6b61d2c19b6168/spark/css/spark-style.css) Found ( (other) where an identifier was expected at line 7. Skipping @media rule.
com.openhtmltopdf.css-parse WARNING:: (https://cdn.jsdelivr.net/gh/extent-framework/extent-github-cdn@ce8b10435bcbae260c334c0d0c6b61d2c19b6168/spark/css/spark-style.css) text-shadow is an unrecognized CSS property at line 6. Ignoring declaration.
com.openhtmltopdf.css-parse WARNING:: (https://cdn.jsdelivr.net/gh/extent-framework/extent-github-cdn@ce8b10435bcbae260c334c0d0c6b61d2c19b6168/spark/css/spark-style.css) text-shadow is an unrecognized CSS property at line 6. Ignoring declaration.
com.openhtmltopdf.css-parse WARNING:: (https://cdn.jsdelivr.net/gh/extent-framework/extent-github-cdn@ce8b10435bcbae260c334c0d0c6b61d2c19b6168/spark/css/spark-style.css) box-shadow is an unrecognized CSS property at line 6. Ignoring declaration.
com.openhtmltopdf.css-parse WARNING:: (https://cdn.jsdelivr.net/gh/extent-framework/extent-github-cdn@ce8b10435bcbae260c334c0d0c6b61d2c19b6168/spark/css/spark-style.css) not is not a valid function in this context at line 7. Skipping ruleset.
com.openhtmltopdf.css-parse WARNING:: (https://cdn.jsdelivr.net/gh/extent-framework/extent-github-cdn@ce8b10435bcbae260c334c0d0c6b61d2c19b6168/spark/css/spark-style.css) Found @page where one of a hex color, ., [, or : was expected at line 7. Skipping ruleset.
com.openhtmltopdf.css-parse WARNING:: (https://cdn.jsdelivr.net/gh/extent-framework/extent-github-cdn@ce8b10435bcbae260c334c0d0c6b61d2c19b6168/spark/css/spark-style.css) -ms-touch-action is an unrecognized CSS property at line 6. Ignoring declaration.
com.openhtmltopdf.css-parse WARNING:: (https://cdn.jsdelivr.net/gh/extent-framework/extent-github-cdn@ce8b10435bcbae260c334c0d0c6b61d2c19b6168/spark/css/spark-style.css) touch-action is an unrecognized CSS property at line 6. Ignoring declaration.
com.openhtmltopdf.css-parse WARNING:: (https://cdn.jsdelivr.net/gh/extent-framework/extent-github-cdn@ce8b10435bcbae260c334c0d0c6b61d2c19b6168/spark/css/spark-style.css) -ms-overflow-style is an unrecognized CSS property at line 6. Ignoring declaration.
com.openhtmltopdf.css-parse WARNING:: (https://cdn.jsdelivr.net/gh/extent-framework/extent-github-cdn@ce8b10435bcbae260c334c0d0c6b61d2c19b6168/spark/css/spark-style.css) Invalid at-rule at line 7. Skipping at-rule.
com.openhtmltopdf.css-parse WARNING:: (https://cdn.jsdelivr.net/gh/extent-framework/extent-github-cdn@ce8b10435bcbae260c334c0d0c6b61d2c19b6168/spark/css/spark-style.css) Found @media where one of a hex color, ., [, or : was expected at line 7. Skipping ruleset.
com.openhtmltopdf.css-parse WARNING:: (https://cdn.jsdelivr.net/gh/extent-framework/extent-github-cdn@ce8b10435bcbae260c334c0d0c6b61d2c19b6168/spark/css/spark-style.css) opacity is an unrecognized CSS property at line 6. Ignoring declaration.
com.openhtmltopdf.css-parse WARNING:: (https://cdn.jsdelivr.net/gh/extent-framework/extent-github-cdn@ce8b10435bcbae260c334c0d0c6b61d2c19b6168/spark/css/spark-style.css) opacity is an unrecognized CSS property at line 6. Ignoring declaration.
com.openhtmltopdf.css-parse WARNING:: (https://cdn.jsdelivr.net/gh/extent-framework/extent-github-cdn@ce8b10435bcbae260c334c0d0c6b61d2c19b6168/spark/css/spark-style.css) opacity is an unrecognized CSS property at line 6. Ignoring declaration.
com.openhtmltopdf.css-parse WARNING:: (https://cdn.jsdelivr.net/gh/extent-framework/extent-github-cdn@ce8b10435bcbae260c334c0d0c6b61d2c19b6168/spark/css/spark-style.css) -webkit-transition is an unrecognized CSS property at line 6. Ignoring declaration.
com.openhtmltopdf.css-parse WARNING:: (https://cdn.jsdelivr.net/gh/extent-framework/extent-github-cdn@ce8b10435bcbae260c334c0d0c6b61d2c19b6168/spark/css/spark-style.css) Unsupported CSS unit s at line 7. Skipping declaration.
com.openhtmltopdf.css-parse WARNING:: (https://cdn.jsdelivr.net/gh/extent-framework/extent-github-cdn@ce8b10435bcbae260c334c0d0c6b61d2c19b6168/spark/css/spark-style.css) -o-transition is an unrecognized CSS property at line 6. Ignoring declaration.
com.openhtmltopdf.css-parse WARNING:: (https://cdn.jsdelivr.net/gh/extent-framework/extent-github-cdn@ce8b10435bcbae260c334c0d0c6b61d2c19b6168/spark/css/spark-style.css) Unsupported CSS unit s at line 7. Skipping declaration.
com.openhtmltopdf.css-parse WARNING:: (https://cdn.jsdelivr.net/gh/extent-framework/extent-github-cdn@ce8b10435bcbae260c334c0d0c6b61d2c19b6168/spark/css/spark-style.css) -moz-transition is an unrecognized CSS property at line 6. Ignoring declaration.
com.openhtmltopdf.css-parse WARNING:: (https://cdn.jsdelivr.net/gh/extent-framework/extent-github-cdn@ce8b10435bcbae260c334c0d0c6b61d2c19b6168/spark/css/spark-style.css) Unsupported CSS unit s at line 7. Skipping declaration.
com.openhtmltopdf.css-parse WARNING:: (https://cdn.jsdelivr.net/gh/extent-framework/extent-github-cdn@ce8b10435bcbae260c334c0d0c6b61d2c19b6168/spark/css/spark-style.css) transition is an unrecognized CSS property at line 6. Ignoring declaration.
com.openhtmltopdf.css-parse WARNING:: (https://cdn.jsdelivr.net/gh/extent-framework/extent-github-cdn@ce8b10435bcbae260c334c0d0c6b61d2c19b6168/spark/css/spark-style.css) Unsupported CSS unit s at line 7. Skipping declaration.
com.openhtmltopdf.css-parse WARNING:: (https://cdn.jsdelivr.net/gh/extent-framework/extent-github-cdn@ce8b10435bcbae260c334c0d0c6b61d2c19b6168/spark/css/spark-style.css) -webkit-border-radius is an unrecognized CSS property at line 6. Ignoring declaration.
com.openhtmltopdf.css-parse WARNING:: (https://cdn.jsdelivr.net/gh/extent-framework/extent-github-cdn@ce8b10435bcbae260c334c0d0c6b61d2c19b6168/spark/css/spark-style.css) -moz-border-radius is an unrecognized CSS property at line 6. Ignoring declaration.
com.openhtmltopdf.css-parse WARNING:: (https://cdn.jsdelivr.net/gh/extent-framework/extent-github-cdn@ce8b10435bcbae260c334c0d0c6b61d2c19b6168/spark/css/spark-style.css) -webkit-transition is an unrecognized CSS property at line 6. Ignoring declaration.
com.openhtmltopdf.css-parse WARNING:: (https://cdn.jsdelivr.net/gh/extent-framework/extent-github-cdn@ce8b10435bcbae260c334c0d0c6b61d2c19b6168/spark/css/spark-style.css) Unsupported CSS unit s at line 7. Skipping declaration.
com.openhtmltopdf.css-parse WARNING:: (https://cdn.jsdelivr.net/gh/extent-framework/extent-github-cdn@ce8b10435bcbae260c334c0d0c6b61d2c19b6168/spark/css/spark-style.css) transition is an unrecognized CSS property at line 6. Ignoring declaration.
com.openhtmltopdf.css-parse WARNING:: (https://cdn.jsdelivr.net/gh/extent-framework/extent-github-cdn@ce8b10435bcbae260c334c0d0c6b61d2c19b6168/spark/css/spark-style.css) Unsupported CSS unit s at line 7. Skipping declaration.
com.openhtmltopdf.css-parse WARNING:: (https://cdn.jsdelivr.net/gh/extent-framework/extent-github-cdn@ce8b10435bcbae260c334c0d0c6b61d2c19b6168/spark/css/spark-style.css) -o-transition is an unrecognized CSS property at line 6. Ignoring declaration.
com.openhtmltopdf.css-parse WARNING:: (https://cdn.jsdelivr.net/gh/extent-framework/extent-github-cdn@ce8b10435bcbae260c334c0d0c6b61d2c19b6168/spark/css/spark-style.css) Unsupported CSS unit s at line 7. Skipping declaration.
com.openhtmltopdf.css-parse WARNING:: (https://cdn.jsdelivr.net/gh/extent-framework/extent-github-cdn@ce8b10435bcbae260c334c0d0c6b61d2c19b6168/spark/css/spark-style.css) -moz-transition is an unrecognized CSS property at line 6. Ignoring declaration.
com.openhtmltopdf.css-parse WARNING:: (https://cdn.jsdelivr.net/gh/extent-framework/extent-github-cdn@ce8b10435bcbae260c334c0d0c6b61d2c19b6168/spark/css/spark-style.css) Unsupported CSS unit s at line 7. Skipping declaration.
com.openhtmltopdf.css-parse WARNING:: (https://cdn.jsdelivr.net/gh/extent-framework/extent-github-cdn@ce8b10435bcbae260c334c0d0c6b61d2c19b6168/spark/css/spark-style.css) transition is an unrecognized CSS property at line 6. Ignoring declaration.
com.openhtmltopdf.css-parse WARNING:: (https://cdn.jsdelivr.net/gh/extent-framework/extent-github-cdn@ce8b10435bcbae260c334c0d0c6b61d2c19b6168/spark/css/spark-style.css) Unsupported CSS unit s at line 7. Skipping declaration.
com.openhtmltopdf.css-parse WARNING:: (https://cdn.jsdelivr.net/gh/extent-framework/extent-github-cdn@ce8b10435bcbae260c334c0d0c6b61d2c19b6168/spark/css/spark-style.css) transition is an unrecognized CSS property at line 6. Ignoring declaration.
com.openhtmltopdf.css-parse WARNING:: (https://cdn.jsdelivr.net/gh/extent-framework/extent-github-cdn@ce8b10435bcbae260c334c0d0c6b61d2c19b6168/spark/css/spark-style.css) Unsupported CSS unit s at line 7. Skipping declaration.
com.openhtmltopdf.css-parse WARNING:: (https://cdn.jsdelivr.net/gh/extent-framework/extent-github-cdn@ce8b10435bcbae260c334c0d0c6b61d2c19b6168/spark/css/spark-style.css) opacity is an unrecognized CSS property at line 6. Ignoring declaration.
com.openhtmltopdf.css-parse WARNING:: (https://cdn.jsdelivr.net/gh/extent-framework/extent-github-cdn@ce8b10435bcbae260c334c0d0c6b61d2c19b6168/spark/css/spark-style.css) -webkit-transition is an unrecognized CSS property at line 6. Ignoring declaration.
com.openhtmltopdf.css-parse WARNING:: (https://cdn.jsdelivr.net/gh/extent-framework/extent-github-cdn@ce8b10435bcbae260c334c0d0c6b61d2c19b6168/spark/css/spark-style.css) Unsupported CSS unit s at line 7. Skipping declaration.
com.openhtmltopdf.css-parse WARNING:: (https://cdn.jsdelivr.net/gh/extent-framework/extent-github-cdn@ce8b10435bcbae260c334c0d0c6b61d2c19b6168/spark/css/spark-style.css) -o-transition is an unrecognized CSS property at line 6. Ignoring declaration.
com.openhtmltopdf.css-parse WARNING:: (https://cdn.jsdelivr.net/gh/extent-framework/extent-github-cdn@ce8b10435bcbae260c334c0d0c6b61d2c19b6168/spark/css/spark-style.css) Unsupported CSS unit s at line 7. Skipping declaration.
com.openhtmltopdf.css-parse WARNING:: (https://cdn.jsdelivr.net/gh/extent-framework/extent-github-cdn@ce8b10435bcbae260c334c0d0c6b61d2c19b6168/spark/css/spark-style.css) -moz-transition is an unrecognized CSS property at line 6. Ignoring declaration.
com.openhtmltopdf.css-parse WARNING:: (https://cdn.jsdelivr.net/gh/extent-framework/extent-github-cdn@ce8b10435bcbae260c334c0d0c6b61d2c19b6168/spark/css/spark-style.css) Unsupported CSS unit s at line 7. Skipping declaration.
com.openhtmltopdf.css-parse WARNING:: (https://cdn.jsdelivr.net/gh/extent-framework/extent-github-cdn@ce8b10435bcbae260c334c0d0c6b61d2c19b6168/spark/css/spark-style.css) transition is an unrecognized CSS property at line 6. Ignoring declaration.
com.openhtmltopdf.css-parse WARNING:: (https://cdn.jsdelivr.net/gh/extent-framework/extent-github-cdn@ce8b10435bcbae260c334c0d0c6b61d2c19b6168/spark/css/spark-style.css) Unsupported CSS unit s at line 7. Skipping declaration.
com.openhtmltopdf.css-parse WARNING:: (https://cdn.jsdelivr.net/gh/extent-framework/extent-github-cdn@ce8b10435bcbae260c334c0d0c6b61d2c19b6168/spark/css/spark-style.css) -webkit-border-radius is an unrecognized CSS property at line 6. Ignoring declaration.
com.openhtmltopdf.css-parse WARNING:: (https://cdn.jsdelivr.net/gh/extent-framework/extent-github-cdn@ce8b10435bcbae260c334c0d0c6b61d2c19b6168/spark/css/spark-style.css) -moz-border-radius is an unrecognized CSS property at line 6. Ignoring declaration.
com.openhtmltopdf.css-parse WARNING:: (https://cdn.jsdelivr.net/gh/extent-framework/extent-github-cdn@ce8b10435bcbae260c334c0d0c6b61d2c19b6168/spark/css/spark-style.css) -webkit-transition is an unrecognized CSS property at line 6. Ignoring declaration.
com.openhtmltopdf.css-parse WARNING:: (https://cdn.jsdelivr.net/gh/extent-framework/extent-github-cdn@ce8b10435bcbae260c334c0d0c6b61d2c19b6168/spark/css/spark-style.css) Unsupported CSS unit s at line 7. Skipping declaration.
com.openhtmltopdf.css-parse WARNING:: (https://cdn.jsdelivr.net/gh/extent-framework/extent-github-cdn@ce8b10435bcbae260c334c0d0c6b61d2c19b6168/spark/css/spark-style.css) transition is an unrecognized CSS property at line 6. Ignoring declaration.
com.openhtmltopdf.css-parse WARNING:: (https://cdn.jsdelivr.net/gh/extent-framework/extent-github-cdn@ce8b10435bcbae260c334c0d0c6b61d2c19b6168/spark/css/spark-style.css) Unsupported CSS unit s at line 7. Skipping declaration.
com.openhtmltopdf.css-parse WARNING:: (https://cdn.jsdelivr.net/gh/extent-framework/extent-github-cdn@ce8b10435bcbae260c334c0d0c6b61d2c19b6168/spark/css/spark-style.css) -o-transition is an unrecognized CSS property at line 6. Ignoring declaration.
com.openhtmltopdf.css-parse WARNING:: (https://cdn.jsdelivr.net/gh/extent-framework/extent-github-cdn@ce8b10435bcbae260c334c0d0c6b61d2c19b6168/spark/css/spark-style.css) Unsupported CSS unit s at line 7. Skipping declaration.
com.openhtmltopdf.css-parse WARNING:: (https://cdn.jsdelivr.net/gh/extent-framework/extent-github-cdn@ce8b10435bcbae260c334c0d0c6b61d2c19b6168/spark/css/spark-style.css) -moz-transition is an unrecognized CSS property at line 6. Ignoring declaration.
com.openhtmltopdf.css-parse WARNING:: (https://cdn.jsdelivr.net/gh/extent-framework/extent-github-cdn@ce8b10435bcbae260c334c0d0c6b61d2c19b6168/spark/css/spark-style.css) Unsupported CSS unit s at line 7. Skipping declaration.
com.openhtmltopdf.css-parse WARNING:: (https://cdn.jsdelivr.net/gh/extent-framework/extent-github-cdn@ce8b10435bcbae260c334c0d0c6b61d2c19b6168/spark/css/spark-style.css) transition is an unrecognized CSS property at line 6. Ignoring declaration.
com.openhtmltopdf.css-parse WARNING:: (https://cdn.jsdelivr.net/gh/extent-framework/extent-github-cdn@ce8b10435bcbae260c334c0d0c6b61d2c19b6168/spark/css/spark-style.css) Unsupported CSS unit s at line 7. Skipping declaration.
com.openhtmltopdf.css-parse WARNING:: (https://cdn.jsdelivr.net/gh/extent-framework/extent-github-cdn@ce8b10435bcbae260c334c0d0c6b61d2c19b6168/spark/css/spark-style.css) transition is an unrecognized CSS property at line 6. Ignoring declaration.
com.openhtmltopdf.css-parse WARNING:: (https://cdn.jsdelivr.net/gh/extent-framework/extent-github-cdn@ce8b10435bcbae260c334c0d0c6b61d2c19b6168/spark/css/spark-style.css) Unsupported CSS unit s at line 7. Skipping declaration.
com.openhtmltopdf.css-parse WARNING:: (https://cdn.jsdelivr.net/gh/extent-framework/extent-github-cdn@ce8b10435bcbae260c334c0d0c6b61d2c19b6168/spark/css/spark-style.css) opacity is an unrecognized CSS property at line 6. Ignoring declaration.
com.openhtmltopdf.css-parse WARNING:: (https://cdn.jsdelivr.net/gh/extent-framework/extent-github-cdn@ce8b10435bcbae260c334c0d0c6b61d2c19b6168/spark/css/spark-style.css) opacity is an unrecognized CSS property at line 6. Ignoring declaration.
com.openhtmltopdf.css-parse WARNING:: (https://cdn.jsdelivr.net/gh/extent-framework/extent-github-cdn@ce8b10435bcbae260c334c0d0c6b61d2c19b6168/spark/css/spark-style.css) opacity is an unrecognized CSS property at line 6. Ignoring declaration.
com.openhtmltopdf.css-parse WARNING:: (https://cdn.jsdelivr.net/gh/extent-framework/extent-github-cdn@ce8b10435bcbae260c334c0d0c6b61d2c19b6168/spark/css/spark-style.css) opacity is an unrecognized CSS property at line 6. Ignoring declaration.
com.openhtmltopdf.css-parse WARNING:: (https://cdn.jsdelivr.net/gh/extent-framework/extent-github-cdn@ce8b10435bcbae260c334c0d0c6b61d2c19b6168/spark/css/spark-style.css) opacity is an unrecognized CSS property at line 6. Ignoring declaration.
com.openhtmltopdf.css-parse WARNING:: (https://cdn.jsdelivr.net/gh/extent-framework/extent-github-cdn@ce8b10435bcbae260c334c0d0c6b61d2c19b6168/spark/css/spark-style.css) overflow-x is an unrecognized CSS property at line 6. Ignoring declaration.
com.openhtmltopdf.css-parse WARNING:: (https://cdn.jsdelivr.net/gh/extent-framework/extent-github-cdn@ce8b10435bcbae260c334c0d0c6b61d2c19b6168/spark/css/spark-style.css) transition is an unrecognized CSS property at line 6. Ignoring declaration.
com.openhtmltopdf.css-parse WARNING:: (https://cdn.jsdelivr.net/gh/extent-framework/extent-github-cdn@ce8b10435bcbae260c334c0d0c6b61d2c19b6168/spark/css/spark-style.css) Unsupported CSS unit s at line 7. Skipping declaration.
com.openhtmltopdf.css-parse WARNING:: (https://cdn.jsdelivr.net/gh/extent-framework/extent-github-cdn@ce8b10435bcbae260c334c0d0c6b61d2c19b6168/spark/css/spark-style.css) -webkit-font-smoothing is an unrecognized CSS property at line 13. Ignoring declaration.
com.openhtmltopdf.css-parse WARNING:: (https://cdn.jsdelivr.net/gh/extent-framework/extent-github-cdn@ce8b10435bcbae260c334c0d0c6b61d2c19b6168/spark/css/spark-style.css) outline is not implemented at line 13. Ignoring declaration.
com.openhtmltopdf.css-parse WARNING:: (https://cdn.jsdelivr.net/gh/extent-framework/extent-github-cdn@ce8b10435bcbae260c334c0d0c6b61d2c19b6168/spark/css/spark-style.css) opacity is an unrecognized CSS property at line 13. Ignoring declaration.
com.openhtmltopdf.css-parse WARNING:: (https://cdn.jsdelivr.net/gh/extent-framework/extent-github-cdn@ce8b10435bcbae260c334c0d0c6b61d2c19b6168/spark/css/spark-style.css) outline is not implemented at line 13. Ignoring declaration.
com.openhtmltopdf.css-parse WARNING:: (https://cdn.jsdelivr.net/gh/extent-framework/extent-github-cdn@ce8b10435bcbae260c334c0d0c6b61d2c19b6168/spark/css/spark-style.css) opacity is an unrecognized CSS property at line 13. Ignoring declaration.
com.openhtmltopdf.css-parse WARNING:: (https://cdn.jsdelivr.net/gh/extent-framework/extent-github-cdn@ce8b10435bcbae260c334c0d0c6b61d2c19b6168/spark/css/spark-style.css) object-fit is an unrecognized CSS property at line 13. Ignoring declaration.
com.openhtmltopdf.css-parse WARNING:: (https://cdn.jsdelivr.net/gh/extent-framework/extent-github-cdn@ce8b10435bcbae260c334c0d0c6b61d2c19b6168/spark/css/spark-style.css) outline is not implemented at line 13. Ignoring declaration.
com.openhtmltopdf.css-parse WARNING:: (https://cdn.jsdelivr.net/gh/extent-framework/extent-github-cdn@ce8b10435bcbae260c334c0d0c6b61d2c19b6168/spark/css/spark-style.css) opacity is an unrecognized CSS property at line 13. Ignoring declaration.
com.openhtmltopdf.css-parse WARNING:: (https://cdn.jsdelivr.net/gh/extent-framework/extent-github-cdn@ce8b10435bcbae260c334c0d0c6b61d2c19b6168/spark/css/spark-style.css) Found an identifier where a { was expected at line 14. Skipping @media rule.
com.openhtmltopdf.css-parse WARNING:: (https://cdn.jsdelivr.net/gh/extent-framework/extent-github-cdn@ce8b10435bcbae260c334c0d0c6b61d2c19b6168/spark/css/spark-style.css) Found an identifier where a { was expected at line 14. Skipping @media rule.
com.openhtmltopdf.css-parse WARNING:: (https://cdn.jsdelivr.net/gh/extent-framework/extent-github-cdn@ce8b10435bcbae260c334c0d0c6b61d2c19b6168/spark/css/spark-style.css) Found an identifier where a { was expected at line 14. Skipping @media rule.
com.openhtmltopdf.css-parse WARNING:: (https://cdn.jsdelivr.net/gh/extent-framework/extent-github-cdn@ce8b10435bcbae260c334c0d0c6b61d2c19b6168/spark/css/spark-style.css) Found an identifier where a { was expected at line 14. Skipping @media rule.
com.openhtmltopdf.css-parse WARNING:: (https://cdn.jsdelivr.net/gh/extent-framework/extent-github-cdn@ce8b10435bcbae260c334c0d0c6b61d2c19b6168/spark/css/spark-style.css) Found an identifier where a { was expected at line 14. Skipping @media rule.
com.openhtmltopdf.css-parse WARNING:: (https://cdn.jsdelivr.net/gh/extent-framework/extent-github-cdn@ce8b10435bcbae260c334c0d0c6b61d2c19b6168/spark/css/spark-style.css) Unsupported CSS unit vh at line 14. Skipping declaration.
com.openhtmltopdf.css-parse WARNING:: (https://cdn.jsdelivr.net/gh/extent-framework/extent-github-cdn@ce8b10435bcbae260c334c0d0c6b61d2c19b6168/spark/css/spark-style.css) overflow-y is an unrecognized CSS property at line 13. Ignoring declaration.
com.openhtmltopdf.css-parse WARNING:: (https://cdn.jsdelivr.net/gh/extent-framework/extent-github-cdn@ce8b10435bcbae260c334c0d0c6b61d2c19b6168/spark/css/spark-style.css) Ident auto is an invalid or unsupported value for overflow at line 14. Skipping declaration.
com.openhtmltopdf.css-parse WARNING:: (https://cdn.jsdelivr.net/gh/extent-framework/extent-github-cdn@ce8b10435bcbae260c334c0d0c6b61d2c19b6168/spark/css/spark-style.css) overflow-y is an unrecognized CSS property at line 13. Ignoring declaration.
com.openhtmltopdf.css-parse WARNING:: (https://cdn.jsdelivr.net/gh/extent-framework/extent-github-cdn@ce8b10435bcbae260c334c0d0c6b61d2c19b6168/spark/css/spark-style.css) overflow-x is an unrecognized CSS property at line 13. Ignoring declaration.
com.openhtmltopdf.css-parse WARNING:: (https://cdn.jsdelivr.net/gh/extent-framework/extent-github-cdn@ce8b10435bcbae260c334c0d0c6b61d2c19b6168/spark/css/spark-style.css) Found an identifier where a { was expected at line 14. Skipping @media rule.
com.openhtmltopdf.css-parse WARNING:: (https://cdn.jsdelivr.net/gh/extent-framework/extent-github-cdn@ce8b10435bcbae260c334c0d0c6b61d2c19b6168/spark/css/spark-style.css) opacity is an unrecognized CSS property at line 13. Ignoring declaration.
com.openhtmltopdf.css-parse WARNING:: (https://cdn.jsdelivr.net/gh/extent-framework/extent-github-cdn@ce8b10435bcbae260c334c0d0c6b61d2c19b6168/spark/css/spark-style.css) opacity is an unrecognized CSS property at line 13. Ignoring declaration.
com.openhtmltopdf.css-parse WARNING:: (https://cdn.jsdelivr.net/gh/extent-framework/extent-github-cdn@ce8b10435bcbae260c334c0d0c6b61d2c19b6168/spark/css/spark-style.css) opacity is an unrecognized CSS property at line 13. Ignoring declaration.
com.openhtmltopdf.css-parse WARNING:: (https://cdn.jsdelivr.net/gh/extent-framework/extent-github-cdn@ce8b10435bcbae260c334c0d0c6b61d2c19b6168/spark/css/spark-style.css) opacity is an unrecognized CSS property at line 13. Ignoring declaration.
com.openhtmltopdf.css-parse WARNING:: (https://cdn.jsdelivr.net/gh/extent-framework/extent-github-cdn@ce8b10435bcbae260c334c0d0c6b61d2c19b6168/spark/css/spark-style.css) opacity is an unrecognized CSS property at line 13. Ignoring declaration.
com.openhtmltopdf.css-parse WARNING:: (https://cdn.jsdelivr.net/gh/extent-framework/extent-github-cdn@ce8b10435bcbae260c334c0d0c6b61d2c19b6168/spark/css/spark-style.css) opacity is an unrecognized CSS property at line 13. Ignoring declaration.
com.openhtmltopdf.css-parse WARNING:: (https://cdn.jsdelivr.net/gh/extent-framework/extent-github-cdn@ce8b10435bcbae260c334c0d0c6b61d2c19b6168/spark/css/spark-style.css) opacity is an unrecognized CSS property at line 13. Ignoring declaration.
com.openhtmltopdf.css-parse WARNING:: (https://cdn.jsdelivr.net/gh/extent-framework/extent-github-cdn@ce8b10435bcbae260c334c0d0c6b61d2c19b6168/spark/css/spark-style.css) opacity is an unrecognized CSS property at line 13. Ignoring declaration.
com.openhtmltopdf.css-parse WARNING:: (https://cdn.jsdelivr.net/gh/extent-framework/extent-github-cdn@ce8b10435bcbae260c334c0d0c6b61d2c19b6168/spark/css/spark-style.css) opacity is an unrecognized CSS property at line 13. Ignoring declaration.
com.openhtmltopdf.css-parse WARNING:: (https://cdn.jsdelivr.net/gh/extent-framework/extent-github-cdn@ce8b10435bcbae260c334c0d0c6b61d2c19b6168/spark/css/spark-style.css) opacity is an unrecognized CSS property at line 13. Ignoring declaration.
com.openhtmltopdf.css-parse WARNING:: (https://cdn.jsdelivr.net/gh/extent-framework/extent-github-cdn@ce8b10435bcbae260c334c0d0c6b61d2c19b6168/spark/css/spark-style.css) Found an identifier where a { was expected at line 14. Skipping @media rule.
com.openhtmltopdf.css-parse WARNING:: (https://cdn.jsdelivr.net/gh/extent-framework/extent-github-cdn@ce8b10435bcbae260c334c0d0c6b61d2c19b6168/spark/css/spark-style.css) -webkit-transition is an unrecognized CSS property at line 13. Ignoring declaration.
com.openhtmltopdf.css-parse WARNING:: (https://cdn.jsdelivr.net/gh/extent-framework/extent-github-cdn@ce8b10435bcbae260c334c0d0c6b61d2c19b6168/spark/css/spark-style.css) Unsupported CSS unit s at line 14. Skipping declaration.
com.openhtmltopdf.css-parse WARNING:: (https://cdn.jsdelivr.net/gh/extent-framework/extent-github-cdn@ce8b10435bcbae260c334c0d0c6b61d2c19b6168/spark/css/spark-style.css) -moz-transition is an unrecognized CSS property at line 13. Ignoring declaration.
com.openhtmltopdf.css-parse WARNING:: (https://cdn.jsdelivr.net/gh/extent-framework/extent-github-cdn@ce8b10435bcbae260c334c0d0c6b61d2c19b6168/spark/css/spark-style.css) Unsupported CSS unit s at line 14. Skipping declaration.
com.openhtmltopdf.css-parse WARNING:: (https://cdn.jsdelivr.net/gh/extent-framework/extent-github-cdn@ce8b10435bcbae260c334c0d0c6b61d2c19b6168/spark/css/spark-style.css) -o-transition is an unrecognized CSS property at line 13. Ignoring declaration.
com.openhtmltopdf.css-parse WARNING:: (https://cdn.jsdelivr.net/gh/extent-framework/extent-github-cdn@ce8b10435bcbae260c334c0d0c6b61d2c19b6168/spark/css/spark-style.css) Unsupported CSS unit s at line 14. Skipping declaration.
com.openhtmltopdf.css-parse WARNING:: (https://cdn.jsdelivr.net/gh/extent-framework/extent-github-cdn@ce8b10435bcbae260c334c0d0c6b61d2c19b6168/spark/css/spark-style.css) -ms-transition is an unrecognized CSS property at line 13. Ignoring declaration.
com.openhtmltopdf.css-parse WARNING:: (https://cdn.jsdelivr.net/gh/extent-framework/extent-github-cdn@ce8b10435bcbae260c334c0d0c6b61d2c19b6168/spark/css/spark-style.css) Unsupported CSS unit s at line 14. Skipping declaration.
com.openhtmltopdf.css-parse WARNING:: (https://cdn.jsdelivr.net/gh/extent-framework/extent-github-cdn@ce8b10435bcbae260c334c0d0c6b61d2c19b6168/spark/css/spark-style.css) Ident auto is an invalid or unsupported value for overflow at line 14. Skipping declaration.
com.openhtmltopdf.css-parse WARNING:: (https://cdn.jsdelivr.net/gh/extent-framework/extent-github-cdn@ce8b10435bcbae260c334c0d0c6b61d2c19b6168/spark/css/spark-style.css) Unsupported CSS unit vh at line 14. Skipping declaration.
com.openhtmltopdf.css-parse WARNING:: (https://cdn.jsdelivr.net/gh/extent-framework/extent-github-cdn@ce8b10435bcbae260c334c0d0c6b61d2c19b6168/spark/css/spark-style.css) transition is an unrecognized CSS property at line 13. Ignoring declaration.
com.openhtmltopdf.css-parse WARNING:: (https://cdn.jsdelivr.net/gh/extent-framework/extent-github-cdn@ce8b10435bcbae260c334c0d0c6b61d2c19b6168/spark/css/spark-style.css) Unsupported CSS unit ms at line 14. Skipping declaration.
com.openhtmltopdf.css-parse WARNING:: (https://cdn.jsdelivr.net/gh/extent-framework/extent-github-cdn@ce8b10435bcbae260c334c0d0c6b61d2c19b6168/spark/css/spark-style.css) -webkit-transition is an unrecognized CSS property at line 13. Ignoring declaration.
com.openhtmltopdf.css-parse WARNING:: (https://cdn.jsdelivr.net/gh/extent-framework/extent-github-cdn@ce8b10435bcbae260c334c0d0c6b61d2c19b6168/spark/css/spark-style.css) Unsupported CSS unit ms at line 14. Skipping declaration.
com.openhtmltopdf.css-parse WARNING:: (https://cdn.jsdelivr.net/gh/extent-framework/extent-github-cdn@ce8b10435bcbae260c334c0d0c6b61d2c19b6168/spark/css/spark-style.css) -moz-transition is an unrecognized CSS property at line 13. Ignoring declaration.
com.openhtmltopdf.css-parse WARNING:: (https://cdn.jsdelivr.net/gh/extent-framework/extent-github-cdn@ce8b10435bcbae260c334c0d0c6b61d2c19b6168/spark/css/spark-style.css) Unsupported CSS unit ms at line 14. Skipping declaration.
com.openhtmltopdf.css-parse WARNING:: (https://cdn.jsdelivr.net/gh/extent-framework/extent-github-cdn@ce8b10435bcbae260c334c0d0c6b61d2c19b6168/spark/css/spark-style.css) -o-transition is an unrecognized CSS property at line 13. Ignoring declaration.
com.openhtmltopdf.css-parse WARNING:: (https://cdn.jsdelivr.net/gh/extent-framework/extent-github-cdn@ce8b10435bcbae260c334c0d0c6b61d2c19b6168/spark/css/spark-style.css) Unsupported CSS unit ms at line 14. Skipping declaration.
com.openhtmltopdf.css-parse WARNING:: (https://cdn.jsdelivr.net/gh/extent-framework/extent-github-cdn@ce8b10435bcbae260c334c0d0c6b61d2c19b6168/spark/css/spark-style.css) -ms-transition is an unrecognized CSS property at line 13. Ignoring declaration.
com.openhtmltopdf.css-parse WARNING:: (https://cdn.jsdelivr.net/gh/extent-framework/extent-github-cdn@ce8b10435bcbae260c334c0d0c6b61d2c19b6168/spark/css/spark-style.css) Unsupported CSS unit ms at line 14. Skipping declaration.
com.openhtmltopdf.css-parse WARNING:: (https://cdn.jsdelivr.net/gh/extent-framework/extent-github-cdn@ce8b10435bcbae260c334c0d0c6b61d2c19b6168/spark/css/spark-style.css) -webkit-transform is an unrecognized CSS property at line 13. Ignoring declaration.
com.openhtmltopdf.css-parse WARNING:: (https://cdn.jsdelivr.net/gh/extent-framework/extent-github-cdn@ce8b10435bcbae260c334c0d0c6b61d2c19b6168/spark/css/spark-style.css) -moz-transform is an unrecognized CSS property at line 13. Ignoring declaration.
com.openhtmltopdf.css-parse WARNING:: (https://cdn.jsdelivr.net/gh/extent-framework/extent-github-cdn@ce8b10435bcbae260c334c0d0c6b61d2c19b6168/spark/css/spark-style.css) -o-transform is an unrecognized CSS property at line 13. Ignoring declaration.
com.openhtmltopdf.css-parse WARNING:: (https://cdn.jsdelivr.net/gh/extent-framework/extent-github-cdn@ce8b10435bcbae260c334c0d0c6b61d2c19b6168/spark/css/spark-style.css) -ms-transform is an unrecognized CSS property at line 13. Ignoring declaration.
com.openhtmltopdf.css-parse WARNING:: (https://cdn.jsdelivr.net/gh/extent-framework/extent-github-cdn@ce8b10435bcbae260c334c0d0c6b61d2c19b6168/spark/css/spark-style.css) transition is an unrecognized CSS property at line 13. Ignoring declaration.
com.openhtmltopdf.css-parse WARNING:: (https://cdn.jsdelivr.net/gh/extent-framework/extent-github-cdn@ce8b10435bcbae260c334c0d0c6b61d2c19b6168/spark/css/spark-style.css) Unsupported CSS unit s at line 14. Skipping declaration.
com.openhtmltopdf.css-parse WARNING:: (https://cdn.jsdelivr.net/gh/extent-framework/extent-github-cdn@ce8b10435bcbae260c334c0d0c6b61d2c19b6168/spark/css/spark-style.css) -webkit-transition is an unrecognized CSS property at line 13. Ignoring declaration.
com.openhtmltopdf.css-parse WARNING:: (https://cdn.jsdelivr.net/gh/extent-framework/extent-github-cdn@ce8b10435bcbae260c334c0d0c6b61d2c19b6168/spark/css/spark-style.css) Unsupported CSS unit s at line 14. Skipping declaration.
com.openhtmltopdf.css-parse WARNING:: (https://cdn.jsdelivr.net/gh/extent-framework/extent-github-cdn@ce8b10435bcbae260c334c0d0c6b61d2c19b6168/spark/css/spark-style.css) -moz-transition is an unrecognized CSS property at line 13. Ignoring declaration.
com.openhtmltopdf.css-parse WARNING:: (https://cdn.jsdelivr.net/gh/extent-framework/extent-github-cdn@ce8b10435bcbae260c334c0d0c6b61d2c19b6168/spark/css/spark-style.css) Unsupported CSS unit s at line 14. Skipping declaration.
com.openhtmltopdf.css-parse WARNING:: (https://cdn.jsdelivr.net/gh/extent-framework/extent-github-cdn@ce8b10435bcbae260c334c0d0c6b61d2c19b6168/spark/css/spark-style.css) -o-transition is an unrecognized CSS property at line 13. Ignoring declaration.
com.openhtmltopdf.css-parse WARNING:: (https://cdn.jsdelivr.net/gh/extent-framework/extent-github-cdn@ce8b10435bcbae260c334c0d0c6b61d2c19b6168/spark/css/spark-style.css) Unsupported CSS unit s at line 14. Skipping declaration.
com.openhtmltopdf.css-parse WARNING:: (https://cdn.jsdelivr.net/gh/extent-framework/extent-github-cdn@ce8b10435bcbae260c334c0d0c6b61d2c19b6168/spark/css/spark-style.css) -ms-transition is an unrecognized CSS property at line 13. Ignoring declaration.
com.openhtmltopdf.css-parse WARNING:: (https://cdn.jsdelivr.net/gh/extent-framework/extent-github-cdn@ce8b10435bcbae260c334c0d0c6b61d2c19b6168/spark/css/spark-style.css) Unsupported CSS unit s at line 14. Skipping declaration.
com.openhtmltopdf.css-parse WARNING:: (https://cdn.jsdelivr.net/gh/extent-framework/extent-github-cdn@ce8b10435bcbae260c334c0d0c6b61d2c19b6168/spark/css/spark-style.css) opacity is an unrecognized CSS property at line 13. Ignoring declaration.
com.openhtmltopdf.css-parse WARNING:: (https://cdn.jsdelivr.net/gh/extent-framework/extent-github-cdn@ce8b10435bcbae260c334c0d0c6b61d2c19b6168/spark/css/spark-style.css) box-shadow is an unrecognized CSS property at line 13. Ignoring declaration.
com.openhtmltopdf.css-parse WARNING:: (https://cdn.jsdelivr.net/gh/extent-framework/extent-github-cdn@ce8b10435bcbae260c334c0d0c6b61d2c19b6168/spark/css/spark-style.css) transition is an unrecognized CSS property at line 13. Ignoring declaration.
com.openhtmltopdf.css-parse WARNING:: (https://cdn.jsdelivr.net/gh/extent-framework/extent-github-cdn@ce8b10435bcbae260c334c0d0c6b61d2c19b6168/spark/css/spark-style.css) Unsupported CSS unit s at line 14. Skipping declaration.
com.openhtmltopdf.css-parse WARNING:: (https://cdn.jsdelivr.net/gh/extent-framework/extent-github-cdn@ce8b10435bcbae260c334c0d0c6b61d2c19b6168/spark/css/spark-style.css) -webkit-transition is an unrecognized CSS property at line 13. Ignoring declaration.
com.openhtmltopdf.css-parse WARNING:: (https://cdn.jsdelivr.net/gh/extent-framework/extent-github-cdn@ce8b10435bcbae260c334c0d0c6b61d2c19b6168/spark/css/spark-style.css) Unsupported CSS unit s at line 14. Skipping declaration.
com.openhtmltopdf.css-parse WARNING:: (https://cdn.jsdelivr.net/gh/extent-framework/extent-github-cdn@ce8b10435bcbae260c334c0d0c6b61d2c19b6168/spark/css/spark-style.css) -moz-transition is an unrecognized CSS property at line 13. Ignoring declaration.
com.openhtmltopdf.css-parse WARNING:: (https://cdn.jsdelivr.net/gh/extent-framework/extent-github-cdn@ce8b10435bcbae260c334c0d0c6b61d2c19b6168/spark/css/spark-style.css) Unsupported CSS unit s at line 14. Skipping declaration.
com.openhtmltopdf.css-parse WARNING:: (https://cdn.jsdelivr.net/gh/extent-framework/extent-github-cdn@ce8b10435bcbae260c334c0d0c6b61d2c19b6168/spark/css/spark-style.css) -o-transition is an unrecognized CSS property at line 13. Ignoring declaration.
com.openhtmltopdf.css-parse WARNING:: (https://cdn.jsdelivr.net/gh/extent-framework/extent-github-cdn@ce8b10435bcbae260c334c0d0c6b61d2c19b6168/spark/css/spark-style.css) Unsupported CSS unit s at line 14. Skipping declaration.
com.openhtmltopdf.css-parse WARNING:: (https://cdn.jsdelivr.net/gh/extent-framework/extent-github-cdn@ce8b10435bcbae260c334c0d0c6b61d2c19b6168/spark/css/spark-style.css) -ms-transition is an unrecognized CSS property at line 13. Ignoring declaration.
com.openhtmltopdf.css-parse WARNING:: (https://cdn.jsdelivr.net/gh/extent-framework/extent-github-cdn@ce8b10435bcbae260c334c0d0c6b61d2c19b6168/spark/css/spark-style.css) Unsupported CSS unit s at line 14. Skipping declaration.
com.openhtmltopdf.css-parse WARNING:: (https://cdn.jsdelivr.net/gh/extent-framework/extent-github-cdn@ce8b10435bcbae260c334c0d0c6b61d2c19b6168/spark/css/spark-style.css) Found an identifier where a { was expected at line 14. Skipping @media rule.
com.openhtmltopdf.css-parse WARNING:: (https://cdn.jsdelivr.net/gh/extent-framework/extent-github-cdn@ce8b10435bcbae260c334c0d0c6b61d2c19b6168/spark/css/spark-style.css) -webkit-transition is an unrecognized CSS property at line 13. Ignoring declaration.
com.openhtmltopdf.css-parse WARNING:: (https://cdn.jsdelivr.net/gh/extent-framework/extent-github-cdn@ce8b10435bcbae260c334c0d0c6b61d2c19b6168/spark/css/spark-style.css) Unsupported CSS unit s at line 14. Skipping declaration.
com.openhtmltopdf.css-parse WARNING:: (https://cdn.jsdelivr.net/gh/extent-framework/extent-github-cdn@ce8b10435bcbae260c334c0d0c6b61d2c19b6168/spark/css/spark-style.css) -moz-transition is an unrecognized CSS property at line 13. Ignoring declaration.
com.openhtmltopdf.css-parse WARNING:: (https://cdn.jsdelivr.net/gh/extent-framework/extent-github-cdn@ce8b10435bcbae260c334c0d0c6b61d2c19b6168/spark/css/spark-style.css) Unsupported CSS unit s at line 14. Skipping declaration.
com.openhtmltopdf.css-parse WARNING:: (https://cdn.jsdelivr.net/gh/extent-framework/extent-github-cdn@ce8b10435bcbae260c334c0d0c6b61d2c19b6168/spark/css/spark-style.css) -o-transition is an unrecognized CSS property at line 13. Ignoring declaration.
com.openhtmltopdf.css-parse WARNING:: (https://cdn.jsdelivr.net/gh/extent-framework/extent-github-cdn@ce8b10435bcbae260c334c0d0c6b61d2c19b6168/spark/css/spark-style.css) Unsupported CSS unit s at line 14. Skipping declaration.
com.openhtmltopdf.css-parse WARNING:: (https://cdn.jsdelivr.net/gh/extent-framework/extent-github-cdn@ce8b10435bcbae260c334c0d0c6b61d2c19b6168/spark/css/spark-style.css) -ms-transition is an unrecognized CSS property at line 13. Ignoring declaration.
com.openhtmltopdf.css-parse WARNING:: (https://cdn.jsdelivr.net/gh/extent-framework/extent-github-cdn@ce8b10435bcbae260c334c0d0c6b61d2c19b6168/spark/css/spark-style.css) Unsupported CSS unit s at line 14. Skipping declaration.
com.openhtmltopdf.css-parse WARNING:: (https://cdn.jsdelivr.net/gh/extent-framework/extent-github-cdn@ce8b10435bcbae260c334c0d0c6b61d2c19b6168/spark/css/spark-style.css) Found an identifier where a { was expected at line 14. Skipping @media rule.
com.openhtmltopdf.css-parse WARNING:: (https://cdn.jsdelivr.net/gh/extent-framework/extent-github-cdn@ce8b10435bcbae260c334c0d0c6b61d2c19b6168/spark/css/spark-style.css) transition is an unrecognized CSS property at line 13. Ignoring declaration.
com.openhtmltopdf.css-parse WARNING:: (https://cdn.jsdelivr.net/gh/extent-framework/extent-github-cdn@ce8b10435bcbae260c334c0d0c6b61d2c19b6168/spark/css/spark-style.css) Unsupported CSS unit s at line 14. Skipping declaration.
com.openhtmltopdf.css-parse WARNING:: (https://cdn.jsdelivr.net/gh/extent-framework/extent-github-cdn@ce8b10435bcbae260c334c0d0c6b61d2c19b6168/spark/css/spark-style.css) -webkit-transition is an unrecognized CSS property at line 13. Ignoring declaration.
com.openhtmltopdf.css-parse WARNING:: (https://cdn.jsdelivr.net/gh/extent-framework/extent-github-cdn@ce8b10435bcbae260c334c0d0c6b61d2c19b6168/spark/css/spark-style.css) Unsupported CSS unit s at line 14. Skipping declaration.
com.openhtmltopdf.css-parse WARNING:: (https://cdn.jsdelivr.net/gh/extent-framework/extent-github-cdn@ce8b10435bcbae260c334c0d0c6b61d2c19b6168/spark/css/spark-style.css) -moz-transition is an unrecognized CSS property at line 13. Ignoring declaration.
com.openhtmltopdf.css-parse WARNING:: (https://cdn.jsdelivr.net/gh/extent-framework/extent-github-cdn@ce8b10435bcbae260c334c0d0c6b61d2c19b6168/spark/css/spark-style.css) Unsupported CSS unit s at line 14. Skipping declaration.
com.openhtmltopdf.css-parse WARNING:: (https://cdn.jsdelivr.net/gh/extent-framework/extent-github-cdn@ce8b10435bcbae260c334c0d0c6b61d2c19b6168/spark/css/spark-style.css) -o-transition is an unrecognized CSS property at line 13. Ignoring declaration.
com.openhtmltopdf.css-parse WARNING:: (https://cdn.jsdelivr.net/gh/extent-framework/extent-github-cdn@ce8b10435bcbae260c334c0d0c6b61d2c19b6168/spark/css/spark-style.css) Unsupported CSS unit s at line 14. Skipping declaration.
com.openhtmltopdf.css-parse WARNING:: (https://cdn.jsdelivr.net/gh/extent-framework/extent-github-cdn@ce8b10435bcbae260c334c0d0c6b61d2c19b6168/spark/css/spark-style.css) -ms-transition is an unrecognized CSS property at line 13. Ignoring declaration.
com.openhtmltopdf.css-parse WARNING:: (https://cdn.jsdelivr.net/gh/extent-framework/extent-github-cdn@ce8b10435bcbae260c334c0d0c6b61d2c19b6168/spark/css/spark-style.css) Unsupported CSS unit s at line 14. Skipping declaration.
com.openhtmltopdf.css-parse WARNING:: (https://cdn.jsdelivr.net/gh/extent-framework/extent-github-cdn@ce8b10435bcbae260c334c0d0c6b61d2c19b6168/spark/css/spark-style.css) Found whitespace where one of a number, a percentage, a pixel value, an em value, an ex value, a pica value, a millimeter value, a centimeter value, an inch value, a point value, an angle value, a time value, a freq value, a string, an identifier, a URI, a hex color, or function was expected at line 14. Skipping declaration.
com.openhtmltopdf.css-parse WARNING:: (https://cdn.jsdelivr.net/gh/extent-framework/extent-github-cdn@ce8b10435bcbae260c334c0d0c6b61d2c19b6168/spark/css/spark-style.css) Found an identifier where a { was expected at line 14. Skipping @media rule.
com.openhtmltopdf.css-parse WARNING:: (https://cdn.jsdelivr.net/gh/extent-framework/extent-github-cdn@ce8b10435bcbae260c334c0d0c6b61d2c19b6168/spark/css/spark-style.css) Found whitespace where one of a number, a percentage, a pixel value, an em value, an ex value, a pica value, a millimeter value, a centimeter value, an inch value, a point value, an angle value, a time value, a freq value, a string, an identifier, a URI, a hex color, or function was expected at line 14. Skipping declaration.
com.openhtmltopdf.css-parse WARNING:: (https://cdn.jsdelivr.net/gh/extent-framework/extent-github-cdn@ce8b10435bcbae260c334c0d0c6b61d2c19b6168/spark/css/spark-style.css) Found whitespace where one of a number, a percentage, a pixel value, an em value, an ex value, a pica value, a millimeter value, a centimeter value, an inch value, a point value, an angle value, a time value, a freq value, a string, an identifier, a URI, a hex color, or function was expected at line 14. Skipping declaration.
com.openhtmltopdf.css-parse WARNING:: (https://cdn.jsdelivr.net/gh/extent-framework/extent-github-cdn@ce8b10435bcbae260c334c0d0c6b61d2c19b6168/spark/css/spark-style.css) transition is an unrecognized CSS property at line 13. Ignoring declaration.
com.openhtmltopdf.css-parse WARNING:: (https://cdn.jsdelivr.net/gh/extent-framework/extent-github-cdn@ce8b10435bcbae260c334c0d0c6b61d2c19b6168/spark/css/spark-style.css) Unsupported CSS unit s at line 14. Skipping declaration.
com.openhtmltopdf.css-parse WARNING:: (https://cdn.jsdelivr.net/gh/extent-framework/extent-github-cdn@ce8b10435bcbae260c334c0d0c6b61d2c19b6168/spark/css/spark-style.css) -webkit-transition is an unrecognized CSS property at line 13. Ignoring declaration.
com.openhtmltopdf.css-parse WARNING:: (https://cdn.jsdelivr.net/gh/extent-framework/extent-github-cdn@ce8b10435bcbae260c334c0d0c6b61d2c19b6168/spark/css/spark-style.css) Unsupported CSS unit s at line 14. Skipping declaration.
com.openhtmltopdf.css-parse WARNING:: (https://cdn.jsdelivr.net/gh/extent-framework/extent-github-cdn@ce8b10435bcbae260c334c0d0c6b61d2c19b6168/spark/css/spark-style.css) -moz-transition is an unrecognized CSS property at line 13. Ignoring declaration.
com.openhtmltopdf.css-parse WARNING:: (https://cdn.jsdelivr.net/gh/extent-framework/extent-github-cdn@ce8b10435bcbae260c334c0d0c6b61d2c19b6168/spark/css/spark-style.css) Unsupported CSS unit s at line 14. Skipping declaration.
com.openhtmltopdf.css-parse WARNING:: (https://cdn.jsdelivr.net/gh/extent-framework/extent-github-cdn@ce8b10435bcbae260c334c0d0c6b61d2c19b6168/spark/css/spark-style.css) -o-transition is an unrecognized CSS property at line 13. Ignoring declaration.
com.openhtmltopdf.css-parse WARNING:: (https://cdn.jsdelivr.net/gh/extent-framework/extent-github-cdn@ce8b10435bcbae260c334c0d0c6b61d2c19b6168/spark/css/spark-style.css) Unsupported CSS unit s at line 14. Skipping declaration.
com.openhtmltopdf.css-parse WARNING:: (https://cdn.jsdelivr.net/gh/extent-framework/extent-github-cdn@ce8b10435bcbae260c334c0d0c6b61d2c19b6168/spark/css/spark-style.css) -ms-transition is an unrecognized CSS property at line 13. Ignoring declaration.
com.openhtmltopdf.css-parse WARNING:: (https://cdn.jsdelivr.net/gh/extent-framework/extent-github-cdn@ce8b10435bcbae260c334c0d0c6b61d2c19b6168/spark/css/spark-style.css) Unsupported CSS unit s at line 14. Skipping declaration.
com.openhtmltopdf.css-parse WARNING:: (https://cdn.jsdelivr.net/gh/extent-framework/extent-github-cdn@ce8b10435bcbae260c334c0d0c6b61d2c19b6168/spark/css/spark-style.css) Found an identifier where a { was expected at line 14. Skipping @media rule.
com.openhtmltopdf.css-parse WARNING:: (https://cdn.jsdelivr.net/gh/extent-framework/extent-github-cdn@ce8b10435bcbae260c334c0d0c6b61d2c19b6168/spark/css/spark-style.css) Found an identifier where a { was expected at line 14. Skipping @media rule.
com.openhtmltopdf.css-parse WARNING:: (https://cdn.jsdelivr.net/gh/extent-framework/extent-github-cdn@ce8b10435bcbae260c334c0d0c6b61d2c19b6168/spark/css/spark-style.css) Found an identifier where a { was expected at line 14. Skipping @media rule.
com.openhtmltopdf.css-parse WARNING:: (https://cdn.jsdelivr.net/gh/extent-framework/extent-github-cdn@ce8b10435bcbae260c334c0d0c6b61d2c19b6168/spark/css/spark-style.css) box-shadow is an unrecognized CSS property at line 13. Ignoring declaration.
com.openhtmltopdf.css-parse WARNING:: (https://cdn.jsdelivr.net/gh/extent-framework/extent-github-cdn@ce8b10435bcbae260c334c0d0c6b61d2c19b6168/spark/css/spark-style.css) outline is not implemented at line 13. Ignoring declaration.
com.openhtmltopdf.css-parse WARNING:: (https://cdn.jsdelivr.net/gh/extent-framework/extent-github-cdn@ce8b10435bcbae260c334c0d0c6b61d2c19b6168/spark/css/spark-style.css) -webkit-input-placeholder is not a recognized psuedo-element at line 14. Skipping ruleset.
com.openhtmltopdf.css-parse WARNING:: (https://cdn.jsdelivr.net/gh/extent-framework/extent-github-cdn@ce8b10435bcbae260c334c0d0c6b61d2c19b6168/spark/css/spark-style.css) -moz-placeholder is not a recognized pseudo-class at line 14. Skipping ruleset.
com.openhtmltopdf.css-parse WARNING:: (https://cdn.jsdelivr.net/gh/extent-framework/extent-github-cdn@ce8b10435bcbae260c334c0d0c6b61d2c19b6168/spark/css/spark-style.css) -moz-placeholder is not a recognized psuedo-element at line 14. Skipping ruleset.
com.openhtmltopdf.css-parse WARNING:: (https://cdn.jsdelivr.net/gh/extent-framework/extent-github-cdn@ce8b10435bcbae260c334c0d0c6b61d2c19b6168/spark/css/spark-style.css) -ms-input-placeholder is not a recognized pseudo-class at line 14. Skipping ruleset.
com.openhtmltopdf.css-parse WARNING:: (https://cdn.jsdelivr.net/gh/extent-framework/extent-github-cdn@ce8b10435bcbae260c334c0d0c6b61d2c19b6168/spark/css/spark-style.css) -webkit-box-shadow is an unrecognized CSS property at line 13. Ignoring declaration.
com.openhtmltopdf.css-parse WARNING:: (https://cdn.jsdelivr.net/gh/extent-framework/extent-github-cdn@ce8b10435bcbae260c334c0d0c6b61d2c19b6168/spark/css/spark-style.css) -moz-box-shadow is an unrecognized CSS property at line 13. Ignoring declaration.
com.openhtmltopdf.css-parse WARNING:: (https://cdn.jsdelivr.net/gh/extent-framework/extent-github-cdn@ce8b10435bcbae260c334c0d0c6b61d2c19b6168/spark/css/spark-style.css) box-shadow is an unrecognized CSS property at line 13. Ignoring declaration.
com.openhtmltopdf.css-parse WARNING:: (https://cdn.jsdelivr.net/gh/extent-framework/extent-github-cdn@ce8b10435bcbae260c334c0d0c6b61d2c19b6168/spark/css/spark-style.css) overflow-y is an unrecognized CSS property at line 13. Ignoring declaration.
com.openhtmltopdf.css-parse WARNING:: (https://cdn.jsdelivr.net/gh/extent-framework/extent-github-cdn@ce8b10435bcbae260c334c0d0c6b61d2c19b6168/spark/css/spark-style.css) Found an identifier where a { was expected at line 14. Skipping @media rule.
com.openhtmltopdf.css-parse WARNING:: (https://cdn.jsdelivr.net/gh/extent-framework/extent-github-cdn@ce8b10435bcbae260c334c0d0c6b61d2c19b6168/spark/css/spark-style.css) Unsupported CSS unit vh at line 14. Skipping declaration.
com.openhtmltopdf.css-parse WARNING:: (https://cdn.jsdelivr.net/gh/extent-framework/extent-github-cdn@ce8b10435bcbae260c334c0d0c6b61d2c19b6168/spark/css/spark-style.css) Found an identifier where a { was expected at line 14. Skipping @media rule.
com.openhtmltopdf.css-parse WARNING:: (https://cdn.jsdelivr.net/gh/extent-framework/extent-github-cdn@ce8b10435bcbae260c334c0d0c6b61d2c19b6168/spark/css/spark-style.css) Found whitespace where one of a number, a percentage, a pixel value, an em value, an ex value, a pica value, a millimeter value, a centimeter value, an inch value, a point value, an angle value, a time value, a freq value, a string, an identifier, a URI, a hex color, or function was expected at line 14. Skipping declaration.
com.openhtmltopdf.css-parse WARNING:: (https://cdn.jsdelivr.net/gh/extent-framework/extent-github-cdn@ce8b10435bcbae260c334c0d0c6b61d2c19b6168/spark/css/spark-style.css) Unsupported CSS unit vh at line 14. Skipping declaration.
com.openhtmltopdf.css-parse WARNING:: (https://cdn.jsdelivr.net/gh/extent-framework/extent-github-cdn@ce8b10435bcbae260c334c0d0c6b61d2c19b6168/spark/css/spark-style.css) Found an identifier where a { was expected at line 14. Skipping @media rule.
com.openhtmltopdf.css-parse WARNING:: (https://cdn.jsdelivr.net/gh/extent-framework/extent-github-cdn@ce8b10435bcbae260c334c0d0c6b61d2c19b6168/spark/css/spark-style.css) Found an identifier where a { was expected at line 14. Skipping @media rule.
com.openhtmltopdf.css-parse WARNING:: (https://cdn.jsdelivr.net/gh/extent-framework/extent-github-cdn@ce8b10435bcbae260c334c0d0c6b61d2c19b6168/spark/css/spark-style.css) Found an identifier where a { was expected at line 14. Skipping @media rule.
com.openhtmltopdf.css-parse WARNING:: (https://cdn.jsdelivr.net/gh/extent-framework/extent-github-cdn@ce8b10435bcbae260c334c0d0c6b61d2c19b6168/spark/css/spark-style.css) Found an identifier where a { was expected at line 14. Skipping @media rule.
com.openhtmltopdf.css-parse WARNING:: (https://cdn.jsdelivr.net/gh/extent-framework/extent-github-cdn@ce8b10435bcbae260c334c0d0c6b61d2c19b6168/spark/css/spark-style.css) Found an identifier where a { was expected at line 14. Skipping @media rule.
com.openhtmltopdf.css-parse WARNING:: (https://cdn.jsdelivr.net/gh/extent-framework/extent-github-cdn@ce8b10435bcbae260c334c0d0c6b61d2c19b6168/spark/css/spark-style.css) outline is not implemented at line 13. Ignoring declaration.
com.openhtmltopdf.css-parse WARNING:: (https://cdn.jsdelivr.net/gh/extent-framework/extent-github-cdn@ce8b10435bcbae260c334c0d0c6b61d2c19b6168/spark/css/spark-style.css) outline is not implemented at line 13. Ignoring declaration.
com.openhtmltopdf.css-parse WARNING:: (https://cdn.jsdelivr.net/gh/extent-framework/extent-github-cdn@ce8b10435bcbae260c334c0d0c6b61d2c19b6168/spark/css/spark-style.css) box-shadow is an unrecognized CSS property at line 13. Ignoring declaration.
com.openhtmltopdf.css-parse WARNING:: (https://cdn.jsdelivr.net/gh/extent-framework/extent-github-cdn@ce8b10435bcbae260c334c0d0c6b61d2c19b6168/spark/css/spark-style.css) disabled is not a recognized pseudo-class at line 14. Skipping ruleset.
com.openhtmltopdf.css-parse WARNING:: (https://cdn.jsdelivr.net/gh/extent-framework/extent-github-cdn@ce8b10435bcbae260c334c0d0c6b61d2c19b6168/spark/css/spark-style.css) disabled is not a recognized pseudo-class at line 14. Skipping ruleset.
com.openhtmltopdf.css-parse WARNING:: (https://cdn.jsdelivr.net/gh/extent-framework/extent-github-cdn@ce8b10435bcbae260c334c0d0c6b61d2c19b6168/spark/css/spark-style.css) transition is an unrecognized CSS property at line 13. Ignoring declaration.
com.openhtmltopdf.css-parse WARNING:: (https://cdn.jsdelivr.net/gh/extent-framework/extent-github-cdn@ce8b10435bcbae260c334c0d0c6b61d2c19b6168/spark/css/spark-style.css) Unsupported CSS unit s at line 14. Skipping declaration.
com.openhtmltopdf.css-parse WARNING:: (https://cdn.jsdelivr.net/gh/extent-framework/extent-github-cdn@ce8b10435bcbae260c334c0d0c6b61d2c19b6168/spark/css/spark-style.css) -webkit-transition is an unrecognized CSS property at line 13. Ignoring declaration.
com.openhtmltopdf.css-parse WARNING:: (https://cdn.jsdelivr.net/gh/extent-framework/extent-github-cdn@ce8b10435bcbae260c334c0d0c6b61d2c19b6168/spark/css/spark-style.css) Unsupported CSS unit s at line 14. Skipping declaration.
com.openhtmltopdf.css-parse WARNING:: (https://cdn.jsdelivr.net/gh/extent-framework/extent-github-cdn@ce8b10435bcbae260c334c0d0c6b61d2c19b6168/spark/css/spark-style.css) -moz-transition is an unrecognized CSS property at line 13. Ignoring declaration.
com.openhtmltopdf.css-parse WARNING:: (https://cdn.jsdelivr.net/gh/extent-framework/extent-github-cdn@ce8b10435bcbae260c334c0d0c6b61d2c19b6168/spark/css/spark-style.css) Unsupported CSS unit s at line 14. Skipping declaration.
com.openhtmltopdf.css-parse WARNING:: (https://cdn.jsdelivr.net/gh/extent-framework/extent-github-cdn@ce8b10435bcbae260c334c0d0c6b61d2c19b6168/spark/css/spark-style.css) -o-transition is an unrecognized CSS property at line 13. Ignoring declaration.
com.openhtmltopdf.css-parse WARNING:: (https://cdn.jsdelivr.net/gh/extent-framework/extent-github-cdn@ce8b10435bcbae260c334c0d0c6b61d2c19b6168/spark/css/spark-style.css) Unsupported CSS unit s at line 14. Skipping declaration.
com.openhtmltopdf.css-parse WARNING:: (https://cdn.jsdelivr.net/gh/extent-framework/extent-github-cdn@ce8b10435bcbae260c334c0d0c6b61d2c19b6168/spark/css/spark-style.css) -ms-transition is an unrecognized CSS property at line 13. Ignoring declaration.
com.openhtmltopdf.css-parse WARNING:: (https://cdn.jsdelivr.net/gh/extent-framework/extent-github-cdn@ce8b10435bcbae260c334c0d0c6b61d2c19b6168/spark/css/spark-style.css) Unsupported CSS unit s at line 14. Skipping declaration.
com.openhtmltopdf.css-parse WARNING:: (https://cdn.jsdelivr.net/gh/extent-framework/extent-github-cdn@ce8b10435bcbae260c334c0d0c6b61d2c19b6168/spark/css/spark-style.css) outline is not implemented at line 13. Ignoring declaration.
com.openhtmltopdf.css-parse WARNING:: (https://cdn.jsdelivr.net/gh/extent-framework/extent-github-cdn@ce8b10435bcbae260c334c0d0c6b61d2c19b6168/spark/css/spark-style.css) box-shadow is an unrecognized CSS property at line 13. Ignoring declaration.
com.openhtmltopdf.css-parse WARNING:: (https://cdn.jsdelivr.net/gh/extent-framework/extent-github-cdn@ce8b10435bcbae260c334c0d0c6b61d2c19b6168/spark/css/spark-style.css) outline is not implemented at line 13. Ignoring declaration.
com.openhtmltopdf.css-parse WARNING:: (https://cdn.jsdelivr.net/gh/extent-framework/extent-github-cdn@ce8b10435bcbae260c334c0d0c6b61d2c19b6168/spark/css/spark-style.css) disabled is not a recognized pseudo-class at line 14. Skipping ruleset.
com.openhtmltopdf.css-parse WARNING:: (https://cdn.jsdelivr.net/gh/extent-framework/extent-github-cdn@ce8b10435bcbae260c334c0d0c6b61d2c19b6168/spark/css/spark-style.css) not is not a valid function in this context at line 14. Skipping ruleset.
com.openhtmltopdf.css-parse WARNING:: (https://cdn.jsdelivr.net/gh/extent-framework/extent-github-cdn@ce8b10435bcbae260c334c0d0c6b61d2c19b6168/spark/css/spark-style.css) disabled is not a recognized pseudo-class at line 14. Skipping ruleset.
com.openhtmltopdf.css-parse WARNING:: (https://cdn.jsdelivr.net/gh/extent-framework/extent-github-cdn@ce8b10435bcbae260c334c0d0c6b61d2c19b6168/spark/css/spark-style.css) not is not a valid function in this context at line 14. Skipping ruleset.
com.openhtmltopdf.css-parse WARNING:: (https://cdn.jsdelivr.net/gh/extent-framework/extent-github-cdn@ce8b10435bcbae260c334c0d0c6b61d2c19b6168/spark/css/spark-style.css) disabled is not a recognized pseudo-class at line 14. Skipping ruleset.
com.openhtmltopdf.css-parse WARNING:: (https://cdn.jsdelivr.net/gh/extent-framework/extent-github-cdn@ce8b10435bcbae260c334c0d0c6b61d2c19b6168/spark/css/spark-style.css) not is not a valid function in this context at line 14. Skipping ruleset.
com.openhtmltopdf.css-parse WARNING:: (https://cdn.jsdelivr.net/gh/extent-framework/extent-github-cdn@ce8b10435bcbae260c334c0d0c6b61d2c19b6168/spark/css/spark-style.css) disabled is not a recognized pseudo-class at line 14. Skipping ruleset.
com.openhtmltopdf.css-parse WARNING:: (https://cdn.jsdelivr.net/gh/extent-framework/extent-github-cdn@ce8b10435bcbae260c334c0d0c6b61d2c19b6168/spark/css/spark-style.css) not is not a valid function in this context at line 14. Skipping ruleset.
com.openhtmltopdf.css-parse WARNING:: (https://cdn.jsdelivr.net/gh/extent-framework/extent-github-cdn@ce8b10435bcbae260c334c0d0c6b61d2c19b6168/spark/css/spark-style.css) disabled is not a recognized pseudo-class at line 14. Skipping ruleset.
com.openhtmltopdf.css-parse WARNING:: (https://cdn.jsdelivr.net/gh/extent-framework/extent-github-cdn@ce8b10435bcbae260c334c0d0c6b61d2c19b6168/spark/css/spark-style.css) not is not a valid function in this context at line 14. Skipping ruleset.
com.openhtmltopdf.css-parse WARNING:: (https://cdn.jsdelivr.net/gh/extent-framework/extent-github-cdn@ce8b10435bcbae260c334c0d0c6b61d2c19b6168/spark/css/spark-style.css) not is not a valid function in this context at line 14. Skipping ruleset.
com.openhtmltopdf.css-parse WARNING:: (https://cdn.jsdelivr.net/gh/extent-framework/extent-github-cdn@ce8b10435bcbae260c334c0d0c6b61d2c19b6168/spark/css/spark-style.css) opacity is an unrecognized CSS property at line 13. Ignoring declaration.
com.openhtmltopdf.css-parse WARNING:: (https://cdn.jsdelivr.net/gh/extent-framework/extent-github-cdn@ce8b10435bcbae260c334c0d0c6b61d2c19b6168/spark/css/spark-style.css) opacity is an unrecognized CSS property at line 13. Ignoring declaration.
com.openhtmltopdf.css-parse WARNING:: (https://cdn.jsdelivr.net/gh/extent-framework/extent-github-cdn@ce8b10435bcbae260c334c0d0c6b61d2c19b6168/spark/css/spark-style.css) not is not a valid function in this context at line 14. Skipping ruleset.
com.openhtmltopdf.css-parse WARNING:: (https://cdn.jsdelivr.net/gh/extent-framework/extent-github-cdn@ce8b10435bcbae260c334c0d0c6b61d2c19b6168/spark/css/spark-style.css) opacity is an unrecognized CSS property at line 13. Ignoring declaration.
com.openhtmltopdf.css-parse WARNING:: (https://cdn.jsdelivr.net/gh/extent-framework/extent-github-cdn@ce8b10435bcbae260c334c0d0c6b61d2c19b6168/spark/css/spark-style.css) opacity is an unrecognized CSS property at line 13. Ignoring declaration.
com.openhtmltopdf.css-parse WARNING:: (https://cdn.jsdelivr.net/gh/extent-framework/extent-github-cdn@ce8b10435bcbae260c334c0d0c6b61d2c19b6168/spark/css/spark-style.css) not is not a valid function in this context at line 14. Skipping ruleset.
com.openhtmltopdf.css-parse WARNING:: (https://cdn.jsdelivr.net/gh/extent-framework/extent-github-cdn@ce8b10435bcbae260c334c0d0c6b61d2c19b6168/spark/css/spark-style.css) opacity is an unrecognized CSS property at line 13. Ignoring declaration.
com.openhtmltopdf.css-parse WARNING:: (https://cdn.jsdelivr.net/gh/extent-framework/extent-github-cdn@ce8b10435bcbae260c334c0d0c6b61d2c19b6168/spark/css/spark-style.css) opacity is an unrecognized CSS property at line 13. Ignoring declaration.
com.openhtmltopdf.css-parse WARNING:: (https://cdn.jsdelivr.net/gh/extent-framework/extent-github-cdn@ce8b10435bcbae260c334c0d0c6b61d2c19b6168/spark/css/spark-style.css) not is not a valid function in this context at line 14. Skipping ruleset.
com.openhtmltopdf.css-parse WARNING:: (https://cdn.jsdelivr.net/gh/extent-framework/extent-github-cdn@ce8b10435bcbae260c334c0d0c6b61d2c19b6168/spark/css/spark-style.css) opacity is an unrecognized CSS property at line 13. Ignoring declaration.
com.openhtmltopdf.css-parse WARNING:: (https://cdn.jsdelivr.net/gh/extent-framework/extent-github-cdn@ce8b10435bcbae260c334c0d0c6b61d2c19b6168/spark/css/spark-style.css) opacity is an unrecognized CSS property at line 13. Ignoring declaration.
com.openhtmltopdf.css-parse WARNING:: (https://cdn.jsdelivr.net/gh/extent-framework/extent-github-cdn@ce8b10435bcbae260c334c0d0c6b61d2c19b6168/spark/css/spark-style.css) not is not a valid function in this context at line 14. Skipping ruleset.
com.openhtmltopdf.css-parse WARNING:: (https://cdn.jsdelivr.net/gh/extent-framework/extent-github-cdn@ce8b10435bcbae260c334c0d0c6b61d2c19b6168/spark/css/spark-style.css) opacity is an unrecognized CSS property at line 13. Ignoring declaration.
com.openhtmltopdf.css-parse WARNING:: (https://cdn.jsdelivr.net/gh/extent-framework/extent-github-cdn@ce8b10435bcbae260c334c0d0c6b61d2c19b6168/spark/css/spark-style.css) disabled is not a recognized pseudo-class at line 14. Skipping ruleset.
com.openhtmltopdf.css-parse WARNING:: (https://cdn.jsdelivr.net/gh/extent-framework/extent-github-cdn@ce8b10435bcbae260c334c0d0c6b61d2c19b6168/spark/css/spark-style.css) box-shadow is an unrecognized CSS property at line 13. Ignoring declaration.
com.openhtmltopdf.css-parse WARNING:: (https://cdn.jsdelivr.net/gh/extent-framework/extent-github-cdn@ce8b10435bcbae260c334c0d0c6b61d2c19b6168/spark/css/spark-style.css) box-shadow is an unrecognized CSS property at line 13. Ignoring declaration.
com.openhtmltopdf.css-parse WARNING:: (https://cdn.jsdelivr.net/gh/extent-framework/extent-github-cdn@ce8b10435bcbae260c334c0d0c6b61d2c19b6168/spark/css/spark-style.css) box-shadow is an unrecognized CSS property at line 13. Ignoring declaration.
com.openhtmltopdf.css-parse WARNING:: (https://cdn.jsdelivr.net/gh/extent-framework/extent-github-cdn@ce8b10435bcbae260c334c0d0c6b61d2c19b6168/spark/css/spark-style.css) box-shadow is an unrecognized CSS property at line 13. Ignoring declaration.
com.openhtmltopdf.css-parse WARNING:: (https://cdn.jsdelivr.net/gh/extent-framework/extent-github-cdn@ce8b10435bcbae260c334c0d0c6b61d2c19b6168/spark/css/spark-style.css) box-shadow is an unrecognized CSS property at line 13. Ignoring declaration.
com.openhtmltopdf.css-parse WARNING:: (https://cdn.jsdelivr.net/gh/extent-framework/extent-github-cdn@ce8b10435bcbae260c334c0d0c6b61d2c19b6168/spark/css/spark-style.css) transition is an unrecognized CSS property at line 13. Ignoring declaration.
com.openhtmltopdf.css-parse WARNING:: (https://cdn.jsdelivr.net/gh/extent-framework/extent-github-cdn@ce8b10435bcbae260c334c0d0c6b61d2c19b6168/spark/css/spark-style.css) Unsupported CSS unit s at line 14. Skipping declaration.
com.openhtmltopdf.css-parse WARNING:: (https://cdn.jsdelivr.net/gh/extent-framework/extent-github-cdn@ce8b10435bcbae260c334c0d0c6b61d2c19b6168/spark/css/spark-style.css) -webkit-transition is an unrecognized CSS property at line 13. Ignoring declaration.
com.openhtmltopdf.css-parse WARNING:: (https://cdn.jsdelivr.net/gh/extent-framework/extent-github-cdn@ce8b10435bcbae260c334c0d0c6b61d2c19b6168/spark/css/spark-style.css) Unsupported CSS unit s at line 14. Skipping declaration.
com.openhtmltopdf.css-parse WARNING:: (https://cdn.jsdelivr.net/gh/extent-framework/extent-github-cdn@ce8b10435bcbae260c334c0d0c6b61d2c19b6168/spark/css/spark-style.css) -moz-transition is an unrecognized CSS property at line 13. Ignoring declaration.
com.openhtmltopdf.css-parse WARNING:: (https://cdn.jsdelivr.net/gh/extent-framework/extent-github-cdn@ce8b10435bcbae260c334c0d0c6b61d2c19b6168/spark/css/spark-style.css) Unsupported CSS unit s at line 14. Skipping declaration.
com.openhtmltopdf.css-parse WARNING:: (https://cdn.jsdelivr.net/gh/extent-framework/extent-github-cdn@ce8b10435bcbae260c334c0d0c6b61d2c19b6168/spark/css/spark-style.css) -o-transition is an unrecognized CSS property at line 13. Ignoring declaration.
com.openhtmltopdf.css-parse WARNING:: (https://cdn.jsdelivr.net/gh/extent-framework/extent-github-cdn@ce8b10435bcbae260c334c0d0c6b61d2c19b6168/spark/css/spark-style.css) Unsupported CSS unit s at line 14. Skipping declaration.
com.openhtmltopdf.css-parse WARNING:: (https://cdn.jsdelivr.net/gh/extent-framework/extent-github-cdn@ce8b10435bcbae260c334c0d0c6b61d2c19b6168/spark/css/spark-style.css) -ms-transition is an unrecognized CSS property at line 13. Ignoring declaration.
com.openhtmltopdf.css-parse WARNING:: (https://cdn.jsdelivr.net/gh/extent-framework/extent-github-cdn@ce8b10435bcbae260c334c0d0c6b61d2c19b6168/spark/css/spark-style.css) Unsupported CSS unit s at line 14. Skipping declaration.
com.openhtmltopdf.css-parse WARNING:: (https://cdn.jsdelivr.net/gh/extent-framework/extent-github-cdn@ce8b10435bcbae260c334c0d0c6b61d2c19b6168/spark/css/spark-style.css) not is not a valid function in this context at line 14. Skipping ruleset.
com.openhtmltopdf.css-parse WARNING:: (https://cdn.jsdelivr.net/gh/extent-framework/extent-github-cdn@ce8b10435bcbae260c334c0d0c6b61d2c19b6168/spark/css/spark-style.css) not is not a valid function in this context at line 14. Skipping ruleset.
com.openhtmltopdf.css-parse WARNING:: (https://cdn.jsdelivr.net/gh/extent-framework/extent-github-cdn@ce8b10435bcbae260c334c0d0c6b61d2c19b6168/spark/css/spark-style.css) -webkit-transform is an unrecognized CSS property at line 13. Ignoring declaration.
com.openhtmltopdf.css-parse WARNING:: (https://cdn.jsdelivr.net/gh/extent-framework/extent-github-cdn@ce8b10435bcbae260c334c0d0c6b61d2c19b6168/spark/css/spark-style.css) -moz-transform is an unrecognized CSS property at line 13. Ignoring declaration.
com.openhtmltopdf.css-parse WARNING:: (https://cdn.jsdelivr.net/gh/extent-framework/extent-github-cdn@ce8b10435bcbae260c334c0d0c6b61d2c19b6168/spark/css/spark-style.css) -o-transform is an unrecognized CSS property at line 13. Ignoring declaration.
com.openhtmltopdf.css-parse WARNING:: (https://cdn.jsdelivr.net/gh/extent-framework/extent-github-cdn@ce8b10435bcbae260c334c0d0c6b61d2c19b6168/spark/css/spark-style.css) -ms-transform is an unrecognized CSS property at line 13. Ignoring declaration.
com.openhtmltopdf.css-parse WARNING:: (https://cdn.jsdelivr.net/gh/extent-framework/extent-github-cdn@ce8b10435bcbae260c334c0d0c6b61d2c19b6168/spark/css/spark-style.css) -webkit-transform is an unrecognized CSS property at line 13. Ignoring declaration.
com.openhtmltopdf.css-parse WARNING:: (https://cdn.jsdelivr.net/gh/extent-framework/extent-github-cdn@ce8b10435bcbae260c334c0d0c6b61d2c19b6168/spark/css/spark-style.css) -moz-transform is an unrecognized CSS property at line 13. Ignoring declaration.
com.openhtmltopdf.css-parse WARNING:: (https://cdn.jsdelivr.net/gh/extent-framework/extent-github-cdn@ce8b10435bcbae260c334c0d0c6b61d2c19b6168/spark/css/spark-style.css) -o-transform is an unrecognized CSS property at line 13. Ignoring declaration.
com.openhtmltopdf.css-parse WARNING:: (https://cdn.jsdelivr.net/gh/extent-framework/extent-github-cdn@ce8b10435bcbae260c334c0d0c6b61d2c19b6168/spark/css/spark-style.css) -ms-transform is an unrecognized CSS property at line 13. Ignoring declaration.
com.openhtmltopdf.css-parse WARNING:: (https://cdn.jsdelivr.net/gh/extent-framework/extent-github-cdn@ce8b10435bcbae260c334c0d0c6b61d2c19b6168/spark/css/spark-style.css) -webkit-transform is an unrecognized CSS property at line 13. Ignoring declaration.
com.openhtmltopdf.css-parse WARNING:: (https://cdn.jsdelivr.net/gh/extent-framework/extent-github-cdn@ce8b10435bcbae260c334c0d0c6b61d2c19b6168/spark/css/spark-style.css) -moz-transform is an unrecognized CSS property at line 13. Ignoring declaration.
com.openhtmltopdf.css-parse WARNING:: (https://cdn.jsdelivr.net/gh/extent-framework/extent-github-cdn@ce8b10435bcbae260c334c0d0c6b61d2c19b6168/spark/css/spark-style.css) -o-transform is an unrecognized CSS property at line 13. Ignoring declaration.
com.openhtmltopdf.css-parse WARNING:: (https://cdn.jsdelivr.net/gh/extent-framework/extent-github-cdn@ce8b10435bcbae260c334c0d0c6b61d2c19b6168/spark/css/spark-style.css) -ms-transform is an unrecognized CSS property at line 13. Ignoring declaration.
com.openhtmltopdf.css-parse WARNING:: (https://cdn.jsdelivr.net/gh/extent-framework/extent-github-cdn@ce8b10435bcbae260c334c0d0c6b61d2c19b6168/spark/css/spark-style.css) -webkit-transform is an unrecognized CSS property at line 13. Ignoring declaration.
com.openhtmltopdf.css-parse WARNING:: (https://cdn.jsdelivr.net/gh/extent-framework/extent-github-cdn@ce8b10435bcbae260c334c0d0c6b61d2c19b6168/spark/css/spark-style.css) -moz-transform is an unrecognized CSS property at line 13. Ignoring declaration.
com.openhtmltopdf.css-parse WARNING:: (https://cdn.jsdelivr.net/gh/extent-framework/extent-github-cdn@ce8b10435bcbae260c334c0d0c6b61d2c19b6168/spark/css/spark-style.css) -o-transform is an unrecognized CSS property at line 13. Ignoring declaration.
com.openhtmltopdf.css-parse WARNING:: (https://cdn.jsdelivr.net/gh/extent-framework/extent-github-cdn@ce8b10435bcbae260c334c0d0c6b61d2c19b6168/spark/css/spark-style.css) -ms-transform is an unrecognized CSS property at line 13. Ignoring declaration.
com.openhtmltopdf.css-parse WARNING:: (https://cdn.jsdelivr.net/gh/extent-framework/extent-github-cdn@ce8b10435bcbae260c334c0d0c6b61d2c19b6168/spark/css/spark-style.css) -webkit-transform is an unrecognized CSS property at line 13. Ignoring declaration.
com.openhtmltopdf.css-parse WARNING:: (https://cdn.jsdelivr.net/gh/extent-framework/extent-github-cdn@ce8b10435bcbae260c334c0d0c6b61d2c19b6168/spark/css/spark-style.css) -moz-transform is an unrecognized CSS property at line 13. Ignoring declaration.
com.openhtmltopdf.css-parse WARNING:: (https://cdn.jsdelivr.net/gh/extent-framework/extent-github-cdn@ce8b10435bcbae260c334c0d0c6b61d2c19b6168/spark/css/spark-style.css) -o-transform is an unrecognized CSS property at line 13. Ignoring declaration.
com.openhtmltopdf.css-parse WARNING:: (https://cdn.jsdelivr.net/gh/extent-framework/extent-github-cdn@ce8b10435bcbae260c334c0d0c6b61d2c19b6168/spark/css/spark-style.css) -ms-transform is an unrecognized CSS property at line 13. Ignoring declaration.
com.openhtmltopdf.css-parse WARNING:: (https://cdn.jsdelivr.net/gh/extent-framework/extent-github-cdn@ce8b10435bcbae260c334c0d0c6b61d2c19b6168/spark/css/spark-style.css) -webkit-transform is an unrecognized CSS property at line 13. Ignoring declaration.
com.openhtmltopdf.css-parse WARNING:: (https://cdn.jsdelivr.net/gh/extent-framework/extent-github-cdn@ce8b10435bcbae260c334c0d0c6b61d2c19b6168/spark/css/spark-style.css) -moz-transform is an unrecognized CSS property at line 13. Ignoring declaration.
com.openhtmltopdf.css-parse WARNING:: (https://cdn.jsdelivr.net/gh/extent-framework/extent-github-cdn@ce8b10435bcbae260c334c0d0c6b61d2c19b6168/spark/css/spark-style.css) -o-transform is an unrecognized CSS property at line 13. Ignoring declaration.
com.openhtmltopdf.css-parse WARNING:: (https://cdn.jsdelivr.net/gh/extent-framework/extent-github-cdn@ce8b10435bcbae260c334c0d0c6b61d2c19b6168/spark/css/spark-style.css) -ms-transform is an unrecognized CSS property at line 13. Ignoring declaration.
com.openhtmltopdf.css-parse WARNING:: (https://cdn.jsdelivr.net/gh/extent-framework/extent-github-cdn@ce8b10435bcbae260c334c0d0c6b61d2c19b6168/spark/css/spark-style.css) outline is not implemented at line 13. Ignoring declaration.
com.openhtmltopdf.css-parse WARNING:: (https://cdn.jsdelivr.net/gh/extent-framework/extent-github-cdn@ce8b10435bcbae260c334c0d0c6b61d2c19b6168/spark/css/spark-style.css) -webkit-box-shadow is an unrecognized CSS property at line 13. Ignoring declaration.
com.openhtmltopdf.css-parse WARNING:: (https://cdn.jsdelivr.net/gh/extent-framework/extent-github-cdn@ce8b10435bcbae260c334c0d0c6b61d2c19b6168/spark/css/spark-style.css) -moz-box-shadow is an unrecognized CSS property at line 13. Ignoring declaration.
com.openhtmltopdf.css-parse WARNING:: (https://cdn.jsdelivr.net/gh/extent-framework/extent-github-cdn@ce8b10435bcbae260c334c0d0c6b61d2c19b6168/spark/css/spark-style.css) box-shadow is an unrecognized CSS property at line 13. Ignoring declaration.
com.openhtmltopdf.css-parse WARNING:: (https://cdn.jsdelivr.net/gh/extent-framework/extent-github-cdn@ce8b10435bcbae260c334c0d0c6b61d2c19b6168/spark/css/spark-style.css) Found an identifier where a { was expected at line 14. Skipping @media rule.
com.openhtmltopdf.css-parse WARNING:: (https://cdn.jsdelivr.net/gh/extent-framework/extent-github-cdn@ce8b10435bcbae260c334c0d0c6b61d2c19b6168/spark/css/spark-style.css) transition is an unrecognized CSS property at line 13. Ignoring declaration.
com.openhtmltopdf.css-parse WARNING:: (https://cdn.jsdelivr.net/gh/extent-framework/extent-github-cdn@ce8b10435bcbae260c334c0d0c6b61d2c19b6168/spark/css/spark-style.css) Unsupported CSS unit s at line 14. Skipping declaration.
com.openhtmltopdf.css-parse WARNING:: (https://cdn.jsdelivr.net/gh/extent-framework/extent-github-cdn@ce8b10435bcbae260c334c0d0c6b61d2c19b6168/spark/css/spark-style.css) -webkit-transition is an unrecognized CSS property at line 13. Ignoring declaration.
com.openhtmltopdf.css-parse WARNING:: (https://cdn.jsdelivr.net/gh/extent-framework/extent-github-cdn@ce8b10435bcbae260c334c0d0c6b61d2c19b6168/spark/css/spark-style.css) Unsupported CSS unit s at line 14. Skipping declaration.
com.openhtmltopdf.css-parse WARNING:: (https://cdn.jsdelivr.net/gh/extent-framework/extent-github-cdn@ce8b10435bcbae260c334c0d0c6b61d2c19b6168/spark/css/spark-style.css) -moz-transition is an unrecognized CSS property at line 13. Ignoring declaration.
com.openhtmltopdf.css-parse WARNING:: (https://cdn.jsdelivr.net/gh/extent-framework/extent-github-cdn@ce8b10435bcbae260c334c0d0c6b61d2c19b6168/spark/css/spark-style.css) Unsupported CSS unit s at line 14. Skipping declaration.
com.openhtmltopdf.css-parse WARNING:: (https://cdn.jsdelivr.net/gh/extent-framework/extent-github-cdn@ce8b10435bcbae260c334c0d0c6b61d2c19b6168/spark/css/spark-style.css) -o-transition is an unrecognized CSS property at line 13. Ignoring declaration.
com.openhtmltopdf.css-parse WARNING:: (https://cdn.jsdelivr.net/gh/extent-framework/extent-github-cdn@ce8b10435bcbae260c334c0d0c6b61d2c19b6168/spark/css/spark-style.css) Unsupported CSS unit s at line 14. Skipping declaration.
com.openhtmltopdf.css-parse WARNING:: (https://cdn.jsdelivr.net/gh/extent-framework/extent-github-cdn@ce8b10435bcbae260c334c0d0c6b61d2c19b6168/spark/css/spark-style.css) -ms-transition is an unrecognized CSS property at line 13. Ignoring declaration.
com.openhtmltopdf.css-parse WARNING:: (https://cdn.jsdelivr.net/gh/extent-framework/extent-github-cdn@ce8b10435bcbae260c334c0d0c6b61d2c19b6168/spark/css/spark-style.css) Unsupported CSS unit s at line 14. Skipping declaration.
com.openhtmltopdf.css-parse WARNING:: (https://cdn.jsdelivr.net/gh/extent-framework/extent-github-cdn@ce8b10435bcbae260c334c0d0c6b61d2c19b6168/spark/css/spark-style.css) -webkit-box-shadow is an unrecognized CSS property at line 13. Ignoring declaration.
com.openhtmltopdf.css-parse WARNING:: (https://cdn.jsdelivr.net/gh/extent-framework/extent-github-cdn@ce8b10435bcbae260c334c0d0c6b61d2c19b6168/spark/css/spark-style.css) -moz-box-shadow is an unrecognized CSS property at line 13. Ignoring declaration.
com.openhtmltopdf.css-parse WARNING:: (https://cdn.jsdelivr.net/gh/extent-framework/extent-github-cdn@ce8b10435bcbae260c334c0d0c6b61d2c19b6168/spark/css/spark-style.css) box-shadow is an unrecognized CSS property at line 13. Ignoring declaration.
com.openhtmltopdf.css-parse WARNING:: (https://cdn.jsdelivr.net/gh/extent-framework/extent-github-cdn@ce8b10435bcbae260c334c0d0c6b61d2c19b6168/spark/css/spark-style.css) Found whitespace where one of a number, a percentage, a pixel value, an em value, an ex value, a pica value, a millimeter value, a centimeter value, an inch value, a point value, an angle value, a time value, a freq value, a string, an identifier, a URI, a hex color, or function was expected at line 14. Skipping declaration.
com.openhtmltopdf.css-parse WARNING:: (https://cdn.jsdelivr.net/gh/extent-framework/extent-github-cdn@ce8b10435bcbae260c334c0d0c6b61d2c19b6168/spark/css/spark-style.css) Found whitespace where one of a number, a percentage, a pixel value, an em value, an ex value, a pica value, a millimeter value, a centimeter value, an inch value, a point value, an angle value, a time value, a freq value, a string, an identifier, a URI, a hex color, or function was expected at line 14. Skipping declaration.
com.openhtmltopdf.css-parse WARNING:: (https://cdn.jsdelivr.net/gh/extent-framework/extent-github-cdn@ce8b10435bcbae260c334c0d0c6b61d2c19b6168/spark/css/spark-style.css) -webkit-animation is an unrecognized CSS property at line 13. Ignoring declaration.
com.openhtmltopdf.css-parse WARNING:: (https://cdn.jsdelivr.net/gh/extent-framework/extent-github-cdn@ce8b10435bcbae260c334c0d0c6b61d2c19b6168/spark/css/spark-style.css) Unsupported CSS unit s at line 14. Skipping declaration.
com.openhtmltopdf.css-parse WARNING:: (https://cdn.jsdelivr.net/gh/extent-framework/extent-github-cdn@ce8b10435bcbae260c334c0d0c6b61d2c19b6168/spark/css/spark-style.css) -moz-animation is an unrecognized CSS property at line 13. Ignoring declaration.
com.openhtmltopdf.css-parse WARNING:: (https://cdn.jsdelivr.net/gh/extent-framework/extent-github-cdn@ce8b10435bcbae260c334c0d0c6b61d2c19b6168/spark/css/spark-style.css) Unsupported CSS unit s at line 14. Skipping declaration.
com.openhtmltopdf.css-parse WARNING:: (https://cdn.jsdelivr.net/gh/extent-framework/extent-github-cdn@ce8b10435bcbae260c334c0d0c6b61d2c19b6168/spark/css/spark-style.css) -ms-animation is an unrecognized CSS property at line 13. Ignoring declaration.
com.openhtmltopdf.css-parse WARNING:: (https://cdn.jsdelivr.net/gh/extent-framework/extent-github-cdn@ce8b10435bcbae260c334c0d0c6b61d2c19b6168/spark/css/spark-style.css) Unsupported CSS unit s at line 14. Skipping declaration.
com.openhtmltopdf.css-parse WARNING:: (https://cdn.jsdelivr.net/gh/extent-framework/extent-github-cdn@ce8b10435bcbae260c334c0d0c6b61d2c19b6168/spark/css/spark-style.css) -o-animation is an unrecognized CSS property at line 13. Ignoring declaration.
com.openhtmltopdf.css-parse WARNING:: (https://cdn.jsdelivr.net/gh/extent-framework/extent-github-cdn@ce8b10435bcbae260c334c0d0c6b61d2c19b6168/spark/css/spark-style.css) Unsupported CSS unit s at line 14. Skipping declaration.
com.openhtmltopdf.css-parse WARNING:: (https://cdn.jsdelivr.net/gh/extent-framework/extent-github-cdn@ce8b10435bcbae260c334c0d0c6b61d2c19b6168/spark/css/spark-style.css) animation is an unrecognized CSS property at line 13. Ignoring declaration.
com.openhtmltopdf.css-parse WARNING:: (https://cdn.jsdelivr.net/gh/extent-framework/extent-github-cdn@ce8b10435bcbae260c334c0d0c6b61d2c19b6168/spark/css/spark-style.css) Unsupported CSS unit s at line 14. Skipping declaration.
com.openhtmltopdf.css-parse WARNING:: (https://cdn.jsdelivr.net/gh/extent-framework/extent-github-cdn@ce8b10435bcbae260c334c0d0c6b61d2c19b6168/spark/css/spark-style.css) -webkit-transform is an unrecognized CSS property at line 13. Ignoring declaration.
com.openhtmltopdf.css-parse WARNING:: (https://cdn.jsdelivr.net/gh/extent-framework/extent-github-cdn@ce8b10435bcbae260c334c0d0c6b61d2c19b6168/spark/css/spark-style.css) -moz-transform is an unrecognized CSS property at line 13. Ignoring declaration.
com.openhtmltopdf.css-parse WARNING:: (https://cdn.jsdelivr.net/gh/extent-framework/extent-github-cdn@ce8b10435bcbae260c334c0d0c6b61d2c19b6168/spark/css/spark-style.css) -o-transform is an unrecognized CSS property at line 13. Ignoring declaration.
com.openhtmltopdf.css-parse WARNING:: (https://cdn.jsdelivr.net/gh/extent-framework/extent-github-cdn@ce8b10435bcbae260c334c0d0c6b61d2c19b6168/spark/css/spark-style.css) -ms-transform is an unrecognized CSS property at line 13. Ignoring declaration.
com.openhtmltopdf.css-parse WARNING:: (https://cdn.jsdelivr.net/gh/extent-framework/extent-github-cdn@ce8b10435bcbae260c334c0d0c6b61d2c19b6168/spark/css/spark-style.css) Value grab is not a recognized identifier at line 14. Skipping declaration.
com.openhtmltopdf.css-parse WARNING:: (https://cdn.jsdelivr.net/gh/extent-framework/extent-github-cdn@ce8b10435bcbae260c334c0d0c6b61d2c19b6168/spark/css/spark-style.css) Value -moz-grab is not a recognized identifier at line 14. Skipping declaration.
com.openhtmltopdf.css-parse WARNING:: (https://cdn.jsdelivr.net/gh/extent-framework/extent-github-cdn@ce8b10435bcbae260c334c0d0c6b61d2c19b6168/spark/css/spark-style.css) Value -webkit-grab is not a recognized identifier at line 14. Skipping declaration.
com.openhtmltopdf.css-parse WARNING:: (https://cdn.jsdelivr.net/gh/extent-framework/extent-github-cdn@ce8b10435bcbae260c334c0d0c6b61d2c19b6168/spark/css/spark-style.css) Invalid at-rule at line 14. Skipping at-rule.
com.openhtmltopdf.css-parse WARNING:: (https://cdn.jsdelivr.net/gh/extent-framework/extent-github-cdn@ce8b10435bcbae260c334c0d0c6b61d2c19b6168/spark/css/spark-style.css) Found at rule where one of a hex color, ., [, or : was expected at line 14. Skipping ruleset.
com.openhtmltopdf.css-parse WARNING:: (https://cdn.jsdelivr.net/gh/extent-framework/extent-github-cdn@ce8b10435bcbae260c334c0d0c6b61d2c19b6168/spark/css/spark-style.css) Invalid at-rule at line 14. Skipping at-rule.
com.openhtmltopdf.css-parse WARNING:: (https://cdn.jsdelivr.net/gh/extent-framework/extent-github-cdn@ce8b10435bcbae260c334c0d0c6b61d2c19b6168/spark/css/spark-style.css) Found at rule where one of a hex color, ., [, or : was expected at line 14. Skipping ruleset.
com.openhtmltopdf.css-parse WARNING:: (https://cdn.jsdelivr.net/gh/extent-framework/extent-github-cdn@ce8b10435bcbae260c334c0d0c6b61d2c19b6168/spark/css/spark-style.css) Invalid at-rule at line 14. Skipping at-rule.
com.openhtmltopdf.css-parse WARNING:: (https://cdn.jsdelivr.net/gh/extent-framework/extent-github-cdn@ce8b10435bcbae260c334c0d0c6b61d2c19b6168/spark/css/spark-style.css) -webkit-box-shadow is an unrecognized CSS property at line 13. Ignoring declaration.
com.openhtmltopdf.css-parse WARNING:: (https://cdn.jsdelivr.net/gh/extent-framework/extent-github-cdn@ce8b10435bcbae260c334c0d0c6b61d2c19b6168/spark/css/spark-style.css) -moz-box-shadow is an unrecognized CSS property at line 13. Ignoring declaration.
com.openhtmltopdf.css-parse WARNING:: (https://cdn.jsdelivr.net/gh/extent-framework/extent-github-cdn@ce8b10435bcbae260c334c0d0c6b61d2c19b6168/spark/css/spark-style.css) box-shadow is an unrecognized CSS property at line 13. Ignoring declaration.
com.openhtmltopdf.css-parse WARNING:: (https://cdn.jsdelivr.net/gh/extent-framework/extent-github-cdn@ce8b10435bcbae260c334c0d0c6b61d2c19b6168/spark/css/spark-style.css) opacity is an unrecognized CSS property at line 13. Ignoring declaration.
com.openhtmltopdf.css-parse WARNING:: (https://cdn.jsdelivr.net/gh/extent-framework/extent-github-cdn@ce8b10435bcbae260c334c0d0c6b61d2c19b6168/spark/css/spark-style.css) opacity is an unrecognized CSS property at line 13. Ignoring declaration.
com.openhtmltopdf.css-parse WARNING:: (https://cdn.jsdelivr.net/gh/extent-framework/extent-github-cdn@ce8b10435bcbae260c334c0d0c6b61d2c19b6168/spark/css/spark-style.css) opacity is an unrecognized CSS property at line 13. Ignoring declaration.
com.openhtmltopdf.css-parse WARNING:: (https://cdn.jsdelivr.net/gh/extent-framework/extent-github-cdn@ce8b10435bcbae260c334c0d0c6b61d2c19b6168/spark/css/spark-style.css) opacity is an unrecognized CSS property at line 13. Ignoring declaration.
com.openhtmltopdf.css-parse WARNING:: (https://cdn.jsdelivr.net/gh/extent-framework/extent-github-cdn@ce8b10435bcbae260c334c0d0c6b61d2c19b6168/spark/css/spark-style.css) opacity is an unrecognized CSS property at line 13. Ignoring declaration.
com.openhtmltopdf.css-parse WARNING:: (https://cdn.jsdelivr.net/gh/extent-framework/extent-github-cdn@ce8b10435bcbae260c334c0d0c6b61d2c19b6168/spark/css/spark-style.css) opacity is an unrecognized CSS property at line 13. Ignoring declaration.
com.openhtmltopdf.css-parse WARNING:: (https://cdn.jsdelivr.net/gh/extent-framework/extent-github-cdn@ce8b10435bcbae260c334c0d0c6b61d2c19b6168/spark/css/spark-style.css) opacity is an unrecognized CSS property at line 13. Ignoring declaration.
com.openhtmltopdf.css-parse WARNING:: (https://cdn.jsdelivr.net/gh/extent-framework/extent-github-cdn@ce8b10435bcbae260c334c0d0c6b61d2c19b6168/spark/css/spark-style.css) transition is an unrecognized CSS property at line 13. Ignoring declaration.
com.openhtmltopdf.css-parse WARNING:: (https://cdn.jsdelivr.net/gh/extent-framework/extent-github-cdn@ce8b10435bcbae260c334c0d0c6b61d2c19b6168/spark/css/spark-style.css) Unsupported CSS unit s at line 14. Skipping declaration.
com.openhtmltopdf.css-parse WARNING:: (https://cdn.jsdelivr.net/gh/extent-framework/extent-github-cdn@ce8b10435bcbae260c334c0d0c6b61d2c19b6168/spark/css/spark-style.css) -webkit-transition is an unrecognized CSS property at line 13. Ignoring declaration.
com.openhtmltopdf.css-parse WARNING:: (https://cdn.jsdelivr.net/gh/extent-framework/extent-github-cdn@ce8b10435bcbae260c334c0d0c6b61d2c19b6168/spark/css/spark-style.css) Unsupported CSS unit s at line 14. Skipping declaration.
com.openhtmltopdf.css-parse WARNING:: (https://cdn.jsdelivr.net/gh/extent-framework/extent-github-cdn@ce8b10435bcbae260c334c0d0c6b61d2c19b6168/spark/css/spark-style.css) -moz-transition is an unrecognized CSS property at line 13. Ignoring declaration.
com.openhtmltopdf.css-parse WARNING:: (https://cdn.jsdelivr.net/gh/extent-framework/extent-github-cdn@ce8b10435bcbae260c334c0d0c6b61d2c19b6168/spark/css/spark-style.css) Unsupported CSS unit s at line 14. Skipping declaration.
com.openhtmltopdf.css-parse WARNING:: (https://cdn.jsdelivr.net/gh/extent-framework/extent-github-cdn@ce8b10435bcbae260c334c0d0c6b61d2c19b6168/spark/css/spark-style.css) -o-transition is an unrecognized CSS property at line 13. Ignoring declaration.
com.openhtmltopdf.css-parse WARNING:: (https://cdn.jsdelivr.net/gh/extent-framework/extent-github-cdn@ce8b10435bcbae260c334c0d0c6b61d2c19b6168/spark/css/spark-style.css) Unsupported CSS unit s at line 14. Skipping declaration.
com.openhtmltopdf.css-parse WARNING:: (https://cdn.jsdelivr.net/gh/extent-framework/extent-github-cdn@ce8b10435bcbae260c334c0d0c6b61d2c19b6168/spark/css/spark-style.css) -ms-transition is an unrecognized CSS property at line 13. Ignoring declaration.
com.openhtmltopdf.css-parse WARNING:: (https://cdn.jsdelivr.net/gh/extent-framework/extent-github-cdn@ce8b10435bcbae260c334c0d0c6b61d2c19b6168/spark/css/spark-style.css) Unsupported CSS unit s at line 14. Skipping declaration.
com.openhtmltopdf.css-parse WARNING:: (https://cdn.jsdelivr.net/gh/extent-framework/extent-github-cdn@ce8b10435bcbae260c334c0d0c6b61d2c19b6168/spark/css/spark-style.css) -webkit-transform is an unrecognized CSS property at line 13. Ignoring declaration.
com.openhtmltopdf.css-parse WARNING:: (https://cdn.jsdelivr.net/gh/extent-framework/extent-github-cdn@ce8b10435bcbae260c334c0d0c6b61d2c19b6168/spark/css/spark-style.css) -moz-transform is an unrecognized CSS property at line 13. Ignoring declaration.
com.openhtmltopdf.css-parse WARNING:: (https://cdn.jsdelivr.net/gh/extent-framework/extent-github-cdn@ce8b10435bcbae260c334c0d0c6b61d2c19b6168/spark/css/spark-style.css) -o-transform is an unrecognized CSS property at line 13. Ignoring declaration.
com.openhtmltopdf.css-parse WARNING:: (https://cdn.jsdelivr.net/gh/extent-framework/extent-github-cdn@ce8b10435bcbae260c334c0d0c6b61d2c19b6168/spark/css/spark-style.css) -ms-transform is an unrecognized CSS property at line 13. Ignoring declaration.
com.openhtmltopdf.css-parse WARNING:: (https://cdn.jsdelivr.net/gh/extent-framework/extent-github-cdn@ce8b10435bcbae260c334c0d0c6b61d2c19b6168/spark/css/spark-style.css) not is not a valid function in this context at line 14. Skipping ruleset.
com.openhtmltopdf.css-parse WARNING:: (https://cdn.jsdelivr.net/gh/extent-framework/extent-github-cdn@ce8b10435bcbae260c334c0d0c6b61d2c19b6168/spark/css/spark-style.css) not is not a valid function in this context at line 14. Skipping ruleset.
com.openhtmltopdf.css-parse WARNING:: (https://cdn.jsdelivr.net/gh/extent-framework/extent-github-cdn@ce8b10435bcbae260c334c0d0c6b61d2c19b6168/spark/css/spark-style.css) -webkit-transform-origin is an unrecognized CSS property at line 13. Ignoring declaration.
com.openhtmltopdf.css-parse WARNING:: (https://cdn.jsdelivr.net/gh/extent-framework/extent-github-cdn@ce8b10435bcbae260c334c0d0c6b61d2c19b6168/spark/css/spark-style.css) -moz-transform-origin is an unrecognized CSS property at line 13. Ignoring declaration.
com.openhtmltopdf.css-parse WARNING:: (https://cdn.jsdelivr.net/gh/extent-framework/extent-github-cdn@ce8b10435bcbae260c334c0d0c6b61d2c19b6168/spark/css/spark-style.css) -ms-transform-origin is an unrecognized CSS property at line 13. Ignoring declaration.
com.openhtmltopdf.css-parse WARNING:: (https://cdn.jsdelivr.net/gh/extent-framework/extent-github-cdn@ce8b10435bcbae260c334c0d0c6b61d2c19b6168/spark/css/spark-style.css) Ident top is an invalid or unsupported value for -fs-transform-origin-x at line 14. Skipping declaration.
com.openhtmltopdf.css-parse WARNING:: (https://cdn.jsdelivr.net/gh/extent-framework/extent-github-cdn@ce8b10435bcbae260c334c0d0c6b61d2c19b6168/spark/css/spark-style.css) -webkit-transform is an unrecognized CSS property at line 13. Ignoring declaration.
com.openhtmltopdf.css-parse WARNING:: (https://cdn.jsdelivr.net/gh/extent-framework/extent-github-cdn@ce8b10435bcbae260c334c0d0c6b61d2c19b6168/spark/css/spark-style.css) -moz-transform is an unrecognized CSS property at line 13. Ignoring declaration.
com.openhtmltopdf.css-parse WARNING:: (https://cdn.jsdelivr.net/gh/extent-framework/extent-github-cdn@ce8b10435bcbae260c334c0d0c6b61d2c19b6168/spark/css/spark-style.css) -ms-transform is an unrecognized CSS property at line 13. Ignoring declaration.
com.openhtmltopdf.css-parse WARNING:: (https://cdn.jsdelivr.net/gh/extent-framework/extent-github-cdn@ce8b10435bcbae260c334c0d0c6b61d2c19b6168/spark/css/spark-style.css) transition is an unrecognized CSS property at line 13. Ignoring declaration.
com.openhtmltopdf.css-parse WARNING:: (https://cdn.jsdelivr.net/gh/extent-framework/extent-github-cdn@ce8b10435bcbae260c334c0d0c6b61d2c19b6168/spark/css/spark-style.css) Unsupported CSS unit s at line 14. Skipping declaration.
com.openhtmltopdf.css-parse WARNING:: (https://cdn.jsdelivr.net/gh/extent-framework/extent-github-cdn@ce8b10435bcbae260c334c0d0c6b61d2c19b6168/spark/css/spark-style.css) -webkit-transition is an unrecognized CSS property at line 13. Ignoring declaration.
com.openhtmltopdf.css-parse WARNING:: (https://cdn.jsdelivr.net/gh/extent-framework/extent-github-cdn@ce8b10435bcbae260c334c0d0c6b61d2c19b6168/spark/css/spark-style.css) Unsupported CSS unit s at line 14. Skipping declaration.
com.openhtmltopdf.css-parse WARNING:: (https://cdn.jsdelivr.net/gh/extent-framework/extent-github-cdn@ce8b10435bcbae260c334c0d0c6b61d2c19b6168/spark/css/spark-style.css) -moz-transition is an unrecognized CSS property at line 13. Ignoring declaration.
com.openhtmltopdf.css-parse WARNING:: (https://cdn.jsdelivr.net/gh/extent-framework/extent-github-cdn@ce8b10435bcbae260c334c0d0c6b61d2c19b6168/spark/css/spark-style.css) Unsupported CSS unit s at line 14. Skipping declaration.
com.openhtmltopdf.css-parse WARNING:: (https://cdn.jsdelivr.net/gh/extent-framework/extent-github-cdn@ce8b10435bcbae260c334c0d0c6b61d2c19b6168/spark/css/spark-style.css) -o-transition is an unrecognized CSS property at line 13. Ignoring declaration.
com.openhtmltopdf.css-parse WARNING:: (https://cdn.jsdelivr.net/gh/extent-framework/extent-github-cdn@ce8b10435bcbae260c334c0d0c6b61d2c19b6168/spark/css/spark-style.css) Unsupported CSS unit s at line 14. Skipping declaration.
com.openhtmltopdf.css-parse WARNING:: (https://cdn.jsdelivr.net/gh/extent-framework/extent-github-cdn@ce8b10435bcbae260c334c0d0c6b61d2c19b6168/spark/css/spark-style.css) -ms-transition is an unrecognized CSS property at line 13. Ignoring declaration.
com.openhtmltopdf.css-parse WARNING:: (https://cdn.jsdelivr.net/gh/extent-framework/extent-github-cdn@ce8b10435bcbae260c334c0d0c6b61d2c19b6168/spark/css/spark-style.css) Unsupported CSS unit s at line 14. Skipping declaration.
com.openhtmltopdf.css-parse WARNING:: (https://cdn.jsdelivr.net/gh/extent-framework/extent-github-cdn@ce8b10435bcbae260c334c0d0c6b61d2c19b6168/spark/css/spark-style.css) -webkit-transform is an unrecognized CSS property at line 13. Ignoring declaration.
com.openhtmltopdf.css-parse WARNING:: (https://cdn.jsdelivr.net/gh/extent-framework/extent-github-cdn@ce8b10435bcbae260c334c0d0c6b61d2c19b6168/spark/css/spark-style.css) -moz-transform is an unrecognized CSS property at line 13. Ignoring declaration.
com.openhtmltopdf.css-parse WARNING:: (https://cdn.jsdelivr.net/gh/extent-framework/extent-github-cdn@ce8b10435bcbae260c334c0d0c6b61d2c19b6168/spark/css/spark-style.css) -ms-transform is an unrecognized CSS property at line 13. Ignoring declaration.
com.openhtmltopdf.css-parse WARNING:: (https://cdn.jsdelivr.net/gh/extent-framework/extent-github-cdn@ce8b10435bcbae260c334c0d0c6b61d2c19b6168/spark/css/spark-style.css) -webkit-transform-origin is an unrecognized CSS property at line 13. Ignoring declaration.
com.openhtmltopdf.css-parse WARNING:: (https://cdn.jsdelivr.net/gh/extent-framework/extent-github-cdn@ce8b10435bcbae260c334c0d0c6b61d2c19b6168/spark/css/spark-style.css) -moz-transform-origin is an unrecognized CSS property at line 13. Ignoring declaration.
com.openhtmltopdf.css-parse WARNING:: (https://cdn.jsdelivr.net/gh/extent-framework/extent-github-cdn@ce8b10435bcbae260c334c0d0c6b61d2c19b6168/spark/css/spark-style.css) -ms-transform-origin is an unrecognized CSS property at line 13. Ignoring declaration.
com.openhtmltopdf.css-parse WARNING:: (https://cdn.jsdelivr.net/gh/extent-framework/extent-github-cdn@ce8b10435bcbae260c334c0d0c6b61d2c19b6168/spark/css/spark-style.css) Ident top is an invalid or unsupported value for -fs-transform-origin-x at line 14. Skipping declaration.
com.openhtmltopdf.css-parse WARNING:: (https://cdn.jsdelivr.net/gh/extent-framework/extent-github-cdn@ce8b10435bcbae260c334c0d0c6b61d2c19b6168/spark/css/spark-style.css) -webkit-transform is an unrecognized CSS property at line 13. Ignoring declaration.
com.openhtmltopdf.css-parse WARNING:: (https://cdn.jsdelivr.net/gh/extent-framework/extent-github-cdn@ce8b10435bcbae260c334c0d0c6b61d2c19b6168/spark/css/spark-style.css) -moz-transform is an unrecognized CSS property at line 13. Ignoring declaration.
com.openhtmltopdf.css-parse WARNING:: (https://cdn.jsdelivr.net/gh/extent-framework/extent-github-cdn@ce8b10435bcbae260c334c0d0c6b61d2c19b6168/spark/css/spark-style.css) -ms-transform is an unrecognized CSS property at line 13. Ignoring declaration.
com.openhtmltopdf.css-parse WARNING:: (https://cdn.jsdelivr.net/gh/extent-framework/extent-github-cdn@ce8b10435bcbae260c334c0d0c6b61d2c19b6168/spark/css/spark-style.css) transition is an unrecognized CSS property at line 13. Ignoring declaration.
com.openhtmltopdf.css-parse WARNING:: (https://cdn.jsdelivr.net/gh/extent-framework/extent-github-cdn@ce8b10435bcbae260c334c0d0c6b61d2c19b6168/spark/css/spark-style.css) Unsupported CSS unit s at line 14. Skipping declaration.
com.openhtmltopdf.css-parse WARNING:: (https://cdn.jsdelivr.net/gh/extent-framework/extent-github-cdn@ce8b10435bcbae260c334c0d0c6b61d2c19b6168/spark/css/spark-style.css) -webkit-transition is an unrecognized CSS property at line 13. Ignoring declaration.
com.openhtmltopdf.css-parse WARNING:: (https://cdn.jsdelivr.net/gh/extent-framework/extent-github-cdn@ce8b10435bcbae260c334c0d0c6b61d2c19b6168/spark/css/spark-style.css) Unsupported CSS unit s at line 14. Skipping declaration.
com.openhtmltopdf.css-parse WARNING:: (https://cdn.jsdelivr.net/gh/extent-framework/extent-github-cdn@ce8b10435bcbae260c334c0d0c6b61d2c19b6168/spark/css/spark-style.css) -moz-transition is an unrecognized CSS property at line 13. Ignoring declaration.
com.openhtmltopdf.css-parse WARNING:: (https://cdn.jsdelivr.net/gh/extent-framework/extent-github-cdn@ce8b10435bcbae260c334c0d0c6b61d2c19b6168/spark/css/spark-style.css) Unsupported CSS unit s at line 14. Skipping declaration.
com.openhtmltopdf.css-parse WARNING:: (https://cdn.jsdelivr.net/gh/extent-framework/extent-github-cdn@ce8b10435bcbae260c334c0d0c6b61d2c19b6168/spark/css/spark-style.css) -o-transition is an unrecognized CSS property at line 13. Ignoring declaration.
com.openhtmltopdf.css-parse WARNING:: (https://cdn.jsdelivr.net/gh/extent-framework/extent-github-cdn@ce8b10435bcbae260c334c0d0c6b61d2c19b6168/spark/css/spark-style.css) Unsupported CSS unit s at line 14. Skipping declaration.
com.openhtmltopdf.css-parse WARNING:: (https://cdn.jsdelivr.net/gh/extent-framework/extent-github-cdn@ce8b10435bcbae260c334c0d0c6b61d2c19b6168/spark/css/spark-style.css) -ms-transition is an unrecognized CSS property at line 13. Ignoring declaration.
com.openhtmltopdf.css-parse WARNING:: (https://cdn.jsdelivr.net/gh/extent-framework/extent-github-cdn@ce8b10435bcbae260c334c0d0c6b61d2c19b6168/spark/css/spark-style.css) Unsupported CSS unit s at line 14. Skipping declaration.
com.openhtmltopdf.css-parse WARNING:: (https://cdn.jsdelivr.net/gh/extent-framework/extent-github-cdn@ce8b10435bcbae260c334c0d0c6b61d2c19b6168/spark/css/spark-style.css) -webkit-transform is an unrecognized CSS property at line 13. Ignoring declaration.
com.openhtmltopdf.css-parse WARNING:: (https://cdn.jsdelivr.net/gh/extent-framework/extent-github-cdn@ce8b10435bcbae260c334c0d0c6b61d2c19b6168/spark/css/spark-style.css) -moz-transform is an unrecognized CSS property at line 13. Ignoring declaration.
com.openhtmltopdf.css-parse WARNING:: (https://cdn.jsdelivr.net/gh/extent-framework/extent-github-cdn@ce8b10435bcbae260c334c0d0c6b61d2c19b6168/spark/css/spark-style.css) -ms-transform is an unrecognized CSS property at line 13. Ignoring declaration.
com.openhtmltopdf.css-parse WARNING:: (https://cdn.jsdelivr.net/gh/extent-framework/extent-github-cdn@ce8b10435bcbae260c334c0d0c6b61d2c19b6168/spark/css/spark-style.css) -webkit-box-shadow is an unrecognized CSS property at line 13. Ignoring declaration.
com.openhtmltopdf.css-parse WARNING:: (https://cdn.jsdelivr.net/gh/extent-framework/extent-github-cdn@ce8b10435bcbae260c334c0d0c6b61d2c19b6168/spark/css/spark-style.css) -moz-box-shadow is an unrecognized CSS property at line 13. Ignoring declaration.
com.openhtmltopdf.css-parse WARNING:: (https://cdn.jsdelivr.net/gh/extent-framework/extent-github-cdn@ce8b10435bcbae260c334c0d0c6b61d2c19b6168/spark/css/spark-style.css) box-shadow is an unrecognized CSS property at line 13. Ignoring declaration.
com.openhtmltopdf.css-parse WARNING:: (https://cdn.jsdelivr.net/gh/extent-framework/extent-github-cdn@ce8b10435bcbae260c334c0d0c6b61d2c19b6168/spark/css/spark-style.css) Found an identifier where a { was expected at line 14. Skipping @media rule.
com.openhtmltopdf.css-parse WARNING:: (https://cdn.jsdelivr.net/gh/extent-framework/extent-github-cdn@ce8b10435bcbae260c334c0d0c6b61d2c19b6168/spark/css/spark-style.css) Value for min-height must be a length or percentage at line 14. Skipping declaration.
com.openhtmltopdf.css-parse WARNING:: (https://cdn.jsdelivr.net/gh/extent-framework/extent-github-cdn@ce8b10435bcbae260c334c0d0c6b61d2c19b6168/spark/css/spark-style.css) transition is an unrecognized CSS property at line 13. Ignoring declaration.
com.openhtmltopdf.css-parse WARNING:: (https://cdn.jsdelivr.net/gh/extent-framework/extent-github-cdn@ce8b10435bcbae260c334c0d0c6b61d2c19b6168/spark/css/spark-style.css) Unsupported CSS unit s at line 14. Skipping declaration.
com.openhtmltopdf.css-parse WARNING:: (https://cdn.jsdelivr.net/gh/extent-framework/extent-github-cdn@ce8b10435bcbae260c334c0d0c6b61d2c19b6168/spark/css/spark-style.css) -webkit-transition is an unrecognized CSS property at line 13. Ignoring declaration.
com.openhtmltopdf.css-parse WARNING:: (https://cdn.jsdelivr.net/gh/extent-framework/extent-github-cdn@ce8b10435bcbae260c334c0d0c6b61d2c19b6168/spark/css/spark-style.css) Unsupported CSS unit s at line 14. Skipping declaration.
com.openhtmltopdf.css-parse WARNING:: (https://cdn.jsdelivr.net/gh/extent-framework/extent-github-cdn@ce8b10435bcbae260c334c0d0c6b61d2c19b6168/spark/css/spark-style.css) -moz-transition is an unrecognized CSS property at line 13. Ignoring declaration.
com.openhtmltopdf.css-parse WARNING:: (https://cdn.jsdelivr.net/gh/extent-framework/extent-github-cdn@ce8b10435bcbae260c334c0d0c6b61d2c19b6168/spark/css/spark-style.css) Unsupported CSS unit s at line 14. Skipping declaration.
com.openhtmltopdf.css-parse WARNING:: (https://cdn.jsdelivr.net/gh/extent-framework/extent-github-cdn@ce8b10435bcbae260c334c0d0c6b61d2c19b6168/spark/css/spark-style.css) -o-transition is an unrecognized CSS property at line 13. Ignoring declaration.
com.openhtmltopdf.css-parse WARNING:: (https://cdn.jsdelivr.net/gh/extent-framework/extent-github-cdn@ce8b10435bcbae260c334c0d0c6b61d2c19b6168/spark/css/spark-style.css) Unsupported CSS unit s at line 14. Skipping declaration.
com.openhtmltopdf.css-parse WARNING:: (https://cdn.jsdelivr.net/gh/extent-framework/extent-github-cdn@ce8b10435bcbae260c334c0d0c6b61d2c19b6168/spark/css/spark-style.css) -ms-transition is an unrecognized CSS property at line 13. Ignoring declaration.
com.openhtmltopdf.css-parse WARNING:: (https://cdn.jsdelivr.net/gh/extent-framework/extent-github-cdn@ce8b10435bcbae260c334c0d0c6b61d2c19b6168/spark/css/spark-style.css) Unsupported CSS unit s at line 14. Skipping declaration.
com.openhtmltopdf.css-parse WARNING:: (https://cdn.jsdelivr.net/gh/extent-framework/extent-github-cdn@ce8b10435bcbae260c334c0d0c6b61d2c19b6168/spark/css/spark-style.css) Value flex is not a recognized identifier at line 14. Skipping declaration.
com.openhtmltopdf.css-parse WARNING:: (https://cdn.jsdelivr.net/gh/extent-framework/extent-github-cdn@ce8b10435bcbae260c334c0d0c6b61d2c19b6168/spark/css/spark-style.css) flex-wrap is an unrecognized CSS property at line 13. Ignoring declaration.
com.openhtmltopdf.css-parse WARNING:: (https://cdn.jsdelivr.net/gh/extent-framework/extent-github-cdn@ce8b10435bcbae260c334c0d0c6b61d2c19b6168/spark/css/spark-style.css) Value flex is not a recognized identifier at line 14. Skipping declaration.
com.openhtmltopdf.css-parse WARNING:: (https://cdn.jsdelivr.net/gh/extent-framework/extent-github-cdn@ce8b10435bcbae260c334c0d0c6b61d2c19b6168/spark/css/spark-style.css) -webkit-box-orient is an unrecognized CSS property at line 13. Ignoring declaration.
com.openhtmltopdf.css-parse WARNING:: (https://cdn.jsdelivr.net/gh/extent-framework/extent-github-cdn@ce8b10435bcbae260c334c0d0c6b61d2c19b6168/spark/css/spark-style.css) -webkit-box-direction is an unrecognized CSS property at line 13. Ignoring declaration.
com.openhtmltopdf.css-parse WARNING:: (https://cdn.jsdelivr.net/gh/extent-framework/extent-github-cdn@ce8b10435bcbae260c334c0d0c6b61d2c19b6168/spark/css/spark-style.css) flex-direction is an unrecognized CSS property at line 13. Ignoring declaration.
com.openhtmltopdf.css-parse WARNING:: (https://cdn.jsdelivr.net/gh/extent-framework/extent-github-cdn@ce8b10435bcbae260c334c0d0c6b61d2c19b6168/spark/css/spark-style.css) -webkit-box-pack is an unrecognized CSS property at line 13. Ignoring declaration.
com.openhtmltopdf.css-parse WARNING:: (https://cdn.jsdelivr.net/gh/extent-framework/extent-github-cdn@ce8b10435bcbae260c334c0d0c6b61d2c19b6168/spark/css/spark-style.css) justify-content is an unrecognized CSS property at line 13. Ignoring declaration.
com.openhtmltopdf.css-parse WARNING:: (https://cdn.jsdelivr.net/gh/extent-framework/extent-github-cdn@ce8b10435bcbae260c334c0d0c6b61d2c19b6168/spark/css/spark-style.css) flex-basis is an unrecognized CSS property at line 13. Ignoring declaration.
com.openhtmltopdf.css-parse WARNING:: (https://cdn.jsdelivr.net/gh/extent-framework/extent-github-cdn@ce8b10435bcbae260c334c0d0c6b61d2c19b6168/spark/css/spark-style.css) flex-basis is an unrecognized CSS property at line 13. Ignoring declaration.
com.openhtmltopdf.css-parse WARNING:: (https://cdn.jsdelivr.net/gh/extent-framework/extent-github-cdn@ce8b10435bcbae260c334c0d0c6b61d2c19b6168/spark/css/spark-style.css) Found an identifier where a { was expected at line 14. Skipping @media rule.
com.openhtmltopdf.css-parse WARNING:: (https://cdn.jsdelivr.net/gh/extent-framework/extent-github-cdn@ce8b10435bcbae260c334c0d0c6b61d2c19b6168/spark/css/spark-style.css) flex-basis is an unrecognized CSS property at line 13. Ignoring declaration.
com.openhtmltopdf.css-parse WARNING:: (https://cdn.jsdelivr.net/gh/extent-framework/extent-github-cdn@ce8b10435bcbae260c334c0d0c6b61d2c19b6168/spark/css/spark-style.css) Found an identifier where a { was expected at line 14. Skipping @media rule.
com.openhtmltopdf.css-parse WARNING:: (https://cdn.jsdelivr.net/gh/extent-framework/extent-github-cdn@ce8b10435bcbae260c334c0d0c6b61d2c19b6168/spark/css/spark-style.css) Value for min-height must be a length or percentage at line 14. Skipping declaration.
com.openhtmltopdf.css-parse WARNING:: (https://cdn.jsdelivr.net/gh/extent-framework/extent-github-cdn@ce8b10435bcbae260c334c0d0c6b61d2c19b6168/spark/css/spark-style.css) transition is an unrecognized CSS property at line 13. Ignoring declaration.
com.openhtmltopdf.css-parse WARNING:: (https://cdn.jsdelivr.net/gh/extent-framework/extent-github-cdn@ce8b10435bcbae260c334c0d0c6b61d2c19b6168/spark/css/spark-style.css) Unsupported CSS unit s at line 14. Skipping declaration.
com.openhtmltopdf.css-parse WARNING:: (https://cdn.jsdelivr.net/gh/extent-framework/extent-github-cdn@ce8b10435bcbae260c334c0d0c6b61d2c19b6168/spark/css/spark-style.css) -webkit-transition is an unrecognized CSS property at line 13. Ignoring declaration.
com.openhtmltopdf.css-parse WARNING:: (https://cdn.jsdelivr.net/gh/extent-framework/extent-github-cdn@ce8b10435bcbae260c334c0d0c6b61d2c19b6168/spark/css/spark-style.css) Unsupported CSS unit s at line 14. Skipping declaration.
com.openhtmltopdf.css-parse WARNING:: (https://cdn.jsdelivr.net/gh/extent-framework/extent-github-cdn@ce8b10435bcbae260c334c0d0c6b61d2c19b6168/spark/css/spark-style.css) -moz-transition is an unrecognized CSS property at line 13. Ignoring declaration.
com.openhtmltopdf.css-parse WARNING:: (https://cdn.jsdelivr.net/gh/extent-framework/extent-github-cdn@ce8b10435bcbae260c334c0d0c6b61d2c19b6168/spark/css/spark-style.css) Unsupported CSS unit s at line 14. Skipping declaration.
com.openhtmltopdf.css-parse WARNING:: (https://cdn.jsdelivr.net/gh/extent-framework/extent-github-cdn@ce8b10435bcbae260c334c0d0c6b61d2c19b6168/spark/css/spark-style.css) -o-transition is an unrecognized CSS property at line 13. Ignoring declaration.
com.openhtmltopdf.css-parse WARNING:: (https://cdn.jsdelivr.net/gh/extent-framework/extent-github-cdn@ce8b10435bcbae260c334c0d0c6b61d2c19b6168/spark/css/spark-style.css) Unsupported CSS unit s at line 14. Skipping declaration.
com.openhtmltopdf.css-parse WARNING:: (https://cdn.jsdelivr.net/gh/extent-framework/extent-github-cdn@ce8b10435bcbae260c334c0d0c6b61d2c19b6168/spark/css/spark-style.css) -ms-transition is an unrecognized CSS property at line 13. Ignoring declaration.
com.openhtmltopdf.css-parse WARNING:: (https://cdn.jsdelivr.net/gh/extent-framework/extent-github-cdn@ce8b10435bcbae260c334c0d0c6b61d2c19b6168/spark/css/spark-style.css) Unsupported CSS unit s at line 14. Skipping declaration.
com.openhtmltopdf.css-parse WARNING:: (https://cdn.jsdelivr.net/gh/extent-framework/extent-github-cdn@ce8b10435bcbae260c334c0d0c6b61d2c19b6168/spark/css/spark-style.css) opacity is an unrecognized CSS property at line 13. Ignoring declaration.
com.openhtmltopdf.css-parse WARNING:: (https://cdn.jsdelivr.net/gh/extent-framework/extent-github-cdn@ce8b10435bcbae260c334c0d0c6b61d2c19b6168/spark/css/spark-style.css) Value not-allowed is not a recognized identifier at line 14. Skipping declaration.
com.openhtmltopdf.css-parse WARNING:: (https://cdn.jsdelivr.net/gh/extent-framework/extent-github-cdn@ce8b10435bcbae260c334c0d0c6b61d2c19b6168/spark/css/spark-style.css) not is not a valid function in this context at line 14. Skipping ruleset.
com.openhtmltopdf.css-parse WARNING:: (https://cdn.jsdelivr.net/gh/extent-framework/extent-github-cdn@ce8b10435bcbae260c334c0d0c6b61d2c19b6168/spark/css/spark-style.css) transition is an unrecognized CSS property at line 13. Ignoring declaration.
com.openhtmltopdf.css-parse WARNING:: (https://cdn.jsdelivr.net/gh/extent-framework/extent-github-cdn@ce8b10435bcbae260c334c0d0c6b61d2c19b6168/spark/css/spark-style.css) Unsupported CSS unit s at line 14. Skipping declaration.
com.openhtmltopdf.css-parse WARNING:: (https://cdn.jsdelivr.net/gh/extent-framework/extent-github-cdn@ce8b10435bcbae260c334c0d0c6b61d2c19b6168/spark/css/spark-style.css) -webkit-transition is an unrecognized CSS property at line 13. Ignoring declaration.
com.openhtmltopdf.css-parse WARNING:: (https://cdn.jsdelivr.net/gh/extent-framework/extent-github-cdn@ce8b10435bcbae260c334c0d0c6b61d2c19b6168/spark/css/spark-style.css) Unsupported CSS unit s at line 14. Skipping declaration.
com.openhtmltopdf.css-parse WARNING:: (https://cdn.jsdelivr.net/gh/extent-framework/extent-github-cdn@ce8b10435bcbae260c334c0d0c6b61d2c19b6168/spark/css/spark-style.css) -moz-transition is an unrecognized CSS property at line 13. Ignoring declaration.
com.openhtmltopdf.css-parse WARNING:: (https://cdn.jsdelivr.net/gh/extent-framework/extent-github-cdn@ce8b10435bcbae260c334c0d0c6b61d2c19b6168/spark/css/spark-style.css) Unsupported CSS unit s at line 14. Skipping declaration.
com.openhtmltopdf.css-parse WARNING:: (https://cdn.jsdelivr.net/gh/extent-framework/extent-github-cdn@ce8b10435bcbae260c334c0d0c6b61d2c19b6168/spark/css/spark-style.css) -o-transition is an unrecognized CSS property at line 13. Ignoring declaration.
com.openhtmltopdf.css-parse WARNING:: (https://cdn.jsdelivr.net/gh/extent-framework/extent-github-cdn@ce8b10435bcbae260c334c0d0c6b61d2c19b6168/spark/css/spark-style.css) Unsupported CSS unit s at line 14. Skipping declaration.
com.openhtmltopdf.css-parse WARNING:: (https://cdn.jsdelivr.net/gh/extent-framework/extent-github-cdn@ce8b10435bcbae260c334c0d0c6b61d2c19b6168/spark/css/spark-style.css) -ms-transition is an unrecognized CSS property at line 13. Ignoring declaration.
com.openhtmltopdf.css-parse WARNING:: (https://cdn.jsdelivr.net/gh/extent-framework/extent-github-cdn@ce8b10435bcbae260c334c0d0c6b61d2c19b6168/spark/css/spark-style.css) Unsupported CSS unit s at line 14. Skipping declaration.
com.openhtmltopdf.css-parse WARNING:: (https://cdn.jsdelivr.net/gh/extent-framework/extent-github-cdn@ce8b10435bcbae260c334c0d0c6b61d2c19b6168/spark/css/spark-style.css) -webkit-box-shadow is an unrecognized CSS property at line 13. Ignoring declaration.
com.openhtmltopdf.css-parse WARNING:: (https://cdn.jsdelivr.net/gh/extent-framework/extent-github-cdn@ce8b10435bcbae260c334c0d0c6b61d2c19b6168/spark/css/spark-style.css) -moz-box-shadow is an unrecognized CSS property at line 13. Ignoring declaration.
com.openhtmltopdf.css-parse WARNING:: (https://cdn.jsdelivr.net/gh/extent-framework/extent-github-cdn@ce8b10435bcbae260c334c0d0c6b61d2c19b6168/spark/css/spark-style.css) box-shadow is an unrecognized CSS property at line 13. Ignoring declaration.
com.openhtmltopdf.css-parse WARNING:: (https://cdn.jsdelivr.net/gh/extent-framework/extent-github-cdn@ce8b10435bcbae260c334c0d0c6b61d2c19b6168/spark/css/spark-style.css) box-shadow is an unrecognized CSS property at line 13. Ignoring declaration.
com.openhtmltopdf.css-parse WARNING:: (https://cdn.jsdelivr.net/gh/extent-framework/extent-github-cdn@ce8b10435bcbae260c334c0d0c6b61d2c19b6168/spark/css/spark-style.css) transition is an unrecognized CSS property at line 13. Ignoring declaration.
com.openhtmltopdf.css-parse WARNING:: (https://cdn.jsdelivr.net/gh/extent-framework/extent-github-cdn@ce8b10435bcbae260c334c0d0c6b61d2c19b6168/spark/css/spark-style.css) Unsupported CSS unit s at line 14. Skipping declaration.
com.openhtmltopdf.css-parse WARNING:: (https://cdn.jsdelivr.net/gh/extent-framework/extent-github-cdn@ce8b10435bcbae260c334c0d0c6b61d2c19b6168/spark/css/spark-style.css) -webkit-transition is an unrecognized CSS property at line 13. Ignoring declaration.
com.openhtmltopdf.css-parse WARNING:: (https://cdn.jsdelivr.net/gh/extent-framework/extent-github-cdn@ce8b10435bcbae260c334c0d0c6b61d2c19b6168/spark/css/spark-style.css) Unsupported CSS unit s at line 14. Skipping declaration.
com.openhtmltopdf.css-parse WARNING:: (https://cdn.jsdelivr.net/gh/extent-framework/extent-github-cdn@ce8b10435bcbae260c334c0d0c6b61d2c19b6168/spark/css/spark-style.css) -moz-transition is an unrecognized CSS property at line 13. Ignoring declaration.
com.openhtmltopdf.css-parse WARNING:: (https://cdn.jsdelivr.net/gh/extent-framework/extent-github-cdn@ce8b10435bcbae260c334c0d0c6b61d2c19b6168/spark/css/spark-style.css) Unsupported CSS unit s at line 14. Skipping declaration.
com.openhtmltopdf.css-parse WARNING:: (https://cdn.jsdelivr.net/gh/extent-framework/extent-github-cdn@ce8b10435bcbae260c334c0d0c6b61d2c19b6168/spark/css/spark-style.css) -o-transition is an unrecognized CSS property at line 13. Ignoring declaration.
com.openhtmltopdf.css-parse WARNING:: (https://cdn.jsdelivr.net/gh/extent-framework/extent-github-cdn@ce8b10435bcbae260c334c0d0c6b61d2c19b6168/spark/css/spark-style.css) Unsupported CSS unit s at line 14. Skipping declaration.
com.openhtmltopdf.css-parse WARNING:: (https://cdn.jsdelivr.net/gh/extent-framework/extent-github-cdn@ce8b10435bcbae260c334c0d0c6b61d2c19b6168/spark/css/spark-style.css) -ms-transition is an unrecognized CSS property at line 13. Ignoring declaration.
com.openhtmltopdf.css-parse WARNING:: (https://cdn.jsdelivr.net/gh/extent-framework/extent-github-cdn@ce8b10435bcbae260c334c0d0c6b61d2c19b6168/spark/css/spark-style.css) Unsupported CSS unit s at line 14. Skipping declaration.
com.openhtmltopdf.css-parse WARNING:: (https://cdn.jsdelivr.net/gh/extent-framework/extent-github-cdn@ce8b10435bcbae260c334c0d0c6b61d2c19b6168/spark/css/spark-style.css) nth-of-type is not a valid function in this context at line 14. Skipping ruleset.
com.openhtmltopdf.css-parse WARNING:: (https://cdn.jsdelivr.net/gh/extent-framework/extent-github-cdn@ce8b10435bcbae260c334c0d0c6b61d2c19b6168/spark/css/spark-style.css) disabled is not a recognized pseudo-class at line 14. Skipping ruleset.
com.openhtmltopdf.css-parse WARNING:: (https://cdn.jsdelivr.net/gh/extent-framework/extent-github-cdn@ce8b10435bcbae260c334c0d0c6b61d2c19b6168/spark/css/spark-style.css) Found an identifier where a { was expected at line 14. Skipping @media rule.
com.openhtmltopdf.css-parse WARNING:: (https://cdn.jsdelivr.net/gh/extent-framework/extent-github-cdn@ce8b10435bcbae260c334c0d0c6b61d2c19b6168/spark/css/spark-style.css) last-of-type is not a recognized pseudo-class at line 23. Skipping ruleset.
com.openhtmltopdf.css-parse WARNING:: (https://cdn.jsdelivr.net/gh/extent-framework/extent-github-cdn@ce8b10435bcbae260c334c0d0c6b61d2c19b6168/spark/css/spark-style.css) Ident auto is an invalid or unsupported value for overflow at line 23. Skipping declaration.
com.openhtmltopdf.css-parse WARNING:: (https://cdn.jsdelivr.net/gh/extent-framework/extent-github-cdn@ce8b10435bcbae260c334c0d0c6b61d2c19b6168/spark/css/spark-style.css) -webkit-box-sizing is an unrecognized CSS property at line 22. Ignoring declaration.
com.openhtmltopdf.css-parse WARNING:: (https://cdn.jsdelivr.net/gh/extent-framework/extent-github-cdn@ce8b10435bcbae260c334c0d0c6b61d2c19b6168/spark/css/spark-style.css) -moz-box-sizing is an unrecognized CSS property at line 22. Ignoring declaration.
com.openhtmltopdf.css-parse WARNING:: (https://cdn.jsdelivr.net/gh/extent-framework/extent-github-cdn@ce8b10435bcbae260c334c0d0c6b61d2c19b6168/spark/css/spark-style.css) Found an identifier where a { was expected at line 23. Skipping @media rule.
com.openhtmltopdf.css-parse WARNING:: (https://cdn.jsdelivr.net/gh/extent-framework/extent-github-cdn@ce8b10435bcbae260c334c0d0c6b61d2c19b6168/spark/css/spark-style.css) Ident auto is an invalid or unsupported value for overflow at line 32. Skipping declaration.
com.openhtmltopdf.css-parse WARNING:: (https://cdn.jsdelivr.net/gh/extent-framework/extent-github-cdn@ce8b10435bcbae260c334c0d0c6b61d2c19b6168/spark/css/spark-style.css) transition is an unrecognized CSS property at line 31. Ignoring declaration.
com.openhtmltopdf.css-parse WARNING:: (https://cdn.jsdelivr.net/gh/extent-framework/extent-github-cdn@ce8b10435bcbae260c334c0d0c6b61d2c19b6168/spark/css/spark-style.css) Unsupported CSS unit s at line 32. Skipping declaration.
com.openhtmltopdf.css-parse WARNING:: (https://cdn.jsdelivr.net/gh/extent-framework/extent-github-cdn@ce8b10435bcbae260c334c0d0c6b61d2c19b6168/spark/css/spark-style.css) -webkit-transition is an unrecognized CSS property at line 31. Ignoring declaration.
com.openhtmltopdf.css-parse WARNING:: (https://cdn.jsdelivr.net/gh/extent-framework/extent-github-cdn@ce8b10435bcbae260c334c0d0c6b61d2c19b6168/spark/css/spark-style.css) Unsupported CSS unit s at line 32. Skipping declaration.
com.openhtmltopdf.css-parse WARNING:: (https://cdn.jsdelivr.net/gh/extent-framework/extent-github-cdn@ce8b10435bcbae260c334c0d0c6b61d2c19b6168/spark/css/spark-style.css) -moz-transition is an unrecognized CSS property at line 31. Ignoring declaration.
com.openhtmltopdf.css-parse WARNING:: (https://cdn.jsdelivr.net/gh/extent-framework/extent-github-cdn@ce8b10435bcbae260c334c0d0c6b61d2c19b6168/spark/css/spark-style.css) Unsupported CSS unit s at line 32. Skipping declaration.
com.openhtmltopdf.css-parse WARNING:: (https://cdn.jsdelivr.net/gh/extent-framework/extent-github-cdn@ce8b10435bcbae260c334c0d0c6b61d2c19b6168/spark/css/spark-style.css) -o-transition is an unrecognized CSS property at line 31. Ignoring declaration.
com.openhtmltopdf.css-parse WARNING:: (https://cdn.jsdelivr.net/gh/extent-framework/extent-github-cdn@ce8b10435bcbae260c334c0d0c6b61d2c19b6168/spark/css/spark-style.css) Unsupported CSS unit s at line 32. Skipping declaration.
com.openhtmltopdf.css-parse WARNING:: (https://cdn.jsdelivr.net/gh/extent-framework/extent-github-cdn@ce8b10435bcbae260c334c0d0c6b61d2c19b6168/spark/css/spark-style.css) -ms-transition is an unrecognized CSS property at line 31. Ignoring declaration.
com.openhtmltopdf.css-parse WARNING:: (https://cdn.jsdelivr.net/gh/extent-framework/extent-github-cdn@ce8b10435bcbae260c334c0d0c6b61d2c19b6168/spark/css/spark-style.css) Unsupported CSS unit s at line 32. Skipping declaration.
com.openhtmltopdf.css-parse WARNING:: (https://cdn.jsdelivr.net/gh/extent-framework/extent-github-cdn@ce8b10435bcbae260c334c0d0c6b61d2c19b6168/spark/css/spark-style.css) Found an identifier where a { was expected at line 32. Skipping @media rule.
com.openhtmltopdf.css-parse WARNING:: (https://cdn.jsdelivr.net/gh/extent-framework/extent-github-cdn@ce8b10435bcbae260c334c0d0c6b61d2c19b6168/spark/css/spark-style.css) overflow-y is an unrecognized CSS property at line 31. Ignoring declaration.
com.openhtmltopdf.css-parse WARNING:: (https://cdn.jsdelivr.net/gh/extent-framework/extent-github-cdn@ce8b10435bcbae260c334c0d0c6b61d2c19b6168/spark/css/spark-style.css) Found an identifier where a { was expected at line 32. Skipping @media rule.
com.openhtmltopdf.css-parse WARNING:: (https://cdn.jsdelivr.net/gh/extent-framework/extent-github-cdn@ce8b10435bcbae260c334c0d0c6b61d2c19b6168/spark/css/spark-style.css) Found an identifier where a { was expected at line 32. Skipping @media rule.
com.openhtmltopdf.css-parse WARNING:: (https://cdn.jsdelivr.net/gh/extent-framework/extent-github-cdn@ce8b10435bcbae260c334c0d0c6b61d2c19b6168/spark/css/spark-style.css) transition is an unrecognized CSS property at line 31. Ignoring declaration.
com.openhtmltopdf.css-parse WARNING:: (https://cdn.jsdelivr.net/gh/extent-framework/extent-github-cdn@ce8b10435bcbae260c334c0d0c6b61d2c19b6168/spark/css/spark-style.css) Unsupported CSS unit s at line 32. Skipping declaration.
com.openhtmltopdf.css-parse WARNING:: (https://cdn.jsdelivr.net/gh/extent-framework/extent-github-cdn@ce8b10435bcbae260c334c0d0c6b61d2c19b6168/spark/css/spark-style.css) -webkit-transition is an unrecognized CSS property at line 31. Ignoring declaration.
com.openhtmltopdf.css-parse WARNING:: (https://cdn.jsdelivr.net/gh/extent-framework/extent-github-cdn@ce8b10435bcbae260c334c0d0c6b61d2c19b6168/spark/css/spark-style.css) Unsupported CSS unit s at line 32. Skipping declaration.
com.openhtmltopdf.css-parse WARNING:: (https://cdn.jsdelivr.net/gh/extent-framework/extent-github-cdn@ce8b10435bcbae260c334c0d0c6b61d2c19b6168/spark/css/spark-style.css) -moz-transition is an unrecognized CSS property at line 31. Ignoring declaration.
com.openhtmltopdf.css-parse WARNING:: (https://cdn.jsdelivr.net/gh/extent-framework/extent-github-cdn@ce8b10435bcbae260c334c0d0c6b61d2c19b6168/spark/css/spark-style.css) Unsupported CSS unit s at line 32. Skipping declaration.
com.openhtmltopdf.css-parse WARNING:: (https://cdn.jsdelivr.net/gh/extent-framework/extent-github-cdn@ce8b10435bcbae260c334c0d0c6b61d2c19b6168/spark/css/spark-style.css) -o-transition is an unrecognized CSS property at line 31. Ignoring declaration.
com.openhtmltopdf.css-parse WARNING:: (https://cdn.jsdelivr.net/gh/extent-framework/extent-github-cdn@ce8b10435bcbae260c334c0d0c6b61d2c19b6168/spark/css/spark-style.css) Unsupported CSS unit s at line 32. Skipping declaration.
com.openhtmltopdf.css-parse WARNING:: (https://cdn.jsdelivr.net/gh/extent-framework/extent-github-cdn@ce8b10435bcbae260c334c0d0c6b61d2c19b6168/spark/css/spark-style.css) -ms-transition is an unrecognized CSS property at line 31. Ignoring declaration.
com.openhtmltopdf.css-parse WARNING:: (https://cdn.jsdelivr.net/gh/extent-framework/extent-github-cdn@ce8b10435bcbae260c334c0d0c6b61d2c19b6168/spark/css/spark-style.css) Unsupported CSS unit s at line 32. Skipping declaration.
com.openhtmltopdf.css-parse WARNING:: (https://cdn.jsdelivr.net/gh/extent-framework/extent-github-cdn@ce8b10435bcbae260c334c0d0c6b61d2c19b6168/spark/css/spark-style.css) overflow-y is an unrecognized CSS property at line 31. Ignoring declaration.
com.openhtmltopdf.css-parse WARNING:: (https://cdn.jsdelivr.net/gh/extent-framework/extent-github-cdn@ce8b10435bcbae260c334c0d0c6b61d2c19b6168/spark/css/spark-style.css) transition is an unrecognized CSS property at line 31. Ignoring declaration.
com.openhtmltopdf.css-parse WARNING:: (https://cdn.jsdelivr.net/gh/extent-framework/extent-github-cdn@ce8b10435bcbae260c334c0d0c6b61d2c19b6168/spark/css/spark-style.css) Unsupported CSS unit s at line 32. Skipping declaration.
com.openhtmltopdf.css-parse WARNING:: (https://cdn.jsdelivr.net/gh/extent-framework/extent-github-cdn@ce8b10435bcbae260c334c0d0c6b61d2c19b6168/spark/css/spark-style.css) -webkit-transition is an unrecognized CSS property at line 31. Ignoring declaration.
com.openhtmltopdf.css-parse WARNING:: (https://cdn.jsdelivr.net/gh/extent-framework/extent-github-cdn@ce8b10435bcbae260c334c0d0c6b61d2c19b6168/spark/css/spark-style.css) Unsupported CSS unit s at line 32. Skipping declaration.
com.openhtmltopdf.css-parse WARNING:: (https://cdn.jsdelivr.net/gh/extent-framework/extent-github-cdn@ce8b10435bcbae260c334c0d0c6b61d2c19b6168/spark/css/spark-style.css) -moz-transition is an unrecognized CSS property at line 31. Ignoring declaration.
com.openhtmltopdf.css-parse WARNING:: (https://cdn.jsdelivr.net/gh/extent-framework/extent-github-cdn@ce8b10435bcbae260c334c0d0c6b61d2c19b6168/spark/css/spark-style.css) Unsupported CSS unit s at line 32. Skipping declaration.
com.openhtmltopdf.css-parse WARNING:: (https://cdn.jsdelivr.net/gh/extent-framework/extent-github-cdn@ce8b10435bcbae260c334c0d0c6b61d2c19b6168/spark/css/spark-style.css) -o-transition is an unrecognized CSS property at line 31. Ignoring declaration.
com.openhtmltopdf.css-parse WARNING:: (https://cdn.jsdelivr.net/gh/extent-framework/extent-github-cdn@ce8b10435bcbae260c334c0d0c6b61d2c19b6168/spark/css/spark-style.css) Unsupported CSS unit s at line 32. Skipping declaration.
com.openhtmltopdf.css-parse WARNING:: (https://cdn.jsdelivr.net/gh/extent-framework/extent-github-cdn@ce8b10435bcbae260c334c0d0c6b61d2c19b6168/spark/css/spark-style.css) -ms-transition is an unrecognized CSS property at line 31. Ignoring declaration.
com.openhtmltopdf.css-parse WARNING:: (https://cdn.jsdelivr.net/gh/extent-framework/extent-github-cdn@ce8b10435bcbae260c334c0d0c6b61d2c19b6168/spark/css/spark-style.css) Unsupported CSS unit s at line 32. Skipping declaration.
com.openhtmltopdf.css-parse WARNING:: (https://cdn.jsdelivr.net/gh/extent-framework/extent-github-cdn@ce8b10435bcbae260c334c0d0c6b61d2c19b6168/spark/css/spark-style.css) Found an identifier where a { was expected at line 32. Skipping @media rule.
com.openhtmltopdf.css-parse WARNING:: (https://cdn.jsdelivr.net/gh/extent-framework/extent-github-cdn@ce8b10435bcbae260c334c0d0c6b61d2c19b6168/spark/css/spark-style.css) Unsupported CSS unit vh at line 32. Skipping declaration.
com.openhtmltopdf.css-parse WARNING:: (https://cdn.jsdelivr.net/gh/extent-framework/extent-github-cdn@ce8b10435bcbae260c334c0d0c6b61d2c19b6168/spark/css/spark-style.css) Ident auto is an invalid or unsupported value for overflow at line 32. Skipping declaration.
com.openhtmltopdf.css-parse WARNING:: (https://cdn.jsdelivr.net/gh/extent-framework/extent-github-cdn@ce8b10435bcbae260c334c0d0c6b61d2c19b6168/spark/css/spark-style.css) transition is an unrecognized CSS property at line 31. Ignoring declaration.
com.openhtmltopdf.css-parse WARNING:: (https://cdn.jsdelivr.net/gh/extent-framework/extent-github-cdn@ce8b10435bcbae260c334c0d0c6b61d2c19b6168/spark/css/spark-style.css) Unsupported CSS unit s at line 32. Skipping declaration.
com.openhtmltopdf.css-parse WARNING:: (https://cdn.jsdelivr.net/gh/extent-framework/extent-github-cdn@ce8b10435bcbae260c334c0d0c6b61d2c19b6168/spark/css/spark-style.css) -webkit-transition is an unrecognized CSS property at line 31. Ignoring declaration.
com.openhtmltopdf.css-parse WARNING:: (https://cdn.jsdelivr.net/gh/extent-framework/extent-github-cdn@ce8b10435bcbae260c334c0d0c6b61d2c19b6168/spark/css/spark-style.css) Unsupported CSS unit s at line 32. Skipping declaration.
com.openhtmltopdf.css-parse WARNING:: (https://cdn.jsdelivr.net/gh/extent-framework/extent-github-cdn@ce8b10435bcbae260c334c0d0c6b61d2c19b6168/spark/css/spark-style.css) -moz-transition is an unrecognized CSS property at line 31. Ignoring declaration.
com.openhtmltopdf.css-parse WARNING:: (https://cdn.jsdelivr.net/gh/extent-framework/extent-github-cdn@ce8b10435bcbae260c334c0d0c6b61d2c19b6168/spark/css/spark-style.css) Unsupported CSS unit s at line 32. Skipping declaration.
com.openhtmltopdf.css-parse WARNING:: (https://cdn.jsdelivr.net/gh/extent-framework/extent-github-cdn@ce8b10435bcbae260c334c0d0c6b61d2c19b6168/spark/css/spark-style.css) -o-transition is an unrecognized CSS property at line 31. Ignoring declaration.
com.openhtmltopdf.css-parse WARNING:: (https://cdn.jsdelivr.net/gh/extent-framework/extent-github-cdn@ce8b10435bcbae260c334c0d0c6b61d2c19b6168/spark/css/spark-style.css) Unsupported CSS unit s at line 32. Skipping declaration.
com.openhtmltopdf.css-parse WARNING:: (https://cdn.jsdelivr.net/gh/extent-framework/extent-github-cdn@ce8b10435bcbae260c334c0d0c6b61d2c19b6168/spark/css/spark-style.css) -ms-transition is an unrecognized CSS property at line 31. Ignoring declaration.
com.openhtmltopdf.css-parse WARNING:: (https://cdn.jsdelivr.net/gh/extent-framework/extent-github-cdn@ce8b10435bcbae260c334c0d0c6b61d2c19b6168/spark/css/spark-style.css) Unsupported CSS unit s at line 32. Skipping declaration.
com.openhtmltopdf.css-parse WARNING:: (https://cdn.jsdelivr.net/gh/extent-framework/extent-github-cdn@ce8b10435bcbae260c334c0d0c6b61d2c19b6168/spark/css/spark-style.css) Found an identifier where a { was expected at line 32. Skipping @media rule.
com.openhtmltopdf.css-parse WARNING:: (https://cdn.jsdelivr.net/gh/extent-framework/extent-github-cdn@ce8b10435bcbae260c334c0d0c6b61d2c19b6168/spark/css/spark-style.css) Found an identifier where a { was expected at line 32. Skipping @media rule.
com.openhtmltopdf.css-parse WARNING:: (https://cdn.jsdelivr.net/gh/extent-framework/extent-github-cdn@ce8b10435bcbae260c334c0d0c6b61d2c19b6168/spark/css/spark-style.css) Found an identifier where a { was expected at line 32. Skipping @media rule.
com.openhtmltopdf.css-parse WARNING:: (https://cdn.jsdelivr.net/gh/extent-framework/extent-github-cdn@ce8b10435bcbae260c334c0d0c6b61d2c19b6168/spark/css/spark-style.css) Unsupported CSS unit vh at line 32. Skipping declaration.
com.openhtmltopdf.css-parse WARNING:: (https://cdn.jsdelivr.net/gh/extent-framework/extent-github-cdn@ce8b10435bcbae260c334c0d0c6b61d2c19b6168/spark/css/spark-style.css) Found an identifier where a { was expected at line 32. Skipping @media rule.
com.openhtmltopdf.css-parse WARNING:: (https://cdn.jsdelivr.net/gh/extent-framework/extent-github-cdn@ce8b10435bcbae260c334c0d0c6b61d2c19b6168/spark/css/spark-style.css) Found an identifier where a { was expected at line 32. Skipping @media rule.
com.openhtmltopdf.css-parse WARNING:: (https://cdn.jsdelivr.net/gh/extent-framework/extent-github-cdn@ce8b10435bcbae260c334c0d0c6b61d2c19b6168/spark/css/spark-style.css) word-break is an unrecognized CSS property at line 41. Ignoring declaration.
com.openhtmltopdf.css-parse WARNING:: (https://cdn.jsdelivr.net/gh/extent-framework/extent-github-cdn@ce8b10435bcbae260c334c0d0c6b61d2c19b6168/spark/css/spark-style.css) word-break is an unrecognized CSS property at line 49. Ignoring declaration.
com.openhtmltopdf.css-parse WARNING:: (https://cdn.jsdelivr.net/gh/extent-framework/extent-github-cdn@ce8b10435bcbae260c334c0d0c6b61d2c19b6168/spark/css/spark-style.css) Unsupported CSS unit vh at line 106. Skipping declaration.
com.openhtmltopdf.css-parse WARNING:: (https://cdn.jsdelivr.net/gh/extent-framework/extent-github-cdn@ce8b10435bcbae260c334c0d0c6b61d2c19b6168/spark/css/spark-style.css) Unsupported CSS unit vh at line 107. Skipping declaration.
com.openhtmltopdf.css-parse WARNING:: (https://cdn.jsdelivr.net/gh/extent-framework/extent-github-cdn@ce8b10435bcbae260c334c0d0c6b61d2c19b6168/spark/css/spark-style.css) Unsupported CSS unit vh at line 113. Skipping declaration.
com.openhtmltopdf.css-parse WARNING:: (https://cdn.jsdelivr.net/gh/extent-framework/extent-github-cdn@ce8b10435bcbae260c334c0d0c6b61d2c19b6168/spark/css/spark-style.css) word-break is an unrecognized CSS property at line 192. Ignoring declaration.
com.openhtmltopdf.css-parse WARNING:: (https://cdn.jsdelivr.net/gh/extent-framework/extent-github-cdn@ce8b10435bcbae260c334c0d0c6b61d2c19b6168/spark/css/spark-style.css) Value for min-height must be a length or percentage at line 275. Skipping declaration.
com.openhtmltopdf.css-parse WARNING:: (https://cdn.jsdelivr.net/gh/extent-framework/extent-github-cdn@ce8b10435bcbae260c334c0d0c6b61d2c19b6168/spark/css/spark-style.css) rgba(0,0,0,.125) is not a border width, style, or color at line 288. Skipping declaration.
com.openhtmltopdf.css-parse WARNING:: (https://cdn.jsdelivr.net/gh/extent-framework/extent-github-cdn@ce8b10435bcbae260c334c0d0c6b61d2c19b6168/spark/css/spark-style.css) resize is an unrecognized CSS property at line 321. Ignoring declaration.
com.openhtmltopdf.css-parse WARNING:: (https://cdn.jsdelivr.net/gh/extent-framework/extent-github-cdn@ce8b10435bcbae260c334c0d0c6b61d2c19b6168/spark/css/spark-style.css) Value for background-color must be an identifier or a color at line 420. Skipping declaration.
com.openhtmltopdf.css-parse WARNING:: (https://cdn.jsdelivr.net/gh/extent-framework/extent-github-cdn@ce8b10435bcbae260c334c0d0c6b61d2c19b6168/spark/css/spark-style.css) Value for background-color must be an identifier or a color at line 426. Skipping declaration.
com.openhtmltopdf.css-parse WARNING:: (https://cdn.jsdelivr.net/gh/extent-framework/extent-github-cdn@ce8b10435bcbae260c334c0d0c6b61d2c19b6168/spark/css/spark-style.css) Value for background-color must be an identifier or a color at line 432. Skipping declaration.
com.openhtmltopdf.css-parse WARNING:: (https://cdn.jsdelivr.net/gh/extent-framework/extent-github-cdn@ce8b10435bcbae260c334c0d0c6b61d2c19b6168/spark/css/spark-style.css) nth-of-type is not a valid function in this context at line 521. Skipping ruleset.
com.openhtmltopdf.css-parse WARNING:: (https://cdn.jsdelivr.net/gh/extent-framework/extent-github-cdn@ce8b10435bcbae260c334c0d0c6b61d2c19b6168/spark/css/spark-style.css) Found an identifier where a { was expected at line 538. Skipping @media rule.
com.openhtmltopdf.css-parse WARNING:: (https://cdn.jsdelivr.net/gh/extent-framework/extent-github-cdn@ce8b10435bcbae260c334c0d0c6b61d2c19b6168/spark/css/spark-style.css) Found an identifier where a { was expected at line 549. Skipping @media rule.
com.openhtmltopdf.load INFO:: Requesting stylesheet: https://stackpath.bootstrapcdn.com/font-awesome/4.7.0/css/font-awesome.min.css
com.openhtmltopdf.css-parse WARNING:: (https://stackpath.bootstrapcdn.com/font-awesome/4.7.0/css/font-awesome.min.css) text-rendering is an unrecognized CSS property at line 3. Ignoring declaration.
com.openhtmltopdf.css-parse WARNING:: (https://stackpath.bootstrapcdn.com/font-awesome/4.7.0/css/font-awesome.min.css) -webkit-font-smoothing is an unrecognized CSS property at line 3. Ignoring declaration.
com.openhtmltopdf.css-parse WARNING:: (https://stackpath.bootstrapcdn.com/font-awesome/4.7.0/css/font-awesome.min.css) -moz-osx-font-smoothing is an unrecognized CSS property at line 3. Ignoring declaration.
com.openhtmltopdf.css-parse WARNING:: (https://stackpath.bootstrapcdn.com/font-awesome/4.7.0/css/font-awesome.min.css) -webkit-animation is an unrecognized CSS property at line 3. Ignoring declaration.
com.openhtmltopdf.css-parse WARNING:: (https://stackpath.bootstrapcdn.com/font-awesome/4.7.0/css/font-awesome.min.css) Unsupported CSS unit s at line 4. Skipping declaration.
com.openhtmltopdf.css-parse WARNING:: (https://stackpath.bootstrapcdn.com/font-awesome/4.7.0/css/font-awesome.min.css) animation is an unrecognized CSS property at line 3. Ignoring declaration.
com.openhtmltopdf.css-parse WARNING:: (https://stackpath.bootstrapcdn.com/font-awesome/4.7.0/css/font-awesome.min.css) Unsupported CSS unit s at line 4. Skipping declaration.
com.openhtmltopdf.css-parse WARNING:: (https://stackpath.bootstrapcdn.com/font-awesome/4.7.0/css/font-awesome.min.css) -webkit-animation is an unrecognized CSS property at line 3. Ignoring declaration.
com.openhtmltopdf.css-parse WARNING:: (https://stackpath.bootstrapcdn.com/font-awesome/4.7.0/css/font-awesome.min.css) Unsupported CSS unit s at line 4. Skipping declaration.
com.openhtmltopdf.css-parse WARNING:: (https://stackpath.bootstrapcdn.com/font-awesome/4.7.0/css/font-awesome.min.css) animation is an unrecognized CSS property at line 3. Ignoring declaration.
com.openhtmltopdf.css-parse WARNING:: (https://stackpath.bootstrapcdn.com/font-awesome/4.7.0/css/font-awesome.min.css) Unsupported CSS unit s at line 4. Skipping declaration.
com.openhtmltopdf.css-parse WARNING:: (https://stackpath.bootstrapcdn.com/font-awesome/4.7.0/css/font-awesome.min.css) Invalid at-rule at line 4. Skipping at-rule.
com.openhtmltopdf.css-parse WARNING:: (https://stackpath.bootstrapcdn.com/font-awesome/4.7.0/css/font-awesome.min.css) Found at rule where one of a hex color, ., [, or : was expected at line 4. Skipping ruleset.
com.openhtmltopdf.css-parse WARNING:: (https://stackpath.bootstrapcdn.com/font-awesome/4.7.0/css/font-awesome.min.css) -ms-filter is an unrecognized CSS property at line 3. Ignoring declaration.
com.openhtmltopdf.css-parse WARNING:: (https://stackpath.bootstrapcdn.com/font-awesome/4.7.0/css/font-awesome.min.css) -webkit-transform is an unrecognized CSS property at line 3. Ignoring declaration.
com.openhtmltopdf.css-parse WARNING:: (https://stackpath.bootstrapcdn.com/font-awesome/4.7.0/css/font-awesome.min.css) -ms-transform is an unrecognized CSS property at line 3. Ignoring declaration.
com.openhtmltopdf.css-parse WARNING:: (https://stackpath.bootstrapcdn.com/font-awesome/4.7.0/css/font-awesome.min.css) -ms-filter is an unrecognized CSS property at line 3. Ignoring declaration.
com.openhtmltopdf.css-parse WARNING:: (https://stackpath.bootstrapcdn.com/font-awesome/4.7.0/css/font-awesome.min.css) -webkit-transform is an unrecognized CSS property at line 3. Ignoring declaration.
com.openhtmltopdf.css-parse WARNING:: (https://stackpath.bootstrapcdn.com/font-awesome/4.7.0/css/font-awesome.min.css) -ms-transform is an unrecognized CSS property at line 3. Ignoring declaration.
com.openhtmltopdf.css-parse WARNING:: (https://stackpath.bootstrapcdn.com/font-awesome/4.7.0/css/font-awesome.min.css) -ms-filter is an unrecognized CSS property at line 3. Ignoring declaration.
com.openhtmltopdf.css-parse WARNING:: (https://stackpath.bootstrapcdn.com/font-awesome/4.7.0/css/font-awesome.min.css) -webkit-transform is an unrecognized CSS property at line 3. Ignoring declaration.
com.openhtmltopdf.css-parse WARNING:: (https://stackpath.bootstrapcdn.com/font-awesome/4.7.0/css/font-awesome.min.css) -ms-transform is an unrecognized CSS property at line 3. Ignoring declaration.
com.openhtmltopdf.css-parse WARNING:: (https://stackpath.bootstrapcdn.com/font-awesome/4.7.0/css/font-awesome.min.css) -ms-filter is an unrecognized CSS property at line 3. Ignoring declaration.
com.openhtmltopdf.css-parse WARNING:: (https://stackpath.bootstrapcdn.com/font-awesome/4.7.0/css/font-awesome.min.css) -webkit-transform is an unrecognized CSS property at line 3. Ignoring declaration.
com.openhtmltopdf.css-parse WARNING:: (https://stackpath.bootstrapcdn.com/font-awesome/4.7.0/css/font-awesome.min.css) -ms-transform is an unrecognized CSS property at line 3. Ignoring declaration.
com.openhtmltopdf.css-parse WARNING:: (https://stackpath.bootstrapcdn.com/font-awesome/4.7.0/css/font-awesome.min.css) -ms-filter is an unrecognized CSS property at line 3. Ignoring declaration.
com.openhtmltopdf.css-parse WARNING:: (https://stackpath.bootstrapcdn.com/font-awesome/4.7.0/css/font-awesome.min.css) -webkit-transform is an unrecognized CSS property at line 3. Ignoring declaration.
com.openhtmltopdf.css-parse WARNING:: (https://stackpath.bootstrapcdn.com/font-awesome/4.7.0/css/font-awesome.min.css) -ms-transform is an unrecognized CSS property at line 3. Ignoring declaration.
com.openhtmltopdf.css-parse WARNING:: (https://stackpath.bootstrapcdn.com/font-awesome/4.7.0/css/font-awesome.min.css) root is not a recognized pseudo-class at line 4. Skipping ruleset.
com.openhtmltopdf.css-parse WARNING:: (https://stackpath.bootstrapcdn.com/font-awesome/4.7.0/css/font-awesome.min.css) clip is not implemented at line 3. Ignoring declaration.
com.openhtmltopdf.css-parse WARNING:: (https://stackpath.bootstrapcdn.com/font-awesome/4.7.0/css/font-awesome.min.css) clip is not implemented at line 3. Ignoring declaration.
com.openhtmltopdf.match INFO:: Matcher created with 4128 selectors
com.openhtmltopdf.load INFO:: Loading font(FontAwesome) from InputStream supplier now.
com.openhtmltopdf.general INFO:: Using fast-mode renderer. Prepare to fly.
]]></system-err>
  </testcase>
</testsuite>