<?xml version="1.0" encoding="UTF-8"?>
<!-- Generated by org.testng.reporters.JUnitReportReporter -->
<testsuite hostname="DESKTOP-VO8GLHA" failures="0" tests="1" name="com.transtreme.framework.runners.TestRunner" time="21.387" errors="0" timestamp="2025-09-03T21:23:59 IST" skipped="0">
  <testcase classname="com.transtreme.framework.runners.TestRunner" name="runScenario" time="21.387"/>
</testsuite> <!-- com.transtreme.framework.runners.TestRunner -->
