<?xml version="1.0" encoding="UTF-8"?>
<!-- Generated by org.testng.reporters.JUnitReportReporter -->
<testsuite hostname="DESKTOP-VO8GLHA" failures="0" tests="1" name="com.transtreme.framework.runners.TestRunner" time="17.344" errors="0" timestamp="2025-09-03T20:21:12 IST" skipped="0">
  <testcase classname="com.transtreme.framework.runners.TestRunner" name="runScenario" time="17.344"/>
</testsuite> <!-- com.transtreme.framework.runners.TestRunner -->
